2014-07-07 14:06:43.8950 1848 PanaServices 10 PMLib-ManageConnection PMListener_Config: PostMasterLibrary ConnectionState = Disconnected
2014-07-07 14:06:43.8950 1848 PanaServices 10 PMLib-ManageConnection PMListener_Config: PostMasterLibrary ConnectionState = Connecting
2014-07-07 14:06:43.8950 1848 PanaServices 15 PMLib-ManageConnection PMListener_ReelInquiry: PostMasterLibrary.Connection ConnectionState = Disconnected
2014-07-07 14:06:43.8950 1848 PanaServices 15 PMLib-ManageConnection PMListener_ReelInquiry: PostMasterLibrary.Connection ConnectionState = Connecting
2014-07-07 14:06:44.9731 1848 PanaServices 15 PMLib-ManageConnection PMListener_ReelInquiry: PostMasterLibrary.Connection error: Failed to connect
2014-07-07 14:06:44.9931 1848 PanaServices 10 PMLib-ManageConnection PMListener_Config: PostMasterLibrary Connection error: Failed to connect
2014-07-07 14:06:45.1881 1848 PanaServices 10 PMLib-ManageConnection CIMCEventLog: Event logged: ID: 11150004/IDD_APP_ELNK_PM_CONNECT_FAILED  Type: Error  Host: APP-SRV  App: 'Enterprise Link'  Parameters:  P1: 'CIMC-SRV' P2: 'APP-SRV'
2014-07-07 15:46:44.3078 3852 PanaServices 15 PMLib-ManageConnection PMListener_ReelInquiry: PostMasterLibrary.Connection ConnectionState = Disconnected
2014-07-07 15:46:44.3078 3852 PanaServices 10 PMLib-ManageConnection PMListener_Config: PostMasterLibrary ConnectionState = Disconnected
2014-07-07 15:46:44.8239 3852 PanaServices 10 PMLib-ManageConnection PMListener_Config: PostMasterLibrary ConnectionState = Connecting
2014-07-07 15:46:44.8239 3852 PanaServices 15 PMLib-ManageConnection PMListener_ReelInquiry: PostMasterLibrary.Connection ConnectionState = Connecting
2014-07-07 15:46:45.5679 3852 PanaServices 10 PMLib-ManageConnection PMListener_Config: PostMasterLibrary Connection error: Failed to connect
2014-07-07 15:46:45.5679 3852 PanaServices 15 PMLib-ManageConnection PMListener_ReelInquiry: PostMasterLibrary.Connection error: Failed to connect
2014-07-09 14:57:52.7353 4776 PanaServices 16 PMLib-ManageConnection PMListener_ReelInquiry: Received message: MC_Message
2014-07-09 14:57:52.7493 4776 PanaServices 11 PMLib-ManageConnection PMListener_Config: Received message: MC_Message
2014-07-09 14:57:53.3813 4776 PanaServices 11 PMLib-ManageConnection PMListener_Config: Unsupported message class: MC_Message
2014-07-09 14:57:53.3813 4776 PanaServices 11 PMLib-ManageConnection PMListener_Config: PostMasterLibrary ConnectionState = Disconnected
2014-07-09 14:57:53.3813 4776 PanaServices 11 PMLib-ManageConnection PMListener_Config: PostMasterLibrary ConnectionState = Connecting
2014-07-09 14:57:53.3813 4776 PanaServices 16 PMLib-ManageConnection PMListener_ReelInquiry: Unsupported message class
2014-07-09 14:57:53.5813 4776 PanaServices 16 PMLib-ManageConnection PMListener_ReelInquiry: PostMasterLibrary.Connection ConnectionState = Disconnected
2014-07-09 14:57:53.5813 4776 PanaServices 16 PMLib-ManageConnection PMListener_ReelInquiry: PostMasterLibrary.Connection ConnectionState = Connecting
2014-07-09 14:57:53.5813 4776 PanaServices 11 PMLib-ManageConnection PMListener_Config: PostMasterLibrary Connection error: Failed to connect
2014-07-09 14:57:53.5813 4776 PanaServices 16 PMLib-ManageConnection PMListener_ReelInquiry: PostMasterLibrary.Connection error: Failed to connect
2014-07-09 14:57:55.3654 4776 PanaServices 11 PMLib-ManageConnection CIMCEventLog: Event logged: ID: 11150004/IDD_APP_ELNK_PM_CONNECT_FAILED  Type: Error  Host: APP-SRV  App: 'Enterprise Link'  Parameters:  P1: 'CIMC-SRV' P2: 'APP-SRV'
2014-07-15 12:22:59.5964 2484 PanaServices 14 PMLib-ManageConnection PMListener_ReelInquiry: PostMasterLibrary.Connection ConnectionState = Disconnected
2014-07-15 12:22:59.5964 2484 PanaServices 19 PMLib-ManageConnection PMListener_ComponentQty: PostMasterLibrary.Connection ConnectionState = Disconnected
2014-07-15 12:22:59.6054 2484 PanaServices 24 PMLib-ManageConnection PMListener_Config: PostMasterLibrary ConnectionState = Disconnected
2014-07-15 12:22:59.8474 2484 PanaServices 24 PMLib-ManageConnection PMListener_Config: PostMasterLibrary ConnectionState = Connecting
2014-07-15 12:22:59.8474 2484 PanaServices 14 PMLib-ManageConnection PMListener_ReelInquiry: PostMasterLibrary.Connection ConnectionState = Connecting
2014-07-15 12:22:59.8474 2484 PanaServices 19 PMLib-ManageConnection PMListener_ComponentQty: PostMasterLibrary.Connection ConnectionState = Connecting
2014-07-15 12:22:59.9254 2484 PanaServices 24 PMLib-ManageConnection PMListener_Config: PostMasterLibrary Connection error: Failed to connect
2014-07-15 12:22:59.9334 2484 PanaServices 19 PMLib-ManageConnection PMListener_ComponentQty: PostMasterLibrary.Connection error: Failed to connect
2014-07-15 12:22:59.9334 2484 PanaServices 14 PMLib-ManageConnection PMListener_ReelInquiry: PostMasterLibrary.Connection error: Failed to connect
2014-07-15 12:22:59.9334 2484 PanaServices 24 PMLib-ManageConnection CIMCEventLog: Event logged: ID: 11150004/IDD_APP_ELNK_PM_CONNECT_FAILED  Type: Error  Host: APP-SRV  App: 'Enterprise Link'  Parameters:  P1: 'CIMC-SRV' P2: 'APP-SRV'
2014-08-06 10:05:47.4254 3940 PanaServices 11 PMLib-ManageConnection PMListener_Config: PostMasterLibrary ConnectionState = Disconnected
2014-08-06 10:05:47.5494 3940 PanaServices 15 PMLib-ManageConnection PMListener_ComponentQty: PostMasterLibrary.Connection ConnectionState = Disconnected
2014-08-06 10:05:47.5494 3940 PanaServices 20 PMLib-ManageConnection PMListener_ReelInquiry: PostMasterLibrary.Connection ConnectionState = Disconnected
2014-08-06 10:05:48.2405 3940 PanaServices 15 PMLib-ManageConnection PMListener_ComponentQty: PostMasterLibrary.Connection ConnectionState = Connecting
2014-08-06 10:05:48.2405 3940 PanaServices 20 PMLib-ManageConnection PMListener_ReelInquiry: PostMasterLibrary.Connection ConnectionState = Connecting
2014-08-06 10:05:48.2475 3940 PanaServices 11 PMLib-ManageConnection PMListener_Config: PostMasterLibrary ConnectionState = Connecting
2014-08-06 10:05:48.2475 3940 PanaServices 15 PMLib-ManageConnection PMListener_ComponentQty: PostMasterLibrary.Connection error: Failed to connect
2014-08-06 10:05:48.2635 3940 PanaServices 20 PMLib-ManageConnection PMListener_ReelInquiry: PostMasterLibrary.Connection error: Failed to connect
2014-08-06 10:05:48.2635 3940 PanaServices 11 PMLib-ManageConnection PMListener_Config: PostMasterLibrary Connection error: Failed to connect
2014-08-06 10:05:48.2785 3940 PanaServices 11 PMLib-ManageConnection CIMCEventLog: Event logged: ID: 11150004/IDD_APP_ELNK_PM_CONNECT_FAILED  Type: Error  Host: APP-SRV  App: 'Enterprise Link'  Parameters:  P1: 'CIMC-SRV' P2: 'APP-SRV'
2014-08-06 10:42:16.2031 2548 PanaServices 18 PMLib-ManageConnection PMListener_ReelInquiry: PostMasterLibrary.Connection ConnectionState = Disconnected
2014-08-06 10:42:16.4042 2548 PanaServices 15 PMLib-ManageConnection PMListener_ComponentQty: PostMasterLibrary.Connection ConnectionState = Disconnected
2014-08-06 10:42:16.4042 2548 PanaServices 11 PMLib-ManageConnection PMListener_Config: PostMasterLibrary ConnectionState = Disconnected
2014-08-06 10:42:17.9542 2548 PanaServices 15 PMLib-ManageConnection PMListener_ComponentQty: PostMasterLibrary.Connection ConnectionState = Connecting
2014-08-06 10:42:18.3173 2548 PanaServices 11 PMLib-ManageConnection PMListener_Config: PostMasterLibrary ConnectionState = Connecting
2014-08-06 10:42:18.3173 2548 PanaServices 18 PMLib-ManageConnection PMListener_ReelInquiry: PostMasterLibrary.Connection ConnectionState = Connecting
2014-08-20 11:39:48.7583 1952 PanaServices 14 PMLib-ManageConnection PMListener_MSMQ_Trace: PostMasterLibrary.Connection ConnectionState = Disconnected
2014-08-20 11:39:48.7623 1952 PanaServices 21 PMLib-ManageConnection PMListener_ReelInquiry: PostMasterLibrary.Connection ConnectionState = Disconnected
2014-08-20 11:39:48.7623 1952 PanaServices 11 PMLib-ManageConnection PMListener_Config: PostMasterLibrary ConnectionState = Disconnected
2014-08-20 11:39:48.7623 1952 PanaServices 17 PMLib-ManageConnection PMListener_ComponentQty: PostMasterLibrary.Connection ConnectionState = Disconnected
2014-08-20 11:39:49.4033 1952 PanaServices 17 PMLib-ManageConnection PMListener_ComponentQty: PostMasterLibrary.Connection ConnectionState = Connecting
2014-08-20 11:39:49.4173 1952 PanaServices 14 PMLib-ManageConnection PMListener_MSMQ_Trace: PostMasterLibrary.Connection ConnectionState = Connecting
2014-08-20 11:39:49.5453 1952 PanaServices 17 PMLib-ManageConnection PMListener_ComponentQty: PostMasterLibrary.Connection error: Failed to connect
2014-08-20 11:39:49.5583 1952 PanaServices 14 PMLib-ManageConnection PMListener_MSMQ_Trace: PostMasterLibrary.Connection error: Failed to connect
2014-08-20 11:39:49.3903 1952 PanaServices 21 PMLib-ManageConnection PMListener_ReelInquiry: PostMasterLibrary.Connection ConnectionState = Connecting
2014-08-20 11:39:49.4033 1952 PanaServices 11 PMLib-ManageConnection PMListener_Config: PostMasterLibrary ConnectionState = Connecting
2014-08-20 11:39:49.5933 1952 PanaServices 11 PMLib-ManageConnection PMListener_Config: PostMasterLibrary Connection error: Failed to connect
2014-08-20 11:39:49.6183 1952 PanaServices 11 PMLib-ManageConnection CIMCEventLog: Event logged: ID: 11150004/IDD_APP_ELNK_PM_CONNECT_FAILED  Type: Error  Host: APP-SRV  App: 'Enterprise Link'  Parameters:  P1: 'CIMC-SRV' P2: 'APP-SRV'
2014-08-20 11:39:49.6203 1952 PanaServices 21 PMLib-ManageConnection PMListener_ReelInquiry: PostMasterLibrary.Connection error: Failed to connect
2014-08-28 13:32:23.6914 2196 PanaServices 19 PMLib-ManageConnection PMListener_MSMQ_MV: PostMasterLibrary.Connection ConnectionState = Disconnected
2014-08-28 13:32:23.8544 2196 PanaServices 10 PMLib-ManageConnection PMListener_Config: PostMasterLibrary ConnectionState = Disconnected
2014-08-28 13:32:24.0054 2196 PanaServices 10 PMLib-ManageConnection PMListener_Config: PostMasterLibrary ConnectionState = Connecting
2014-08-28 13:32:24.0054 2196 PanaServices 19 PMLib-ManageConnection PMListener_MSMQ_MV: PostMasterLibrary.Connection ConnectionState = Connecting
2014-08-28 13:32:23.8544 2196 PanaServices 15 PMLib-ManageConnection SetupVerificationExport_Service: PostMasterLibrary.Connection ConnectionState = Disconnected
2014-08-28 13:32:24.0054 2196 PanaServices 15 PMLib-ManageConnection SetupVerificationExport_Service: PostMasterLibrary.Connection ConnectionState = Connecting
2014-08-28 13:32:23.8544 2196 PanaServices 13 PMLib-ManageConnection PMListener_Event: PostMasterLibrary.Connection ConnectionState = Disconnected
2014-08-28 13:32:24.0054 2196 PanaServices 13 PMLib-ManageConnection PMListener_Event: PostMasterLibrary.Connection ConnectionState = Connecting
2014-08-28 13:32:23.8544 2196 PanaServices 60 PMLib-ManageConnection PMListener_MC: PostMasterLibrary.Connection ConnectionState = Disconnected
2014-08-28 13:32:24.0054 2196 PanaServices 60 PMLib-ManageConnection PMListener_MC: PostMasterLibrary.Connection ConnectionState = Connecting
2014-08-28 13:32:23.8544 2196 PanaServices 57 PMLib-ManageConnection PMListener_RT_MS: PostMasterLibrary.Connection ConnectionState = Disconnected
2014-08-28 13:32:24.0214 2196 PanaServices 57 PMLib-ManageConnection PMListener_RT_MS: PostMasterLibrary.Connection ConnectionState = Connecting
2014-08-28 13:32:23.8544 2196 PanaServices 22 PMLib-ManageConnection PMListener_ReelInquiry: PostMasterLibrary.Connection ConnectionState = Disconnected
2014-08-28 13:32:24.0214 2196 PanaServices 22 PMLib-ManageConnection PMListener_ReelInquiry: PostMasterLibrary.Connection ConnectionState = Connecting
2014-08-28 13:32:23.8544 2196 PanaServices 47 PMLib-ManageConnection PMListener_MSMQ_Trace: PostMasterLibrary.Connection ConnectionState = Disconnected
2014-08-28 13:32:24.0214 2196 PanaServices 47 PMLib-ManageConnection PMListener_MSMQ_Trace: PostMasterLibrary.Connection ConnectionState = Connecting
2014-08-28 13:32:23.8544 2196 PanaServices 50 PMLib-ManageConnection PMListener_ComponentQty: PostMasterLibrary.Connection ConnectionState = Disconnected
2014-08-28 13:32:24.0214 2196 PanaServices 50 PMLib-ManageConnection PMListener_ComponentQty: PostMasterLibrary.Connection ConnectionState = Connecting
2014-08-28 13:32:23.8544 2196 PanaServices 30 PMLib-ManageConnection PMListener_MSMQ_PreSetup_MV: PostMasterLibrary.Connection ConnectionState = Disconnected
2014-08-28 13:32:24.0214 2196 PanaServices 30 PMLib-ManageConnection PMListener_MSMQ_PreSetup_MV: PostMasterLibrary.Connection ConnectionState = Connecting
2014-08-28 13:32:24.0635 2196 PanaServices 30 PMLib-ManageConnection PMListener_MSMQ_PreSetup_MV: PostMasterLibrary.Connection error: Failed to connect
2014-08-28 13:32:24.0635 2196 PanaServices 47 PMLib-ManageConnection PMListener_MSMQ_Trace: PostMasterLibrary.Connection error: Failed to connect
2014-08-28 13:32:24.0635 2196 PanaServices 50 PMLib-ManageConnection PMListener_ComponentQty: PostMasterLibrary.Connection error: Failed to connect
2014-08-28 13:32:24.0635 2196 PanaServices 22 PMLib-ManageConnection PMListener_ReelInquiry: PostMasterLibrary.Connection error: Failed to connect
2014-08-28 13:32:24.0635 2196 PanaServices 57 PMLib-ManageConnection PMListener_RT_MS: PostMasterLibrary.Connection error: Failed to connect
2014-08-28 13:32:24.1045 2196 PanaServices 60 PMLib-ManageConnection PMListener_MC: PostMasterLibrary.Connection error: Failed to connect
2014-08-28 13:32:24.1045 2196 PanaServices 15 PMLib-ManageConnection SetupVerificationExport_Service: PostMasterLibrary.Connection error: Failed to connect
2014-08-28 13:32:24.1145 2196 PanaServices 19 PMLib-ManageConnection PMListener_MSMQ_MV: PostMasterLibrary.Connection error: Failed to connect
2014-08-28 13:32:24.1145 2196 PanaServices 10 PMLib-ManageConnection PMListener_Config: PostMasterLibrary Connection error: Failed to connect
2014-08-28 13:32:24.1495 2196 PanaServices 13 PMLib-ManageConnection PMListener_Event: PostMasterLibrary.Connection error: Failed to connect
2014-08-28 13:32:24.1635 2196 PanaServices 10 PMLib-ManageConnection CIMCEventLog: Event logged: ID: 11150004/IDD_APP_ELNK_PM_CONNECT_FAILED  Type: Error  Host: APP-SRV  App: 'Enterprise Link'  Parameters:  P1: 'CIMC-SRV' P2: 'APP-SRV'
2014-08-28 16:22:32.4062 728 PanaServices 26 PMLib-ManageConnection PMListener_MSMQ_PreSetup_MV: PostMasterLibrary.Connection ConnectionState = Disconnected
2014-08-28 16:22:32.4062 728 PanaServices 30 PMLib-ManageConnection PMListener_ComponentQty: PostMasterLibrary.Connection ConnectionState = Disconnected
2014-08-28 16:22:32.8862 728 PanaServices 30 PMLib-ManageConnection PMListener_ComponentQty: PostMasterLibrary.Connection ConnectionState = Connecting
2014-08-28 16:22:32.8862 728 PanaServices 26 PMLib-ManageConnection PMListener_MSMQ_PreSetup_MV: PostMasterLibrary.Connection ConnectionState = Connecting
2014-08-28 16:22:32.4062 728 PanaServices 14 PMLib-ManageConnection PMListener_MSMQ_Trace: PostMasterLibrary.Connection ConnectionState = Disconnected
2014-08-28 16:22:33.0782 728 PanaServices 14 PMLib-ManageConnection PMListener_MSMQ_Trace: PostMasterLibrary.Connection ConnectionState = Connecting
2014-08-28 16:22:32.4062 728 PanaServices 34 PMLib-ManageConnection PMListener_ReelInquiry: PostMasterLibrary.Connection ConnectionState = Disconnected
2014-08-28 16:22:33.0782 728 PanaServices 34 PMLib-ManageConnection PMListener_ReelInquiry: PostMasterLibrary.Connection ConnectionState = Connecting
2014-08-28 16:22:32.4062 728 PanaServices 21 PMLib-ManageConnection PMListener_MSMQ_MV: PostMasterLibrary.Connection ConnectionState = Disconnected
2014-08-28 16:22:33.0782 728 PanaServices 21 PMLib-ManageConnection PMListener_MSMQ_MV: PostMasterLibrary.Connection ConnectionState = Connecting
2014-08-28 16:22:32.4662 728 PanaServices 10 PMLib-ManageConnection PMListener_Config: PostMasterLibrary ConnectionState = Disconnected
2014-08-28 16:22:33.0782 728 PanaServices 10 PMLib-ManageConnection PMListener_Config: PostMasterLibrary ConnectionState = Connecting
2014-08-28 16:22:33.0962 728 PanaServices 26 PMLib-ManageConnection PMListener_MSMQ_PreSetup_MV: PostMasterLibrary.Connection error: Failed to connect
2014-08-28 16:22:33.0962 728 PanaServices 30 PMLib-ManageConnection PMListener_ComponentQty: PostMasterLibrary.Connection error: Failed to connect
2014-08-28 16:22:33.0962 728 PanaServices 14 PMLib-ManageConnection PMListener_MSMQ_Trace: PostMasterLibrary.Connection error: Failed to connect
2014-08-28 16:22:33.0962 728 PanaServices 34 PMLib-ManageConnection PMListener_ReelInquiry: PostMasterLibrary.Connection error: Failed to connect
2014-08-28 16:22:33.0962 728 PanaServices 21 PMLib-ManageConnection PMListener_MSMQ_MV: PostMasterLibrary.Connection error: Failed to connect
2014-08-28 16:22:33.1052 728 PanaServices 10 PMLib-ManageConnection PMListener_Config: PostMasterLibrary Connection error: Failed to connect
2014-08-28 16:22:33.3262 728 PanaServices 18 PMLib-ManageConnection PMListener_RT_MS: PostMasterLibrary.Connection ConnectionState = Disconnected
2014-08-28 16:22:33.3262 728 PanaServices 18 PMLib-ManageConnection PMListener_RT_MS: PostMasterLibrary.Connection ConnectionState = Connecting
2014-08-28 16:22:33.3262 728 PanaServices 27 PMLib-ManageConnection PMListener_Event: PostMasterLibrary.Connection ConnectionState = Disconnected
2014-08-28 16:22:33.3262 728 PanaServices 27 PMLib-ManageConnection PMListener_Event: PostMasterLibrary.Connection ConnectionState = Connecting
2014-08-28 16:22:33.3262 728 PanaServices 4 PMLib-ManageConnection PMListener_MC: PostMasterLibrary.Connection ConnectionState = Disconnected
2014-08-28 16:22:33.3262 728 PanaServices 4 PMLib-ManageConnection PMListener_MC: PostMasterLibrary.Connection ConnectionState = Connecting
2014-08-28 16:22:33.3262 728 PanaServices 24 PMLib-ManageConnection SetupVerificationExport_Service: PostMasterLibrary.Connection ConnectionState = Disconnected
2014-08-28 16:22:33.3262 728 PanaServices 24 PMLib-ManageConnection SetupVerificationExport_Service: PostMasterLibrary.Connection ConnectionState = Connecting
2014-08-28 16:22:33.5983 728 PanaServices 18 PMLib-ManageConnection PMListener_RT_MS: PostMasterLibrary.Connection error: Failed to connect
2014-08-28 16:22:33.5983 728 PanaServices 27 PMLib-ManageConnection PMListener_Event: PostMasterLibrary.Connection error: Failed to connect
2014-11-06 10:20:25.9083 2640 PanaServices 27 PMLib-ManageConnection PMListener_ComponentQty: PostMasterLibrary.Connection ConnectionState = Disconnected
2014-11-06 10:20:25.9083 2640 PanaServices 11 PMLib-ManageConnection PMListener_Config: PostMasterLibrary ConnectionState = Disconnected
2014-11-06 10:20:26.5304 2640 PanaServices 11 PMLib-ManageConnection PMListener_Config: PostMasterLibrary ConnectionState = Connecting
2014-11-06 10:20:26.5304 2640 PanaServices 27 PMLib-ManageConnection PMListener_ComponentQty: PostMasterLibrary.Connection ConnectionState = Connecting
2014-11-06 10:20:26.1063 2640 PanaServices 36 PMLib-ManageConnection PMListener_MSMQ_MV: PostMasterLibrary.Connection ConnectionState = Disconnected
2014-11-06 10:20:26.7614 2640 PanaServices 36 PMLib-ManageConnection PMListener_MSMQ_MV: PostMasterLibrary.Connection ConnectionState = Connecting
2014-11-06 10:20:26.7684 2640 PanaServices 11 PMLib-ManageConnection PMListener_Config: PostMasterLibrary Connection error: Failed to connect
2014-11-06 10:20:26.3123 2640 PanaServices 31 PMLib-ManageConnection PMListener_ReelInquiry: PostMasterLibrary.Connection ConnectionState = Disconnected
2014-11-06 10:27:13.8053 2420 PanaServices 23 PMLib-ManageConnection PMListener_ReelInquiry: PostMasterLibrary.Connection ConnectionState = Disconnected
2014-11-06 10:27:13.8833 2420 PanaServices 29 PMLib-ManageConnection PMListener_Event: PostMasterLibrary.Connection ConnectionState = Disconnected
2014-11-06 10:27:13.9301 2420 PanaServices 34 PMLib-ManageConnection PMListener_MSMQ_MV: PostMasterLibrary.Connection ConnectionState = Disconnected
2014-11-06 10:27:13.9301 2420 PanaServices 4 PMLib-ManageConnection PMListener_RT_MS: PostMasterLibrary.Connection ConnectionState = Disconnected
2014-11-06 10:27:13.9925 2420 PanaServices 11 PMLib-ManageConnection PMListener_Config: PostMasterLibrary ConnectionState = Disconnected
2014-11-06 10:27:13.9925 2420 PanaServices 30 PMLib-ManageConnection PMListener_ComponentQty: PostMasterLibrary.Connection ConnectionState = Disconnected
2014-11-06 10:27:13.9925 2420 PanaServices 32 PMLib-ManageConnection PMListener_MSMQ_PreSetup_MV: PostMasterLibrary.Connection ConnectionState = Disconnected
2014-11-06 10:27:13.9925 2420 PanaServices 28 PMLib-ManageConnection SetupVerificationExport_Service: PostMasterLibrary.Connection ConnectionState = Disconnected
2014-11-06 10:27:14.0081 2420 PanaServices 36 PMLib-ManageConnection PMListener_MC: PostMasterLibrary.Connection ConnectionState = Disconnected
2014-11-06 10:27:14.0081 2420 PanaServices 27 PMLib-ManageConnection PMListener_MSMQ_Trace: PostMasterLibrary.Connection ConnectionState = Disconnected
2014-11-06 10:27:14.2889 2420 PanaServices 23 PMLib-ManageConnection PMListener_ReelInquiry: PostMasterLibrary.Connection ConnectionState = Connecting
2014-11-06 10:27:14.3669 2420 PanaServices 34 PMLib-ManageConnection PMListener_MSMQ_MV: PostMasterLibrary.Connection ConnectionState = Connecting
2014-11-06 10:27:14.3669 2420 PanaServices 11 PMLib-ManageConnection PMListener_Config: PostMasterLibrary ConnectionState = Connecting
2014-11-06 10:27:14.3669 2420 PanaServices 30 PMLib-ManageConnection PMListener_ComponentQty: PostMasterLibrary.Connection ConnectionState = Connecting
2014-11-06 10:27:14.3669 2420 PanaServices 32 PMLib-ManageConnection PMListener_MSMQ_PreSetup_MV: PostMasterLibrary.Connection ConnectionState = Connecting
2014-11-06 10:27:14.3669 2420 PanaServices 28 PMLib-ManageConnection SetupVerificationExport_Service: PostMasterLibrary.Connection ConnectionState = Connecting
2014-11-06 10:27:14.3669 2420 PanaServices 29 PMLib-ManageConnection PMListener_Event: PostMasterLibrary.Connection ConnectionState = Connecting
2014-11-06 10:27:14.3669 2420 PanaServices 36 PMLib-ManageConnection PMListener_MC: PostMasterLibrary.Connection ConnectionState = Connecting
2014-11-06 10:27:14.3825 2420 PanaServices 4 PMLib-ManageConnection PMListener_RT_MS: PostMasterLibrary.Connection ConnectionState = Connecting
2014-11-06 10:27:14.3825 2420 PanaServices 27 PMLib-ManageConnection PMListener_MSMQ_Trace: PostMasterLibrary.Connection ConnectionState = Connecting
2014-11-06 10:27:14.3825 2420 PanaServices 27 PMLib-ManageConnection PMListener_MSMQ_Trace: PostMasterLibrary.Connection error: Failed to connect
2014-11-06 10:27:14.3825 2420 PanaServices 23 PMLib-ManageConnection PMListener_ReelInquiry: PostMasterLibrary.Connection error: Failed to connect
2014-11-06 10:27:14.3981 2420 PanaServices 29 PMLib-ManageConnection PMListener_Event: PostMasterLibrary.Connection error: Failed to connect
2014-11-06 10:27:14.3981 2420 PanaServices 4 PMLib-ManageConnection PMListener_RT_MS: PostMasterLibrary.Connection error: Failed to connect
2014-11-06 10:27:14.3981 2420 PanaServices 28 PMLib-ManageConnection SetupVerificationExport_Service: PostMasterLibrary.Connection error: Failed to connect
2014-11-06 10:27:14.3981 2420 PanaServices 36 PMLib-ManageConnection PMListener_MC: PostMasterLibrary.Connection error: Failed to connect
2014-11-06 10:27:14.3981 2420 PanaServices 30 PMLib-ManageConnection PMListener_ComponentQty: PostMasterLibrary.Connection error: Failed to connect
2014-11-06 10:27:14.3981 2420 PanaServices 32 PMLib-ManageConnection PMListener_MSMQ_PreSetup_MV: PostMasterLibrary.Connection error: Failed to connect
2014-11-06 10:27:14.4137 2420 PanaServices 34 PMLib-ManageConnection PMListener_MSMQ_MV: PostMasterLibrary.Connection error: Failed to connect
2014-11-06 10:27:14.4137 2420 PanaServices 11 PMLib-ManageConnection PMListener_Config: PostMasterLibrary Connection error: Failed to connect
2014-11-06 10:27:14.4293 2420 PanaServices 11 PMLib-ManageConnection CIMCEventLog: Event logged: ID: 11150004/IDD_APP_ELNK_PM_CONNECT_FAILED  Type: Error  Host: APP-SRV  App: 'Enterprise Link'  Parameters:  P1: 'CIMC-SRV' P2: 'APP-SRV'
2015-12-10 10:34:52.0074 2784 PanaServices 36 PMLib-ManageConnection PMListener_MC: PostMasterLibrary.Connection ConnectionState = Disconnected
2015-12-10 10:34:52.4104 2784 PanaServices 26 PMLib-ManageConnection SetupVerificationExport_Service: PostMasterLibrary.Connection ConnectionState = Disconnected
2015-12-10 10:34:52.4104 2784 PanaServices 29 PMLib-ManageConnection PMListener_ComponentQty: PostMasterLibrary.Connection ConnectionState = Disconnected
2015-12-10 10:34:52.4104 2784 PanaServices 42 PMLib-ManageConnection PMListener_MSMQ_Trace: PostMasterLibrary.Connection ConnectionState = Disconnected
2015-12-10 10:34:52.4104 2784 PanaServices 27 PMLib-ManageConnection PMListener_Event: PostMasterLibrary.Connection ConnectionState = Disconnected
2015-12-10 10:34:52.4104 2784 PanaServices 19 PMLib-ManageConnection PMListener_RT_MS: PostMasterLibrary.Connection ConnectionState = Disconnected
2015-12-10 10:34:52.4104 2784 PanaServices 32 PMLib-ManageConnection PMListener_MSMQ_PreSetup_MV: PostMasterLibrary.Connection ConnectionState = Disconnected
2015-12-10 10:34:52.4104 2784 PanaServices 34 PMLib-ManageConnection PMListener_MSMQ_MV: PostMasterLibrary.Connection ConnectionState = Disconnected
2015-12-10 10:34:52.4104 2784 PanaServices 11 PMLib-ManageConnection PMListener_Config: PostMasterLibrary ConnectionState = Disconnected
2015-12-10 10:34:52.4104 2784 PanaServices 39 PMLib-ManageConnection PMListener_ReelInquiry: PostMasterLibrary.Connection ConnectionState = Disconnected
2015-12-10 10:34:53.5035 2784 PanaServices 26 PMLib-ManageConnection SetupVerificationExport_Service: PostMasterLibrary.Connection ConnectionState = Connecting
2015-12-10 10:34:53.5035 2784 PanaServices 42 PMLib-ManageConnection PMListener_MSMQ_Trace: PostMasterLibrary.Connection ConnectionState = Connecting
2015-12-10 10:34:53.5035 2784 PanaServices 11 PMLib-ManageConnection PMListener_Config: PostMasterLibrary ConnectionState = Connecting
2015-12-10 10:34:53.5035 2784 PanaServices 19 PMLib-ManageConnection PMListener_RT_MS: PostMasterLibrary.Connection ConnectionState = Connecting
2015-12-10 10:34:53.5095 2784 PanaServices 34 PMLib-ManageConnection PMListener_MSMQ_MV: PostMasterLibrary.Connection ConnectionState = Connecting
2015-12-10 10:34:53.5095 2784 PanaServices 36 PMLib-ManageConnection PMListener_MC: PostMasterLibrary.Connection ConnectionState = Connecting
2015-12-10 10:34:53.5095 2784 PanaServices 32 PMLib-ManageConnection PMListener_MSMQ_PreSetup_MV: PostMasterLibrary.Connection ConnectionState = Connecting
2015-12-10 10:34:53.5095 2784 PanaServices 29 PMLib-ManageConnection PMListener_ComponentQty: PostMasterLibrary.Connection ConnectionState = Connecting
2015-12-10 10:34:53.5095 2784 PanaServices 27 PMLib-ManageConnection PMListener_Event: PostMasterLibrary.Connection ConnectionState = Connecting
2015-12-10 10:34:53.5095 2784 PanaServices 39 PMLib-ManageConnection PMListener_ReelInquiry: PostMasterLibrary.Connection ConnectionState = Connecting
2015-12-10 10:34:53.6035 2784 PanaServices 26 PMLib-ManageConnection SetupVerificationExport_Service: PostMasterLibrary.Connection error: Failed to connect
2015-12-10 10:34:53.6035 2784 PanaServices 36 PMLib-ManageConnection PMListener_MC: PostMasterLibrary.Connection error: Failed to connect
2015-12-10 10:34:53.6035 2784 PanaServices 34 PMLib-ManageConnection PMListener_MSMQ_MV: PostMasterLibrary.Connection error: Failed to connect
2015-12-10 10:34:53.6035 2784 PanaServices 19 PMLib-ManageConnection PMListener_RT_MS: PostMasterLibrary.Connection error: Failed to connect
2015-12-10 10:34:53.6035 2784 PanaServices 42 PMLib-ManageConnection PMListener_MSMQ_Trace: PostMasterLibrary.Connection error: Failed to connect
2015-12-10 10:34:53.6035 2784 PanaServices 11 PMLib-ManageConnection PMListener_Config: PostMasterLibrary Connection error: Failed to connect
2015-12-10 10:34:53.6035 2784 PanaServices 11 PMLib-ManageConnection CIMCEventLog: Event logged: ID: 11150004/IDD_APP_ELNK_PM_CONNECT_FAILED  Type: Error  Host: APP-SRV  App: 'Enterprise Link'  Parameters:  P1: 'CIMC-SRV' P2: 'APP-SRV'
2015-12-10 10:34:53.6925 2784 PanaServices 32 PMLib-ManageConnection PMListener_MSMQ_PreSetup_MV: PostMasterLibrary.Connection error: Failed to connect
2015-12-10 10:34:53.6925 2784 PanaServices 29 PMLib-ManageConnection PMListener_ComponentQty: PostMasterLibrary.Connection error: Failed to connect
2015-12-10 10:34:53.6925 2784 PanaServices 27 PMLib-ManageConnection PMListener_Event: PostMasterLibrary.Connection error: Failed to connect
2015-12-10 10:34:53.6925 2784 PanaServices 39 PMLib-ManageConnection PMListener_ReelInquiry: PostMasterLibrary.Connection error: Failed to connect
2015-12-10 10:41:10.4156 2764 PanaServices 11 PMLib-ManageConnection PMListener_Config: PostMasterLibrary ConnectionState = Disconnected
2015-12-10 10:41:10.4156 2764 PanaServices 27 PMLib-ManageConnection PMListener_Event: PostMasterLibrary.Connection ConnectionState = Disconnected
2015-12-10 10:41:10.4156 2764 PanaServices 26 PMLib-ManageConnection SetupVerificationExport_Service: PostMasterLibrary.Connection ConnectionState = Disconnected
2015-12-10 10:41:10.4156 2764 PanaServices 36 PMLib-ManageConnection PMListener_MC: PostMasterLibrary.Connection ConnectionState = Disconnected
2015-12-10 10:41:10.4156 2764 PanaServices 19 PMLib-ManageConnection PMListener_RT_MS: PostMasterLibrary.Connection ConnectionState = Disconnected
2015-12-10 10:41:10.4156 2764 PanaServices 31 PMLib-ManageConnection PMListener_ReelInquiry: PostMasterLibrary.Connection ConnectionState = Disconnected
2015-12-10 10:41:10.4156 2764 PanaServices 33 PMLib-ManageConnection PMListener_MSMQ_MV: PostMasterLibrary.Connection ConnectionState = Disconnected
2015-12-10 10:41:10.4897 2764 PanaServices 4 PMLib-ManageConnection PMListener_MSMQ_PreSetup_MV: PostMasterLibrary.Connection ConnectionState = Disconnected
2015-12-10 10:41:10.5807 2764 PanaServices 33 PMLib-ManageConnection PMListener_MSMQ_MV: PostMasterLibrary.Connection ConnectionState = Connecting
2015-12-10 10:41:10.5807 2764 PanaServices 4 PMLib-ManageConnection PMListener_MSMQ_PreSetup_MV: PostMasterLibrary.Connection ConnectionState = Connecting
2015-12-10 10:41:10.5787 2764 PanaServices 27 PMLib-ManageConnection PMListener_Event: PostMasterLibrary.Connection ConnectionState = Connecting
2015-12-10 10:41:10.5787 2764 PanaServices 36 PMLib-ManageConnection PMListener_MC: PostMasterLibrary.Connection ConnectionState = Connecting
2015-12-10 10:41:10.5807 2764 PanaServices 11 PMLib-ManageConnection PMListener_Config: PostMasterLibrary ConnectionState = Connecting
2015-12-10 10:41:10.5807 2764 PanaServices 26 PMLib-ManageConnection SetupVerificationExport_Service: PostMasterLibrary.Connection ConnectionState = Connecting
2015-12-10 10:41:10.5787 2764 PanaServices 19 PMLib-ManageConnection PMListener_RT_MS: PostMasterLibrary.Connection ConnectionState = Connecting
2015-12-10 10:41:10.5807 2764 PanaServices 31 PMLib-ManageConnection PMListener_ReelInquiry: PostMasterLibrary.Connection ConnectionState = Connecting
2015-12-10 10:41:10.6907 2764 PanaServices 38 PMLib-ManageConnection PMListener_MSMQ_Trace: PostMasterLibrary.Connection ConnectionState = Disconnected
2015-12-10 10:41:10.6907 2764 PanaServices 38 PMLib-ManageConnection PMListener_MSMQ_Trace: PostMasterLibrary.Connection ConnectionState = Connecting
2015-12-10 10:41:10.6907 2764 PanaServices 29 PMLib-ManageConnection PMListener_ComponentQty: PostMasterLibrary.Connection ConnectionState = Disconnected
2015-12-10 10:41:10.6907 2764 PanaServices 29 PMLib-ManageConnection PMListener_ComponentQty: PostMasterLibrary.Connection ConnectionState = Connecting
2015-12-10 10:41:10.8047 2764 PanaServices 36 PMLib-ManageConnection PMListener_MC: PostMasterLibrary.Connection error: Failed to connect
2015-12-10 10:41:10.8047 2764 PanaServices 4 PMLib-ManageConnection PMListener_MSMQ_PreSetup_MV: PostMasterLibrary.Connection error: Failed to connect
2015-12-10 10:41:10.8047 2764 PanaServices 11 PMLib-ManageConnection PMListener_Config: PostMasterLibrary Connection error: Failed to connect
2015-12-10 10:41:11.0227 2764 PanaServices 26 PMLib-ManageConnection SetupVerificationExport_Service: PostMasterLibrary.Connection error: Failed to connect
2015-12-10 10:41:11.0227 2764 PanaServices 11 PMLib-ManageConnection CIMCEventLog: Event logged: ID: 11150004/IDD_APP_ELNK_PM_CONNECT_FAILED  Type: Error  Host: APP-SRV  App: 'Enterprise Link'  Parameters:  P1: 'CIMC-SRV' P2: 'APP-SRV'
2015-12-22 16:10:49.3519 2628 PanaServices 15 PMLib-ManageConnection PMListener_ReelInquiry: PostMasterLibrary.Connection ConnectionState = Disconnected
2015-12-22 16:10:49.3519 2628 PanaServices 11 PMLib-ManageConnection PMListener_Config: PostMasterLibrary ConnectionState = Disconnected
2015-12-22 16:10:49.5689 2628 PanaServices 11 PMLib-ManageConnection PMListener_Config: PostMasterLibrary ConnectionState = Connecting
2015-12-22 16:10:49.5689 2628 PanaServices 15 PMLib-ManageConnection PMListener_ReelInquiry: PostMasterLibrary.Connection ConnectionState = Connecting
2015-12-22 16:10:49.5689 2628 PanaServices 11 PMLib-ManageConnection PMListener_Config: PostMasterLibrary Connection error: Failed to connect
2015-12-22 16:10:49.5689 2628 PanaServices 15 PMLib-ManageConnection PMListener_ReelInquiry: PostMasterLibrary.Connection error: Failed to connect
2015-12-22 16:10:50.1150 2628 PanaServices 11 PMLib-ManageConnection CIMCEventLog: Event logged: ID: 11150004/IDD_APP_ELNK_PM_CONNECT_FAILED  Type: Error  Host: APP-SRV  App: 'Enterprise Link'  Parameters:  P1: 'CIMC-SRV' P2: 'APP-SRV'
2015-12-22 19:05:13.9865 2756 PanaServices 11 PMLib-ManageConnection PMListener_Config: PostMasterLibrary ConnectionState = Disconnected
2015-12-22 19:05:15.3385 2756 PanaServices 15 PMLib-ManageConnection PMListener_ReelInquiry: PostMasterLibrary.Connection ConnectionState = Disconnected
2015-12-22 19:05:15.5745 2756 PanaServices 11 PMLib-ManageConnection PMListener_Config: PostMasterLibrary ConnectionState = Connecting
2015-12-22 19:05:15.5745 2756 PanaServices 15 PMLib-ManageConnection PMListener_ReelInquiry: PostMasterLibrary.Connection ConnectionState = Connecting
2015-12-22 19:05:16.1006 2756 PanaServices 15 PMLib-ManageConnection PMListener_ReelInquiry: PostMasterLibrary.Connection error: Failed to connect
2015-12-22 19:05:16.2076 2756 PanaServices 11 PMLib-ManageConnection PMListener_Config: PostMasterLibrary Connection error: Failed to connect
2015-12-22 19:05:16.3016 2756 PanaServices 11 PMLib-ManageConnection CIMCEventLog: Event logged: ID: 11150004/IDD_APP_ELNK_PM_CONNECT_FAILED  Type: Error  Host: APP-SRV  App: 'Enterprise Link'  Parameters:  P1: 'CIMC-SRV' P2: 'APP-SRV'
2015-12-22 20:41:12.8616 3248 PanaServices 5  CIMCEventLog: Event queued for logging: ID: 11150012/IDD_APP_ELNK_NO_LICENSE  Type: Warning  Host: APP-SRV  App: 'Enterprise Link'
2015-12-22 20:41:15.3167 3248 PanaServices 5  CIMCEventLog: Event queued for logging: ID: 11150001/IDD_APP_ELNK_SRVC_START  Type: Info  Host: APP-SRV  App: 'Enterprise Link'  Parameters:  P1: 'APP-SRV'
2015-12-22 20:41:15.3738 3248 PanaServices 12 PMLib-ManageConnection CIMCEventLog: Event queued for logging: ID: 11150004/IDD_APP_ELNK_PM_CONNECT_FAILED  Type: Error  Host: APP-SRV  App: 'Enterprise Link'  Parameters:  P1: 'CIMC-SRV' P2: 'APP-SRV'
2015-12-22 20:41:23.5922 3248 PanaServices 5  CIMCEventLog: Event queued for logging: ID: 11150002/IDD_APP_ELNK_SRVC_STOP  Type: Warning  Host: APP-SRV  App: 'Enterprise Link'  Parameters:  P1: 'APP-SRV'
2015-12-22 20:44:50.7011 3564 PanaServices 5  CIMCEventLog: Event queued for logging: ID: 11150012/IDD_APP_ELNK_NO_LICENSE  Type: Warning  Host: APP-SRV  App: 'Enterprise Link'
2015-12-22 20:44:52.6712 3564 PanaServices 12 PMLib-ManageConnection CIMCEventLog: Event queued for logging: ID: 11150004/IDD_APP_ELNK_PM_CONNECT_FAILED  Type: Error  Host: APP-SRV  App: 'Enterprise Link'  Parameters:  P1: 'CIMC-SRV' P2: 'APP-SRV'
2015-12-22 20:44:56.3724 3564 PanaServices 5  CIMCEventLog: Event queued for logging: ID: 11150001/IDD_APP_ELNK_SRVC_START  Type: Info  Host: APP-SRV  App: 'Enterprise Link'  Parameters:  P1: 'APP-SRV'
2015-12-22 20:45:53.6747 3564 PanaServices 12 PMLib-ManageConnection CIMCEventLog: Event queued for logging: ID: 11150004/IDD_APP_ELNK_PM_CONNECT_FAILED  Type: Error  Host: APP-SRV  App: 'Enterprise Link'  Parameters:  P1: 'CIMC-SRV' P2: 'APP-SRV'
2015-12-22 20:46:54.6822 3564 PanaServices 12 PMLib-ManageConnection CIMCEventLog: Event queued for logging: ID: 11150004/IDD_APP_ELNK_PM_CONNECT_FAILED  Type: Error  Host: APP-SRV  App: 'Enterprise Link'  Parameters:  P1: 'CIMC-SRV' P2: 'APP-SRV'
2015-12-22 20:47:55.7927 3564 PanaServices 12 PMLib-ManageConnection CIMCEventLog: Event queued for logging: ID: 11150004/IDD_APP_ELNK_PM_CONNECT_FAILED  Type: Error  Host: APP-SRV  App: 'Enterprise Link'  Parameters:  P1: 'CIMC-SRV' P2: 'APP-SRV'
2015-12-22 20:48:56.8311 3564 PanaServices 12 PMLib-ManageConnection CIMCEventLog: Event queued for logging: ID: 11150004/IDD_APP_ELNK_PM_CONNECT_FAILED  Type: Error  Host: APP-SRV  App: 'Enterprise Link'  Parameters:  P1: 'CIMC-SRV' P2: 'APP-SRV'
2015-12-22 20:49:57.8556 3564 PanaServices 12 PMLib-ManageConnection CIMCEventLog: Event queued for logging: ID: 11150004/IDD_APP_ELNK_PM_CONNECT_FAILED  Type: Error  Host: APP-SRV  App: 'Enterprise Link'  Parameters:  P1: 'CIMC-SRV' P2: 'APP-SRV'
2015-12-22 20:50:58.8581 3564 PanaServices 12 PMLib-ManageConnection CIMCEventLog: Event queued for logging: ID: 11150004/IDD_APP_ELNK_PM_CONNECT_FAILED  Type: Error  Host: APP-SRV  App: 'Enterprise Link'  Parameters:  P1: 'CIMC-SRV' P2: 'APP-SRV'
2015-12-22 20:51:59.8606 3564 PanaServices 12 PMLib-ManageConnection CIMCEventLog: Event queued for logging: ID: 11150004/IDD_APP_ELNK_PM_CONNECT_FAILED  Type: Error  Host: APP-SRV  App: 'Enterprise Link'  Parameters:  P1: 'CIMC-SRV' P2: 'APP-SRV'
2015-12-22 20:53:00.8621 3564 PanaServices 12 PMLib-ManageConnection CIMCEventLog: Event queued for logging: ID: 11150004/IDD_APP_ELNK_PM_CONNECT_FAILED  Type: Error  Host: APP-SRV  App: 'Enterprise Link'  Parameters:  P1: 'CIMC-SRV' P2: 'APP-SRV'
2015-12-22 20:54:21.8587 3564 PanaServices 12 PMLib-ManageConnection CIMCEventLog: Event queued for logging: ID: 11150004/IDD_APP_ELNK_PM_CONNECT_FAILED  Type: Error  Host: APP-SRV  App: 'Enterprise Link'  Parameters:  P1: 'CIMC-SRV' P2: 'APP-SRV'
2015-12-22 20:55:42.8604 3564 PanaServices 12 PMLib-ManageConnection CIMCEventLog: Event queued for logging: ID: 11150004/IDD_APP_ELNK_PM_CONNECT_FAILED  Type: Error  Host: APP-SRV  App: 'Enterprise Link'  Parameters:  P1: 'CIMC-SRV' P2: 'APP-SRV'
2015-12-22 20:56:42.8958 3564 PanaServices 12 PMLib-ManageConnection CIMCEventLog: Event queued for logging: ID: 11150013/IDD_APP_ELNK_PM_CONNECT_OK  Type: Info  Host: APP-SRV  App: 'Enterprise Link'  Parameters:  P1: 'CIMC-SRV' P2: 'APP-SRV'
2015-12-23 09:21:27.3803 3564 PanaServices 12 PMLib-ManageConnection CIMCEventLog: Event queued for logging: ID: 11150004/IDD_APP_ELNK_PM_CONNECT_FAILED  Type: Error  Host: APP-SRV  App: 'Enterprise Link'  Parameters:  P1: 'CIMC-SRV' P2: 'APP-SRV'
2015-12-23 09:22:48.3979 3564 PanaServices 12 PMLib-ManageConnection CIMCEventLog: Event queued for logging: ID: 11150004/IDD_APP_ELNK_PM_CONNECT_FAILED  Type: Error  Host: APP-SRV  App: 'Enterprise Link'  Parameters:  P1: 'CIMC-SRV' P2: 'APP-SRV'
2015-12-23 09:23:57.5188 3564 PanaServices 12 PMLib-ManageConnection CIMCEventLog: Event queued for logging: ID: 11150013/IDD_APP_ELNK_PM_CONNECT_OK  Type: Info  Host: APP-SRV  App: 'Enterprise Link'  Parameters:  P1: 'CIMC-SRV' P2: 'APP-SRV'
2015-12-23 09:31:13.0458 3564 PanaServices 11 LicensedCIMEquipment - Thread_LoadConfig CIMCEventLog: Event queued for logging: ID: 11150012/IDD_APP_ELNK_NO_LICENSE  Type: Warning  Host: APP-SRV  App: 'Enterprise Link'
2015-12-23 09:40:39.1061 3564 PanaServices 11 LicensedCIMEquipment - Thread_LoadConfig CIMCEventLog: Event queued for logging: ID: 11150012/IDD_APP_ELNK_NO_LICENSE  Type: Warning  Host: APP-SRV  App: 'Enterprise Link'
2015-12-23 17:30:17.1365 3564 PanaServices 12 PMLib-ManageConnection CIMCEventLog: Event queued for logging: ID: 11150013/IDD_APP_ELNK_PM_CONNECT_OK  Type: Info  Host: APP-SRV  App: 'Enterprise Link'  Parameters:  P1: 'CIMC-SRV' P2: 'APP-SRV'
2015-12-24 09:17:16.6763 3564 PanaServices 12 PMLib-ManageConnection CIMCEventLog: Event queued for logging: ID: 11150004/IDD_APP_ELNK_PM_CONNECT_FAILED  Type: Error  Host: APP-SRV  App: 'Enterprise Link'  Parameters:  P1: 'CIMC-SRV' P2: 'APP-SRV'
2015-12-24 09:18:16.7837 3564 PanaServices 12 PMLib-ManageConnection CIMCEventLog: Event queued for logging: ID: 11150013/IDD_APP_ELNK_PM_CONNECT_OK  Type: Info  Host: APP-SRV  App: 'Enterprise Link'  Parameters:  P1: 'CIMC-SRV' P2: 'APP-SRV'
2015-12-24 10:13:19.6850 3564 PanaServices 12 PMLib-ManageConnection CIMCEventLog: Event queued for logging: ID: 11150004/IDD_APP_ELNK_PM_CONNECT_FAILED  Type: Error  Host: APP-SRV  App: 'Enterprise Link'  Parameters:  P1: 'CIMC-SRV' P2: 'APP-SRV'
2015-12-24 10:14:19.8175 3564 PanaServices 12 PMLib-ManageConnection CIMCEventLog: Event queued for logging: ID: 11150013/IDD_APP_ELNK_PM_CONNECT_OK  Type: Info  Host: APP-SRV  App: 'Enterprise Link'  Parameters:  P1: 'CIMC-SRV' P2: 'APP-SRV'
2015-12-25 14:51:15.8254 3564 PanaServices 12 PMLib-ManageConnection CIMCEventLog: Event queued for logging: ID: 11150013/IDD_APP_ELNK_PM_CONNECT_OK  Type: Info  Host: APP-SRV  App: 'Enterprise Link'  Parameters:  P1: 'CIMC-SRV' P2: 'APP-SRV'
2016-01-06 13:48:48.7714 3564 PanaServices 12 PMLib-ManageConnection CIMCEventLog: Event queued for logging: ID: 11150004/IDD_APP_ELNK_PM_CONNECT_FAILED  Type: Error  Host: APP-SRV  App: 'Enterprise Link'  Parameters:  P1: 'CIMC-SRV' P2: 'APP-SRV'
2016-01-06 13:49:48.9829 3564 PanaServices 12 PMLib-ManageConnection CIMCEventLog: Event queued for logging: ID: 11150013/IDD_APP_ELNK_PM_CONNECT_OK  Type: Info  Host: APP-SRV  App: 'Enterprise Link'  Parameters:  P1: 'CIMC-SRV' P2: 'APP-SRV'
2016-01-06 14:59:20.0915 3564 PanaServices 11 LicensedCIMEquipment - Thread_LoadConfig CIMCEventLog: Event queued for logging: ID: 11150012/IDD_APP_ELNK_NO_LICENSE  Type: Warning  Host: APP-SRV  App: 'Enterprise Link'
2016-01-06 16:38:01.9452 3564 PanaServices 11 LicensedCIMEquipment - Thread_LoadConfig CIMCEventLog: Event queued for logging: ID: 11150012/IDD_APP_ELNK_NO_LICENSE  Type: Warning  Host: APP-SRV  App: 'Enterprise Link'
2016-01-07 11:16:24.5143 3564 PanaServices 12 PMLib-ManageConnection CIMCEventLog: Event queued for logging: ID: 11150004/IDD_APP_ELNK_PM_CONNECT_FAILED  Type: Error  Host: APP-SRV  App: 'Enterprise Link'  Parameters:  P1: 'CIMC-SRV' P2: 'APP-SRV'
2016-01-07 11:17:24.6577 3564 PanaServices 12 PMLib-ManageConnection CIMCEventLog: Event queued for logging: ID: 11150013/IDD_APP_ELNK_PM_CONNECT_OK  Type: Info  Host: APP-SRV  App: 'Enterprise Link'  Parameters:  P1: 'CIMC-SRV' P2: 'APP-SRV'
2016-01-07 11:59:31.9313 3564 PanaServices 11 LicensedCIMEquipment - Thread_LoadConfig CIMCEventLog: Event queued for logging: ID: 11150012/IDD_APP_ELNK_NO_LICENSE  Type: Warning  Host: APP-SRV  App: 'Enterprise Link'
2016-01-07 12:01:12.1130 3564 PanaServices 11 LicensedCIMEquipment - Thread_LoadConfig CIMCEventLog: Event queued for logging: ID: 11150012/IDD_APP_ELNK_NO_LICENSE  Type: Warning  Host: APP-SRV  App: 'Enterprise Link'
2016-01-07 14:34:11.2990 3564 PanaServices 11 LicensedCIMEquipment - Thread_LoadConfig CIMCEventLog: Event queued for logging: ID: 11150012/IDD_APP_ELNK_NO_LICENSE  Type: Warning  Host: APP-SRV  App: 'Enterprise Link'
2016-01-07 14:37:00.8767 3564 PanaServices 11 LicensedCIMEquipment - Thread_LoadConfig CIMCEventLog: Event queued for logging: ID: 11150012/IDD_APP_ELNK_NO_LICENSE  Type: Warning  Host: APP-SRV  App: 'Enterprise Link'
2016-01-07 14:57:12.8331 3564 PanaServices 11 LicensedCIMEquipment - Thread_LoadConfig CIMCEventLog: Event queued for logging: ID: 11150012/IDD_APP_ELNK_NO_LICENSE  Type: Warning  Host: APP-SRV  App: 'Enterprise Link'
2016-01-08 09:22:13.2719 3564 PanaServices 12 PMLib-ManageConnection CIMCEventLog: Event queued for logging: ID: 11150013/IDD_APP_ELNK_PM_CONNECT_OK  Type: Info  Host: APP-SRV  App: 'Enterprise Link'  Parameters:  P1: 'CIMC-SRV' P2: 'APP-SRV'
2016-01-08 10:02:09.9589 3564 PanaServices 11 LicensedCIMEquipment - Thread_LoadConfig CIMCEventLog: Event queued for logging: ID: 11150012/IDD_APP_ELNK_NO_LICENSE  Type: Warning  Host: APP-SRV  App: 'Enterprise Link'
2016-01-08 13:26:00.6086 1980 PanaServices 5  CIMCEventLog: Event queued for logging: ID: 11150012/IDD_APP_ELNK_NO_LICENSE  Type: Warning  Host: APP-SRV  App: 'Enterprise Link'
2016-01-08 13:26:02.0816 1980 PanaServices 5  CIMCEventLog: Event queued for logging: ID: 11150001/IDD_APP_ELNK_SRVC_START  Type: Info  Host: APP-SRV  App: 'Enterprise Link'  Parameters:  P1: 'APP-SRV'
2016-01-08 13:26:24.3539 1980 PanaServices 13 PMLib-ManageConnection CIMCEventLog: Event queued for logging: ID: 11150004/IDD_APP_ELNK_PM_CONNECT_FAILED  Type: Error  Host: APP-SRV  App: 'Enterprise Link'  Parameters:  P1: 'CIMC-SRV' P2: 'APP-SRV'
2016-01-08 13:27:25.3564 1980 PanaServices 13 PMLib-ManageConnection CIMCEventLog: Event queued for logging: ID: 11150004/IDD_APP_ELNK_PM_CONNECT_FAILED  Type: Error  Host: APP-SRV  App: 'Enterprise Link'  Parameters:  P1: 'CIMC-SRV' P2: 'APP-SRV'
2016-01-08 13:28:25.4098 1980 PanaServices 13 PMLib-ManageConnection CIMCEventLog: Event queued for logging: ID: 11150013/IDD_APP_ELNK_PM_CONNECT_OK  Type: Info  Host: APP-SRV  App: 'Enterprise Link'  Parameters:  P1: 'CIMC-SRV' P2: 'APP-SRV'
2016-01-08 13:53:37.9533 1980 PanaServices 7  CIMCEventLog: Event queued for logging: ID: 11150002/IDD_APP_ELNK_SRVC_STOP  Type: Warning  Host: APP-SRV  App: 'Enterprise Link'  Parameters:  P1: 'APP-SRV'
2016-01-08 13:56:32.5813 1220 PanaServices 5  CIMCEventLog: Event queued for logging: ID: 11150012/IDD_APP_ELNK_NO_LICENSE  Type: Warning  Host: APP-SRV  App: 'Enterprise Link'
2016-01-08 13:56:32.9553 1220 PanaServices 12 PMLib-ManageConnection CIMCEventLog: Event queued for logging: ID: 11150013/IDD_APP_ELNK_PM_CONNECT_OK  Type: Info  Host: APP-SRV  App: 'Enterprise Link'  Parameters:  P1: 'CIMC-SRV' P2: 'APP-SRV'
2016-01-08 13:56:33.2213 1220 PanaServices 5  CIMCEventLog: Event queued for logging: ID: 11150001/IDD_APP_ELNK_SRVC_START  Type: Info  Host: APP-SRV  App: 'Enterprise Link'  Parameters:  P1: 'APP-SRV'
2016-01-08 14:01:24.8420 1220 PanaServices 16 PMLib-ManageConnection PMListener_ReelInquiry: PostMasterLibrary.Connection ConnectionState = Disconnected
2016-01-08 14:01:24.8420 1220 PanaServices 16 PMLib-ManageConnection PMListener_ReelInquiry: PostMasterLibrary.Connection ConnectionState = Connecting
2016-01-08 14:01:25.2310 1220 PanaServices 12 PMLib-ManageConnection PMListener_Config: PostMasterLibrary ConnectionState = Disconnected
2016-01-08 14:01:25.2310 1220 PanaServices 12 PMLib-ManageConnection PMListener_Config: PostMasterLibrary ConnectionState = Connecting
2016-01-08 14:01:26.0221 1220 PanaServices 12 PMLib-ManageConnection PMListener_Config: PostMasterLibrary Connection error: Failed to connect
2016-01-08 14:01:26.0221 1220 PanaServices 16 PMLib-ManageConnection PMListener_ReelInquiry: PostMasterLibrary.Connection error: Failed to connect
2016-01-08 14:01:26.1021 1220 PanaServices 12 PMLib-ManageConnection CIMCEventLog: Event queued for logging: ID: 11150004/IDD_APP_ELNK_PM_CONNECT_FAILED  Type: Error  Host: APP-SRV  App: 'Enterprise Link'  Parameters:  P1: 'CIMC-SRV' P2: 'APP-SRV'
2016-01-08 14:04:18.3346 1592 PanaServices 5  CIMCEventLog: Event queued for logging: ID: 11150012/IDD_APP_ELNK_NO_LICENSE  Type: Warning  Host: APP-SRV  App: 'Enterprise Link'
2016-01-08 14:04:18.6896 1592 PanaServices 14 PMLib-ManageConnection CIMCEventLog: Event queued for logging: ID: 11150013/IDD_APP_ELNK_PM_CONNECT_OK  Type: Info  Host: APP-SRV  App: 'Enterprise Link'  Parameters:  P1: 'CIMC-SRV' P2: 'APP-SRV'
2016-01-08 14:04:20.0687 1592 PanaServices 5  CIMCEventLog: Event queued for logging: ID: 11150001/IDD_APP_ELNK_SRVC_START  Type: Info  Host: APP-SRV  App: 'Enterprise Link'  Parameters:  P1: 'APP-SRV'
2016-01-14 09:18:57.1648 1592 PanaServices 14 PMLib-ManageConnection CIMCEventLog: Event queued for logging: ID: 11150013/IDD_APP_ELNK_PM_CONNECT_OK  Type: Info  Host: APP-SRV  App: 'Enterprise Link'  Parameters:  P1: 'CIMC-SRV' P2: 'APP-SRV'
2016-01-14 16:48:21.8958 1592 PanaServices 14 PMLib-ManageConnection CIMCEventLog: Event queued for logging: ID: 11150004/IDD_APP_ELNK_PM_CONNECT_FAILED  Type: Error  Host: APP-SRV  App: 'Enterprise Link'  Parameters:  P1: 'CIMC-SRV' P2: 'APP-SRV'
2016-01-14 16:49:23.1623 1592 PanaServices 14 PMLib-ManageConnection CIMCEventLog: Event queued for logging: ID: 11150004/IDD_APP_ELNK_PM_CONNECT_FAILED  Type: Error  Host: APP-SRV  App: 'Enterprise Link'  Parameters:  P1: 'CIMC-SRV' P2: 'APP-SRV'
2016-01-14 16:49:45.4835 1592 PanaServices 8  CIMCEventLog: Event queued for logging: ID: 11150002/IDD_APP_ELNK_SRVC_STOP  Type: Warning  Host: APP-SRV  App: 'Enterprise Link'  Parameters:  P1: 'APP-SRV'
2016-01-14 17:08:48.3959 3620 PanaServices 5  CIMCEventLog: Event queued for logging: ID: 11150012/IDD_APP_ELNK_NO_LICENSE  Type: Warning  Host: APP-SRV  App: 'Enterprise Link'
2016-01-14 17:08:51.9861 3620 PanaServices 12 PMLib-ManageConnection CIMCEventLog: Event queued for logging: ID: 11150004/IDD_APP_ELNK_PM_CONNECT_FAILED  Type: Error  Host: APP-SRV  App: 'Enterprise Link'  Parameters:  P1: 'CIMC-SRV' P2: 'APP-SRV'
2016-01-14 17:08:52.0531 3620 PanaServices 5  CIMCEventLog: Event queued for logging: ID: 11150001/IDD_APP_ELNK_SRVC_START  Type: Info  Host: APP-SRV  App: 'Enterprise Link'  Parameters:  P1: 'APP-SRV'
2016-01-14 17:09:52.9876 3620 PanaServices 12 PMLib-ManageConnection CIMCEventLog: Event queued for logging: ID: 11150004/IDD_APP_ELNK_PM_CONNECT_FAILED  Type: Error  Host: APP-SRV  App: 'Enterprise Link'  Parameters:  P1: 'CIMC-SRV' P2: 'APP-SRV'
2016-01-14 17:10:53.9901 3620 PanaServices 12 PMLib-ManageConnection CIMCEventLog: Event queued for logging: ID: 11150004/IDD_APP_ELNK_PM_CONNECT_FAILED  Type: Error  Host: APP-SRV  App: 'Enterprise Link'  Parameters:  P1: 'CIMC-SRV' P2: 'APP-SRV'
2016-01-14 17:11:54.9906 3620 PanaServices 12 PMLib-ManageConnection CIMCEventLog: Event queued for logging: ID: 11150004/IDD_APP_ELNK_PM_CONNECT_FAILED  Type: Error  Host: APP-SRV  App: 'Enterprise Link'  Parameters:  P1: 'CIMC-SRV' P2: 'APP-SRV'
2016-01-14 17:12:56.0011 3620 PanaServices 12 PMLib-ManageConnection CIMCEventLog: Event queued for logging: ID: 11150004/IDD_APP_ELNK_PM_CONNECT_FAILED  Type: Error  Host: APP-SRV  App: 'Enterprise Link'  Parameters:  P1: 'CIMC-SRV' P2: 'APP-SRV'
2016-01-14 17:13:57.0016 3620 PanaServices 12 PMLib-ManageConnection CIMCEventLog: Event queued for logging: ID: 11150004/IDD_APP_ELNK_PM_CONNECT_FAILED  Type: Error  Host: APP-SRV  App: 'Enterprise Link'  Parameters:  P1: 'CIMC-SRV' P2: 'APP-SRV'
2016-01-14 17:17:46.2637 2124 PanaServices 5  CIMCEventLog: Event queued for logging: ID: 11150012/IDD_APP_ELNK_NO_LICENSE  Type: Warning  Host: APP-SRV  App: 'Enterprise Link'
2016-01-14 17:17:49.0678 2124 PanaServices 12 PMLib-ManageConnection CIMCEventLog: Event queued for logging: ID: 11150004/IDD_APP_ELNK_PM_CONNECT_FAILED  Type: Error  Host: APP-SRV  App: 'Enterprise Link'  Parameters:  P1: 'CIMC-SRV' P2: 'APP-SRV'
2016-01-14 17:17:50.7559 2124 PanaServices 5  CIMCEventLog: Event queued for logging: ID: 11150001/IDD_APP_ELNK_SRVC_START  Type: Info  Host: APP-SRV  App: 'Enterprise Link'  Parameters:  P1: 'APP-SRV'
2016-01-14 17:18:50.0723 2124 PanaServices 12 PMLib-ManageConnection CIMCEventLog: Event queued for logging: ID: 11150004/IDD_APP_ELNK_PM_CONNECT_FAILED  Type: Error  Host: APP-SRV  App: 'Enterprise Link'  Parameters:  P1: 'CIMC-SRV' P2: 'APP-SRV'
2016-01-14 17:19:51.0748 2124 PanaServices 12 PMLib-ManageConnection CIMCEventLog: Event queued for logging: ID: 11150004/IDD_APP_ELNK_PM_CONNECT_FAILED  Type: Error  Host: APP-SRV  App: 'Enterprise Link'  Parameters:  P1: 'CIMC-SRV' P2: 'APP-SRV'
2016-01-14 17:20:52.0793 2124 PanaServices 12 PMLib-ManageConnection CIMCEventLog: Event queued for logging: ID: 11150004/IDD_APP_ELNK_PM_CONNECT_FAILED  Type: Error  Host: APP-SRV  App: 'Enterprise Link'  Parameters:  P1: 'CIMC-SRV' P2: 'APP-SRV'
2016-01-14 17:21:53.0768 2124 PanaServices 12 PMLib-ManageConnection CIMCEventLog: Event queued for logging: ID: 11150004/IDD_APP_ELNK_PM_CONNECT_FAILED  Type: Error  Host: APP-SRV  App: 'Enterprise Link'  Parameters:  P1: 'CIMC-SRV' P2: 'APP-SRV'
2016-01-14 17:22:54.0803 2124 PanaServices 12 PMLib-ManageConnection CIMCEventLog: Event queued for logging: ID: 11150004/IDD_APP_ELNK_PM_CONNECT_FAILED  Type: Error  Host: APP-SRV  App: 'Enterprise Link'  Parameters:  P1: 'CIMC-SRV' P2: 'APP-SRV'
2016-01-14 17:23:55.0838 2124 PanaServices 12 PMLib-ManageConnection CIMCEventLog: Event queued for logging: ID: 11150004/IDD_APP_ELNK_PM_CONNECT_FAILED  Type: Error  Host: APP-SRV  App: 'Enterprise Link'  Parameters:  P1: 'CIMC-SRV' P2: 'APP-SRV'
2016-01-14 17:24:56.4343 2124 PanaServices 12 PMLib-ManageConnection CIMCEventLog: Event queued for logging: ID: 11150004/IDD_APP_ELNK_PM_CONNECT_FAILED  Type: Error  Host: APP-SRV  App: 'Enterprise Link'  Parameters:  P1: 'CIMC-SRV' P2: 'APP-SRV'
2016-01-14 17:25:57.6278 2124 PanaServices 12 PMLib-ManageConnection CIMCEventLog: Event queued for logging: ID: 11150004/IDD_APP_ELNK_PM_CONNECT_FAILED  Type: Error  Host: APP-SRV  App: 'Enterprise Link'  Parameters:  P1: 'CIMC-SRV' P2: 'APP-SRV'
2016-01-14 17:27:18.6234 2124 PanaServices 12 PMLib-ManageConnection CIMCEventLog: Event queued for logging: ID: 11150004/IDD_APP_ELNK_PM_CONNECT_FAILED  Type: Error  Host: APP-SRV  App: 'Enterprise Link'  Parameters:  P1: 'CIMC-SRV' P2: 'APP-SRV'
2016-01-14 17:28:39.6230 2124 PanaServices 12 PMLib-ManageConnection CIMCEventLog: Event queued for logging: ID: 11150004/IDD_APP_ELNK_PM_CONNECT_FAILED  Type: Error  Host: APP-SRV  App: 'Enterprise Link'  Parameters:  P1: 'CIMC-SRV' P2: 'APP-SRV'
2016-01-14 17:29:40.6235 2124 PanaServices 12 PMLib-ManageConnection CIMCEventLog: Event queued for logging: ID: 11150004/IDD_APP_ELNK_PM_CONNECT_FAILED  Type: Error  Host: APP-SRV  App: 'Enterprise Link'  Parameters:  P1: 'CIMC-SRV' P2: 'APP-SRV'
2016-01-14 17:30:43.8081 2124 PanaServices 12 PMLib-ManageConnection CIMCEventLog: Event queued for logging: ID: 11150013/IDD_APP_ELNK_PM_CONNECT_OK  Type: Info  Host: APP-SRV  App: 'Enterprise Link'  Parameters:  P1: 'CIMC-SRV' P2: 'APP-SRV'
2016-01-19 10:20:40.5601 2124 PanaServices 12 PMLib-ManageConnection CIMCEventLog: Event queued for logging: ID: 11150004/IDD_APP_ELNK_PM_CONNECT_FAILED  Type: Error  Host: APP-SRV  App: 'Enterprise Link'  Parameters:  P1: 'CIMC-SRV' P2: 'APP-SRV'
2016-01-19 10:22:01.7617 2124 PanaServices 12 PMLib-ManageConnection CIMCEventLog: Event queued for logging: ID: 11150004/IDD_APP_ELNK_PM_CONNECT_FAILED  Type: Error  Host: APP-SRV  App: 'Enterprise Link'  Parameters:  P1: 'CIMC-SRV' P2: 'APP-SRV'
2016-01-19 10:23:22.8024 2124 PanaServices 12 PMLib-ManageConnection CIMCEventLog: Event queued for logging: ID: 11150004/IDD_APP_ELNK_PM_CONNECT_FAILED  Type: Error  Host: APP-SRV  App: 'Enterprise Link'  Parameters:  P1: 'CIMC-SRV' P2: 'APP-SRV'
2016-01-19 10:24:43.8040 2124 PanaServices 12 PMLib-ManageConnection CIMCEventLog: Event queued for logging: ID: 11150004/IDD_APP_ELNK_PM_CONNECT_FAILED  Type: Error  Host: APP-SRV  App: 'Enterprise Link'  Parameters:  P1: 'CIMC-SRV' P2: 'APP-SRV'
2016-01-19 10:26:04.8366 2124 PanaServices 12 PMLib-ManageConnection CIMCEventLog: Event queued for logging: ID: 11150004/IDD_APP_ELNK_PM_CONNECT_FAILED  Type: Error  Host: APP-SRV  App: 'Enterprise Link'  Parameters:  P1: 'CIMC-SRV' P2: 'APP-SRV'
2016-01-19 10:27:25.8343 2124 PanaServices 12 PMLib-ManageConnection CIMCEventLog: Event queued for logging: ID: 11150004/IDD_APP_ELNK_PM_CONNECT_FAILED  Type: Error  Host: APP-SRV  App: 'Enterprise Link'  Parameters:  P1: 'CIMC-SRV' P2: 'APP-SRV'
2016-01-19 10:28:46.8399 2124 PanaServices 12 PMLib-ManageConnection CIMCEventLog: Event queued for logging: ID: 11150004/IDD_APP_ELNK_PM_CONNECT_FAILED  Type: Error  Host: APP-SRV  App: 'Enterprise Link'  Parameters:  P1: 'CIMC-SRV' P2: 'APP-SRV'
2016-01-19 10:30:07.8495 2124 PanaServices 12 PMLib-ManageConnection CIMCEventLog: Event queued for logging: ID: 11150004/IDD_APP_ELNK_PM_CONNECT_FAILED  Type: Error  Host: APP-SRV  App: 'Enterprise Link'  Parameters:  P1: 'CIMC-SRV' P2: 'APP-SRV'
2016-01-19 10:31:28.8532 2124 PanaServices 12 PMLib-ManageConnection CIMCEventLog: Event queued for logging: ID: 11150004/IDD_APP_ELNK_PM_CONNECT_FAILED  Type: Error  Host: APP-SRV  App: 'Enterprise Link'  Parameters:  P1: 'CIMC-SRV' P2: 'APP-SRV'
2016-01-19 10:32:49.8568 2124 PanaServices 12 PMLib-ManageConnection CIMCEventLog: Event queued for logging: ID: 11150004/IDD_APP_ELNK_PM_CONNECT_FAILED  Type: Error  Host: APP-SRV  App: 'Enterprise Link'  Parameters:  P1: 'CIMC-SRV' P2: 'APP-SRV'
2016-01-19 10:34:10.8594 2124 PanaServices 12 PMLib-ManageConnection CIMCEventLog: Event queued for logging: ID: 11150004/IDD_APP_ELNK_PM_CONNECT_FAILED  Type: Error  Host: APP-SRV  App: 'Enterprise Link'  Parameters:  P1: 'CIMC-SRV' P2: 'APP-SRV'
2016-01-19 10:35:31.8701 2124 PanaServices 12 PMLib-ManageConnection CIMCEventLog: Event queued for logging: ID: 11150004/IDD_APP_ELNK_PM_CONNECT_FAILED  Type: Error  Host: APP-SRV  App: 'Enterprise Link'  Parameters:  P1: 'CIMC-SRV' P2: 'APP-SRV'
2016-01-19 10:36:52.8727 2124 PanaServices 12 PMLib-ManageConnection CIMCEventLog: Event queued for logging: ID: 11150004/IDD_APP_ELNK_PM_CONNECT_FAILED  Type: Error  Host: APP-SRV  App: 'Enterprise Link'  Parameters:  P1: 'CIMC-SRV' P2: 'APP-SRV'
2016-01-19 10:38:13.8763 2124 PanaServices 12 PMLib-ManageConnection CIMCEventLog: Event queued for logging: ID: 11150004/IDD_APP_ELNK_PM_CONNECT_FAILED  Type: Error  Host: APP-SRV  App: 'Enterprise Link'  Parameters:  P1: 'CIMC-SRV' P2: 'APP-SRV'
2016-01-19 10:39:34.8710 2124 PanaServices 12 PMLib-ManageConnection CIMCEventLog: Event queued for logging: ID: 11150004/IDD_APP_ELNK_PM_CONNECT_FAILED  Type: Error  Host: APP-SRV  App: 'Enterprise Link'  Parameters:  P1: 'CIMC-SRV' P2: 'APP-SRV'
2016-01-19 10:40:55.8776 2124 PanaServices 12 PMLib-ManageConnection CIMCEventLog: Event queued for logging: ID: 11150004/IDD_APP_ELNK_PM_CONNECT_FAILED  Type: Error  Host: APP-SRV  App: 'Enterprise Link'  Parameters:  P1: 'CIMC-SRV' P2: 'APP-SRV'
2016-01-19 10:42:16.8722 2124 PanaServices 12 PMLib-ManageConnection CIMCEventLog: Event queued for logging: ID: 11150004/IDD_APP_ELNK_PM_CONNECT_FAILED  Type: Error  Host: APP-SRV  App: 'Enterprise Link'  Parameters:  P1: 'CIMC-SRV' P2: 'APP-SRV'
2016-01-19 10:43:37.8799 2124 PanaServices 12 PMLib-ManageConnection CIMCEventLog: Event queued for logging: ID: 11150004/IDD_APP_ELNK_PM_CONNECT_FAILED  Type: Error  Host: APP-SRV  App: 'Enterprise Link'  Parameters:  P1: 'CIMC-SRV' P2: 'APP-SRV'
2016-01-19 10:44:58.8935 2124 PanaServices 12 PMLib-ManageConnection CIMCEventLog: Event queued for logging: ID: 11150004/IDD_APP_ELNK_PM_CONNECT_FAILED  Type: Error  Host: APP-SRV  App: 'Enterprise Link'  Parameters:  P1: 'CIMC-SRV' P2: 'APP-SRV'
2016-01-19 10:46:19.8981 2124 PanaServices 12 PMLib-ManageConnection CIMCEventLog: Event queued for logging: ID: 11150004/IDD_APP_ELNK_PM_CONNECT_FAILED  Type: Error  Host: APP-SRV  App: 'Enterprise Link'  Parameters:  P1: 'CIMC-SRV' P2: 'APP-SRV'
2016-01-19 10:47:40.9018 2124 PanaServices 12 PMLib-ManageConnection CIMCEventLog: Event queued for logging: ID: 11150004/IDD_APP_ELNK_PM_CONNECT_FAILED  Type: Error  Host: APP-SRV  App: 'Enterprise Link'  Parameters:  P1: 'CIMC-SRV' P2: 'APP-SRV'
2016-01-19 10:49:01.9084 2124 PanaServices 12 PMLib-ManageConnection CIMCEventLog: Event queued for logging: ID: 11150004/IDD_APP_ELNK_PM_CONNECT_FAILED  Type: Error  Host: APP-SRV  App: 'Enterprise Link'  Parameters:  P1: 'CIMC-SRV' P2: 'APP-SRV'
2016-01-19 10:50:22.9170 2124 PanaServices 12 PMLib-ManageConnection CIMCEventLog: Event queued for logging: ID: 11150004/IDD_APP_ELNK_PM_CONNECT_FAILED  Type: Error  Host: APP-SRV  App: 'Enterprise Link'  Parameters:  P1: 'CIMC-SRV' P2: 'APP-SRV'
2016-01-19 10:51:43.9187 2124 PanaServices 12 PMLib-ManageConnection CIMCEventLog: Event queued for logging: ID: 11150004/IDD_APP_ELNK_PM_CONNECT_FAILED  Type: Error  Host: APP-SRV  App: 'Enterprise Link'  Parameters:  P1: 'CIMC-SRV' P2: 'APP-SRV'
2016-01-19 10:53:04.9263 2124 PanaServices 12 PMLib-ManageConnection CIMCEventLog: Event queued for logging: ID: 11150004/IDD_APP_ELNK_PM_CONNECT_FAILED  Type: Error  Host: APP-SRV  App: 'Enterprise Link'  Parameters:  P1: 'CIMC-SRV' P2: 'APP-SRV'
2016-01-19 10:54:25.9299 2124 PanaServices 12 PMLib-ManageConnection CIMCEventLog: Event queued for logging: ID: 11150004/IDD_APP_ELNK_PM_CONNECT_FAILED  Type: Error  Host: APP-SRV  App: 'Enterprise Link'  Parameters:  P1: 'CIMC-SRV' P2: 'APP-SRV'
2016-01-19 10:55:46.9326 2124 PanaServices 12 PMLib-ManageConnection CIMCEventLog: Event queued for logging: ID: 11150004/IDD_APP_ELNK_PM_CONNECT_FAILED  Type: Error  Host: APP-SRV  App: 'Enterprise Link'  Parameters:  P1: 'CIMC-SRV' P2: 'APP-SRV'
2016-01-19 10:57:07.9472 2124 PanaServices 12 PMLib-ManageConnection CIMCEventLog: Event queued for logging: ID: 11150004/IDD_APP_ELNK_PM_CONNECT_FAILED  Type: Error  Host: APP-SRV  App: 'Enterprise Link'  Parameters:  P1: 'CIMC-SRV' P2: 'APP-SRV'
2016-01-19 10:58:28.9478 2124 PanaServices 12 PMLib-ManageConnection CIMCEventLog: Event queued for logging: ID: 11150004/IDD_APP_ELNK_PM_CONNECT_FAILED  Type: Error  Host: APP-SRV  App: 'Enterprise Link'  Parameters:  P1: 'CIMC-SRV' P2: 'APP-SRV'
2016-01-19 10:59:49.9505 2124 PanaServices 12 PMLib-ManageConnection CIMCEventLog: Event queued for logging: ID: 11150004/IDD_APP_ELNK_PM_CONNECT_FAILED  Type: Error  Host: APP-SRV  App: 'Enterprise Link'  Parameters:  P1: 'CIMC-SRV' P2: 'APP-SRV'
2016-01-19 11:01:10.9541 2124 PanaServices 12 PMLib-ManageConnection CIMCEventLog: Event queued for logging: ID: 11150004/IDD_APP_ELNK_PM_CONNECT_FAILED  Type: Error  Host: APP-SRV  App: 'Enterprise Link'  Parameters:  P1: 'CIMC-SRV' P2: 'APP-SRV'
2016-01-19 11:02:31.9507 2124 PanaServices 12 PMLib-ManageConnection CIMCEventLog: Event queued for logging: ID: 11150004/IDD_APP_ELNK_PM_CONNECT_FAILED  Type: Error  Host: APP-SRV  App: 'Enterprise Link'  Parameters:  P1: 'CIMC-SRV' P2: 'APP-SRV'
2016-01-19 11:03:52.9524 2124 PanaServices 12 PMLib-ManageConnection CIMCEventLog: Event queued for logging: ID: 11150004/IDD_APP_ELNK_PM_CONNECT_FAILED  Type: Error  Host: APP-SRV  App: 'Enterprise Link'  Parameters:  P1: 'CIMC-SRV' P2: 'APP-SRV'
2016-01-19 11:05:13.9570 2124 PanaServices 12 PMLib-ManageConnection CIMCEventLog: Event queued for logging: ID: 11150004/IDD_APP_ELNK_PM_CONNECT_FAILED  Type: Error  Host: APP-SRV  App: 'Enterprise Link'  Parameters:  P1: 'CIMC-SRV' P2: 'APP-SRV'
2016-01-19 11:06:34.9616 2124 PanaServices 12 PMLib-ManageConnection CIMCEventLog: Event queued for logging: ID: 11150004/IDD_APP_ELNK_PM_CONNECT_FAILED  Type: Error  Host: APP-SRV  App: 'Enterprise Link'  Parameters:  P1: 'CIMC-SRV' P2: 'APP-SRV'
2016-01-19 11:07:55.9653 2124 PanaServices 12 PMLib-ManageConnection CIMCEventLog: Event queued for logging: ID: 11150004/IDD_APP_ELNK_PM_CONNECT_FAILED  Type: Error  Host: APP-SRV  App: 'Enterprise Link'  Parameters:  P1: 'CIMC-SRV' P2: 'APP-SRV'
2016-01-19 11:09:16.9659 2124 PanaServices 12 PMLib-ManageConnection CIMCEventLog: Event queued for logging: ID: 11150004/IDD_APP_ELNK_PM_CONNECT_FAILED  Type: Error  Host: APP-SRV  App: 'Enterprise Link'  Parameters:  P1: 'CIMC-SRV' P2: 'APP-SRV'
2016-01-19 11:10:37.9695 2124 PanaServices 12 PMLib-ManageConnection CIMCEventLog: Event queued for logging: ID: 11150004/IDD_APP_ELNK_PM_CONNECT_FAILED  Type: Error  Host: APP-SRV  App: 'Enterprise Link'  Parameters:  P1: 'CIMC-SRV' P2: 'APP-SRV'
2016-01-19 11:11:58.9742 2124 PanaServices 12 PMLib-ManageConnection CIMCEventLog: Event queued for logging: ID: 11150004/IDD_APP_ELNK_PM_CONNECT_FAILED  Type: Error  Host: APP-SRV  App: 'Enterprise Link'  Parameters:  P1: 'CIMC-SRV' P2: 'APP-SRV'
2016-01-19 11:13:19.9738 2124 PanaServices 12 PMLib-ManageConnection CIMCEventLog: Event queued for logging: ID: 11150004/IDD_APP_ELNK_PM_CONNECT_FAILED  Type: Error  Host: APP-SRV  App: 'Enterprise Link'  Parameters:  P1: 'CIMC-SRV' P2: 'APP-SRV'
2016-01-19 11:14:40.9784 2124 PanaServices 12 PMLib-ManageConnection CIMCEventLog: Event queued for logging: ID: 11150004/IDD_APP_ELNK_PM_CONNECT_FAILED  Type: Error  Host: APP-SRV  App: 'Enterprise Link'  Parameters:  P1: 'CIMC-SRV' P2: 'APP-SRV'
2016-01-19 11:16:01.9811 2124 PanaServices 12 PMLib-ManageConnection CIMCEventLog: Event queued for logging: ID: 11150004/IDD_APP_ELNK_PM_CONNECT_FAILED  Type: Error  Host: APP-SRV  App: 'Enterprise Link'  Parameters:  P1: 'CIMC-SRV' P2: 'APP-SRV'
2016-01-19 11:17:22.9897 2124 PanaServices 12 PMLib-ManageConnection CIMCEventLog: Event queued for logging: ID: 11150004/IDD_APP_ELNK_PM_CONNECT_FAILED  Type: Error  Host: APP-SRV  App: 'Enterprise Link'  Parameters:  P1: 'CIMC-SRV' P2: 'APP-SRV'
2016-01-19 11:18:44.0083 2124 PanaServices 12 PMLib-ManageConnection CIMCEventLog: Event queued for logging: ID: 11150004/IDD_APP_ELNK_PM_CONNECT_FAILED  Type: Error  Host: APP-SRV  App: 'Enterprise Link'  Parameters:  P1: 'CIMC-SRV' P2: 'APP-SRV'
2016-01-19 11:20:05.0130 2124 PanaServices 12 PMLib-ManageConnection CIMCEventLog: Event queued for logging: ID: 11150004/IDD_APP_ELNK_PM_CONNECT_FAILED  Type: Error  Host: APP-SRV  App: 'Enterprise Link'  Parameters:  P1: 'CIMC-SRV' P2: 'APP-SRV'
2016-01-19 11:21:26.0146 2124 PanaServices 12 PMLib-ManageConnection CIMCEventLog: Event queued for logging: ID: 11150004/IDD_APP_ELNK_PM_CONNECT_FAILED  Type: Error  Host: APP-SRV  App: 'Enterprise Link'  Parameters:  P1: 'CIMC-SRV' P2: 'APP-SRV'
2016-01-19 11:22:47.0752 2124 PanaServices 12 PMLib-ManageConnection CIMCEventLog: Event queued for logging: ID: 11150004/IDD_APP_ELNK_PM_CONNECT_FAILED  Type: Error  Host: APP-SRV  App: 'Enterprise Link'  Parameters:  P1: 'CIMC-SRV' P2: 'APP-SRV'
2016-01-19 11:24:08.0749 2124 PanaServices 12 PMLib-ManageConnection CIMCEventLog: Event queued for logging: ID: 11150004/IDD_APP_ELNK_PM_CONNECT_FAILED  Type: Error  Host: APP-SRV  App: 'Enterprise Link'  Parameters:  P1: 'CIMC-SRV' P2: 'APP-SRV'
2016-01-19 11:25:29.0775 2124 PanaServices 12 PMLib-ManageConnection CIMCEventLog: Event queued for logging: ID: 11150004/IDD_APP_ELNK_PM_CONNECT_FAILED  Type: Error  Host: APP-SRV  App: 'Enterprise Link'  Parameters:  P1: 'CIMC-SRV' P2: 'APP-SRV'
2016-01-19 11:26:50.0831 2124 PanaServices 12 PMLib-ManageConnection CIMCEventLog: Event queued for logging: ID: 11150004/IDD_APP_ELNK_PM_CONNECT_FAILED  Type: Error  Host: APP-SRV  App: 'Enterprise Link'  Parameters:  P1: 'CIMC-SRV' P2: 'APP-SRV'
2016-01-19 11:28:11.0988 2124 PanaServices 12 PMLib-ManageConnection CIMCEventLog: Event queued for logging: ID: 11150004/IDD_APP_ELNK_PM_CONNECT_FAILED  Type: Error  Host: APP-SRV  App: 'Enterprise Link'  Parameters:  P1: 'CIMC-SRV' P2: 'APP-SRV'
2016-01-19 11:29:32.0934 2124 PanaServices 12 PMLib-ManageConnection CIMCEventLog: Event queued for logging: ID: 11150004/IDD_APP_ELNK_PM_CONNECT_FAILED  Type: Error  Host: APP-SRV  App: 'Enterprise Link'  Parameters:  P1: 'CIMC-SRV' P2: 'APP-SRV'
2016-01-19 11:30:53.0960 2124 PanaServices 12 PMLib-ManageConnection CIMCEventLog: Event queued for logging: ID: 11150004/IDD_APP_ELNK_PM_CONNECT_FAILED  Type: Error  Host: APP-SRV  App: 'Enterprise Link'  Parameters:  P1: 'CIMC-SRV' P2: 'APP-SRV'
2016-01-20 05:22:02.0310 2124 PanaServices 12 PMLib-ManageConnection CIMCEventLog: Event queued for logging: ID: 11150013/IDD_APP_ELNK_PM_CONNECT_OK  Type: Info  Host: APP-SRV  App: 'Enterprise Link'  Parameters:  P1: 'CIMC-SRV' P2: 'APP-SRV'
2016-01-20 07:02:13.7753 2124 PanaServices 12 PMLib-ManageConnection CIMCEventLog: Event queued for logging: ID: 11150004/IDD_APP_ELNK_PM_CONNECT_FAILED  Type: Error  Host: APP-SRV  App: 'Enterprise Link'  Parameters:  P1: 'CIMC-SRV' P2: 'APP-SRV'
2016-01-20 07:03:13.8867 2124 PanaServices 12 PMLib-ManageConnection CIMCEventLog: Event queued for logging: ID: 11150013/IDD_APP_ELNK_PM_CONNECT_OK  Type: Info  Host: APP-SRV  App: 'Enterprise Link'  Parameters:  P1: 'CIMC-SRV' P2: 'APP-SRV'
2016-01-20 07:08:01.5172 2124 PanaServices 12 PMLib-ManageConnection CIMCEventLog: Event queued for logging: ID: 11150004/IDD_APP_ELNK_PM_CONNECT_FAILED  Type: Error  Host: APP-SRV  App: 'Enterprise Link'  Parameters:  P1: 'CIMC-SRV' P2: 'APP-SRV'
2016-01-20 07:09:01.6416 2124 PanaServices 12 PMLib-ManageConnection CIMCEventLog: Event queued for logging: ID: 11150013/IDD_APP_ELNK_PM_CONNECT_OK  Type: Info  Host: APP-SRV  App: 'Enterprise Link'  Parameters:  P1: 'CIMC-SRV' P2: 'APP-SRV'
2016-01-20 08:41:22.4695 2124 PanaServices 12 PMLib-ManageConnection CIMCEventLog: Event queued for logging: ID: 11150004/IDD_APP_ELNK_PM_CONNECT_FAILED  Type: Error  Host: APP-SRV  App: 'Enterprise Link'  Parameters:  P1: 'CIMC-SRV' P2: 'APP-SRV'
2016-01-20 08:41:22.7785 2124 PanaServices 12 PMLib-ManageConnection CIMCEventLog: Event queued for logging: ID: 11150004/IDD_APP_ELNK_PM_CONNECT_FAILED  Type: Error  Host: APP-SRV  App: 'Enterprise Link'  Parameters:  P1: 'CIMC-SRV' P2: 'APP-SRV'
2016-01-20 08:42:23.2970 2124 PanaServices 12 PMLib-ManageConnection CIMCEventLog: Event queued for logging: ID: 11150013/IDD_APP_ELNK_PM_CONNECT_OK  Type: Info  Host: APP-SRV  App: 'Enterprise Link'  Parameters:  P1: 'CIMC-SRV' P2: 'APP-SRV'
2016-01-25 14:46:49.9051 2124 PanaServices 11 LicensedCIMEquipment - Thread_LoadConfig CIMCEventLog: Event queued for logging: ID: 11150012/IDD_APP_ELNK_NO_LICENSE  Type: Warning  Host: APP-SRV  App: 'Enterprise Link'
2016-01-25 14:55:49.2050 2124 PanaServices 11 LicensedCIMEquipment - Thread_LoadConfig CIMCEventLog: Event queued for logging: ID: 11150012/IDD_APP_ELNK_NO_LICENSE  Type: Warning  Host: APP-SRV  App: 'Enterprise Link'
2016-01-26 09:03:51.1533 2124 PanaServices 12 PMLib-ManageConnection CIMCEventLog: Event queued for logging: ID: 11150004/IDD_APP_ELNK_PM_CONNECT_FAILED  Type: Error  Host: APP-SRV  App: 'Enterprise Link'  Parameters:  P1: 'CIMC-SRV' P2: 'APP-SRV'
2016-01-26 09:04:51.3058 2124 PanaServices 12 PMLib-ManageConnection CIMCEventLog: Event queued for logging: ID: 11150013/IDD_APP_ELNK_PM_CONNECT_OK  Type: Info  Host: APP-SRV  App: 'Enterprise Link'  Parameters:  P1: 'CIMC-SRV' P2: 'APP-SRV'
2016-02-08 09:38:09.2256 2124 PanaServices 12 PMLib-ManageConnection CIMCEventLog: Event queued for logging: ID: 11150013/IDD_APP_ELNK_PM_CONNECT_OK  Type: Info  Host: APP-SRV  App: 'Enterprise Link'  Parameters:  P1: 'CIMC-SRV' P2: 'APP-SRV'
2016-02-08 09:46:31.0223 2124 PanaServices 12 PMLib-ManageConnection PMListener_Config: PostMasterLibrary ConnectionState = Disconnected
2016-02-08 09:46:31.0223 2124 PanaServices 16 PMLib-ManageConnection PMListener_ReelInquiry: PostMasterLibrary.Connection ConnectionState = Disconnected
2016-02-08 09:46:36.3926 2124 PanaServices 12 PMLib-ManageConnection PMListener_Config: PostMasterLibrary ConnectionState = Connecting
2016-02-08 09:46:36.3926 2124 PanaServices 16 PMLib-ManageConnection PMListener_ReelInquiry: PostMasterLibrary.Connection ConnectionState = Connecting
2016-02-08 09:49:52.4343 1804 PanaServices 5  CIMCEventLog: Event queued for logging: ID: 11150012/IDD_APP_ELNK_NO_LICENSE  Type: Warning  Host: APP-SRV  App: 'Enterprise Link'
2016-02-08 09:49:53.5804 1804 PanaServices 13 PMLib-ManageConnection CIMCEventLog: Event queued for logging: ID: 11150013/IDD_APP_ELNK_PM_CONNECT_OK  Type: Info  Host: APP-SRV  App: 'Enterprise Link'  Parameters:  P1: 'CIMC-SRV' P2: 'APP-SRV'
2016-02-08 09:49:56.3995 1804 PanaServices 5  CIMCEventLog: Event queued for logging: ID: 11150001/IDD_APP_ELNK_SRVC_START  Type: Info  Host: APP-SRV  App: 'Enterprise Link'  Parameters:  P1: 'APP-SRV'
2016-02-08 14:26:56.6072 1804 PanaServices 13 PMLib-ManageConnection CIMCEventLog: Event queued for logging: ID: 11150013/IDD_APP_ELNK_PM_CONNECT_OK  Type: Info  Host: APP-SRV  App: 'Enterprise Link'  Parameters:  P1: 'CIMC-SRV' P2: 'APP-SRV'
2016-02-08 14:37:27.7953 1804 PanaServices 13 PMLib-ManageConnection CIMCEventLog: Event queued for logging: ID: 11150004/IDD_APP_ELNK_PM_CONNECT_FAILED  Type: Error  Host: APP-SRV  App: 'Enterprise Link'  Parameters:  P1: 'CIMC-SRV' P2: 'APP-SRV'
2016-02-08 14:37:28.0223 1804 PanaServices 13 PMLib-ManageConnection CIMCEventLog: Event queued for logging: ID: 11150004/IDD_APP_ELNK_PM_CONNECT_FAILED  Type: Error  Host: APP-SRV  App: 'Enterprise Link'  Parameters:  P1: 'CIMC-SRV' P2: 'APP-SRV'
2016-02-08 14:38:27.7207 1804 PanaServices 5  CIMCEventLog: Event queued for logging: ID: 11150002/IDD_APP_ELNK_SRVC_STOP  Type: Warning  Host: APP-SRV  App: 'Enterprise Link'  Parameters:  P1: 'APP-SRV'
2016-02-08 14:58:43.0632 3548 PanaServices 5  CIMCEventLog: Event queued for logging: ID: 11150012/IDD_APP_ELNK_NO_LICENSE  Type: Warning  Host: APP-SRV  App: 'Enterprise Link'
2016-02-08 14:58:47.4915 3548 PanaServices 5  CIMCEventLog: Event queued for logging: ID: 11150001/IDD_APP_ELNK_SRVC_START  Type: Info  Host: APP-SRV  App: 'Enterprise Link'  Parameters:  P1: 'APP-SRV'
2016-02-08 14:58:47.7825 3548 PanaServices 11 PMLib-ManageConnection CIMCEventLog: Event queued for logging: ID: 11150004/IDD_APP_ELNK_PM_CONNECT_FAILED  Type: Error  Host: APP-SRV  App: 'Enterprise Link'  Parameters:  P1: 'CIMC-SRV' P2: 'APP-SRV'
2016-02-08 14:59:48.7880 3548 PanaServices 11 PMLib-ManageConnection CIMCEventLog: Event queued for logging: ID: 11150004/IDD_APP_ELNK_PM_CONNECT_FAILED  Type: Error  Host: APP-SRV  App: 'Enterprise Link'  Parameters:  P1: 'CIMC-SRV' P2: 'APP-SRV'
2016-02-08 15:00:51.5726 3548 PanaServices 11 PMLib-ManageConnection CIMCEventLog: Event queued for logging: ID: 11150004/IDD_APP_ELNK_PM_CONNECT_FAILED  Type: Error  Host: APP-SRV  App: 'Enterprise Link'  Parameters:  P1: 'CIMC-SRV' P2: 'APP-SRV'
2016-02-08 15:01:52.5871 3548 PanaServices 11 PMLib-ManageConnection CIMCEventLog: Event queued for logging: ID: 11150004/IDD_APP_ELNK_PM_CONNECT_FAILED  Type: Error  Host: APP-SRV  App: 'Enterprise Link'  Parameters:  P1: 'CIMC-SRV' P2: 'APP-SRV'
2016-02-08 15:02:53.5886 3548 PanaServices 11 PMLib-ManageConnection CIMCEventLog: Event queued for logging: ID: 11150004/IDD_APP_ELNK_PM_CONNECT_FAILED  Type: Error  Host: APP-SRV  App: 'Enterprise Link'  Parameters:  P1: 'CIMC-SRV' P2: 'APP-SRV'
2016-02-08 15:03:54.5871 3548 PanaServices 11 PMLib-ManageConnection CIMCEventLog: Event queued for logging: ID: 11150004/IDD_APP_ELNK_PM_CONNECT_FAILED  Type: Error  Host: APP-SRV  App: 'Enterprise Link'  Parameters:  P1: 'CIMC-SRV' P2: 'APP-SRV'
2016-02-08 15:04:55.6296 3548 PanaServices 11 PMLib-ManageConnection CIMCEventLog: Event queued for logging: ID: 11150004/IDD_APP_ELNK_PM_CONNECT_FAILED  Type: Error  Host: APP-SRV  App: 'Enterprise Link'  Parameters:  P1: 'CIMC-SRV' P2: 'APP-SRV'
2016-02-08 15:05:56.8541 3548 PanaServices 11 PMLib-ManageConnection CIMCEventLog: Event queued for logging: ID: 11150004/IDD_APP_ELNK_PM_CONNECT_FAILED  Type: Error  Host: APP-SRV  App: 'Enterprise Link'  Parameters:  P1: 'CIMC-SRV' P2: 'APP-SRV'
2016-02-08 15:06:57.9065 3548 PanaServices 11 PMLib-ManageConnection CIMCEventLog: Event queued for logging: ID: 11150004/IDD_APP_ELNK_PM_CONNECT_FAILED  Type: Error  Host: APP-SRV  App: 'Enterprise Link'  Parameters:  P1: 'CIMC-SRV' P2: 'APP-SRV'
2016-02-08 15:07:58.9100 3548 PanaServices 11 PMLib-ManageConnection CIMCEventLog: Event queued for logging: ID: 11150004/IDD_APP_ELNK_PM_CONNECT_FAILED  Type: Error  Host: APP-SRV  App: 'Enterprise Link'  Parameters:  P1: 'CIMC-SRV' P2: 'APP-SRV'
2016-02-08 15:08:59.9175 3548 PanaServices 11 PMLib-ManageConnection CIMCEventLog: Event queued for logging: ID: 11150004/IDD_APP_ELNK_PM_CONNECT_FAILED  Type: Error  Host: APP-SRV  App: 'Enterprise Link'  Parameters:  P1: 'CIMC-SRV' P2: 'APP-SRV'
2016-02-08 15:10:00.9410 3548 PanaServices 11 PMLib-ManageConnection CIMCEventLog: Event queued for logging: ID: 11150004/IDD_APP_ELNK_PM_CONNECT_FAILED  Type: Error  Host: APP-SRV  App: 'Enterprise Link'  Parameters:  P1: 'CIMC-SRV' P2: 'APP-SRV'
2016-02-08 15:11:02.2065 3548 PanaServices 11 PMLib-ManageConnection CIMCEventLog: Event queued for logging: ID: 11150004/IDD_APP_ELNK_PM_CONNECT_FAILED  Type: Error  Host: APP-SRV  App: 'Enterprise Link'  Parameters:  P1: 'CIMC-SRV' P2: 'APP-SRV'
2016-02-08 15:12:03.2050 3548 PanaServices 11 PMLib-ManageConnection CIMCEventLog: Event queued for logging: ID: 11150004/IDD_APP_ELNK_PM_CONNECT_FAILED  Type: Error  Host: APP-SRV  App: 'Enterprise Link'  Parameters:  P1: 'CIMC-SRV' P2: 'APP-SRV'
2016-02-08 15:13:24.2026 3548 PanaServices 11 PMLib-ManageConnection CIMCEventLog: Event queued for logging: ID: 11150004/IDD_APP_ELNK_PM_CONNECT_FAILED  Type: Error  Host: APP-SRV  App: 'Enterprise Link'  Parameters:  P1: 'CIMC-SRV' P2: 'APP-SRV'
2016-02-08 15:14:45.2033 3548 PanaServices 11 PMLib-ManageConnection CIMCEventLog: Event queued for logging: ID: 11150004/IDD_APP_ELNK_PM_CONNECT_FAILED  Type: Error  Host: APP-SRV  App: 'Enterprise Link'  Parameters:  P1: 'CIMC-SRV' P2: 'APP-SRV'
2016-02-08 15:15:45.3427 3548 PanaServices 11 PMLib-ManageConnection CIMCEventLog: Event queued for logging: ID: 11150013/IDD_APP_ELNK_PM_CONNECT_OK  Type: Info  Host: APP-SRV  App: 'Enterprise Link'  Parameters:  P1: 'CIMC-SRV' P2: 'APP-SRV'
2016-02-08 18:23:06.2617 3548 PanaServices 11 PMLib-ManageConnection CIMCEventLog: Event queued for logging: ID: 11150004/IDD_APP_ELNK_PM_CONNECT_FAILED  Type: Error  Host: APP-SRV  App: 'Enterprise Link'  Parameters:  P1: 'CIMC-SRV' P2: 'APP-SRV'
2016-02-08 18:23:06.3367 3548 PanaServices 11 PMLib-ManageConnection CIMCEventLog: Event queued for logging: ID: 11150004/IDD_APP_ELNK_PM_CONNECT_FAILED  Type: Error  Host: APP-SRV  App: 'Enterprise Link'  Parameters:  P1: 'CIMC-SRV' P2: 'APP-SRV'
2016-02-08 18:24:06.4431 3548 PanaServices 11 PMLib-ManageConnection CIMCEventLog: Event queued for logging: ID: 11150013/IDD_APP_ELNK_PM_CONNECT_OK  Type: Info  Host: APP-SRV  App: 'Enterprise Link'  Parameters:  P1: 'CIMC-SRV' P2: 'APP-SRV'
2016-02-09 12:11:57.1354 3548 PanaServices 10 LicensedCIMEquipment - Thread_LoadConfig CIMCEventLog: Event queued for logging: ID: 11150012/IDD_APP_ELNK_NO_LICENSE  Type: Warning  Host: APP-SRV  App: 'Enterprise Link'
2016-02-09 12:13:54.8601 3548 PanaServices 10 LicensedCIMEquipment - Thread_LoadConfig CIMCEventLog: Event queued for logging: ID: 11150012/IDD_APP_ELNK_NO_LICENSE  Type: Warning  Host: APP-SRV  App: 'Enterprise Link'
2016-02-09 13:21:12.4080 3548 PanaServices 11 PMLib-ManageConnection CIMCEventLog: Event queued for logging: ID: 11150004/IDD_APP_ELNK_PM_CONNECT_FAILED  Type: Error  Host: APP-SRV  App: 'Enterprise Link'  Parameters:  P1: 'CIMC-SRV' P2: 'APP-SRV'
2016-02-09 13:21:12.6850 3548 PanaServices 11 PMLib-ManageConnection CIMCEventLog: Event queued for logging: ID: 11150004/IDD_APP_ELNK_PM_CONNECT_FAILED  Type: Error  Host: APP-SRV  App: 'Enterprise Link'  Parameters:  P1: 'CIMC-SRV' P2: 'APP-SRV'
2016-02-09 13:22:13.9996 3548 PanaServices 11 PMLib-ManageConnection CIMCEventLog: Event queued for logging: ID: 11150004/IDD_APP_ELNK_PM_CONNECT_FAILED  Type: Error  Host: APP-SRV  App: 'Enterprise Link'  Parameters:  P1: 'CIMC-SRV' P2: 'APP-SRV'
2016-02-09 13:25:42.6122 2016 PanaServices 5  CIMCEventLog: Event queued for logging: ID: 11150012/IDD_APP_ELNK_NO_LICENSE  Type: Warning  Host: APP-SRV  App: 'Enterprise Link'
2016-02-09 13:25:43.4253 2016 PanaServices 5  CIMCEventLog: Event queued for logging: ID: 11150001/IDD_APP_ELNK_SRVC_START  Type: Info  Host: APP-SRV  App: 'Enterprise Link'  Parameters:  P1: 'APP-SRV'
2016-02-09 13:25:43.8753 2016 PanaServices 13 PMLib-ManageConnection CIMCEventLog: Event queued for logging: ID: 11150004/IDD_APP_ELNK_PM_CONNECT_FAILED  Type: Error  Host: APP-SRV  App: 'Enterprise Link'  Parameters:  P1: 'CIMC-SRV' P2: 'APP-SRV'
2016-02-09 13:26:44.8748 2016 PanaServices 13 PMLib-ManageConnection CIMCEventLog: Event queued for logging: ID: 11150004/IDD_APP_ELNK_PM_CONNECT_FAILED  Type: Error  Host: APP-SRV  App: 'Enterprise Link'  Parameters:  P1: 'CIMC-SRV' P2: 'APP-SRV'
2016-02-09 13:27:44.9152 2016 PanaServices 13 PMLib-ManageConnection CIMCEventLog: Event queued for logging: ID: 11150013/IDD_APP_ELNK_PM_CONNECT_OK  Type: Info  Host: APP-SRV  App: 'Enterprise Link'  Parameters:  P1: 'CIMC-SRV' P2: 'APP-SRV'
2016-02-09 16:13:31.7771 2016 PanaServices 13 PMLib-ManageConnection CIMCEventLog: Event queued for logging: ID: 11150004/IDD_APP_ELNK_PM_CONNECT_FAILED  Type: Error  Host: APP-SRV  App: 'Enterprise Link'  Parameters:  P1: 'CIMC-SRV' P2: 'APP-SRV'
2016-02-09 16:17:13.7929 2028 PanaServices 5  CIMCEventLog: Event queued for logging: ID: 11150012/IDD_APP_ELNK_NO_LICENSE  Type: Warning  Host: APP-SRV  App: 'Enterprise Link'
2016-02-09 16:17:15.0130 2028 PanaServices 14 PMLib-ManageConnection CIMCEventLog: Event queued for logging: ID: 11150004/IDD_APP_ELNK_PM_CONNECT_FAILED  Type: Error  Host: APP-SRV  App: 'Enterprise Link'  Parameters:  P1: 'CIMC-SRV' P2: 'APP-SRV'
2016-02-09 16:17:15.8790 2028 PanaServices 5  CIMCEventLog: Event queued for logging: ID: 11150001/IDD_APP_ELNK_SRVC_START  Type: Info  Host: APP-SRV  App: 'Enterprise Link'  Parameters:  P1: 'APP-SRV'
2016-02-09 16:18:14.8458 2028 PanaServices 14 PMLib-ManageConnection CIMCEventLog: Event queued for logging: ID: 11150013/IDD_APP_ELNK_PM_CONNECT_OK  Type: Info  Host: APP-SRV  App: 'Enterprise Link'  Parameters:  P1: 'CIMC-SRV' P2: 'APP-SRV'
