2014-04-10 12:40:27.4702 996 PanaServices 5  Entered ElinkConfiguration.LoadConfiguration()
2014-04-10 12:40:32.5355 996 PanaServices 5  Exited ElinkConfiguration.LoadConfiguration()
2014-04-10 12:44:29.0541 2620 PanaServices 5  Entered ElinkConfiguration.LoadConfiguration()
2014-04-10 12:44:39.0786 2620 PanaServices 5  Exited ElinkConfiguration.LoadConfiguration()
2014-04-10 21:14:49.0113 796 PanaServices 5  Entered ElinkConfiguration.LoadConfiguration()
2014-04-10 21:14:53.7686 796 PanaServices 5  Exited ElinkConfiguration.LoadConfiguration()
2014-04-12 14:50:15.3267 2540 PanaServices 5  Entered ElinkConfiguration.LoadConfiguration()
2014-04-12 14:50:18.6812 2540 PanaServices 5  Exited ElinkConfiguration.LoadConfiguration()
2014-04-12 15:11:34.7422 2468 PanaServices 5  Entered ElinkConfiguration.LoadConfiguration()
2014-04-12 15:11:37.8533 2468 PanaServices 5  Exited ElinkConfiguration.LoadConfiguration()
2014-04-12 15:13:22.1103 3468 PanaServices 5  Entered ElinkConfiguration.LoadConfiguration()
2014-04-12 15:13:22.6453 3468 PanaServices 5  Exited ElinkConfiguration.LoadConfiguration()
2014-04-12 15:21:18.6506 124 PanaServices 5  Entered ElinkConfiguration.LoadConfiguration()
2014-04-12 15:21:21.5357 124 PanaServices 5  Exited ElinkConfiguration.LoadConfiguration()
2014-04-12 15:22:32.8128 3812 PanaServices 5  Entered ElinkConfiguration.LoadConfiguration()
2014-04-12 15:22:33.1328 3812 PanaServices 5  Exited ElinkConfiguration.LoadConfiguration()
2014-04-16 14:45:23.5611 2028 PanaServices 5  Entered ElinkConfiguration.LoadConfiguration()
2014-04-16 14:45:23.9051 2028 PanaServices 5  Exited ElinkConfiguration.LoadConfiguration()
2014-04-16 15:24:34.2163 2572 PanaServices 5  Entered ElinkConfiguration.LoadConfiguration()
2014-04-16 15:24:39.8686 2572 PanaServices 5  Exited ElinkConfiguration.LoadConfiguration()
2014-04-16 15:31:07.8128 4364 PanaServices 5  Entered ElinkConfiguration.LoadConfiguration()
2014-04-16 15:31:08.0238 4364 PanaServices 5  Exited ElinkConfiguration.LoadConfiguration()
2014-04-16 16:02:33.4656 3524 PanaServices 5  Entered ElinkConfiguration.LoadConfiguration()
2014-04-16 16:02:37.1628 3524 PanaServices 5  Exited ElinkConfiguration.LoadConfiguration()
2014-04-16 16:04:35.9116 3092 PanaServices 5  Entered ElinkConfiguration.LoadConfiguration()
2014-04-16 16:04:51.5675 3092 PanaServices 5  Exited ElinkConfiguration.LoadConfiguration()
2014-04-16 16:25:08.2667 2584 PanaServices 5  Entered ElinkConfiguration.LoadConfiguration()
2014-04-16 16:25:10.8168 2584 PanaServices 5  Exited ElinkConfiguration.LoadConfiguration()
2014-04-17 10:04:35.4941 2588 PanaServices 5  Entered ElinkConfiguration.LoadConfiguration()
2014-04-17 10:04:41.3211 2588 PanaServices 5  Exited ElinkConfiguration.LoadConfiguration()
2014-04-17 12:57:07.7966 2444 PanaServices 5  Entered ElinkConfiguration.LoadConfiguration()
2014-04-17 12:57:20.3274 2444 PanaServices 5  Exited ElinkConfiguration.LoadConfiguration()
2014-04-17 17:51:21.2264 4440 PanaServices 5  Entered ElinkConfiguration.LoadConfiguration()
2014-04-17 17:51:21.6484 4440 PanaServices 5  Exited ElinkConfiguration.LoadConfiguration()
2014-04-18 09:24:49.3316 2544 PanaServices 5  Entered ElinkConfiguration.LoadConfiguration()
2014-04-18 09:24:57.8501 2544 PanaServices 5  Exited ElinkConfiguration.LoadConfiguration()
2014-04-18 14:23:30.3486 2324 PanaServices 5  Entered ElinkConfiguration.LoadConfiguration()
2014-04-18 14:23:31.7967 2324 PanaServices 5  Exited ElinkConfiguration.LoadConfiguration()
2014-04-22 09:05:47.5185 2660 PanaServices 5  Entered ElinkConfiguration.LoadConfiguration()
2014-04-22 09:05:56.6120 2660 PanaServices 5  Exited ElinkConfiguration.LoadConfiguration()
2014-04-22 15:31:41.7872 2580 PanaServices 5  Entered ElinkConfiguration.LoadConfiguration()
2014-04-22 15:31:48.8660 2580 PanaServices 5  Exited ElinkConfiguration.LoadConfiguration()
2014-04-22 16:12:30.3336 2896 PanaServices 5  Entered ElinkConfiguration.LoadConfiguration()
2014-04-22 16:12:30.5497 2896 PanaServices 5  Exited ElinkConfiguration.LoadConfiguration()
2014-04-22 16:59:45.9608 3724 PanaServices 5  Entered ElinkConfiguration.LoadConfiguration()
2014-04-22 16:59:46.1818 3724 PanaServices 5  Exited ElinkConfiguration.LoadConfiguration()
2014-04-23 09:29:40.1052 2588 PanaServices 5  Entered ElinkConfiguration.LoadConfiguration()
2014-04-23 09:29:48.8437 2588 PanaServices 5  Exited ElinkConfiguration.LoadConfiguration()
2014-04-24 09:31:34.5930 2540 PanaServices 5  Entered ElinkConfiguration.LoadConfiguration()
2014-04-24 09:31:49.6888 2540 PanaServices 5  Exited ElinkConfiguration.LoadConfiguration()
2014-04-28 10:51:12.8057 2620 PanaServices 5  Entered ElinkConfiguration.LoadConfiguration()
2014-04-28 10:51:19.0241 2620 PanaServices 5  Exited ElinkConfiguration.LoadConfiguration()
2014-05-13 12:11:34.4881 2548 PanaServices 5  Entered ElinkConfiguration.LoadConfiguration()
2014-05-13 12:11:40.3924 2548 PanaServices 5  Exited ElinkConfiguration.LoadConfiguration()
2014-07-07 11:17:28.4230 2604 PanaServices 5  Entered ElinkConfiguration.LoadConfiguration()
2014-07-07 11:17:34.0443 2604 PanaServices 5  Exited ElinkConfiguration.LoadConfiguration()
2014-07-07 11:39:13.7412 4996 PanaServices 5  Entered ElinkConfiguration.LoadConfiguration()
2014-07-07 11:39:20.3796 4996 PanaServices 5  Exited ElinkConfiguration.LoadConfiguration()
2014-07-07 13:52:04.5567 1848 PanaServices 5  Entered ElinkConfiguration.LoadConfiguration()
2014-07-07 13:52:20.2456 1848 PanaServices 5  Exited ElinkConfiguration.LoadConfiguration()
2014-07-07 14:14:47.4613 2736 PanaServices 5  Entered ElinkConfiguration.LoadConfiguration()
2014-07-07 14:14:54.9387 2736 PanaServices 5  Exited ElinkConfiguration.LoadConfiguration()
2014-07-07 15:20:48.0178 3852 PanaServices 5  Entered ElinkConfiguration.LoadConfiguration()
2014-07-07 15:20:48.4879 3852 PanaServices 5  Exited ElinkConfiguration.LoadConfiguration()
2014-07-07 15:51:25.3540 2680 PanaServices 5  Entered ElinkConfiguration.LoadConfiguration()
2014-07-07 15:51:28.2122 2680 PanaServices 5  Exited ElinkConfiguration.LoadConfiguration()
2014-07-08 15:23:14.4347 2664 PanaServices 5  Entered ElinkConfiguration.LoadConfiguration()
2014-07-08 15:23:32.4227 2664 PanaServices 5  Exited ElinkConfiguration.LoadConfiguration()
2014-07-08 17:49:59.6193 1060 PanaServices 5  Entered ElinkConfiguration.LoadConfiguration()
2014-07-08 17:50:05.6887 1060 PanaServices 5  Exited ElinkConfiguration.LoadConfiguration()
2014-07-09 14:54:48.6778 4776 PanaServices 5  Entered ElinkConfiguration.LoadConfiguration()
2014-07-09 14:54:50.3989 4776 PanaServices 5  Exited ElinkConfiguration.LoadConfiguration()
2014-07-09 15:00:39.0333 2484 PanaServices 5  Entered ElinkConfiguration.LoadConfiguration()
2014-07-09 15:00:49.2679 2484 PanaServices 5  Exited ElinkConfiguration.LoadConfiguration()
2014-07-14 10:03:16.6335 2484 PanaServices 7  Entered ElinkConfiguration.LoadConfiguration()
2014-07-14 10:03:17.1245 2484 PanaServices 7  Exited ElinkConfiguration.LoadConfiguration()
2014-07-14 10:03:17.9156 2484 PanaServices 7  Entered ElinkExportConfig.LoadConfiguration()
2014-07-14 10:03:18.2586 2484 PanaServices 7  Exited ElinkExportConfig.LoadConfiguration()
2014-07-14 10:20:44.0084 2484 PanaServices 7  Entered ElinkExportConfig.SaveConfiguration()
2014-07-14 10:20:44.4774 2484 PanaServices 7  Exited ElinkExportConfig.SaveConfiguration()
2014-07-14 10:20:49.7537 2484 PanaServices 12  Entered ElinkConfiguration.LoadConfiguration()
2014-07-14 10:20:49.8177 2484 PanaServices 12  Exited ElinkConfiguration.LoadConfiguration()
2014-07-14 10:21:42.3037 2484 PanaServices 7  Entered ElinkExportConfig.SaveConfiguration()
2014-07-14 10:21:42.3197 2484 PanaServices 7  Exited ElinkExportConfig.SaveConfiguration()
2014-07-14 10:21:48.8241 2484 PanaServices 17  Entered ElinkConfiguration.LoadConfiguration()
2014-07-14 10:21:48.8431 2484 PanaServices 17  Exited ElinkConfiguration.LoadConfiguration()
2014-07-14 10:22:00.6038 2484 PanaServices 7  Entered ElinkInquiryServiceConfig.LoadConfiguration()
2014-07-14 10:22:00.6118 2484 PanaServices 7  Exited ElinkInquiryServiceConfig.LoadConfiguration()
2014-07-14 10:57:59.8673 2484 PanaServices 7  Entered ElinkMESServiceConfig.LoadConfiguration()
2014-07-14 10:57:59.9763 2484 PanaServices 7  Exited ElinkMESServiceConfig.LoadConfiguration()
2014-07-14 11:04:36.5560 2484 PanaServices 28  Entered ElinkConfiguration.LoadConfiguration()
2014-07-14 11:04:36.6320 2484 PanaServices 28  Exited ElinkConfiguration.LoadConfiguration()
2014-07-15 12:26:18.0040 2584 PanaServices 5  Entered ElinkConfiguration.LoadConfiguration()
2014-07-15 12:26:25.8325 2584 PanaServices 5  Exited ElinkConfiguration.LoadConfiguration()
2014-07-23 11:55:01.0279 4892 PanaServices 5  Entered ElinkConfiguration.LoadConfiguration()
2014-07-23 11:55:05.5681 4892 PanaServices 5  Exited ElinkConfiguration.LoadConfiguration()
2014-07-23 12:02:08.0763 3940 PanaServices 5  Entered ElinkConfiguration.LoadConfiguration()
2014-07-23 12:02:23.0892 3940 PanaServices 5  Exited ElinkConfiguration.LoadConfiguration()
2014-08-06 10:19:16.0262 2548 PanaServices 5  Entered ElinkConfiguration.LoadConfiguration()
2014-08-06 10:19:19.6954 2548 PanaServices 5  Exited ElinkConfiguration.LoadConfiguration()
2014-08-06 10:45:03.2473 2512 PanaServices 5  Entered ElinkConfiguration.LoadConfiguration()
2014-08-06 10:45:08.6436 2512 PanaServices 5  Exited ElinkConfiguration.LoadConfiguration()
2014-08-07 15:12:49.4452 2472 PanaServices 5  Entered ElinkConfiguration.LoadConfiguration()
2014-08-07 15:12:55.5045 2472 PanaServices 5  Exited ElinkConfiguration.LoadConfiguration()
2014-08-07 15:37:47.1668 4604 PanaServices 5  Entered ElinkConfiguration.LoadConfiguration()
2014-08-07 15:37:48.2239 4604 PanaServices 5  Exited ElinkConfiguration.LoadConfiguration()
2014-08-07 15:39:57.1093 4708 PanaServices 5  Entered ElinkConfiguration.LoadConfiguration()
2014-08-07 15:39:57.2493 4708 PanaServices 5  Exited ElinkConfiguration.LoadConfiguration()
2014-08-07 15:43:58.3541 1352 PanaServices 5  Entered ElinkConfiguration.LoadConfiguration()
2014-08-07 15:43:59.2831 1352 PanaServices 5  Exited ElinkConfiguration.LoadConfiguration()
2014-08-19 17:47:49.0030 1352 PanaServices 8  Entered ElinkConfiguration.LoadConfiguration()
2014-08-19 17:47:52.7202 1352 PanaServices 8  Exited ElinkConfiguration.LoadConfiguration()
2014-08-19 17:47:53.6933 1352 PanaServices 8  Entered ElinkExportConfig.LoadConfiguration()
2014-08-19 17:47:54.1513 1352 PanaServices 8  Exited ElinkExportConfig.LoadConfiguration()
2014-08-19 18:02:13.2154 1352 PanaServices 8  Entered ElinkExportConfig.SaveConfiguration()
2014-08-19 18:02:15.6966 1352 PanaServices 8  Exited ElinkExportConfig.SaveConfiguration()
2014-08-19 18:02:29.7164 1352 PanaServices 4  Entered ElinkConfiguration.LoadConfiguration()
2014-08-19 18:02:31.5795 1352 PanaServices 4  Exited ElinkConfiguration.LoadConfiguration()
2014-08-19 18:03:57.3164 1352 PanaServices 8  Entered ElinkExportConfig.SaveConfiguration()
2014-08-19 18:03:57.8174 1352 PanaServices 8  Exited ElinkExportConfig.SaveConfiguration()
2014-08-19 18:04:03.4327 1352 PanaServices 30  Entered ElinkConfiguration.LoadConfiguration()
2014-08-19 18:04:03.5257 1352 PanaServices 30  Exited ElinkConfiguration.LoadConfiguration()
2014-08-20 11:24:15.6819 1352 PanaServices 8  Entered ElinkExportConfig.SaveConfiguration()
2014-08-20 11:25:12.8542 1352 PanaServices 8  Exited ElinkExportConfig.SaveConfiguration()
2014-08-20 11:25:37.4906 1352 PanaServices 8  Entered ElinkExportConfig.LoadConfiguration()
2014-08-20 11:25:39.9277 1352 PanaServices 8  Exited ElinkExportConfig.LoadConfiguration()
2014-08-20 11:36:49.9071 1952 PanaServices 5  Entered ElinkConfiguration.LoadConfiguration()
2014-08-20 11:36:56.4904 1952 PanaServices 5  Exited ElinkConfiguration.LoadConfiguration()
2014-08-20 11:43:55.9976 2824 PanaServices 5  Entered ElinkConfiguration.LoadConfiguration()
2014-08-20 11:43:59.5888 2824 PanaServices 5  Exited ElinkConfiguration.LoadConfiguration()
2014-08-20 17:27:19.3340 2824 PanaServices 4  Entered ElinkConfiguration.LoadConfiguration()
2014-08-20 17:27:20.1201 2824 PanaServices 4  Exited ElinkConfiguration.LoadConfiguration()
2014-08-20 17:27:20.9721 2824 PanaServices 4  Entered ElinkExportConfig.LoadConfiguration()
2014-08-20 17:27:21.2842 2824 PanaServices 4  Exited ElinkExportConfig.LoadConfiguration()
2014-08-20 17:27:38.2391 2824 PanaServices 4  Entered ElinkExportConfig.SaveConfiguration()
2014-08-20 17:27:39.1102 2824 PanaServices 4  Exited ElinkExportConfig.SaveConfiguration()
2014-08-20 17:27:44.6465 2824 PanaServices 4  Entered ElinkExportConfig.LoadConfiguration()
2014-08-20 17:27:44.7495 2824 PanaServices 4  Exited ElinkExportConfig.LoadConfiguration()
2014-08-20 17:27:49.8278 2824 PanaServices 12  Entered ElinkConfiguration.LoadConfiguration()
2014-08-20 17:27:49.8278 2824 PanaServices 12  Exited ElinkConfiguration.LoadConfiguration()
2014-08-20 17:29:09.4573 2196 PanaServices 5  Entered ElinkConfiguration.LoadConfiguration()
2014-08-20 17:29:11.2334 2196 PanaServices 5  Exited ElinkConfiguration.LoadConfiguration()
2014-08-20 17:40:20.9848 2196 PanaServices 7  Entered ElinkExportConfig.LoadConfiguration()
2014-08-26 17:32:56.5386 2196 PanaServices 7  Entered ElinkConfiguration.LoadConfiguration()
2014-08-26 17:32:57.9537 2196 PanaServices 7  Exited ElinkConfiguration.LoadConfiguration()
2014-08-26 17:33:13.7326 2196 PanaServices 7  Entered ElinkExportConfig.LoadConfiguration()
2014-08-26 17:33:14.1377 2196 PanaServices 7  Exited ElinkExportConfig.LoadConfiguration()
2014-08-27 10:55:18.1755 2196 PanaServices 7  Entered ElinkExportConfig.SaveConfiguration()
2014-08-27 10:55:19.7886 2196 PanaServices 7  Exited ElinkExportConfig.SaveConfiguration()
2014-08-27 10:55:28.7391 2196 PanaServices 12  Entered ElinkConfiguration.LoadConfiguration()
2014-08-27 10:55:31.0372 2196 PanaServices 12  Exited ElinkConfiguration.LoadConfiguration()
2014-08-27 10:56:22.6742 2196 PanaServices 7  Entered ElinkExportConfig.SaveConfiguration()
2014-08-27 10:56:22.7202 2196 PanaServices 7  Exited ElinkExportConfig.SaveConfiguration()
2014-08-27 10:56:28.7335 2196 PanaServices 48  Entered ElinkConfiguration.LoadConfiguration()
2014-08-27 10:56:28.7335 2196 PanaServices 48  Exited ElinkConfiguration.LoadConfiguration()
2014-08-27 10:57:31.2931 2196 PanaServices 7  Entered ElinkExportConfig.SaveConfiguration()
2014-08-27 10:57:31.3471 2196 PanaServices 7  Exited ElinkExportConfig.SaveConfiguration()
2014-08-27 10:57:38.1575 2196 PanaServices 16  Entered ElinkConfiguration.LoadConfiguration()
2014-08-27 10:57:38.1625 2196 PanaServices 16  Exited ElinkConfiguration.LoadConfiguration()
2014-08-28 12:33:26.3621 2196 PanaServices 7  Entered ElinkExportConfig.SaveConfiguration()
2014-08-28 12:33:26.6341 2196 PanaServices 7  Exited ElinkExportConfig.SaveConfiguration()
2014-08-28 12:33:38.6118 2196 PanaServices 30  Entered ElinkConfiguration.LoadConfiguration()
2014-08-28 12:33:38.9278 2196 PanaServices 30  Exited ElinkConfiguration.LoadConfiguration()
2014-08-28 13:16:03.0083 2196 PanaServices 7  Entered ElinkExportConfig.LoadConfiguration()
2014-08-28 13:16:03.2194 2196 PanaServices 7  Exited ElinkExportConfig.LoadConfiguration()
2014-08-28 13:35:53.8473 2532 PanaServices 5  Entered ElinkConfiguration.LoadConfiguration()
2014-08-28 13:35:57.8885 2532 PanaServices 5  Exited ElinkConfiguration.LoadConfiguration()
2014-08-28 14:19:04.1495 2532 PanaServices 9  Entered ElinkConfiguration.LoadConfiguration()
2014-08-28 14:19:05.2735 2532 PanaServices 9  Exited ElinkConfiguration.LoadConfiguration()
2014-08-28 14:19:06.1926 2532 PanaServices 9  Entered ElinkExportConfig.LoadConfiguration()
2014-08-28 14:19:07.4587 2532 PanaServices 9  Exited ElinkExportConfig.LoadConfiguration()
2014-08-28 14:19:39.9115 2532 PanaServices 9  Entered ElinkExportConfig.SaveConfiguration()
2014-08-28 14:19:40.8456 2532 PanaServices 9  Exited ElinkExportConfig.SaveConfiguration()
2014-08-28 14:19:53.4323 2532 PanaServices 9  Entered ElinkExportConfig.LoadConfiguration()
2014-08-28 14:19:55.7714 2532 PanaServices 9  Exited ElinkExportConfig.LoadConfiguration()
2014-08-28 14:19:57.0065 2532 PanaServices 37  Entered ElinkConfiguration.LoadConfiguration()
2014-08-28 14:20:00.0827 2532 PanaServices 37  Exited ElinkConfiguration.LoadConfiguration()
2014-08-28 14:20:37.9728 2532 PanaServices 9  Entered ElinkExportConfig.LoadConfiguration()
2014-08-28 14:20:39.7109 2532 PanaServices 9  Exited ElinkExportConfig.LoadConfiguration()
2014-08-28 14:20:42.1171 2532 PanaServices 9  Entered ElinkExportConfig.LoadConfiguration()
2014-08-28 14:20:42.4921 2532 PanaServices 9  Exited ElinkExportConfig.LoadConfiguration()
2014-08-28 14:39:39.7511 3208 PanaServices 5  Entered ElinkConfiguration.LoadConfiguration()
2014-08-28 14:39:40.8812 3208 PanaServices 5  Exited ElinkConfiguration.LoadConfiguration()
2014-08-28 16:12:01.6221 4376 PanaServices 5  Entered ElinkConfiguration.LoadConfiguration()
2014-08-28 16:12:02.5792 4376 PanaServices 5  Exited ElinkConfiguration.LoadConfiguration()
2014-08-28 16:14:23.2192 728 PanaServices 5  Entered ElinkConfiguration.LoadConfiguration()
2014-08-28 16:14:24.3263 728 PanaServices 5  Exited ElinkConfiguration.LoadConfiguration()
2014-08-28 16:25:34.4004 2632 PanaServices 5  Entered ElinkConfiguration.LoadConfiguration()
2014-08-28 16:25:36.9856 2632 PanaServices 5  Exited ElinkConfiguration.LoadConfiguration()
2014-09-03 09:14:33.1820 2620 PanaServices 5  Entered ElinkConfiguration.LoadConfiguration()
2014-09-03 09:14:37.2572 2620 PanaServices 5  Exited ElinkConfiguration.LoadConfiguration()
2014-09-04 11:27:38.1342 2652 PanaServices 5  Entered ElinkConfiguration.LoadConfiguration()
2014-09-04 11:27:43.4235 2652 PanaServices 5  Exited ElinkConfiguration.LoadConfiguration()
2014-11-06 10:18:55.1161 2640 PanaServices 5  Entered ElinkConfiguration.LoadConfiguration()
2014-11-06 10:18:58.1073 2640 PanaServices 5  Exited ElinkConfiguration.LoadConfiguration()
2014-11-06 10:25:26.5529 2420 PanaServices 5  Entered ElinkConfiguration.LoadConfiguration()
2014-11-06 10:25:29.7861 2420 PanaServices 5  Exited ElinkConfiguration.LoadConfiguration()
2014-11-06 10:29:57.7188 2784 PanaServices 5  Entered ElinkConfiguration.LoadConfiguration()
2014-11-06 10:30:00.6669 2784 PanaServices 5  Exited ElinkConfiguration.LoadConfiguration()
2015-12-10 10:37:27.3979 2764 PanaServices 5  Entered ElinkConfiguration.LoadConfiguration()
2015-12-10 10:37:30.3381 2764 PanaServices 5  Exited ElinkConfiguration.LoadConfiguration()
2015-12-10 10:43:33.1367 2796 PanaServices 5  Entered ElinkConfiguration.LoadConfiguration()
2015-12-10 10:43:35.7008 2796 PanaServices 5  Exited ElinkConfiguration.LoadConfiguration()
2015-12-16 15:51:31.8264 4200 PanaServices 5  Entered ElinkConfiguration.LoadConfiguration()
2015-12-16 15:51:35.2476 4200 PanaServices 5  Exited ElinkConfiguration.LoadConfiguration()
2015-12-16 15:53:18.6245 1164 PanaServices 5  Entered ElinkConfiguration.LoadConfiguration()
2015-12-16 15:53:28.0790 1164 PanaServices 5  Exited ElinkConfiguration.LoadConfiguration()
2015-12-16 16:34:23.4399 2484 PanaServices 5  Entered ElinkConfiguration.LoadConfiguration()
2015-12-16 16:34:25.8160 2484 PanaServices 5  Exited ElinkConfiguration.LoadConfiguration()
2015-12-16 16:54:12.5269 2700 PanaServices 5  Entered ElinkConfiguration.LoadConfiguration()
2015-12-16 16:54:12.7929 2700 PanaServices 5  Exited ElinkConfiguration.LoadConfiguration()
2015-12-18 14:34:22.1254 2744 PanaServices 5  Entered ElinkConfiguration.LoadConfiguration()
2015-12-18 14:34:25.8216 2744 PanaServices 5  Exited ElinkConfiguration.LoadConfiguration()
2015-12-22 15:29:51.6153 2628 PanaServices 5  Entered ElinkConfiguration.LoadConfiguration()
2015-12-22 15:29:54.2765 2628 PanaServices 5  Exited ElinkConfiguration.LoadConfiguration()
2015-12-22 16:13:22.9897 2756 PanaServices 5  Entered ElinkConfiguration.LoadConfiguration()
2015-12-22 16:13:25.5308 2756 PanaServices 5  Exited ElinkConfiguration.LoadConfiguration()
2015-12-22 19:07:34.1407 2876 PanaServices 5  Entered ElinkConfiguration.LoadConfiguration()
2015-12-22 19:07:36.8418 2876 PanaServices 5  Exited ElinkConfiguration.LoadConfiguration()
2015-12-22 20:40:58.4718 3248 PanaServices 5  Entered ElinkConfiguration.LoadConfiguration()
2015-12-22 20:41:01.3149 3248 PanaServices 5  Exited ElinkConfiguration.LoadConfiguration()
2015-12-22 20:44:20.5423 3564 PanaServices 5  Entered ElinkConfiguration.LoadConfiguration()
2015-12-22 20:44:26.0957 3564 PanaServices 5  Exited ElinkConfiguration.LoadConfiguration()
2016-01-08 13:25:09.7026 1980 PanaServices 5  Entered ElinkConfiguration.LoadConfiguration()
2016-01-08 13:25:21.4823 1980 PanaServices 5  Exited ElinkConfiguration.LoadConfiguration()
2016-01-08 13:56:20.0626 1220 PanaServices 5  Entered ElinkConfiguration.LoadConfiguration()
2016-01-08 13:56:21.4767 1220 PanaServices 5  Exited ElinkConfiguration.LoadConfiguration()
2016-01-08 14:03:40.0404 1592 PanaServices 5  Entered ElinkConfiguration.LoadConfiguration()
2016-01-08 14:03:49.2809 1592 PanaServices 5  Exited ElinkConfiguration.LoadConfiguration()
2016-01-14 17:08:32.2650 3620 PanaServices 5  Entered ElinkConfiguration.LoadConfiguration()
2016-01-14 17:08:35.8612 3620 PanaServices 5  Exited ElinkConfiguration.LoadConfiguration()
2016-01-14 17:17:05.0783 2124 PanaServices 5  Entered ElinkConfiguration.LoadConfiguration()
2016-01-14 17:17:29.0617 2124 PanaServices 5  Exited ElinkConfiguration.LoadConfiguration()
2016-02-08 09:49:08.2888 1804 PanaServices 5  Entered ElinkConfiguration.LoadConfiguration()
2016-02-08 09:49:18.0993 1804 PanaServices 5  Exited ElinkConfiguration.LoadConfiguration()
2016-02-08 14:58:08.5293 3548 PanaServices 5  Entered ElinkConfiguration.LoadConfiguration()
2016-02-08 14:58:16.3277 3548 PanaServices 5  Exited ElinkConfiguration.LoadConfiguration()
2016-02-09 13:24:55.0989 2016 PanaServices 5  Entered ElinkConfiguration.LoadConfiguration()
2016-02-09 13:25:07.4156 2016 PanaServices 5  Exited ElinkConfiguration.LoadConfiguration()
2016-02-09 16:16:33.9446 2028 PanaServices 5  Entered ElinkConfiguration.LoadConfiguration()
2016-02-09 16:16:44.2752 2028 PanaServices 5  Exited ElinkConfiguration.LoadConfiguration()
