2014-04-11 09:30:04.8602 3700 Panasonic.ExcelOutput.ExportToExcel 1  Index (zero based) must be greater than or equal to zero and less than the size of the argument list.
2014-04-11 09:30:04.8642 3700 Panasonic.ExcelOutput.ExportToExcel 1  Index (zero based) must be greater than or equal to zero and less than the size of the argument list.
2014-04-12 10:52:24.6721 2716 Panasonic.ExcelOutput.ExportToExcel 1  Index (zero based) must be greater than or equal to zero and less than the size of the argument list.
2014-04-12 10:52:24.6991 2716 Panasonic.ExcelOutput.ExportToExcel 1  Index (zero based) must be greater than or equal to zero and less than the size of the argument list.
2014-04-16 14:52:23.2131 3804 Panasonic.ExcelOutput.ExportToExcel 1  Index (zero based) must be greater than or equal to zero and less than the size of the argument list.
2014-04-16 14:52:23.3091 3804 Panasonic.ExcelOutput.ExportToExcel 1  Index (zero based) must be greater than or equal to zero and less than the size of the argument list.
2014-04-16 14:52:31.9176 4348 Panasonic.ExcelOutput.ExportToExcel 1  Index (zero based) must be greater than or equal to zero and less than the size of the argument list.
2014-04-16 14:52:31.9176 4348 Panasonic.ExcelOutput.ExportToExcel 1  Index (zero based) must be greater than or equal to zero and less than the size of the argument list.
2014-04-17 10:12:13.0460 2468 Panasonic.ExcelOutput.ExportToExcel 1  Index (zero based) must be greater than or equal to zero and less than the size of the argument list.
2014-04-17 10:12:13.1080 2468 Panasonic.ExcelOutput.ExportToExcel 1  Index (zero based) must be greater than or equal to zero and less than the size of the argument list.
2014-04-18 09:32:18.6983 3652 Panasonic.ExcelOutput.ExportToExcel 1  Index (zero based) must be greater than or equal to zero and less than the size of the argument list.
2014-04-18 09:32:18.7703 3652 Panasonic.ExcelOutput.ExportToExcel 1  Index (zero based) must be greater than or equal to zero and less than the size of the argument list.
2014-04-22 09:13:30.5060 1976 Panasonic.ExcelOutput.ExportToExcel 1  Index (zero based) must be greater than or equal to zero and less than the size of the argument list.
2014-04-22 09:13:30.6290 1976 Panasonic.ExcelOutput.ExportToExcel 1  Index (zero based) must be greater than or equal to zero and less than the size of the argument list.
2014-04-22 09:13:37.1664 2368 Panasonic.ExcelOutput.ExportToExcel 1  Index (zero based) must be greater than or equal to zero and less than the size of the argument list.
2014-04-22 09:13:37.1664 2368 Panasonic.ExcelOutput.ExportToExcel 1  Index (zero based) must be greater than or equal to zero and less than the size of the argument list.
2014-04-23 09:37:57.0446 4476 Panasonic.ExcelOutput.ExportToExcel 1  Index (zero based) must be greater than or equal to zero and less than the size of the argument list.
2014-04-23 09:37:57.1476 4476 Panasonic.ExcelOutput.ExportToExcel 1  Index (zero based) must be greater than or equal to zero and less than the size of the argument list.
2014-04-24 09:39:26.7520 1728 Panasonic.ExcelOutput.ExportToExcel 1  Index (zero based) must be greater than or equal to zero and less than the size of the argument list.
2014-04-24 09:39:26.7950 1728 Panasonic.ExcelOutput.ExportToExcel 1  Index (zero based) must be greater than or equal to zero and less than the size of the argument list.
2014-04-28 10:58:45.0146 4112 Panasonic.ExcelOutput.ExportToExcel 1  Index (zero based) must be greater than or equal to zero and less than the size of the argument list.
2014-04-28 10:58:45.0616 4112 Panasonic.ExcelOutput.ExportToExcel 1  Index (zero based) must be greater than or equal to zero and less than the size of the argument list.
2014-04-28 10:58:51.9260 4748 Panasonic.ExcelOutput.ExportToExcel 1  Index (zero based) must be greater than or equal to zero and less than the size of the argument list.
2014-04-28 10:58:51.9460 4748 Panasonic.ExcelOutput.ExportToExcel 1  Index (zero based) must be greater than or equal to zero and less than the size of the argument list.
2014-05-13 12:18:55.1663 2240 Panasonic.ExcelOutput.ExportToExcel 1  Index (zero based) must be greater than or equal to zero and less than the size of the argument list.
2014-05-13 12:18:55.3003 2240 Panasonic.ExcelOutput.ExportToExcel 1  Index (zero based) must be greater than or equal to zero and less than the size of the argument list.
2014-05-13 12:19:01.1756 2540 Panasonic.ExcelOutput.ExportToExcel 1  Index (zero based) must be greater than or equal to zero and less than the size of the argument list.
2014-05-13 12:19:01.3116 2540 Panasonic.ExcelOutput.ExportToExcel 1  Index (zero based) must be greater than or equal to zero and less than the size of the argument list.
2014-05-13 12:19:06.8439 1896 Panasonic.ExcelOutput.ExportToExcel 1  Index (zero based) must be greater than or equal to zero and less than the size of the argument list.
2014-05-13 12:19:06.9439 1896 Panasonic.ExcelOutput.ExportToExcel 1  Index (zero based) must be greater than or equal to zero and less than the size of the argument list.
2014-07-07 11:25:23.2097 2780 Panasonic.ExcelOutput.ExportToExcel 1  Index (zero based) must be greater than or equal to zero and less than the size of the argument list.
2014-07-07 11:25:23.2897 2780 Panasonic.ExcelOutput.ExportToExcel 1  Index (zero based) must be greater than or equal to zero and less than the size of the argument list.
2014-07-07 11:25:29.9201 5028 Panasonic.ExcelOutput.ExportToExcel 1  Index (zero based) must be greater than or equal to zero and less than the size of the argument list.
2014-07-07 11:25:29.9201 5028 Panasonic.ExcelOutput.ExportToExcel 1  Index (zero based) must be greater than or equal to zero and less than the size of the argument list.
2014-07-07 11:25:35.0394 3540 Panasonic.ExcelOutput.ExportToExcel 1  Index (zero based) must be greater than or equal to zero and less than the size of the argument list.
2014-07-07 11:25:35.0494 3540 Panasonic.ExcelOutput.ExportToExcel 1  Index (zero based) must be greater than or equal to zero and less than the size of the argument list.
2014-07-08 09:52:50.5567 3196 Panasonic.ExcelOutput.ExportToExcel 1  Index (zero based) must be greater than or equal to zero and less than the size of the argument list.
2014-07-08 09:52:50.6167 3196 Panasonic.ExcelOutput.ExportToExcel 1  Index (zero based) must be greater than or equal to zero and less than the size of the argument list.
2014-07-09 14:49:45.8394 3812 Panasonic.ExcelOutput.ExportToExcel 1  Index (zero based) must be greater than or equal to zero and less than the size of the argument list.
2014-07-09 14:49:45.9304 3812 Panasonic.ExcelOutput.ExportToExcel 1  Index (zero based) must be greater than or equal to zero and less than the size of the argument list.
2014-07-14 10:02:37.8083 4880 Panasonic.ExcelOutput.ExportToExcel 1  Index (zero based) must be greater than or equal to zero and less than the size of the argument list.
2014-07-14 10:02:37.9423 4880 Panasonic.ExcelOutput.ExportToExcel 1  Index (zero based) must be greater than or equal to zero and less than the size of the argument list.
2014-07-14 10:02:45.6407 4576 Panasonic.ExcelOutput.ExportToExcel 1  Index (zero based) must be greater than or equal to zero and less than the size of the argument list.
2014-07-14 10:02:45.7407 4576 Panasonic.ExcelOutput.ExportToExcel 1  Index (zero based) must be greater than or equal to zero and less than the size of the argument list.
2014-07-15 09:32:03.2937 1064 Panasonic.ExcelOutput.ExportToExcel 1  Index (zero based) must be greater than or equal to zero and less than the size of the argument list.
2014-07-15 09:32:03.3537 1064 Panasonic.ExcelOutput.ExportToExcel 1  Index (zero based) must be greater than or equal to zero and less than the size of the argument list.
2014-07-16 09:26:21.3636 3684 Panasonic.ExcelOutput.ExportToExcel 1  Index (zero based) must be greater than or equal to zero and less than the size of the argument list.
2014-07-16 09:26:21.4216 3684 Panasonic.ExcelOutput.ExportToExcel 1  Index (zero based) must be greater than or equal to zero and less than the size of the argument list.
2014-07-23 11:10:06.0757 2616 Panasonic.ExcelOutput.ExportToExcel 1  Index (zero based) must be greater than or equal to zero and less than the size of the argument list.
2014-07-23 11:10:06.1097 2616 Panasonic.ExcelOutput.ExportToExcel 1  Index (zero based) must be greater than or equal to zero and less than the size of the argument list.
2014-07-23 11:10:13.9292 4380 Panasonic.ExcelOutput.ExportToExcel 1  Index (zero based) must be greater than or equal to zero and less than the size of the argument list.
2014-07-23 11:10:13.9292 4380 Panasonic.ExcelOutput.ExportToExcel 1  Index (zero based) must be greater than or equal to zero and less than the size of the argument list.
2014-07-24 11:12:17.0972 3304 Panasonic.ExcelOutput.ExportToExcel 1  Index (zero based) must be greater than or equal to zero and less than the size of the argument list.
2014-07-24 11:12:17.1192 3304 Panasonic.ExcelOutput.ExportToExcel 1  Index (zero based) must be greater than or equal to zero and less than the size of the argument list.
2014-07-25 11:47:46.8916 1908 Panasonic.ExcelOutput.ExportToExcel 1  Index (zero based) must be greater than or equal to zero and less than the size of the argument list.
2014-07-25 11:47:47.3557 1908 Panasonic.ExcelOutput.ExportToExcel 1  Index (zero based) must be greater than or equal to zero and less than the size of the argument list.
2014-08-05 15:14:53.6185 2820 Panasonic.ExcelOutput.ExportToExcel 1  Index (zero based) must be greater than or equal to zero and less than the size of the argument list.
2014-08-05 15:14:53.6695 2820 Panasonic.ExcelOutput.ExportToExcel 1  Index (zero based) must be greater than or equal to zero and less than the size of the argument list.
2014-08-05 15:14:59.1268 1360 Panasonic.ExcelOutput.ExportToExcel 1  Index (zero based) must be greater than or equal to zero and less than the size of the argument list.
2014-08-05 15:14:59.1388 1360 Panasonic.ExcelOutput.ExportToExcel 1  Index (zero based) must be greater than or equal to zero and less than the size of the argument list.
2014-08-05 15:15:04.2801 2792 Panasonic.ExcelOutput.ExportToExcel 1  Index (zero based) must be greater than or equal to zero and less than the size of the argument list.
2014-08-05 15:15:04.2911 2792 Panasonic.ExcelOutput.ExportToExcel 1  Index (zero based) must be greater than or equal to zero and less than the size of the argument list.
2014-08-06 09:38:14.0608 2124 Panasonic.ExcelOutput.ExportToExcel 1  Index (zero based) must be greater than or equal to zero and less than the size of the argument list.
2014-08-06 09:38:14.1078 2124 Panasonic.ExcelOutput.ExportToExcel 1  Index (zero based) must be greater than or equal to zero and less than the size of the argument list.
2014-08-06 10:19:41.9947 2548 PanaServices 14 Processor_EnterpriseLink - ComponentQty_PM EnterpriseLink - ComponentQty_PM:Object reference not set to an instance of an object.
2014-08-06 10:55:39.4066 2512 PanaServices 13 Processor_EnterpriseLink - ComponentQty_PM EnterpriseLink - ComponentQty_PM:Object reference not set to an instance of an object.
2014-08-06 11:10:16.3728 2512 PanaServices 13 Processor_EnterpriseLink - ComponentQty_PM EnterpriseLink - ComponentQty_PM:Object reference not set to an instance of an object.
2014-08-06 11:12:41.4601 2512 PanaServices 13 Processor_EnterpriseLink - ComponentQty_PM EnterpriseLink - ComponentQty_PM:Object reference not set to an instance of an object.
2014-08-06 11:40:19.7060 2512 PanaServices 13 Processor_EnterpriseLink - ComponentQty_PM EnterpriseLink - ComponentQty_PM:Object reference not set to an instance of an object.
2014-08-06 11:49:08.4862 2512 PanaServices 13 Processor_EnterpriseLink - ComponentQty_PM EnterpriseLink - ComponentQty_PM:Object reference not set to an instance of an object.
2014-08-06 11:52:14.6928 2512 PanaServices 13 Processor_EnterpriseLink - ComponentQty_PM EnterpriseLink - ComponentQty_PM:Object reference not set to an instance of an object.
2014-08-06 12:08:01.2720 2512 PanaServices 13 Processor_EnterpriseLink - ComponentQty_PM EnterpriseLink - ComponentQty_PM:Object reference not set to an instance of an object.
2014-08-06 12:08:23.4763 2512 PanaServices 13 Processor_EnterpriseLink - ComponentQty_PM EnterpriseLink - ComponentQty_PM:Object reference not set to an instance of an object.
2014-08-06 12:21:31.7343 2512 PanaServices 13 Processor_EnterpriseLink - ComponentQty_PM EnterpriseLink - ComponentQty_PM:Object reference not set to an instance of an object.
2014-08-06 12:22:04.9052 2512 PanaServices 13 Processor_EnterpriseLink - ComponentQty_PM EnterpriseLink - ComponentQty_PM:Object reference not set to an instance of an object.
2014-08-06 14:10:57.1039 2512 PanaServices 13 Processor_EnterpriseLink - ComponentQty_PM EnterpriseLink - ComponentQty_PM:Object reference not set to an instance of an object.
2014-08-06 14:55:32.2009 2512 PanaServices 13 Processor_EnterpriseLink - ComponentQty_PM EnterpriseLink - ComponentQty_PM:Object reference not set to an instance of an object.
2014-08-06 15:02:13.9738 2512 PanaServices 13 Processor_EnterpriseLink - ComponentQty_PM EnterpriseLink - ComponentQty_PM:Object reference not set to an instance of an object.
2014-08-07 14:34:50.6058 2512 PanaServices 13 Processor_EnterpriseLink - ComponentQty_PM EnterpriseLink - ComponentQty_PM:Object reference not set to an instance of an object.
2014-08-07 14:42:29.2511 4788 Panasonic.ExcelOutput.ExportToExcel 1  Index (zero based) must be greater than or equal to zero and less than the size of the argument list.
2014-08-07 14:42:29.3051 4788 Panasonic.ExcelOutput.ExportToExcel 1  Index (zero based) must be greater than or equal to zero and less than the size of the argument list.
2014-08-18 11:35:33.1002 1732 Panasonic.ExcelOutput.ExportToExcel 1  Index (zero based) must be greater than or equal to zero and less than the size of the argument list.
2014-08-18 11:35:33.1392 1732 Panasonic.ExcelOutput.ExportToExcel 1  Index (zero based) must be greater than or equal to zero and less than the size of the argument list.
2014-08-18 11:35:39.0085 3192 Panasonic.ExcelOutput.ExportToExcel 1  Index (zero based) must be greater than or equal to zero and less than the size of the argument list.
2014-08-18 11:35:39.0215 3192 Panasonic.ExcelOutput.ExportToExcel 1  Index (zero based) must be greater than or equal to zero and less than the size of the argument list.
2014-08-18 16:56:05.1362 1352 PanaServices 14 Processor_EnterpriseLink - ComponentQty_PM EnterpriseLink - ComponentQty_PM:Object reference not set to an instance of an object.
2014-08-19 10:08:09.4945 3240 Panasonic.ExcelOutput.ExportToExcel 1  Index (zero based) must be greater than or equal to zero and less than the size of the argument list.
2014-08-19 10:08:09.4995 3240 Panasonic.ExcelOutput.ExportToExcel 1  Index (zero based) must be greater than or equal to zero and less than the size of the argument list.
2014-08-19 18:02:41.8041 1352 PanaServices 23 Processor_EnterpriseLink - ComponentQty_PM EnterpriseLink - ComponentQty_PM:Object reference not set to an instance of an object.
2014-08-19 18:04:08.2590 1352 PanaServices 35 Processor_EnterpriseLink - ComponentQty_PM EnterpriseLink - ComponentQty_PM:Object reference not set to an instance of an object.
2014-08-20 09:23:14.0036 1352 PanaServices 35 Processor_EnterpriseLink - ComponentQty_PM EnterpriseLink - ComponentQty_PM:Object reference not set to an instance of an object.
2014-08-20 09:30:42.5682 2024 Panasonic.ExcelOutput.ExportToExcel 1  Index (zero based) must be greater than or equal to zero and less than the size of the argument list.
2014-08-20 09:30:42.5842 2024 Panasonic.ExcelOutput.ExportToExcel 1  Index (zero based) must be greater than or equal to zero and less than the size of the argument list.
2014-08-20 11:28:30.3365 1352 PanaServices 5  DBHElp:Login timeout expired
2014-08-20 17:36:47.9736 2196 PanaServices 13 PMListener_MSMQ_Trace - Thread_MSMQ_Trace Exception occurs when RemoveQueueRecord id=1007, tyep =0. Error: Login timeout expired
2014-08-20 17:36:50.3987 2196 PanaServices 13 PMListener_MSMQ_Trace - Thread_MSMQ_Trace DBHElp:No error message available, result code: E_FAIL(0x80004005).
2014-08-20 17:40:08.9711 2196 PanaServices 8  DBHElp:Login timeout expired
2014-08-20 17:41:08.0314 2196 PanaServices 7  Exception caught in ElinkExportConfig.LoadConfiguration()
2014-08-21 09:36:10.1286 3912 Panasonic.ExcelOutput.ExportToExcel 1  Index (zero based) must be greater than or equal to zero and less than the size of the argument list.
2014-08-21 09:36:10.2106 3912 Panasonic.ExcelOutput.ExportToExcel 1  Index (zero based) must be greater than or equal to zero and less than the size of the argument list.
2014-08-22 09:48:11.7484 4532 Panasonic.ExcelOutput.ExportToExcel 1  Index (zero based) must be greater than or equal to zero and less than the size of the argument list.
2014-08-22 09:48:11.7584 4532 Panasonic.ExcelOutput.ExportToExcel 1  Index (zero based) must be greater than or equal to zero and less than the size of the argument list.
2014-08-26 17:41:23.8537 2400 Panasonic.ExcelOutput.ExportToExcel 1  Index (zero based) must be greater than or equal to zero and less than the size of the argument list.
2014-08-26 17:41:23.9327 2400 Panasonic.ExcelOutput.ExportToExcel 1  Index (zero based) must be greater than or equal to zero and less than the size of the argument list.
2014-08-26 17:41:34.8063 1956 Panasonic.ExcelOutput.ExportToExcel 1  Index (zero based) must be greater than or equal to zero and less than the size of the argument list.
2014-08-26 17:41:34.8203 1956 Panasonic.ExcelOutput.ExportToExcel 1  Index (zero based) must be greater than or equal to zero and less than the size of the argument list.
2014-08-27 09:34:23.9229 4996 Panasonic.ExcelOutput.ExportToExcel 1  Index (zero based) must be greater than or equal to zero and less than the size of the argument list.
2014-08-27 09:34:24.1179 4996 Panasonic.ExcelOutput.ExportToExcel 1  Index (zero based) must be greater than or equal to zero and less than the size of the argument list.
2014-08-27 14:24:18.4148 2196 PanaServices 66 PMListener_MSMQ_PreSetup_MV - Thread_MSMQ_PreSetup_MV Exception occurs when RemoveQueueRecord id=1006, tyep =6. Error: Login timeout expired
2014-08-27 14:34:21.9563 2196 PanaServices 71 Processor_EnterpriseLink - MC Exception occurs when RemoveQueueRecord id=7643, tyep =20. Error: No error message available, result code: E_FAIL(0x80004005).
2014-08-27 14:34:50.7449 2196 PanaServices 8  DBHElp:Login timeout expired
2014-08-27 14:34:50.7929 2196 PanaServices 71 Processor_EnterpriseLink - MC Exception occurs when RemoveQueueRecord id=7645, tyep =20. Error: Login timeout expired
2014-08-27 14:34:50.8199 2196 PanaServices 71 Processor_EnterpriseLink - MC Exception occurs when RemoveQueueRecord id=7646, tyep =20. Error: Login timeout expired
2014-08-27 14:35:16.8044 2196 PanaServices 8  DBHElp:Login timeout expired
2014-08-27 14:36:08.0974 2196 PanaServices 30  DBHElp:Login timeout expired
2014-08-27 17:11:14.9597 2196 PanaServices 71 Processor_EnterpriseLink - MC Exception occurs when RemoveQueueRecord id=7653, tyep =20. Error: Login timeout expired
2014-08-28 09:33:18.4819 2968 Panasonic.ExcelOutput.ExportToExcel 1  Index (zero based) must be greater than or equal to zero and less than the size of the argument list.
2014-08-28 09:33:18.5949 2968 Panasonic.ExcelOutput.ExportToExcel 1  Index (zero based) must be greater than or equal to zero and less than the size of the argument list.
2014-08-28 10:40:06.3062 2196 PanaServices 25 PMListener_MSMQ_Trace - Thread_MSMQ_Trace Exception occurs when RemoveQueueRecord id=1008, tyep =4. Error: Login timeout expired
2014-08-28 10:40:33.4177 2196 PanaServices 25 PMListener_MSMQ_Trace - Thread_MSMQ_Trace Exception occurs when RemoveQueueRecord id=1008, tyep =3. Error: Login timeout expired
2014-08-28 10:40:33.4177 2196 PanaServices 25 PMListener_MSMQ_Trace - Thread_MSMQ_Trace DBHElp:Login timeout expired
2014-08-28 10:40:38.0180 2196 PanaServices 8  DBHElp:Login timeout expired
2014-08-28 10:42:06.0830 2196 PanaServices 25 PMListener_MSMQ_Trace - Thread_MSMQ_Trace Exception occurs when GetPendingQueueRecord list=0,Error: Login timeout expired
2014-08-28 10:42:06.0830 2196 PanaServices 25 PMListener_MSMQ_Trace - Thread_MSMQ_Trace Exception occurs when GetPendingQueueRecord list=4,Error: Login timeout expired
2014-08-28 10:42:06.0970 2196 PanaServices 25 PMListener_MSMQ_Trace - Thread_MSMQ_Trace Exception occurs when GetPendingQueueRecord list=3,Error: Login timeout expired
2014-08-28 10:46:58.8988 2196 PanaServices 5  DBHElp:Login timeout expired
2014-08-28 11:20:32.6819 2196 PanaServices 8  DBHElp:Login timeout expired
2014-08-28 11:20:32.6959 2196 PanaServices 8  DBHElp:Login timeout expired
2014-08-28 11:20:32.7760 2196 PanaServices 25 PMListener_MSMQ_Trace - Thread_MSMQ_Trace Exception occurs when RemoveQueueRecord id=1009, tyep =4. Error: Login timeout expired
2014-08-28 11:20:32.7760 2196 PanaServices 25 PMListener_MSMQ_Trace - Thread_MSMQ_Trace DBHElp:Login timeout expired
2014-08-28 11:20:32.9890 2196 PanaServices 25 PMListener_MSMQ_Trace - Thread_MSMQ_Trace Exception occurs when RemoveQueueRecord id=1009, tyep =3. Error: Login timeout expired
2014-08-28 11:20:32.9930 2196 PanaServices 25 PMListener_MSMQ_Trace - Thread_MSMQ_Trace DBHElp:Login timeout expired
2014-08-28 11:20:34.4060 2196 PanaServices 5  DBHElp:Login timeout expired
2014-08-28 11:23:49.3532 2196 PanaServices 5  DBHElp:Login timeout expired
2014-08-28 11:23:49.3692 2196 PanaServices 5  DBHElp:Login timeout expired
2014-08-28 12:10:01.8158 2196 PanaServices 25 PMListener_MSMQ_Trace - Thread_MSMQ_Trace Exception occurs when RemoveQueueRecord id=1010, tyep =3. Error: Login timeout expired
2014-08-28 12:10:04.8389 2196 PanaServices 5  DBHElp:Login timeout expired
2014-08-28 12:10:34.7327 2196 PanaServices 5  DBHElp:Login timeout expired
2014-08-28 12:11:52.2271 2196 PanaServices 61  DBHElp:Login timeout expired
2014-08-28 13:18:51.9840 2196 PanaServices 61  DBHElp:Login timeout expired
2014-08-28 14:22:45.4541 2532 PanaServices 14 PMListener_MSMQ_Trace - Thread_MSMQ_Trace DBHElp:[DBNETLIB][ConnectionOpen (PreLoginHandshake()).]General network error. Check your network documentation.
2014-08-28 16:17:12.8249 728 PanaServices 19 PMListener_MSMQ_Trace - Thread_MSMQ_Trace Exception occurs when RemoveQueueRecord id=11014, tyep =0. Error: [DBNETLIB][ConnectionOpen (PreLoginHandshake()).]General network error. Check your network documentation.
2014-08-28 16:17:53.8793 728 PanaServices 19 PMListener_MSMQ_Trace - Thread_MSMQ_Trace DBHElp:Login timeout expired
2014-08-28 16:41:30.4841 2632 PanaServices 34 PMListener_MSMQ_Trace - Thread_MSMQ_Trace Exception occurs when RemoveQueueRecord id=21014, tyep =0. Error: Login timeout expired
2014-08-28 16:41:31.4882 2632 PanaServices 8  DBHElp:Login timeout expired
2014-09-02 15:12:23.9628 4264 Panasonic.ExcelOutput.ExportToExcel 1  Index (zero based) must be greater than or equal to zero and less than the size of the argument list.
2014-09-02 15:12:23.9698 4264 Panasonic.ExcelOutput.ExportToExcel 1  Index (zero based) must be greater than or equal to zero and less than the size of the argument list.
2014-09-02 15:12:34.5674 3304 Panasonic.ExcelOutput.ExportToExcel 1  Index (zero based) must be greater than or equal to zero and less than the size of the argument list.
2014-09-02 15:12:34.5674 3304 Panasonic.ExcelOutput.ExportToExcel 1  Index (zero based) must be greater than or equal to zero and less than the size of the argument list.
2014-09-02 15:12:45.3880 4908 Panasonic.ExcelOutput.ExportToExcel 1  Index (zero based) must be greater than or equal to zero and less than the size of the argument list.
2014-09-02 15:12:45.3880 4908 Panasonic.ExcelOutput.ExportToExcel 1  Index (zero based) must be greater than or equal to zero and less than the size of the argument list.
2014-09-03 07:55:10.5322 796 Panasonic.ExcelOutput.ExportToExcel 1  Index (zero based) must be greater than or equal to zero and less than the size of the argument list.
2014-09-03 07:55:10.5942 796 Panasonic.ExcelOutput.ExportToExcel 1  Index (zero based) must be greater than or equal to zero and less than the size of the argument list.
2014-09-04 00:01:29.7528 3916 Panasonic.ExcelOutput.ExportToExcel 1  Index (zero based) must be greater than or equal to zero and less than the size of the argument list.
2014-09-04 00:01:29.8768 3916 Panasonic.ExcelOutput.ExportToExcel 1  Index (zero based) must be greater than or equal to zero and less than the size of the argument list.
2015-12-09 09:51:20.5545 4996 Panasonic.ExcelOutput.ExportToExcel 1  Index (zero based) must be greater than or equal to zero and less than the size of the argument list.
2015-12-09 09:51:20.8436 4996 Panasonic.ExcelOutput.ExportToExcel 1  Index (zero based) must be greater than or equal to zero and less than the size of the argument list.
2015-12-09 09:51:37.9135 4440 Panasonic.ExcelOutput.ExportToExcel 1  Index (zero based) must be greater than or equal to zero and less than the size of the argument list.
2015-12-09 09:51:37.9935 4440 Panasonic.ExcelOutput.ExportToExcel 1  Index (zero based) must be greater than or equal to zero and less than the size of the argument list.
2015-12-09 09:59:04.3791 2988 Panasonic.ExcelOutput.ExportToExcel 1  Index (zero based) must be greater than or equal to zero and less than the size of the argument list.
2015-12-09 09:59:04.3791 2988 Panasonic.ExcelOutput.ExportToExcel 1  Index (zero based) must be greater than or equal to zero and less than the size of the argument list.
2015-12-10 10:24:19.6192 1592 Panasonic.ExcelOutput.ExportToExcel 1  Index (zero based) must be greater than or equal to zero and less than the size of the argument list.
2015-12-10 10:24:19.6522 1592 Panasonic.ExcelOutput.ExportToExcel 1  Index (zero based) must be greater than or equal to zero and less than the size of the argument list.
2015-12-16 15:34:54.0093 3912 Panasonic.ExcelOutput.ExportToExcel 1  Index (zero based) must be greater than or equal to zero and less than the size of the argument list.
2015-12-16 15:34:54.2163 3912 Panasonic.ExcelOutput.ExportToExcel 1  Index (zero based) must be greater than or equal to zero and less than the size of the argument list.
2015-12-16 15:35:06.0420 2332 Panasonic.ExcelOutput.ExportToExcel 1  Index (zero based) must be greater than or equal to zero and less than the size of the argument list.
2015-12-16 15:35:06.1170 2332 Panasonic.ExcelOutput.ExportToExcel 1  Index (zero based) must be greater than or equal to zero and less than the size of the argument list.
2015-12-18 14:41:49.1100 3976 Panasonic.ExcelOutput.ExportToExcel 1  Index (zero based) must be greater than or equal to zero and less than the size of the argument list.
2015-12-18 14:41:49.2230 3976 Panasonic.ExcelOutput.ExportToExcel 1  Index (zero based) must be greater than or equal to zero and less than the size of the argument list.
2015-12-21 09:30:04.6685 2196 Panasonic.ExcelOutput.ExportToExcel 1  Index (zero based) must be greater than or equal to zero and less than the size of the argument list.
2015-12-21 09:30:04.8005 2196 Panasonic.ExcelOutput.ExportToExcel 1  Index (zero based) must be greater than or equal to zero and less than the size of the argument list.
2015-12-21 09:30:16.7452 280 Panasonic.ExcelOutput.ExportToExcel 1  Index (zero based) must be greater than or equal to zero and less than the size of the argument list.
2015-12-21 09:30:16.7452 280 Panasonic.ExcelOutput.ExportToExcel 1  Index (zero based) must be greater than or equal to zero and less than the size of the argument list.
2015-12-22 15:13:56.0157 5116 Panasonic.ExcelOutput.ExportToExcel 1  Index (zero based) must be greater than or equal to zero and less than the size of the argument list.
2015-12-22 15:13:56.0487 5116 Panasonic.ExcelOutput.ExportToExcel 1  Index (zero based) must be greater than or equal to zero and less than the size of the argument list.
2015-12-22 16:08:03.8565 4904 PanaCIMOptionSettings 6  exception caught in the MainWindow()
2016-01-08 13:24:20.8669 1196 Panasonic.PanaCIMEE.GenerateImage 1  HandleException: ReportId- 10000:Failed to connect Database server
2016-01-08 13:24:21.9309 1196 Panasonic.PanaCIMEE.GenerateImage 1  Application_Exit: ReportId- 10000:Failed to connect Database server
2016-01-08 13:54:23.1979 3296 w3wp 11  Report took more than 5 minutes. Please provide additional filters.
2016-01-08 13:56:01.4905 1948 FrameWorkService 10  Exception caught in PMListener_Config.Dispose()
2016-01-14 16:50:29.9601 2192 FrameWorkService 8  Exception caught in PMListener_Config.Dispose()
2016-01-14 16:53:08.7912 2516 Panasonic.PanaCIMEE.GenerateImage 1  HandleException: ReportId- 10000:Error 208, Level 16, State 1, Procedure cvt_history_report, Line 64, Message: Invalid object name 'all_equipment_view'.
2016-01-14 17:07:39.7210 4172 Panasonic.PanaCIMEE.GenerateImage 1  ComWrapper.GetComPredefinedTime:Unable to cast COM object of type 'GraphData.clsGraphClass' to interface type 'GraphData._clsGraph'. This operation failed because the QueryInterface call on the COM component for the interface with IID '{AC325BB7-8B7B-4CE9-B674-548DF676F889}' failed due to the following error: No such interface supported (Exception from HRESULT: 0x80004002 (E_NOINTERFACE)).
2016-01-14 17:13:02.3694 4160 Panasonic.PanaCIMEE.GenerateImage 1  ComWrapper.GetComPredefinedTime:Retrieving the COM class factory for component with CLSID {BD98F8C4-A750-11D3-B457-0008C740A288} failed due to the following error: 80004005.
2016-01-14 17:13:02.4664 4160 Panasonic.PanaCIMEE.GenerateImage 1  ComWrapper.GetComPredefinedTime:Retrieving the COM class factory for component with CLSID {BD98F8C4-A750-11D3-B457-0008C740A288} failed due to the following error: 80004005.
2016-01-14 17:19:12.3796 1896 Panasonic.PanaCIMEE.GenerateImage 1  ComWrapper.GetComPredefinedTime:The remote procedure call failed. (Exception from HRESULT: 0x800706BE)
2016-02-08 14:39:05.0589 656 FrameWorkService 8  Exception caught in PMListener_Config.Dispose()
2016-02-08 14:57:37.5855 2180 Panasonic.PanaCIMEE.GenerateImage 1  ComWrapper.GetComPredefinedTime:Unable to cast COM object of type 'GraphData.clsGraphClass' to interface type 'GraphData._clsGraph'. This operation failed because the QueryInterface call on the COM component for the interface with IID '{0B761BC5-418C-48D5-87EE-5CB93A4D7F54}' failed due to the following error: No such interface supported (Exception from HRESULT: 0x80004002 (E_NOINTERFACE)).
2016-02-09 13:17:01.7267 4504 Panasonic.PanaCIMEE.GenerateImage 1  HandleException: ReportId- 10001:The wait completed due to an abandoned mutex.
