2014-04-10 20:35:08.9122 4476 w3wp 6  Cache folder=C:\Program Files (x86)\Panasonic\PanaCIM\FW\MC\MaterialRegister\WebServer\temp.
2014-04-10 21:21:53.2036 1536 w3wp 6  Cache folder=C:\Program Files (x86)\Panasonic\PanaCIM\FW\MC\MaterialRegister\WebServer\temp.
2014-04-12 15:33:46.8593 4684 w3wp 5  Cache folder=C:\Program Files (x86)\Panasonic\PanaCIM\FW\MC\MaterialRegister\WebServer\temp.
2014-04-16 14:51:33.9683 3516 w3wp 7  Cache folder=C:\Program Files (x86)\Panasonic\PanaCIM\FW\MC\MaterialRegister\WebServer\temp.
2014-04-16 15:30:22.4032 3920 w3wp 6  Cache folder=C:\Program Files (x86)\Panasonic\PanaCIM\FW\MC\MaterialRegister\WebServer\temp.
2014-04-16 15:38:55.6185 3724 w3wp 7  Cache folder=C:\Program Files (x86)\Panasonic\PanaCIM\FW\MC\MaterialRegister\WebServer\temp.
2014-04-16 16:31:14.3066 3480 w3wp 6  Cache folder=C:\Program Files (x86)\Panasonic\PanaCIM\FW\MC\MaterialRegister\WebServer\temp.
2014-04-17 10:10:37.4765 3876 w3wp 6  Cache folder=C:\Program Files (x86)\Panasonic\PanaCIM\FW\MC\MaterialRegister\WebServer\temp.
2014-04-17 13:03:16.4327 3344 w3wp 7  Cache folder=C:\Program Files (x86)\Panasonic\PanaCIM\FW\MC\MaterialRegister\WebServer\temp.
2014-04-17 17:57:08.6523 2892 w3wp 7  Cache folder=C:\Program Files (x86)\Panasonic\PanaCIM\FW\MC\MaterialRegister\WebServer\temp.
2014-04-18 09:30:54.9365 2604 w3wp 7  Cache folder=C:\Program Files (x86)\Panasonic\PanaCIM\FW\MC\MaterialRegister\WebServer\temp.
2014-04-18 14:29:40.3838 4528 w3wp 8  Cache folder=C:\Program Files (x86)\Panasonic\PanaCIM\FW\MC\MaterialRegister\WebServer\temp.
2014-04-22 09:11:40.3377 3640 w3wp 6  Cache folder=C:\Program Files (x86)\Panasonic\PanaCIM\FW\MC\MaterialRegister\WebServer\temp.
2014-04-22 15:37:57.5251 1500 w3wp 7  Cache folder=C:\Program Files (x86)\Panasonic\PanaCIM\FW\MC\MaterialRegister\WebServer\temp.
2014-04-22 16:18:24.6619 4112 w3wp 6  Cache folder=C:\Program Files (x86)\Panasonic\PanaCIM\FW\MC\MaterialRegister\WebServer\temp.
2014-04-22 17:05:37.1249 4788 w3wp 7  Cache folder=C:\Program Files (x86)\Panasonic\PanaCIM\FW\MC\MaterialRegister\WebServer\temp.
2014-04-23 09:35:40.6588 1912 w3wp 7  Cache folder=C:\Program Files (x86)\Panasonic\PanaCIM\FW\MC\MaterialRegister\WebServer\temp.
2014-04-24 09:37:42.6200 612 w3wp 6  Cache folder=C:\Program Files (x86)\Panasonic\PanaCIM\FW\MC\MaterialRegister\WebServer\temp.
2014-04-28 10:57:34.1945 3720 w3wp 7  Cache folder=C:\Program Files (x86)\Panasonic\PanaCIM\FW\MC\MaterialRegister\WebServer\temp.
2014-05-13 12:17:26.7962 3432 w3wp 6  Cache folder=C:\Program Files (x86)\Panasonic\PanaCIM\FW\MC\MaterialRegister\WebServer\temp.
2014-07-07 11:57:01.7569 2640 w3wp 6  Cache folder=C:\Program Files (x86)\Panasonic\PanaCIM\FW\MC\MaterialRegister\WebServer\temp.
2014-07-07 13:58:53.1971 2524 w3wp 6  Cache folder=C:\Program Files (x86)\Panasonic\PanaCIM\FW\MC\MaterialRegister\WebServer\temp.
2014-07-07 14:21:09.2881 4040 w3wp 7  Cache folder=C:\Program Files (x86)\Panasonic\PanaCIM\FW\MC\MaterialRegister\WebServer\temp.
2014-07-07 15:26:58.8610 3432 w3wp 7  Cache folder=C:\Program Files (x86)\Panasonic\PanaCIM\FW\MC\MaterialRegister\WebServer\temp.
2014-07-07 15:57:54.7543 3808 w3wp 9  Cache folder=C:\Program Files (x86)\Panasonic\PanaCIM\FW\MC\MaterialRegister\WebServer\temp.
2014-07-08 15:29:50.6354 3348 w3wp 6  Cache folder=C:\Program Files (x86)\Panasonic\PanaCIM\FW\MC\MaterialRegister\WebServer\temp.
2014-07-08 17:56:09.6685 4460 w3wp 8  Cache folder=C:\Program Files (x86)\Panasonic\PanaCIM\FW\MC\MaterialRegister\WebServer\temp.
2014-07-09 15:06:50.8565 3996 w3wp 6  Cache folder=C:\Program Files (x86)\Panasonic\PanaCIM\FW\MC\MaterialRegister\WebServer\temp.
2014-07-14 10:59:37.8119 4324 w3wp 3  Entered GetSetupIndexData. LabelFileContents=False
2014-07-14 10:59:44.1743 4324 w3wp 3  Could not get Setup layout from database.
2014-07-14 10:59:44.1743 4324 w3wp 3  UDE_DB_SETUP_NO_LAYOUT
2014-07-14 10:59:44.1743 4324 w3wp 3  ************
UDE_DB_SETUP_NO_LAYOUT
GetSetupLayoutList at offset 423 in file:line:column <filename unknown>:0:0



2014-07-14 10:59:44.1943 4324 w3wp 3  Exited GetSetupIndexData
2014-07-15 12:32:32.4774 608 w3wp 6  Cache folder=C:\Program Files (x86)\Panasonic\PanaCIM\FW\MC\MaterialRegister\WebServer\temp.
2014-07-23 12:17:53.7374 2380 w3wp 6  Cache folder=C:\Program Files (x86)\Panasonic\PanaCIM\FW\MC\MaterialRegister\WebServer\temp.
2014-08-06 10:25:22.0081 1176 w3wp 6  Cache folder=C:\Program Files (x86)\Panasonic\PanaCIM\FW\MC\MaterialRegister\WebServer\temp.
2014-08-06 10:50:52.7152 972 w3wp 6  Cache folder=C:\Program Files (x86)\Panasonic\PanaCIM\FW\MC\MaterialRegister\WebServer\temp.
2014-08-07 15:50:19.9949 3892 w3wp 8  Cache folder=C:\Program Files (x86)\Panasonic\PanaCIM\FW\MC\MaterialRegister\WebServer\temp.
2014-08-20 11:50:21.2306 4056 w3wp 6  Cache folder=C:\Program Files (x86)\Panasonic\PanaCIM\FW\MC\MaterialRegister\WebServer\temp.
2014-08-20 17:35:46.6301 3844 w3wp 6  Cache folder=C:\Program Files (x86)\Panasonic\PanaCIM\FW\MC\MaterialRegister\WebServer\temp.
2014-08-28 13:42:02.2534 3584 w3wp 7  Cache folder=C:\Program Files (x86)\Panasonic\PanaCIM\FW\MC\MaterialRegister\WebServer\temp.
2014-08-28 14:46:10.8835 2408 w3wp 6  Cache folder=C:\Program Files (x86)\Panasonic\PanaCIM\FW\MC\MaterialRegister\WebServer\temp.
2014-08-28 16:22:13.8141 5080 w3wp 6  Cache folder=C:\Program Files (x86)\Panasonic\PanaCIM\FW\MC\MaterialRegister\WebServer\temp.
2014-08-28 16:31:47.4448 3712 w3wp 7  Cache folder=C:\Program Files (x86)\Panasonic\PanaCIM\FW\MC\MaterialRegister\WebServer\temp.
2014-09-03 09:20:31.7165 1920 w3wp 6  Cache folder=C:\Program Files (x86)\Panasonic\PanaCIM\FW\MC\MaterialRegister\WebServer\temp.
2014-09-04 11:34:18.7152 4084 w3wp 9  Cache folder=C:\Program Files (x86)\Panasonic\PanaCIM\FW\MC\MaterialRegister\WebServer\temp.
2014-11-06 10:35:40.6334 4204 w3wp 6  Cache folder=C:\Program Files (x86)\Panasonic\PanaCIM\FW\MC\MaterialRegister\WebServer\temp.
2015-12-10 10:49:11.2320 4236 w3wp 6  Cache folder=C:\Program Files (x86)\Panasonic\PanaCIM\FW\MC\MaterialRegister\WebServer\temp.
2015-12-16 16:04:48.6159 1932 w3wp 7  Cache folder=C:\Program Files (x86)\Panasonic\PanaCIM\FW\MC\MaterialRegister\WebServer\temp.
2015-12-16 16:40:17.7212 1196 w3wp 6  Cache folder=C:\Program Files (x86)\Panasonic\PanaCIM\FW\MC\MaterialRegister\WebServer\temp.
2015-12-16 16:51:49.8828 1196 w3wp 6  Cache folder=C:\Program Files (x86)\Panasonic\PanaCIM\FW\MC\MaterialRegister\WebServer\temp.
2015-12-16 16:59:47.7911 2032 w3wp 5  Cache folder=C:\Program Files (x86)\Panasonic\PanaCIM\FW\MC\MaterialRegister\WebServer\temp.
2015-12-18 14:40:11.9524 3872 w3wp 5  Cache folder=C:\Program Files (x86)\Panasonic\PanaCIM\FW\MC\MaterialRegister\WebServer\temp.
2015-12-22 15:35:07.4234 1060 w3wp 5  Cache folder=C:\Program Files (x86)\Panasonic\PanaCIM\FW\MC\MaterialRegister\WebServer\temp.
2015-12-22 16:19:04.2252 4308 w3wp 5  Cache folder=C:\Program Files (x86)\Panasonic\PanaCIM\FW\MC\MaterialRegister\WebServer\temp.
2015-12-22 19:13:12.6530 4220 w3wp 6  Cache folder=C:\Program Files (x86)\Panasonic\PanaCIM\FW\MC\MaterialRegister\WebServer\temp.
2015-12-23 09:28:33.9787 3372 w3wp 5  Cache folder=C:\Program Files (x86)\Panasonic\PanaCIM\FW\MC\MaterialRegister\WebServer\temp.
2015-12-23 10:20:59.4226 1924 w3wp 6  Cache folder=C:\Program Files (x86)\Panasonic\PanaCIM\FW\MC\MaterialRegister\WebServer\temp.
2016-01-08 13:32:15.8940 4200 w3wp 7  Cache folder=C:\Program Files (x86)\Panasonic\PanaCIM\FW\MC\MaterialRegister\WebServer\temp.
2016-01-08 14:10:16.5900 4308 w3wp 6  Cache folder=C:\Program Files (x86)\Panasonic\PanaCIM\FW\MC\MaterialRegister\WebServer\temp.
2016-01-14 17:36:48.6080 4728 w3wp 6  Cache folder=C:\Program Files (x86)\Panasonic\PanaCIM\FW\MC\MaterialRegister\WebServer\temp.
2016-01-20 08:41:02.8284 628 w3wp 6  Cache folder=C:\Program Files (x86)\Panasonic\PanaCIM\FW\MC\MaterialRegister\WebServer\temp.
2016-02-08 09:55:46.1955 3840 w3wp 5  Cache folder=C:\Program Files (x86)\Panasonic\PanaCIM\FW\MC\MaterialRegister\WebServer\temp.
2016-02-08 15:19:00.8999 3660 w3wp 5  Cache folder=C:\Program Files (x86)\Panasonic\PanaCIM\FW\MC\MaterialRegister\WebServer\temp.
2016-02-08 15:28:24.0501 3660 w3wp 8  Cache folder=C:\Program Files (x86)\Panasonic\PanaCIM\FW\MC\MaterialRegister\WebServer\temp.
2016-02-09 13:31:26.3889 4152 w3wp 13  Cache folder=C:\Program Files (x86)\Panasonic\PanaCIM\FW\MC\MaterialRegister\WebServer\temp.
2016-02-09 16:23:34.7771 4700 w3wp 7  Cache folder=C:\Program Files (x86)\Panasonic\PanaCIM\FW\MC\MaterialRegister\WebServer\temp.
