2015-12-22 20:45:01.3907 1368 ComponentPrintService 1  ********************************************************
2015-12-22 20:45:01.3907 1368 ComponentPrintService 1  ********************************************************
2015-12-22 20:45:01.5477 1368 ComponentPrintService 1  Service Initializing...
2015-12-22 20:45:01.5477 1368 ComponentPrintService 1  Service Initialized.
2015-12-22 20:45:06.1840 1368 ComponentPrintService 5  ********************************************************
2015-12-22 20:45:06.1840 1368 ComponentPrintService 5  Service Starting...
2015-12-22 20:45:09.7452 1368 ComponentPrintService 5  BaseURI: http://localhost:4000/
2015-12-22 20:45:12.7343 1368 ComponentPrintService 5  Service started.
2016-01-08 13:24:48.6994 1788 ComponentPrintService 1  ********************************************************
2016-01-08 13:24:49.3535 1788 ComponentPrintService 1  ********************************************************
2016-01-08 13:24:49.4025 1788 ComponentPrintService 1  Service Initializing...
2016-01-08 13:24:49.4025 1788 ComponentPrintService 1  Service Initialized.
2016-01-08 13:24:53.8777 1788 ComponentPrintService 5  ********************************************************
2016-01-08 13:24:53.8777 1788 ComponentPrintService 5  Service Starting...
2016-01-08 13:25:00.0401 1788 ComponentPrintService 5  BaseURI: http://localhost:4000/
2016-01-08 13:25:06.5535 1788 ComponentPrintService 5  Service started.
2016-01-08 13:55:56.2632 1788 ComponentPrintService 5  Service Stopping...
2016-01-08 13:55:59.3034 1788 ComponentPrintService 5  Service Stopped.
2016-01-08 13:57:06.4092 3832 ComponentPrintService 1  ********************************************************
2016-01-08 13:57:06.4472 3832 ComponentPrintService 1  ********************************************************
2016-01-08 13:57:06.4472 3832 ComponentPrintService 1  Service Initializing...
2016-01-08 13:57:06.4472 3832 ComponentPrintService 1  Service Initialized.
2016-01-08 13:57:07.5493 3832 ComponentPrintService 4  ********************************************************
2016-01-08 13:57:07.5493 3832 ComponentPrintService 4  Service Starting...
2016-01-08 13:57:12.1356 3832 ComponentPrintService 4  BaseURI: http://localhost:4000/
2016-01-08 13:57:13.7986 3832 ComponentPrintService 4  Service started.
2016-01-08 14:03:27.0636 1828 ComponentPrintService 1  ********************************************************
2016-01-08 14:03:27.8617 1828 ComponentPrintService 1  ********************************************************
2016-01-08 14:03:27.9117 1828 ComponentPrintService 1  Service Initializing...
2016-01-08 14:03:27.9117 1828 ComponentPrintService 1  Service Initialized.
2016-01-08 14:03:31.3239 1828 ComponentPrintService 4  ********************************************************
2016-01-08 14:03:31.3239 1828 ComponentPrintService 4  Service Starting...
2016-01-08 14:03:40.9914 1828 ComponentPrintService 4  BaseURI: http://localhost:4000/
2016-01-08 14:03:49.9219 1828 ComponentPrintService 4  Service started.
2016-01-14 16:50:39.1176 1828 ComponentPrintService 11  Service Stopping...
2016-01-14 16:50:39.9346 1828 ComponentPrintService 11  Service Stopped.
2016-01-14 17:17:46.1727 1004 ComponentPrintService 1  ********************************************************
2016-01-14 17:17:47.8878 1004 ComponentPrintService 1  ********************************************************
2016-01-14 17:17:47.8878 1004 ComponentPrintService 1  Service Initializing...
2016-01-14 17:17:47.8878 1004 ComponentPrintService 1  Service Initialized.
2016-01-14 17:17:53.5991 1004 ComponentPrintService 4  ********************************************************
2016-01-14 17:17:53.5991 1004 ComponentPrintService 4  Service Starting...
2016-01-14 17:18:01.7116 1004 ComponentPrintService 4  BaseURI: http://localhost:4000/
2016-01-14 17:18:06.9129 1004 ComponentPrintService 4  Service started.
2016-02-08 09:48:50.1767 1616 ComponentPrintService 1  ********************************************************
2016-02-08 09:48:50.6378 1616 ComponentPrintService 1  ********************************************************
2016-02-08 09:48:50.6618 1616 ComponentPrintService 1  Service Initializing...
2016-02-08 09:48:50.6618 1616 ComponentPrintService 1  Service Initialized.
2016-02-08 09:48:54.6290 1616 ComponentPrintService 4  ********************************************************
2016-02-08 09:48:54.6290 1616 ComponentPrintService 4  Service Starting...
2016-02-08 09:49:02.0974 1616 ComponentPrintService 4  BaseURI: http://localhost:4000/
2016-02-08 09:49:08.8208 1616 ComponentPrintService 4  Service started.
2016-02-08 14:39:17.5076 1616 ComponentPrintService 9  Service Stopping...
2016-02-08 14:39:18.2006 1616 ComponentPrintService 9  Service Stopped.
2016-02-08 15:01:23.1454 1156 ComponentPrintService 1  ********************************************************
2016-02-08 15:01:23.8254 1156 ComponentPrintService 1  ********************************************************
2016-02-08 15:01:23.8254 1156 ComponentPrintService 1  Service Initializing...
2016-02-08 15:01:23.8254 1156 ComponentPrintService 1  Service Initialized.
2016-02-08 15:01:29.6748 1156 ComponentPrintService 6  ********************************************************
2016-02-08 15:01:31.0629 1156 ComponentPrintService 6  Service Starting...
2016-02-08 15:01:38.4903 1156 ComponentPrintService 6  BaseURI: http://localhost:4000/
2016-02-08 15:01:41.6345 1156 ComponentPrintService 6  Service started.
2016-02-09 13:24:40.7801 1620 ComponentPrintService 1  ********************************************************
2016-02-09 13:24:41.3041 1620 ComponentPrintService 1  ********************************************************
2016-02-09 13:24:41.3241 1620 ComponentPrintService 1  Service Initializing...
2016-02-09 13:24:41.3241 1620 ComponentPrintService 1  Service Initialized.
2016-02-09 13:24:45.5113 1620 ComponentPrintService 5  ********************************************************
2016-02-09 13:24:45.5113 1620 ComponentPrintService 5  Service Starting...
2016-02-09 13:24:59.2521 1620 ComponentPrintService 5  BaseURI: http://localhost:4000/
2016-02-09 13:25:05.5815 1620 ComponentPrintService 5  Service started.
2016-02-09 16:16:21.1039 1836 ComponentPrintService 1  ********************************************************
2016-02-09 16:16:21.6359 1836 ComponentPrintService 1  ********************************************************
2016-02-09 16:16:21.6759 1836 ComponentPrintService 1  Service Initializing...
2016-02-09 16:16:21.6759 1836 ComponentPrintService 1  Service Initialized.
2016-02-09 16:16:25.2301 1836 ComponentPrintService 4  ********************************************************
2016-02-09 16:16:25.2301 1836 ComponentPrintService 4  Service Starting...
2016-02-09 16:16:29.7064 1836 ComponentPrintService 4  BaseURI: http://localhost:4000/
2016-02-09 16:16:35.6707 1836 ComponentPrintService 4  Service started.
