2015-12-22 20:43:42.4272 4000 FrameWorkService 1  ********************************************
2015-12-22 20:43:42.4482 4000 FrameWorkService 1  ********************************************
2015-12-22 20:43:42.5382 4000 FrameWorkService 1  Web UI Service Initializing...
2015-12-22 20:43:42.5572 4000 FrameWorkService 1  Web UI Service Initialized.
2015-12-22 20:43:44.2543 4000 FrameWorkService 5  ********************************************
2015-12-22 20:43:44.2543 4000 FrameWorkService 5  Web UI Service Starting...
2015-12-22 20:43:44.2573 4000 FrameWorkService 5  Entered Config.LoadSystemConfig
2015-12-22 20:43:44.8563 4000 FrameWorkService 10 PMLib-ManageConnection PostMasterLibrary ConnectionState = Connecting
2015-12-22 20:43:45.0893 4000 FrameWorkService 5  Entered Config.BuildConnectionString
2015-12-22 20:43:46.4224 4000 FrameWorkService 5  Connection String: metadata="res://*/DbModel.RouteData.csdl|
								res://*/DbModel.RouteData.ssdl|
								res://*/DbModel.RouteData.msl";provider=System.Data.SqlClient;provider connection string='Data Source=APP-SRV\PanaCIM;Initial Catalog=PANACIM;Persist Security Info=True;User ID=cim;Password=cim;MultipleActiveResultSets=True;Application Name="Entity Framework"'
2015-12-22 20:43:46.4224 4000 FrameWorkService 5  Exited Config.BuildConnectionString
2015-12-22 20:43:46.4224 4000 FrameWorkService 5  Entered Config.BuildConnectionString
2015-12-22 20:43:46.4224 4000 FrameWorkService 5  Connection String: Data Source=APP-SRV\PanaCIM;Initial Catalog=PANACIM;Persist Security Info=True;User ID=cim;Password=cim
2015-12-22 20:43:46.4224 4000 FrameWorkService 5  Exited Config.BuildConnectionString
2015-12-22 20:43:46.4224 4000 FrameWorkService 5  Exited Config.LoadSystemConfig
2015-12-22 20:43:48.0585 4000 FrameWorkService 10 PMLib-ManageConnection PMListener_Config._pmlConn_OnError PostMasterLibrary Connection error: Failed to connect.
2015-12-22 20:43:52.0277 4000 FrameWorkService 5  Web UI Service URI: http://localhost:8080/
2015-12-22 20:43:59.2731 4000 FrameWorkService 5  Web UI Service Started
2015-12-22 20:44:49.0560 4000 FrameWorkService 10 PMLib-ManageConnection PMListener_Config._pmlConn_OnError PostMasterLibrary Connection error: Failed to connect.
2015-12-22 20:45:50.0645 4000 FrameWorkService 10 PMLib-ManageConnection PMListener_Config._pmlConn_OnError PostMasterLibrary Connection error: Failed to connect.
2015-12-22 20:46:51.0720 4000 FrameWorkService 10 PMLib-ManageConnection PMListener_Config._pmlConn_OnError PostMasterLibrary Connection error: Failed to connect.
2015-12-22 20:47:52.1454 4000 FrameWorkService 10 PMLib-ManageConnection PMListener_Config._pmlConn_OnError PostMasterLibrary Connection error: Failed to connect.
2015-12-22 20:48:53.4260 4000 FrameWorkService 10 PMLib-ManageConnection PMListener_Config._pmlConn_OnError PostMasterLibrary Connection error: Failed to connect.
2015-12-22 20:49:54.4284 4000 FrameWorkService 10 PMLib-ManageConnection PMListener_Config._pmlConn_OnError PostMasterLibrary Connection error: Failed to connect.
2015-12-22 20:50:55.5949 4000 FrameWorkService 10 PMLib-ManageConnection PMListener_Config._pmlConn_OnError PostMasterLibrary Connection error: Failed to connect.
2015-12-22 20:51:56.6034 4000 FrameWorkService 10 PMLib-ManageConnection PMListener_Config._pmlConn_OnError PostMasterLibrary Connection error: Failed to connect.
2015-12-22 20:52:58.0249 4000 FrameWorkService 10 PMLib-ManageConnection PMListener_Config._pmlConn_OnError PostMasterLibrary Connection error: Failed to connect.
2015-12-22 20:54:19.0286 4000 FrameWorkService 10 PMLib-ManageConnection PMListener_Config._pmlConn_OnError PostMasterLibrary Connection error: Failed to connect.
2015-12-22 20:55:40.0292 4000 FrameWorkService 10 PMLib-ManageConnection PMListener_Config._pmlConn_OnError PostMasterLibrary Connection error: Failed to connect.
2015-12-22 20:56:40.9557 4000 FrameWorkService 10 PMLib-ManageConnection PostMasterLibrary ConnectionState = Connected
2015-12-23 09:21:06.4251 4000 FrameWorkService 10 PMLib-ManageConnection PostMasterLibrary ConnectionState = Disconnected
2015-12-23 09:21:06.4251 4000 FrameWorkService 10 PMLib-ManageConnection PostMasterLibrary ConnectionState = Connecting
2015-12-23 09:21:27.4233 4000 FrameWorkService 10 PMLib-ManageConnection PMListener_Config._pmlConn_OnError PostMasterLibrary Connection error: Failed to connect.
2015-12-23 09:22:48.4279 4000 FrameWorkService 10 PMLib-ManageConnection PMListener_Config._pmlConn_OnError PostMasterLibrary Connection error: Failed to connect.
2015-12-23 09:23:57.5388 4000 FrameWorkService 10 PMLib-ManageConnection PostMasterLibrary ConnectionState = Connected
2015-12-23 16:20:38.6718 4000 FrameWorkService 10 PMLib-ManageConnection PostMasterLibrary ConnectionState = Disconnected
2015-12-23 16:20:38.6968 4000 FrameWorkService 10 PMLib-ManageConnection PostMasterLibrary ConnectionState = Connecting
2015-12-23 16:21:02.2352 4000 FrameWorkService 10 PMLib-ManageConnection PMListener_Config._pmlConn_OnError PostMasterLibrary Connection error: Failed to connect.
2015-12-23 17:31:05.1902 4000 FrameWorkService 10 PMLib-ManageConnection PostMasterLibrary ConnectionState = Connected
2015-12-24 09:16:55.6201 4000 FrameWorkService 10 PMLib-ManageConnection PostMasterLibrary ConnectionState = Disconnected
2015-12-24 09:16:55.6201 4000 FrameWorkService 10 PMLib-ManageConnection PostMasterLibrary ConnectionState = Connecting
2015-12-24 09:17:16.6233 4000 FrameWorkService 10 PMLib-ManageConnection PMListener_Config._pmlConn_OnError PostMasterLibrary Connection error: Failed to connect.
2015-12-24 09:18:16.7307 4000 FrameWorkService 10 PMLib-ManageConnection PostMasterLibrary ConnectionState = Connected
2015-12-24 10:13:18.6930 4000 FrameWorkService 10 PMLib-ManageConnection PostMasterLibrary ConnectionState = Disconnected
2015-12-24 10:13:18.6930 4000 FrameWorkService 10 PMLib-ManageConnection PostMasterLibrary ConnectionState = Connecting
2015-12-24 10:13:19.6960 4000 FrameWorkService 10 PMLib-ManageConnection PMListener_Config._pmlConn_OnError PostMasterLibrary Connection error: Failed to connect.
2015-12-24 10:14:19.8195 4000 FrameWorkService 10 PMLib-ManageConnection PostMasterLibrary ConnectionState = Connected
2015-12-25 14:51:14.8083 4000 FrameWorkService 10 PMLib-ManageConnection PostMasterLibrary ConnectionState = Disconnected
2015-12-25 14:51:14.8413 4000 FrameWorkService 10 PMLib-ManageConnection PostMasterLibrary ConnectionState = Connecting
2015-12-25 14:51:21.3227 4000 FrameWorkService 10 PMLib-ManageConnection PostMasterLibrary ConnectionState = Connected
2016-01-06 13:48:26.2721 4000 FrameWorkService 10 PMLib-ManageConnection PostMasterLibrary ConnectionState = Disconnected
2016-01-06 13:48:26.2721 4000 FrameWorkService 10 PMLib-ManageConnection PostMasterLibrary ConnectionState = Connecting
2016-01-06 13:48:54.0617 4000 FrameWorkService 10 PMLib-ManageConnection PMListener_Config._pmlConn_OnError PostMasterLibrary Connection error: Failed to connect.
2016-01-06 13:49:54.1862 4000 FrameWorkService 10 PMLib-ManageConnection PostMasterLibrary ConnectionState = Connected
2016-01-07 11:16:14.6097 4000 FrameWorkService 10 PMLib-ManageConnection PMListener_Config._pmlConn_OnError PostMasterLibrary Connection error: PING reponse not received from PostMaster.
2016-01-07 11:16:14.6687 4000 FrameWorkService 10 PMLib-ManageConnection PostMasterLibrary ConnectionState = Disconnected
2016-01-07 11:16:14.6687 4000 FrameWorkService 10 PMLib-ManageConnection PostMasterLibrary ConnectionState = Connecting
2016-01-07 11:16:19.3320 4000 FrameWorkService 10 PMLib-ManageConnection PostMasterLibrary ConnectionState = Connected
2016-01-08 09:22:00.8462 4000 FrameWorkService 10 PMLib-ManageConnection PostMasterLibrary ConnectionState = Disconnected
2016-01-08 09:22:02.9733 4000 FrameWorkService 10 PMLib-ManageConnection PostMasterLibrary ConnectionState = Connecting
2016-01-08 09:22:08.0136 4000 FrameWorkService 10 PMLib-ManageConnection PostMasterLibrary ConnectionState = Connected
2016-01-08 13:25:21.4243 1948 FrameWorkService 1  ********************************************
2016-01-08 13:25:21.4783 1948 FrameWorkService 1  ********************************************
2016-01-08 13:25:21.4783 1948 FrameWorkService 1  Web UI Service Initializing...
2016-01-08 13:25:21.5033 1948 FrameWorkService 1  Web UI Service Initialized.
2016-01-08 13:25:22.3514 1948 FrameWorkService 4  ********************************************
2016-01-08 13:25:22.3514 1948 FrameWorkService 4  Web UI Service Starting...
2016-01-08 13:25:22.3514 1948 FrameWorkService 4  Entered Config.LoadSystemConfig
2016-01-08 13:25:27.0226 1948 FrameWorkService 11 PMLib-ManageConnection PostMasterLibrary ConnectionState = Connecting
2016-01-08 13:25:31.1059 1948 FrameWorkService 4  Entered Config.BuildConnectionString
2016-01-08 13:25:33.0030 1948 FrameWorkService 4  Connection String: metadata="res://*/DbModel.RouteData.csdl|
								res://*/DbModel.RouteData.ssdl|
								res://*/DbModel.RouteData.msl";provider=System.Data.SqlClient;provider connection string='Data Source=APP-SRV\PanaCIM;Initial Catalog=PANACIM;Persist Security Info=True;User ID=cim;Password=cim;MultipleActiveResultSets=True;Application Name="Entity Framework"'
2016-01-08 13:25:33.0030 1948 FrameWorkService 4  Exited Config.BuildConnectionString
2016-01-08 13:25:33.0030 1948 FrameWorkService 4  Entered Config.BuildConnectionString
2016-01-08 13:25:33.0030 1948 FrameWorkService 4  Connection String: Data Source=APP-SRV\PanaCIM;Initial Catalog=PANACIM;Persist Security Info=True;User ID=cim;Password=cim
2016-01-08 13:25:33.0030 1948 FrameWorkService 4  Exited Config.BuildConnectionString
2016-01-08 13:25:33.0030 1948 FrameWorkService 4  Exited Config.LoadSystemConfig
2016-01-08 13:25:35.9831 1948 FrameWorkService 4  Web UI Service URI: http://localhost:8080/
2016-01-08 13:25:36.5452 1948 FrameWorkService 4  Web UI Service Started
2016-01-08 13:25:51.7801 1948 FrameWorkService 11 PMLib-ManageConnection PMListener_Config._pmlConn_OnError PostMasterLibrary Connection error: Failed to connect.
2016-01-08 13:26:55.0876 1948 FrameWorkService 11 PMLib-ManageConnection PMListener_Config._pmlConn_OnError PostMasterLibrary Connection error: Failed to connect.
2016-01-08 13:27:56.0851 1948 FrameWorkService 11 PMLib-ManageConnection PMListener_Config._pmlConn_OnError PostMasterLibrary Connection error: Failed to connect.
2016-01-08 13:28:56.6486 1948 FrameWorkService 11 PMLib-ManageConnection PostMasterLibrary ConnectionState = Connected
2016-01-08 13:56:01.3525 1948 FrameWorkService 11 PMLib-ManageConnection PostMasterLibrary ConnectionState = Disconnected
2016-01-08 13:56:01.5875 1948 FrameWorkService 10  Exception caught in PMListener_Config.Dispose(). Error: Object reference not set to an instance of an object.
2016-01-08 13:56:02.0725 1948 FrameWorkService 10  Web UI Service Stoped
2016-01-08 13:57:14.2347 1168 FrameWorkService 1  ********************************************
2016-01-08 13:57:14.2347 1168 FrameWorkService 1  ********************************************
2016-01-08 13:57:14.2347 1168 FrameWorkService 1  Web UI Service Initializing...
2016-01-08 13:57:14.2717 1168 FrameWorkService 1  Web UI Service Initialized.
2016-01-08 13:57:14.3227 1168 FrameWorkService 4  ********************************************
2016-01-08 13:57:14.3227 1168 FrameWorkService 4  Web UI Service Starting...
2016-01-08 13:57:14.3227 1168 FrameWorkService 4  Entered Config.LoadSystemConfig
2016-01-08 13:57:14.8227 1168 FrameWorkService 11 PMLib-ManageConnection PostMasterLibrary ConnectionState = Connecting
2016-01-08 13:57:15.2127 1168 FrameWorkService 11 PMLib-ManageConnection PostMasterLibrary ConnectionState = Connected
2016-01-08 13:57:15.5657 1168 FrameWorkService 4  Entered Config.BuildConnectionString
2016-01-08 13:57:15.7738 1168 FrameWorkService 4  Connection String: metadata="res://*/DbModel.RouteData.csdl|
								res://*/DbModel.RouteData.ssdl|
								res://*/DbModel.RouteData.msl";provider=System.Data.SqlClient;provider connection string='Data Source=APP-SRV\PanaCIM;Initial Catalog=PANACIM;Persist Security Info=True;User ID=cim;Password=cim;MultipleActiveResultSets=True;Application Name="Entity Framework"'
2016-01-08 13:57:15.7738 1168 FrameWorkService 4  Exited Config.BuildConnectionString
2016-01-08 13:57:15.7738 1168 FrameWorkService 4  Entered Config.BuildConnectionString
2016-01-08 13:57:15.7738 1168 FrameWorkService 4  Connection String: Data Source=APP-SRV\PanaCIM;Initial Catalog=PANACIM;Persist Security Info=True;User ID=cim;Password=cim
2016-01-08 13:57:15.7738 1168 FrameWorkService 4  Exited Config.BuildConnectionString
2016-01-08 13:57:15.7738 1168 FrameWorkService 4  Exited Config.LoadSystemConfig
2016-01-08 13:57:16.7328 1168 FrameWorkService 4  Web UI Service URI: http://localhost:8080/
2016-01-08 13:57:16.7548 1168 FrameWorkService 4  Web UI Service Started
2016-01-08 14:01:25.3170 1168 FrameWorkService 11 PMLib-ManageConnection PostMasterLibrary ConnectionState = Disconnected
2016-01-08 14:01:25.3170 1168 FrameWorkService 11 PMLib-ManageConnection PostMasterLibrary ConnectionState = Connecting
2016-01-08 14:01:26.8491 1168 FrameWorkService 11 PMLib-ManageConnection PMListener_Config._pmlConn_OnError PostMasterLibrary Connection error: Failed to connect.
2016-01-08 14:03:54.4642 2192 FrameWorkService 1  ********************************************
2016-01-08 14:03:54.5182 2192 FrameWorkService 1  ********************************************
2016-01-08 14:03:54.5182 2192 FrameWorkService 1  Web UI Service Initializing...
2016-01-08 14:03:54.5642 2192 FrameWorkService 1  Web UI Service Initialized.
2016-01-08 14:03:55.0632 2192 FrameWorkService 4  ********************************************
2016-01-08 14:03:55.0632 2192 FrameWorkService 4  Web UI Service Starting...
2016-01-08 14:03:55.0632 2192 FrameWorkService 4  Entered Config.LoadSystemConfig
2016-01-08 14:03:56.9243 2192 FrameWorkService 11 PMLib-ManageConnection PostMasterLibrary ConnectionState = Connecting
2016-01-08 14:03:59.1925 2192 FrameWorkService 11 PMLib-ManageConnection PostMasterLibrary ConnectionState = Connected
2016-01-08 14:04:00.6926 2192 FrameWorkService 4  Entered Config.BuildConnectionString
2016-01-08 14:04:02.4107 2192 FrameWorkService 4  Connection String: metadata="res://*/DbModel.RouteData.csdl|
								res://*/DbModel.RouteData.ssdl|
								res://*/DbModel.RouteData.msl";provider=System.Data.SqlClient;provider connection string='Data Source=APP-SRV\PanaCIM;Initial Catalog=PANACIM;Persist Security Info=True;User ID=cim;Password=cim;MultipleActiveResultSets=True;Application Name="Entity Framework"'
2016-01-08 14:04:02.4107 2192 FrameWorkService 4  Exited Config.BuildConnectionString
2016-01-08 14:04:02.4107 2192 FrameWorkService 4  Entered Config.BuildConnectionString
2016-01-08 14:04:02.4107 2192 FrameWorkService 4  Connection String: Data Source=APP-SRV\PanaCIM;Initial Catalog=PANACIM;Persist Security Info=True;User ID=cim;Password=cim
2016-01-08 14:04:02.4107 2192 FrameWorkService 4  Exited Config.BuildConnectionString
2016-01-08 14:04:02.4107 2192 FrameWorkService 4  Exited Config.LoadSystemConfig
2016-01-08 14:04:05.7558 2192 FrameWorkService 4  Web UI Service URI: http://localhost:8080/
2016-01-08 14:04:05.8008 2192 FrameWorkService 4  Web UI Service Started
2016-01-14 09:18:50.6104 2192 FrameWorkService 11 PMLib-ManageConnection PostMasterLibrary ConnectionState = Disconnected
2016-01-14 09:18:51.2595 2192 FrameWorkService 11 PMLib-ManageConnection PostMasterLibrary ConnectionState = Connecting
2016-01-14 09:18:58.8079 2192 FrameWorkService 11 PMLib-ManageConnection PostMasterLibrary ConnectionState = Connected
2016-01-14 16:48:35.5925 2192 FrameWorkService 11 PMLib-ManageConnection PostMasterLibrary ConnectionState = Disconnected
2016-01-14 16:48:35.6255 2192 FrameWorkService 11 PMLib-ManageConnection PostMasterLibrary ConnectionState = Connecting
2016-01-14 16:48:40.9178 2192 FrameWorkService 11 PMLib-ManageConnection PMListener_Config._pmlConn_OnError PostMasterLibrary Connection error: Failed to connect.
2016-01-14 16:49:41.9923 2192 FrameWorkService 11 PMLib-ManageConnection PMListener_Config._pmlConn_OnError PostMasterLibrary Connection error: Failed to connect.
2016-01-14 16:50:29.4220 2192 FrameWorkService 11 PMLib-ManageConnection PostMasterLibrary ConnectionState = Disconnected
2016-01-14 16:50:30.5811 2192 FrameWorkService 8  Exception caught in PMListener_Config.Dispose(). Error: Object reference not set to an instance of an object.
2016-01-14 16:50:36.5075 2192 FrameWorkService 8  Web UI Service Stoped
2016-01-14 17:16:34.7146 1816 FrameWorkService 1  ********************************************
2016-01-14 17:16:34.8266 1816 FrameWorkService 1  ********************************************
2016-01-14 17:16:34.8636 1816 FrameWorkService 1  Web UI Service Initializing...
2016-01-14 17:16:34.9876 1816 FrameWorkService 1  Web UI Service Initialized.
2016-01-14 17:16:36.2497 1816 FrameWorkService 4  ********************************************
2016-01-14 17:16:36.2497 1816 FrameWorkService 4  Web UI Service Starting...
2016-01-14 17:16:36.2497 1816 FrameWorkService 4  Entered Config.LoadSystemConfig
2016-01-14 17:16:36.8227 1816 FrameWorkService 4  Entered Config.BuildConnectionString
2016-01-14 17:16:36.9667 1816 FrameWorkService 9 PMLib-ManageConnection PostMasterLibrary ConnectionState = Connecting
2016-01-14 17:16:37.7338 1816 FrameWorkService 4  Connection String: metadata="res://*/DbModel.RouteData.csdl|
								res://*/DbModel.RouteData.ssdl|
								res://*/DbModel.RouteData.msl";provider=System.Data.SqlClient;provider connection string='Data Source=APP-SRV\PanaCIM;Initial Catalog=PANACIM;Persist Security Info=True;User ID=cim;Password=cim;MultipleActiveResultSets=True;Application Name="Entity Framework"'
2016-01-14 17:16:37.7338 1816 FrameWorkService 4  Exited Config.BuildConnectionString
2016-01-14 17:16:37.7338 1816 FrameWorkService 4  Entered Config.BuildConnectionString
2016-01-14 17:16:37.7338 1816 FrameWorkService 4  Connection String: Data Source=APP-SRV\PanaCIM;Initial Catalog=PANACIM;Persist Security Info=True;User ID=cim;Password=cim
2016-01-14 17:16:37.7338 1816 FrameWorkService 4  Exited Config.BuildConnectionString
2016-01-14 17:16:37.7338 1816 FrameWorkService 4  Exited Config.LoadSystemConfig
2016-01-14 17:16:39.3588 1816 FrameWorkService 9 PMLib-ManageConnection PMListener_Config._pmlConn_OnError PostMasterLibrary Connection error: Failed to connect.
2016-01-14 17:16:41.6790 1816 FrameWorkService 4  Web UI Service URI: http://localhost:8080/
2016-01-14 17:16:48.5254 1816 FrameWorkService 4  Web UI Service Started
2016-01-14 17:17:40.3613 1816 FrameWorkService 9 PMLib-ManageConnection PMListener_Config._pmlConn_OnError PostMasterLibrary Connection error: Failed to connect.
2016-01-14 17:18:41.3618 1816 FrameWorkService 9 PMLib-ManageConnection PMListener_Config._pmlConn_OnError PostMasterLibrary Connection error: Failed to connect.
2016-01-14 17:19:42.3633 1816 FrameWorkService 9 PMLib-ManageConnection PMListener_Config._pmlConn_OnError PostMasterLibrary Connection error: Failed to connect.
2016-01-14 17:20:43.3678 1816 FrameWorkService 9 PMLib-ManageConnection PMListener_Config._pmlConn_OnError PostMasterLibrary Connection error: Failed to connect.
2016-01-14 17:21:44.3633 1816 FrameWorkService 9 PMLib-ManageConnection PMListener_Config._pmlConn_OnError PostMasterLibrary Connection error: Failed to connect.
2016-01-14 17:22:45.8918 1816 FrameWorkService 9 PMLib-ManageConnection PMListener_Config._pmlConn_OnError PostMasterLibrary Connection error: Failed to connect.
2016-01-14 17:23:46.9003 1816 FrameWorkService 9 PMLib-ManageConnection PMListener_Config._pmlConn_OnError PostMasterLibrary Connection error: Failed to connect.
2016-01-14 17:24:47.9018 1816 FrameWorkService 9 PMLib-ManageConnection PMListener_Config._pmlConn_OnError PostMasterLibrary Connection error: Failed to connect.
2016-01-14 17:25:48.9033 1816 FrameWorkService 9 PMLib-ManageConnection PMListener_Config._pmlConn_OnError PostMasterLibrary Connection error: Failed to connect.
2016-01-14 17:27:09.9049 1816 FrameWorkService 9 PMLib-ManageConnection PMListener_Config._pmlConn_OnError PostMasterLibrary Connection error: Failed to connect.
2016-01-14 17:28:30.9025 1816 FrameWorkService 9 PMLib-ManageConnection PMListener_Config._pmlConn_OnError PostMasterLibrary Connection error: Failed to connect.
2016-01-14 17:29:31.9090 1816 FrameWorkService 9 PMLib-ManageConnection PMListener_Config._pmlConn_OnError PostMasterLibrary Connection error: Failed to connect.
2016-01-14 17:31:05.9764 1816 FrameWorkService 9 PMLib-ManageConnection PostMasterLibrary ConnectionState = Connected
2016-01-19 10:20:19.3429 1816 FrameWorkService 9 PMLib-ManageConnection PostMasterLibrary ConnectionState = Disconnected
2016-01-19 10:20:19.4309 1816 FrameWorkService 9 PMLib-ManageConnection PostMasterLibrary ConnectionState = Connecting
2016-01-19 10:20:45.1593 1816 FrameWorkService 9 PMLib-ManageConnection PMListener_Config._pmlConn_OnError PostMasterLibrary Connection error: Failed to connect.
2016-01-19 10:22:06.1600 1816 FrameWorkService 9 PMLib-ManageConnection PMListener_Config._pmlConn_OnError PostMasterLibrary Connection error: Failed to connect.
2016-01-19 10:23:27.1626 1816 FrameWorkService 9 PMLib-ManageConnection PMListener_Config._pmlConn_OnError PostMasterLibrary Connection error: Failed to connect.
2016-01-19 10:24:48.1642 1816 FrameWorkService 9 PMLib-ManageConnection PMListener_Config._pmlConn_OnError PostMasterLibrary Connection error: Failed to connect.
2016-01-19 10:26:09.1679 1816 FrameWorkService 9 PMLib-ManageConnection PMListener_Config._pmlConn_OnError PostMasterLibrary Connection error: Failed to connect.
2016-01-19 10:27:30.1675 1816 FrameWorkService 9 PMLib-ManageConnection PMListener_Config._pmlConn_OnError PostMasterLibrary Connection error: Failed to connect.
2016-01-19 10:28:51.1711 1816 FrameWorkService 9 PMLib-ManageConnection PMListener_Config._pmlConn_OnError PostMasterLibrary Connection error: Failed to connect.
2016-01-19 10:30:12.1708 1816 FrameWorkService 9 PMLib-ManageConnection PMListener_Config._pmlConn_OnError PostMasterLibrary Connection error: Failed to connect.
2016-01-19 10:31:33.1744 1816 FrameWorkService 9 PMLib-ManageConnection PMListener_Config._pmlConn_OnError PostMasterLibrary Connection error: Failed to connect.
2016-01-19 10:32:54.1770 1816 FrameWorkService 9 PMLib-ManageConnection PMListener_Config._pmlConn_OnError PostMasterLibrary Connection error: Failed to connect.
2016-01-19 10:34:15.1797 1816 FrameWorkService 9 PMLib-ManageConnection PMListener_Config._pmlConn_OnError PostMasterLibrary Connection error: Failed to connect.
2016-01-19 10:35:36.1903 1816 FrameWorkService 9 PMLib-ManageConnection PMListener_Config._pmlConn_OnError PostMasterLibrary Connection error: Failed to connect.
2016-01-19 10:36:57.1939 1816 FrameWorkService 9 PMLib-ManageConnection PMListener_Config._pmlConn_OnError PostMasterLibrary Connection error: Failed to connect.
2016-01-19 10:38:18.1966 1816 FrameWorkService 9 PMLib-ManageConnection PMListener_Config._pmlConn_OnError PostMasterLibrary Connection error: Failed to connect.
2016-01-19 10:39:39.2072 1816 FrameWorkService 9 PMLib-ManageConnection PMListener_Config._pmlConn_OnError PostMasterLibrary Connection error: Failed to connect.
2016-01-19 10:41:00.2158 1816 FrameWorkService 9 PMLib-ManageConnection PMListener_Config._pmlConn_OnError PostMasterLibrary Connection error: Failed to connect.
2016-01-19 10:42:21.2125 1816 FrameWorkService 9 PMLib-ManageConnection PMListener_Config._pmlConn_OnError PostMasterLibrary Connection error: Failed to connect.
2016-01-19 10:43:42.2721 1816 FrameWorkService 9 PMLib-ManageConnection PMListener_Config._pmlConn_OnError PostMasterLibrary Connection error: Failed to connect.
2016-01-19 10:45:03.3287 1816 FrameWorkService 9 PMLib-ManageConnection PMListener_Config._pmlConn_OnError PostMasterLibrary Connection error: Failed to connect.
2016-01-19 10:46:24.3444 1816 FrameWorkService 9 PMLib-ManageConnection PMListener_Config._pmlConn_OnError PostMasterLibrary Connection error: Failed to connect.
2016-01-19 10:47:45.3450 1816 FrameWorkService 9 PMLib-ManageConnection PMListener_Config._pmlConn_OnError PostMasterLibrary Connection error: Failed to connect.
2016-01-19 10:49:06.3567 1816 FrameWorkService 9 PMLib-ManageConnection PMListener_Config._pmlConn_OnError PostMasterLibrary Connection error: Failed to connect.
2016-01-19 10:50:27.3523 1816 FrameWorkService 9 PMLib-ManageConnection PMListener_Config._pmlConn_OnError PostMasterLibrary Connection error: Failed to connect.
2016-01-19 10:51:48.3569 1816 FrameWorkService 9 PMLib-ManageConnection PMListener_Config._pmlConn_OnError PostMasterLibrary Connection error: Failed to connect.
2016-01-19 10:53:09.3655 1816 FrameWorkService 9 PMLib-ManageConnection PMListener_Config._pmlConn_OnError PostMasterLibrary Connection error: Failed to connect.
2016-01-19 10:54:30.3682 1816 FrameWorkService 9 PMLib-ManageConnection PMListener_Config._pmlConn_OnError PostMasterLibrary Connection error: Failed to connect.
2016-01-19 10:55:51.3688 1816 FrameWorkService 9 PMLib-ManageConnection PMListener_Config._pmlConn_OnError PostMasterLibrary Connection error: Failed to connect.
2016-01-19 10:57:12.3774 1816 FrameWorkService 9 PMLib-ManageConnection PMListener_Config._pmlConn_OnError PostMasterLibrary Connection error: Failed to connect.
2016-01-19 10:58:33.3781 1816 FrameWorkService 9 PMLib-ManageConnection PMListener_Config._pmlConn_OnError PostMasterLibrary Connection error: Failed to connect.
2016-01-19 10:59:54.3757 1816 FrameWorkService 9 PMLib-ManageConnection PMListener_Config._pmlConn_OnError PostMasterLibrary Connection error: Failed to connect.
2016-01-19 11:01:15.3773 1816 FrameWorkService 9 PMLib-ManageConnection PMListener_Config._pmlConn_OnError PostMasterLibrary Connection error: Failed to connect.
2016-01-19 11:02:36.3740 1816 FrameWorkService 9 PMLib-ManageConnection PMListener_Config._pmlConn_OnError PostMasterLibrary Connection error: Failed to connect.
2016-01-19 11:03:57.3746 1816 FrameWorkService 9 PMLib-ManageConnection PMListener_Config._pmlConn_OnError PostMasterLibrary Connection error: Failed to connect.
2016-01-19 11:05:18.3772 1816 FrameWorkService 9 PMLib-ManageConnection PMListener_Config._pmlConn_OnError PostMasterLibrary Connection error: Failed to connect.
2016-01-19 11:06:39.3749 1816 FrameWorkService 9 PMLib-ManageConnection PMListener_Config._pmlConn_OnError PostMasterLibrary Connection error: Failed to connect.
2016-01-19 11:08:00.3745 1816 FrameWorkService 9 PMLib-ManageConnection PMListener_Config._pmlConn_OnError PostMasterLibrary Connection error: Failed to connect.
2016-01-19 11:09:21.3771 1816 FrameWorkService 9 PMLib-ManageConnection PMListener_Config._pmlConn_OnError PostMasterLibrary Connection error: Failed to connect.
2016-01-19 11:10:42.4218 1816 FrameWorkService 9 PMLib-ManageConnection PMListener_Config._pmlConn_OnError PostMasterLibrary Connection error: Failed to connect.
2016-01-19 11:12:03.4304 1816 FrameWorkService 9 PMLib-ManageConnection PMListener_Config._pmlConn_OnError PostMasterLibrary Connection error: Failed to connect.
2016-01-19 11:13:24.4690 1816 FrameWorkService 9 PMLib-ManageConnection PMListener_Config._pmlConn_OnError PostMasterLibrary Connection error: Failed to connect.
2016-01-19 11:14:45.4767 1816 FrameWorkService 9 PMLib-ManageConnection PMListener_Config._pmlConn_OnError PostMasterLibrary Connection error: Failed to connect.
2016-01-19 11:16:06.5353 1816 FrameWorkService 9 PMLib-ManageConnection PMListener_Config._pmlConn_OnError PostMasterLibrary Connection error: Failed to connect.
2016-01-19 11:17:27.5850 1816 FrameWorkService 9 PMLib-ManageConnection PMListener_Config._pmlConn_OnError PostMasterLibrary Connection error: Failed to connect.
2016-01-19 11:18:48.6316 1816 FrameWorkService 9 PMLib-ManageConnection PMListener_Config._pmlConn_OnError PostMasterLibrary Connection error: Failed to connect.
2016-01-19 11:20:09.6402 1816 FrameWorkService 9 PMLib-ManageConnection PMListener_Config._pmlConn_OnError PostMasterLibrary Connection error: Failed to connect.
2016-01-19 11:21:30.6849 1816 FrameWorkService 9 PMLib-ManageConnection PMListener_Config._pmlConn_OnError PostMasterLibrary Connection error: Failed to connect.
2016-01-19 11:22:51.6905 1816 FrameWorkService 9 PMLib-ManageConnection PMListener_Config._pmlConn_OnError PostMasterLibrary Connection error: Failed to connect.
2016-01-19 11:24:12.7561 1816 FrameWorkService 9 PMLib-ManageConnection PMListener_Config._pmlConn_OnError PostMasterLibrary Connection error: Failed to connect.
2016-01-19 11:25:33.8508 1816 FrameWorkService 9 PMLib-ManageConnection PMListener_Config._pmlConn_OnError PostMasterLibrary Connection error: Failed to connect.
2016-01-19 11:26:54.9034 1816 FrameWorkService 9 PMLib-ManageConnection PMListener_Config._pmlConn_OnError PostMasterLibrary Connection error: Failed to connect.
2016-01-19 11:28:15.9430 1816 FrameWorkService 9 PMLib-ManageConnection PMListener_Config._pmlConn_OnError PostMasterLibrary Connection error: Failed to connect.
2016-01-19 11:29:36.9507 1816 FrameWorkService 9 PMLib-ManageConnection PMListener_Config._pmlConn_OnError PostMasterLibrary Connection error: Failed to connect.
2016-01-19 11:30:58.0523 1816 FrameWorkService 9 PMLib-ManageConnection PMListener_Config._pmlConn_OnError PostMasterLibrary Connection error: Failed to connect.
2016-01-20 05:22:14.6837 1816 FrameWorkService 9 PMLib-ManageConnection PostMasterLibrary ConnectionState = Connected
2016-01-20 07:01:52.5291 1816 FrameWorkService 9 PMLib-ManageConnection PostMasterLibrary ConnectionState = Disconnected
2016-01-20 07:01:52.5291 1816 FrameWorkService 9 PMLib-ManageConnection PostMasterLibrary ConnectionState = Connecting
2016-01-20 07:02:13.5253 1816 FrameWorkService 9 PMLib-ManageConnection PMListener_Config._pmlConn_OnError PostMasterLibrary Connection error: Failed to connect.
2016-01-20 07:03:30.0426 1816 FrameWorkService 9 PMLib-ManageConnection PostMasterLibrary ConnectionState = Connected
2016-01-20 07:08:12.8218 1816 FrameWorkService 9 PMLib-ManageConnection PostMasterLibrary ConnectionState = Disconnected
2016-01-20 07:08:12.8218 1816 FrameWorkService 9 PMLib-ManageConnection PostMasterLibrary ConnectionState = Connecting
2016-01-20 07:08:13.8199 1816 FrameWorkService 9 PMLib-ManageConnection PMListener_Config._pmlConn_OnError PostMasterLibrary Connection error: Failed to connect.
2016-01-20 07:09:13.9593 1816 FrameWorkService 9 PMLib-ManageConnection PostMasterLibrary ConnectionState = Connected
2016-01-20 08:41:16.8802 1816 FrameWorkService 9 PMLib-ManageConnection PostMasterLibrary ConnectionState = Disconnected
2016-01-20 08:41:16.9022 1816 FrameWorkService 9 PMLib-ManageConnection PostMasterLibrary ConnectionState = Connecting
2016-01-20 08:41:25.0657 1816 FrameWorkService 9 PMLib-ManageConnection PMListener_Config._pmlConn_OnError PostMasterLibrary Connection error: Did not receive successfuly translated request response message.
2016-01-20 08:41:25.9917 1816 FrameWorkService 9 PMLib-ManageConnection PMListener_Config._pmlConn_OnError PostMasterLibrary Connection error: Failed to connect.
2016-01-20 08:42:26.1452 1816 FrameWorkService 9 PMLib-ManageConnection PostMasterLibrary ConnectionState = Connected
2016-01-26 09:03:32.3852 1816 FrameWorkService 9 PMLib-ManageConnection PostMasterLibrary ConnectionState = Disconnected
2016-01-26 09:03:32.4833 1816 FrameWorkService 9 PMLib-ManageConnection PostMasterLibrary ConnectionState = Connecting
2016-01-26 09:03:46.1190 1816 FrameWorkService 9 PMLib-ManageConnection PostMasterLibrary ConnectionState = Connected
2016-02-08 09:38:00.0861 1816 FrameWorkService 9 PMLib-ManageConnection PostMasterLibrary ConnectionState = Disconnected
2016-02-08 09:38:00.5591 1816 FrameWorkService 9 PMLib-ManageConnection PostMasterLibrary ConnectionState = Connecting
2016-02-08 09:38:09.6736 1816 FrameWorkService 9 PMLib-ManageConnection PostMasterLibrary ConnectionState = Connected
2016-02-08 09:46:34.8885 1816 FrameWorkService 9 PMLib-ManageConnection PostMasterLibrary ConnectionState = Disconnected
2016-02-08 09:46:34.8885 1816 FrameWorkService 9 PMLib-ManageConnection PostMasterLibrary ConnectionState = Connecting
2016-02-08 09:49:18.8134 656 FrameWorkService 1  ********************************************
2016-02-08 09:49:18.8554 656 FrameWorkService 1  ********************************************
2016-02-08 09:49:18.8554 656 FrameWorkService 1  Web UI Service Initializing...
2016-02-08 09:49:18.8884 656 FrameWorkService 1  Web UI Service Initialized.
2016-02-08 09:49:21.3495 656 FrameWorkService 4  ********************************************
2016-02-08 09:49:21.3495 656 FrameWorkService 4  Web UI Service Starting...
2016-02-08 09:49:21.3495 656 FrameWorkService 4  Entered Config.LoadSystemConfig
2016-02-08 09:49:23.9307 656 FrameWorkService 11 PMLib-ManageConnection PostMasterLibrary ConnectionState = Connecting
2016-02-08 09:49:25.5908 656 FrameWorkService 11 PMLib-ManageConnection PostMasterLibrary ConnectionState = Connected
2016-02-08 09:49:27.0048 656 FrameWorkService 4  Entered Config.BuildConnectionString
2016-02-08 09:49:28.6389 656 FrameWorkService 4  Connection String: metadata="res://*/DbModel.RouteData.csdl|
								res://*/DbModel.RouteData.ssdl|
								res://*/DbModel.RouteData.msl";provider=System.Data.SqlClient;provider connection string='Data Source=APP-SRV\PanaCIM;Initial Catalog=PANACIM;Persist Security Info=True;User ID=cim;Password=cim;MultipleActiveResultSets=True;Application Name="Entity Framework"'
2016-02-08 09:49:28.6389 656 FrameWorkService 4  Exited Config.BuildConnectionString
2016-02-08 09:49:28.6389 656 FrameWorkService 4  Entered Config.BuildConnectionString
2016-02-08 09:49:28.6389 656 FrameWorkService 4  Connection String: Data Source=APP-SRV\PanaCIM;Initial Catalog=PANACIM;Persist Security Info=True;User ID=cim;Password=cim
2016-02-08 09:49:28.6389 656 FrameWorkService 4  Exited Config.BuildConnectionString
2016-02-08 09:49:28.6389 656 FrameWorkService 4  Exited Config.LoadSystemConfig
2016-02-08 09:49:34.4303 656 FrameWorkService 4  Web UI Service URI: http://localhost:8080/
2016-02-08 09:49:34.5623 656 FrameWorkService 4  Web UI Service Started
2016-02-08 14:26:54.3701 656 FrameWorkService 11 PMLib-ManageConnection PostMasterLibrary ConnectionState = Disconnected
2016-02-08 14:26:54.5871 656 FrameWorkService 11 PMLib-ManageConnection PostMasterLibrary ConnectionState = Connecting
2016-02-08 14:26:57.2142 656 FrameWorkService 11 PMLib-ManageConnection PostMasterLibrary ConnectionState = Connected
2016-02-08 14:37:39.8300 656 FrameWorkService 11 PMLib-ManageConnection PostMasterLibrary ConnectionState = Disconnected
2016-02-08 14:37:39.8300 656 FrameWorkService 11 PMLib-ManageConnection PostMasterLibrary ConnectionState = Connecting
2016-02-08 14:37:44.3232 656 FrameWorkService 11 PMLib-ManageConnection PMListener_Config._pmlConn_OnError PostMasterLibrary Connection error: Failed to connect.
2016-02-08 14:38:45.3357 656 FrameWorkService 11 PMLib-ManageConnection PMListener_Config._pmlConn_OnError PostMasterLibrary Connection error: Failed to connect.
2016-02-08 14:39:04.0308 656 FrameWorkService 11 PMLib-ManageConnection PostMasterLibrary ConnectionState = Disconnected
2016-02-08 14:39:05.5849 656 FrameWorkService 8  Exception caught in PMListener_Config.Dispose(). Error: Object reference not set to an instance of an object.
2016-02-08 14:39:14.9994 656 FrameWorkService 8  Web UI Service Stoped
2016-02-08 15:00:31.4974 4692 FrameWorkService 1  ********************************************
2016-02-08 15:00:31.6025 4692 FrameWorkService 1  ********************************************
2016-02-08 15:00:31.6225 4692 FrameWorkService 1  Web UI Service Initializing...
2016-02-08 15:00:31.6385 4692 FrameWorkService 1  Web UI Service Initialized.
2016-02-08 15:00:33.5426 4692 FrameWorkService 4  ********************************************
2016-02-08 15:00:33.5426 4692 FrameWorkService 4  Web UI Service Starting...
2016-02-08 15:00:33.5426 4692 FrameWorkService 4  Entered Config.LoadSystemConfig
2016-02-08 15:00:34.4596 4692 FrameWorkService 10 PMLib-ManageConnection PostMasterLibrary ConnectionState = Connecting
2016-02-08 15:00:34.6356 4692 FrameWorkService 4  Entered Config.BuildConnectionString
2016-02-08 15:00:36.3217 4692 FrameWorkService 4  Connection String: metadata="res://*/DbModel.RouteData.csdl|
								res://*/DbModel.RouteData.ssdl|
								res://*/DbModel.RouteData.msl";provider=System.Data.SqlClient;provider connection string='Data Source=APP-SRV\PanaCIM;Initial Catalog=PANACIM;Persist Security Info=True;User ID=cim;Password=cim;MultipleActiveResultSets=True;Application Name="Entity Framework"'
2016-02-08 15:00:36.3217 4692 FrameWorkService 4  Exited Config.BuildConnectionString
2016-02-08 15:00:36.3217 4692 FrameWorkService 4  Entered Config.BuildConnectionString
2016-02-08 15:00:36.3217 4692 FrameWorkService 4  Connection String: Data Source=APP-SRV\PanaCIM;Initial Catalog=PANACIM;Persist Security Info=True;User ID=cim;Password=cim
2016-02-08 15:00:36.3217 4692 FrameWorkService 4  Exited Config.BuildConnectionString
2016-02-08 15:00:36.3217 4692 FrameWorkService 4  Exited Config.LoadSystemConfig
2016-02-08 15:00:37.8448 4692 FrameWorkService 10 PMLib-ManageConnection PMListener_Config._pmlConn_OnError PostMasterLibrary Connection error: Failed to connect.
2016-02-08 15:00:40.3890 4692 FrameWorkService 4  Web UI Service URI: http://localhost:8080/
2016-02-08 15:00:51.5726 4692 FrameWorkService 4  Web UI Service Started
2016-02-08 15:01:38.8483 4692 FrameWorkService 10 PMLib-ManageConnection PMListener_Config._pmlConn_OnError PostMasterLibrary Connection error: Failed to connect.
2016-02-08 15:02:39.8518 4692 FrameWorkService 10 PMLib-ManageConnection PMListener_Config._pmlConn_OnError PostMasterLibrary Connection error: Failed to connect.
2016-02-08 15:03:40.8563 4692 FrameWorkService 10 PMLib-ManageConnection PMListener_Config._pmlConn_OnError PostMasterLibrary Connection error: Failed to connect.
2016-02-08 15:04:41.9458 4692 FrameWorkService 10 PMLib-ManageConnection PMListener_Config._pmlConn_OnError PostMasterLibrary Connection error: Failed to connect.
2016-02-08 15:05:42.9593 4692 FrameWorkService 10 PMLib-ManageConnection PMListener_Config._pmlConn_OnError PostMasterLibrary Connection error: Failed to connect.
2016-02-08 15:06:43.9538 4692 FrameWorkService 10 PMLib-ManageConnection PMListener_Config._pmlConn_OnError PostMasterLibrary Connection error: Failed to connect.
2016-02-08 15:07:44.9622 4692 FrameWorkService 10 PMLib-ManageConnection PMListener_Config._pmlConn_OnError PostMasterLibrary Connection error: Failed to connect.
2016-02-08 15:08:45.9627 4692 FrameWorkService 10 PMLib-ManageConnection PMListener_Config._pmlConn_OnError PostMasterLibrary Connection error: Failed to connect.
2016-02-08 15:09:46.9712 4692 FrameWorkService 10 PMLib-ManageConnection PMListener_Config._pmlConn_OnError PostMasterLibrary Connection error: Failed to connect.
2016-02-08 15:10:47.9777 4692 FrameWorkService 10 PMLib-ManageConnection PMListener_Config._pmlConn_OnError PostMasterLibrary Connection error: Failed to connect.
2016-02-08 15:11:48.9782 4692 FrameWorkService 10 PMLib-ManageConnection PMListener_Config._pmlConn_OnError PostMasterLibrary Connection error: Failed to connect.
2016-02-08 15:13:09.9758 4692 FrameWorkService 10 PMLib-ManageConnection PMListener_Config._pmlConn_OnError PostMasterLibrary Connection error: Failed to connect.
2016-02-08 15:14:30.9765 4692 FrameWorkService 10 PMLib-ManageConnection PMListener_Config._pmlConn_OnError PostMasterLibrary Connection error: Failed to connect.
2016-02-08 15:15:31.9800 4692 FrameWorkService 10 PMLib-ManageConnection PMListener_Config._pmlConn_OnError PostMasterLibrary Connection error: Failed to connect.
2016-02-08 15:16:37.5687 4692 FrameWorkService 10 PMLib-ManageConnection PostMasterLibrary ConnectionState = Connected
2016-02-08 18:23:04.3526 4692 FrameWorkService 10 PMLib-ManageConnection PostMasterLibrary ConnectionState = Disconnected
2016-02-08 18:23:04.3526 4692 FrameWorkService 10 PMLib-ManageConnection PostMasterLibrary ConnectionState = Connecting
2016-02-08 18:23:05.3506 4692 FrameWorkService 10 PMLib-ManageConnection PMListener_Config._pmlConn_OnError PostMasterLibrary Connection error: Failed to connect.
2016-02-08 18:24:05.4600 4692 FrameWorkService 10 PMLib-ManageConnection PostMasterLibrary ConnectionState = Connected
2016-02-09 13:21:16.5353 4692 FrameWorkService 10 PMLib-ManageConnection PostMasterLibrary ConnectionState = Disconnected
2016-02-09 13:21:16.6063 4692 FrameWorkService 10 PMLib-ManageConnection PostMasterLibrary ConnectionState = Connecting
2016-02-09 13:21:21.6316 4692 FrameWorkService 10 PMLib-ManageConnection PMListener_Config._pmlConn_OnError PostMasterLibrary Connection error: Failed to connect.
2016-02-09 13:22:22.8321 4692 FrameWorkService 10 PMLib-ManageConnection PMListener_Config._pmlConn_OnError PostMasterLibrary Connection error: Failed to connect.
2016-02-09 13:25:09.2237 1820 FrameWorkService 1  ********************************************
2016-02-09 13:25:09.3697 1820 FrameWorkService 1  ********************************************
2016-02-09 13:25:09.3697 1820 FrameWorkService 1  Web UI Service Initializing...
2016-02-09 13:25:09.4387 1820 FrameWorkService 1  Web UI Service Initialized.
2016-02-09 13:25:12.1009 1820 FrameWorkService 4  ********************************************
2016-02-09 13:25:12.1009 1820 FrameWorkService 4  Web UI Service Starting...
2016-02-09 13:25:12.1009 1820 FrameWorkService 4  Entered Config.LoadSystemConfig
2016-02-09 13:25:13.8940 1820 FrameWorkService 11 PMLib-ManageConnection PostMasterLibrary ConnectionState = Connecting
2016-02-09 13:25:16.2261 1820 FrameWorkService 11 PMLib-ManageConnection PMListener_Config._pmlConn_OnError PostMasterLibrary Connection error: Failed to connect.
2016-02-09 13:25:16.5061 1820 FrameWorkService 4  Entered Config.BuildConnectionString
2016-02-09 13:25:18.2812 1820 FrameWorkService 4  Connection String: metadata="res://*/DbModel.RouteData.csdl|
								res://*/DbModel.RouteData.ssdl|
								res://*/DbModel.RouteData.msl";provider=System.Data.SqlClient;provider connection string='Data Source=APP-SRV\PanaCIM;Initial Catalog=PANACIM;Persist Security Info=True;User ID=cim;Password=cim;MultipleActiveResultSets=True;Application Name="Entity Framework"'
2016-02-09 13:25:18.2812 1820 FrameWorkService 4  Exited Config.BuildConnectionString
2016-02-09 13:25:18.2812 1820 FrameWorkService 4  Entered Config.BuildConnectionString
2016-02-09 13:25:18.2812 1820 FrameWorkService 4  Connection String: Data Source=APP-SRV\PanaCIM;Initial Catalog=PANACIM;Persist Security Info=True;User ID=cim;Password=cim
2016-02-09 13:25:18.2812 1820 FrameWorkService 4  Exited Config.BuildConnectionString
2016-02-09 13:25:18.2812 1820 FrameWorkService 4  Exited Config.LoadSystemConfig
2016-02-09 13:25:21.9244 1820 FrameWorkService 4  Web UI Service URI: http://localhost:8080/
2016-02-09 13:25:22.0604 1820 FrameWorkService 4  Web UI Service Started
2016-02-09 13:26:16.9392 1820 FrameWorkService 11 PMLib-ManageConnection PMListener_Config._pmlConn_OnError PostMasterLibrary Connection error: Failed to connect.
2016-02-09 13:27:18.7267 1820 FrameWorkService 11 PMLib-ManageConnection PostMasterLibrary ConnectionState = Connected
2016-02-09 16:13:38.4795 1820 FrameWorkService 11 PMLib-ManageConnection PostMasterLibrary ConnectionState = Disconnected
2016-02-09 16:13:38.5235 1820 FrameWorkService 11 PMLib-ManageConnection PostMasterLibrary ConnectionState = Connecting
2016-02-09 16:13:40.9937 1820 FrameWorkService 11 PMLib-ManageConnection PMListener_Config._pmlConn_OnError PostMasterLibrary Connection error: Failed to connect.
2016-02-09 16:16:48.9385 2008 FrameWorkService 1  ********************************************
2016-02-09 16:16:49.4335 2008 FrameWorkService 1  ********************************************
2016-02-09 16:16:49.4335 2008 FrameWorkService 1  Web UI Service Initializing...
2016-02-09 16:16:49.4805 2008 FrameWorkService 1  Web UI Service Initialized.
2016-02-09 16:16:54.0808 2008 FrameWorkService 7  ********************************************
2016-02-09 16:16:54.0808 2008 FrameWorkService 7  Web UI Service Starting...
2016-02-09 16:16:54.0808 2008 FrameWorkService 7  Entered Config.LoadSystemConfig
2016-02-09 16:16:56.0629 2008 FrameWorkService 11 PMLib-ManageConnection PostMasterLibrary ConnectionState = Connecting
2016-02-09 16:16:59.6881 2008 FrameWorkService 11 PMLib-ManageConnection PMListener_Config._pmlConn_OnError PostMasterLibrary Connection error: Failed to connect.
2016-02-09 16:17:00.1791 2008 FrameWorkService 7  Entered Config.BuildConnectionString
2016-02-09 16:17:03.1723 2008 FrameWorkService 7  Connection String: metadata="res://*/DbModel.RouteData.csdl|
								res://*/DbModel.RouteData.ssdl|
								res://*/DbModel.RouteData.msl";provider=System.Data.SqlClient;provider connection string='Data Source=APP-SRV\PanaCIM;Initial Catalog=PANACIM;Persist Security Info=True;User ID=cim;Password=cim;MultipleActiveResultSets=True;Application Name="Entity Framework"'
2016-02-09 16:17:03.1723 2008 FrameWorkService 7  Exited Config.BuildConnectionString
2016-02-09 16:17:03.1723 2008 FrameWorkService 7  Entered Config.BuildConnectionString
2016-02-09 16:17:03.1723 2008 FrameWorkService 7  Connection String: Data Source=APP-SRV\PanaCIM;Initial Catalog=PANACIM;Persist Security Info=True;User ID=cim;Password=cim
2016-02-09 16:17:03.1723 2008 FrameWorkService 7  Exited Config.BuildConnectionString
2016-02-09 16:17:03.1723 2008 FrameWorkService 7  Exited Config.LoadSystemConfig
2016-02-09 16:17:10.6527 2008 FrameWorkService 7  Web UI Service URI: http://localhost:8080/
2016-02-09 16:17:10.8147 2008 FrameWorkService 7  Web UI Service Started
2016-02-09 16:18:05.6532 2008 FrameWorkService 11 PMLib-ManageConnection PostMasterLibrary ConnectionState = Connected
