14/01/2016 18:06:49 - DB Cleanup Start
14/01/2016 18:06:50 - Database Server: APP-SRV\PanaCIM
14/01/2016 18:06:50 - Database Name: PanaCIM
14/01/2016 18:06:51 - DB Cleanup Start For Production
14/01/2016 18:06:54 - deleting files in C:\BACKUPDB
14/01/2016 18:06:57 - Deleting Backup File: C:\BACKUPDB\PanaCIM_2015.12.21_09.20.00_LOG.bak
14/01/2016 18:06:57 - Deleted Backup File: C:\BACKUPDB\PanaCIM_2015.12.21_09.20.00_LOG.bak
14/01/2016 18:06:57 - Deleting Backup File: C:\BACKUPDB\PanaCIM_2015.12.21_09.30.00_LOG.bak
14/01/2016 18:06:57 - Deleted Backup File: C:\BACKUPDB\PanaCIM_2015.12.21_09.30.00_LOG.bak
14/01/2016 18:06:57 - Deleting Backup File: C:\BACKUPDB\PanaCIM_2015.12.21_09.40.00_LOG.bak
14/01/2016 18:06:57 - Deleted Backup File: C:\BACKUPDB\PanaCIM_2015.12.21_09.40.00_LOG.bak
14/01/2016 18:06:57 - Deleting Backup File: C:\BACKUPDB\PanaCIM_2015.12.21_09.50.00_LOG.bak
14/01/2016 18:06:57 - Deleted Backup File: C:\BACKUPDB\PanaCIM_2015.12.21_09.50.00_LOG.bak
14/01/2016 18:06:57 - Deleting Backup File: C:\BACKUPDB\PanaCIM_2015.12.21_10.00.00_LOG.bak
14/01/2016 18:06:57 - Deleted Backup File: C:\BACKUPDB\PanaCIM_2015.12.21_10.00.00_LOG.bak
14/01/2016 18:06:57 - Deleting Backup File: C:\BACKUPDB\PanaCIM_2015.12.22_15.03.31_FUL.bak
14/01/2016 18:06:57 - Deleted Backup File: C:\BACKUPDB\PanaCIM_2015.12.22_15.03.31_FUL.bak
14/01/2016 18:06:57 - Deleting Backup File: C:\BACKUPDB\PanaCIM_2015.12.22_15.10.01_LOG.bak
14/01/2016 18:06:57 - Deleted Backup File: C:\BACKUPDB\PanaCIM_2015.12.22_15.10.01_LOG.bak
14/01/2016 18:06:57 - Deleting Backup File: C:\BACKUPDB\PanaCIM_2015.12.22_15.20.01_LOG.bak
14/01/2016 18:06:57 - Deleted Backup File: C:\BACKUPDB\PanaCIM_2015.12.22_15.20.01_LOG.bak
14/01/2016 18:06:57 - Deleting Backup File: C:\BACKUPDB\PanaCIM_2015.12.22_15.30.00_LOG.bak
14/01/2016 18:06:57 - Deleted Backup File: C:\BACKUPDB\PanaCIM_2015.12.22_15.30.00_LOG.bak
14/01/2016 18:06:57 - Deleting Backup File: C:\BACKUPDB\PanaCIM_2015.12.22_15.40.00_LOG.bak
14/01/2016 18:06:57 - Deleted Backup File: C:\BACKUPDB\PanaCIM_2015.12.22_15.40.00_LOG.bak
14/01/2016 18:06:57 - Deleting Backup File: C:\BACKUPDB\PanaCIM_2015.12.22_15.50.00_LOG.bak
14/01/2016 18:06:57 - Deleted Backup File: C:\BACKUPDB\PanaCIM_2015.12.22_15.50.00_LOG.bak
14/01/2016 18:06:57 - Deleting Backup File: C:\BACKUPDB\PanaCIM_2015.12.22_16.00.00_LOG.bak
14/01/2016 18:06:57 - Deleted Backup File: C:\BACKUPDB\PanaCIM_2015.12.22_16.00.00_LOG.bak
14/01/2016 18:06:57 - Deleting Backup File: C:\BACKUPDB\PanaCIM_2015.12.22_16.10.00_LOG.bak
14/01/2016 18:06:57 - Deleted Backup File: C:\BACKUPDB\PanaCIM_2015.12.22_16.10.00_LOG.bak
14/01/2016 18:06:57 - Deleting Backup File: C:\BACKUPDB\PanaCIM_2015.12.22_16.20.02_LOG.bak
14/01/2016 18:06:57 - Deleted Backup File: C:\BACKUPDB\PanaCIM_2015.12.22_16.20.02_LOG.bak
14/01/2016 18:06:57 - Deleting Backup File: C:\BACKUPDB\PanaCIM_2015.12.22_16.30.11_LOG.bak
14/01/2016 18:06:57 - Deleted Backup File: C:\BACKUPDB\PanaCIM_2015.12.22_16.30.11_LOG.bak
14/01/2016 18:06:57 - Deleting Backup File: C:\BACKUPDB\PanaCIM_2015.12.22_16.40.02_LOG.bak
14/01/2016 18:06:57 - Deleted Backup File: C:\BACKUPDB\PanaCIM_2015.12.22_16.40.02_LOG.bak
14/01/2016 18:06:57 - Deleting Backup File: C:\BACKUPDB\PanaCIM_2015.12.22_16.50.02_LOG.bak
14/01/2016 18:06:57 - Deleted Backup File: C:\BACKUPDB\PanaCIM_2015.12.22_16.50.02_LOG.bak
14/01/2016 18:06:57 - Deleting Backup File: C:\BACKUPDB\PanaCIM_2015.12.22_17.00.00_LOG.bak
14/01/2016 18:06:57 - Deleted Backup File: C:\BACKUPDB\PanaCIM_2015.12.22_17.00.00_LOG.bak
14/01/2016 18:06:57 - Deleting Backup File: C:\BACKUPDB\PanaCIM_2015.12.22_17.10.00_LOG.bak
14/01/2016 18:06:57 - Deleted Backup File: C:\BACKUPDB\PanaCIM_2015.12.22_17.10.00_LOG.bak
14/01/2016 18:06:57 - Deleting Backup File: C:\BACKUPDB\PanaCIM_2015.12.22_17.20.00_LOG.bak
14/01/2016 18:06:57 - Deleted Backup File: C:\BACKUPDB\PanaCIM_2015.12.22_17.20.00_LOG.bak
14/01/2016 18:06:57 - Deleting Backup File: C:\BACKUPDB\PanaCIM_2015.12.22_17.30.00_LOG.bak
14/01/2016 18:06:57 - Deleted Backup File: C:\BACKUPDB\PanaCIM_2015.12.22_17.30.00_LOG.bak
14/01/2016 18:06:57 - Deleting Backup File: C:\BACKUPDB\PanaCIM_2015.12.22_17.40.00_LOG.bak
14/01/2016 18:06:57 - Deleted Backup File: C:\BACKUPDB\PanaCIM_2015.12.22_17.40.00_LOG.bak
14/01/2016 18:06:57 - Deleting Backup File: C:\BACKUPDB\PanaCIM_2015.12.22_17.50.00_LOG.bak
14/01/2016 18:06:57 - Deleted Backup File: C:\BACKUPDB\PanaCIM_2015.12.22_17.50.00_LOG.bak
14/01/2016 18:06:57 - Deleting Backup File: C:\BACKUPDB\PanaCIM_2015.12.22_18.00.00_LOG.bak
14/01/2016 18:06:57 - Deleted Backup File: C:\BACKUPDB\PanaCIM_2015.12.22_18.00.00_LOG.bak
14/01/2016 18:06:57 - Deleting Backup File: C:\BACKUPDB\PanaCIM_2015.12.22_18.10.00_LOG.bak
14/01/2016 18:06:57 - Deleted Backup File: C:\BACKUPDB\PanaCIM_2015.12.22_18.10.00_LOG.bak
14/01/2016 18:06:57 - Deleting Backup File: C:\BACKUPDB\PanaCIM_2015.12.22_18.20.00_LOG.bak
14/01/2016 18:06:57 - Deleted Backup File: C:\BACKUPDB\PanaCIM_2015.12.22_18.20.00_LOG.bak
14/01/2016 18:06:57 - Deleting Backup File: C:\BACKUPDB\PanaCIM_2015.12.22_18.30.00_LOG.bak
14/01/2016 18:06:57 - Deleted Backup File: C:\BACKUPDB\PanaCIM_2015.12.22_18.30.00_LOG.bak
14/01/2016 18:06:57 - Deleting Backup File: C:\BACKUPDB\PanaCIM_2015.12.22_18.40.00_LOG.bak
14/01/2016 18:06:57 - Deleted Backup File: C:\BACKUPDB\PanaCIM_2015.12.22_18.40.00_LOG.bak
14/01/2016 18:06:57 - Deleting Backup File: C:\BACKUPDB\PanaCIM_2015.12.22_18.50.02_LOG.bak
14/01/2016 18:06:57 - Deleted Backup File: C:\BACKUPDB\PanaCIM_2015.12.22_18.50.02_LOG.bak
14/01/2016 18:06:57 - Deleting Backup File: C:\BACKUPDB\PanaCIM_2015.12.22_19.00.00_LOG.bak
14/01/2016 18:06:57 - Deleted Backup File: C:\BACKUPDB\PanaCIM_2015.12.22_19.00.00_LOG.bak
14/01/2016 18:06:57 - Deleting Backup File: C:\BACKUPDB\PanaCIM_2015.12.22_19.10.02_LOG.bak
14/01/2016 18:06:57 - Deleted Backup File: C:\BACKUPDB\PanaCIM_2015.12.22_19.10.02_LOG.bak
14/01/2016 18:06:57 - Deleting Backup File: C:\BACKUPDB\PanaCIM_2015.12.22_19.20.00_LOG.bak
14/01/2016 18:06:57 - Deleted Backup File: C:\BACKUPDB\PanaCIM_2015.12.22_19.20.00_LOG.bak
14/01/2016 18:06:57 - Deleting Backup File: C:\BACKUPDB\PanaCIM_2015.12.22_19.30.01_LOG.bak
14/01/2016 18:06:57 - Deleted Backup File: C:\BACKUPDB\PanaCIM_2015.12.22_19.30.01_LOG.bak
14/01/2016 18:06:57 - Deleting Backup File: C:\BACKUPDB\PanaCIM_2015.12.22_19.40.00_LOG.bak
14/01/2016 18:06:57 - Deleted Backup File: C:\BACKUPDB\PanaCIM_2015.12.22_19.40.00_LOG.bak
14/01/2016 18:06:57 - Deleting Backup File: C:\BACKUPDB\PanaCIM_2015.12.22_19.55.01_LOG.bak
14/01/2016 18:06:57 - Deleted Backup File: C:\BACKUPDB\PanaCIM_2015.12.22_19.55.01_LOG.bak
14/01/2016 18:06:57 - Deleting Backup File: C:\BACKUPDB\PanaCIM_2015.12.22_20.00.02_LOG.bak
14/01/2016 18:06:57 - Deleted Backup File: C:\BACKUPDB\PanaCIM_2015.12.22_20.00.02_LOG.bak
14/01/2016 18:06:57 - Deleting Backup File: C:\BACKUPDB\PanaCIM_2015.12.22_20.10.00_LOG.bak
14/01/2016 18:06:57 - Deleted Backup File: C:\BACKUPDB\PanaCIM_2015.12.22_20.10.00_LOG.bak
14/01/2016 18:06:57 - Deleting Backup File: C:\BACKUPDB\PanaCIM_2015.12.22_20.20.00_LOG.bak
14/01/2016 18:06:57 - Deleted Backup File: C:\BACKUPDB\PanaCIM_2015.12.22_20.20.00_LOG.bak
14/01/2016 18:06:57 - Deleting Backup File: C:\BACKUPDB\PanaCIM_2015.12.22_20.30.00_LOG.bak
14/01/2016 18:06:57 - Deleted Backup File: C:\BACKUPDB\PanaCIM_2015.12.22_20.30.00_LOG.bak
14/01/2016 18:06:57 - Deleting Backup File: C:\BACKUPDB\PanaCIM_2015.12.22_20.40.00_LOG.bak
14/01/2016 18:06:57 - Deleted Backup File: C:\BACKUPDB\PanaCIM_2015.12.22_20.40.00_LOG.bak
14/01/2016 18:06:57 - Deleting Backup File: C:\BACKUPDB\PanaCIM_2015.12.22_20.50.07_LOG.bak
14/01/2016 18:06:57 - Deleted Backup File: C:\BACKUPDB\PanaCIM_2015.12.22_20.50.07_LOG.bak
14/01/2016 18:06:57 - Deleting Backup File: C:\BACKUPDB\PanaCIM_2015.12.22_21.00.00_LOG.bak
14/01/2016 18:06:57 - Deleted Backup File: C:\BACKUPDB\PanaCIM_2015.12.22_21.00.00_LOG.bak
14/01/2016 18:06:57 - Deleting Backup File: C:\BACKUPDB\PanaCIM_2015.12.23_09.20.51_FUL.bak
14/01/2016 18:06:57 - Deleted Backup File: C:\BACKUPDB\PanaCIM_2015.12.23_09.20.51_FUL.bak
14/01/2016 18:06:57 - Deleting Backup File: C:\BACKUPDB\PanaCIM_2015.12.23_09.30.04_LOG.bak
14/01/2016 18:06:57 - Deleted Backup File: C:\BACKUPDB\PanaCIM_2015.12.23_09.30.04_LOG.bak
14/01/2016 18:06:57 - Deleting Backup File: C:\BACKUPDB\PanaCIM_2015.12.23_09.40.07_LOG.bak
14/01/2016 18:06:57 - Deleted Backup File: C:\BACKUPDB\PanaCIM_2015.12.23_09.40.07_LOG.bak
14/01/2016 18:06:57 - Deleting Backup File: C:\BACKUPDB\PanaCIM_2015.12.23_09.50.06_LOG.bak
14/01/2016 18:06:57 - Deleted Backup File: C:\BACKUPDB\PanaCIM_2015.12.23_09.50.06_LOG.bak
14/01/2016 18:06:57 - Deleting Backup File: C:\BACKUPDB\PanaCIM_2015.12.23_10.00.05_LOG.bak
14/01/2016 18:06:57 - Deleted Backup File: C:\BACKUPDB\PanaCIM_2015.12.23_10.00.05_LOG.bak
14/01/2016 18:06:57 - Deleting Backup File: C:\BACKUPDB\PanaCIM_2015.12.23_10.10.03_LOG.bak
14/01/2016 18:06:57 - Deleted Backup File: C:\BACKUPDB\PanaCIM_2015.12.23_10.10.03_LOG.bak
14/01/2016 18:06:57 - Deleting Backup File: C:\BACKUPDB\PanaCIM_2015.12.23_10.20.00_LOG.bak
14/01/2016 18:06:57 - Deleted Backup File: C:\BACKUPDB\PanaCIM_2015.12.23_10.20.00_LOG.bak
14/01/2016 18:06:57 - Deleting Backup File: C:\BACKUPDB\PanaCIM_2015.12.23_10.30.01_LOG.bak
14/01/2016 18:06:57 - Deleted Backup File: C:\BACKUPDB\PanaCIM_2015.12.23_10.30.01_LOG.bak
14/01/2016 18:06:57 - Deleting Backup File: C:\BACKUPDB\PanaCIM_2015.12.23_10.40.00_LOG.bak
14/01/2016 18:06:57 - Deleted Backup File: C:\BACKUPDB\PanaCIM_2015.12.23_10.40.00_LOG.bak
14/01/2016 18:06:57 - Deleting Backup File: C:\BACKUPDB\PanaCIM_2015.12.23_10.50.01_LOG.bak
14/01/2016 18:06:57 - Deleted Backup File: C:\BACKUPDB\PanaCIM_2015.12.23_10.50.01_LOG.bak
14/01/2016 18:06:57 - Deleting Backup File: C:\BACKUPDB\PanaCIM_2015.12.23_11.00.00_LOG.bak
14/01/2016 18:06:57 - Deleted Backup File: C:\BACKUPDB\PanaCIM_2015.12.23_11.00.00_LOG.bak
14/01/2016 18:06:57 - Deleting Backup File: C:\BACKUPDB\PanaCIM_2015.12.23_11.10.01_LOG.bak
14/01/2016 18:06:57 - Deleted Backup File: C:\BACKUPDB\PanaCIM_2015.12.23_11.10.01_LOG.bak
14/01/2016 18:06:57 - Deleting Backup File: C:\BACKUPDB\PanaCIM_2015.12.23_11.20.00_LOG.bak
14/01/2016 18:06:57 - Deleted Backup File: C:\BACKUPDB\PanaCIM_2015.12.23_11.20.00_LOG.bak
14/01/2016 18:06:57 - Deleting Backup File: C:\BACKUPDB\PanaCIM_2015.12.23_11.30.00_LOG.bak
14/01/2016 18:06:57 - Deleted Backup File: C:\BACKUPDB\PanaCIM_2015.12.23_11.30.00_LOG.bak
14/01/2016 18:06:57 - Deleting Backup File: C:\BACKUPDB\PanaCIM_2015.12.23_11.40.00_LOG.bak
14/01/2016 18:06:57 - Deleted Backup File: C:\BACKUPDB\PanaCIM_2015.12.23_11.40.00_LOG.bak
14/01/2016 18:06:57 - Deleting Backup File: C:\BACKUPDB\PanaCIM_2015.12.23_11.50.00_LOG.bak
14/01/2016 18:06:57 - Deleted Backup File: C:\BACKUPDB\PanaCIM_2015.12.23_11.50.00_LOG.bak
14/01/2016 18:06:57 - Deleting Backup File: C:\BACKUPDB\PanaCIM_2015.12.23_12.00.00_LOG.bak
14/01/2016 18:06:57 - Deleted Backup File: C:\BACKUPDB\PanaCIM_2015.12.23_12.00.00_LOG.bak
14/01/2016 18:06:57 - Deleting Backup File: C:\BACKUPDB\PanaCIM_2015.12.23_12.10.00_LOG.bak
14/01/2016 18:06:57 - Deleted Backup File: C:\BACKUPDB\PanaCIM_2015.12.23_12.10.00_LOG.bak
14/01/2016 18:06:57 - Deleting Backup File: C:\BACKUPDB\PanaCIM_2015.12.23_12.20.00_LOG.bak
14/01/2016 18:06:57 - Deleted Backup File: C:\BACKUPDB\PanaCIM_2015.12.23_12.20.00_LOG.bak
14/01/2016 18:06:57 - Deleting Backup File: C:\BACKUPDB\PanaCIM_2015.12.23_12.30.00_LOG.bak
14/01/2016 18:06:57 - Deleted Backup File: C:\BACKUPDB\PanaCIM_2015.12.23_12.30.00_LOG.bak
14/01/2016 18:06:57 - Deleting Backup File: C:\BACKUPDB\PanaCIM_2015.12.23_12.40.00_LOG.bak
14/01/2016 18:06:57 - Deleted Backup File: C:\BACKUPDB\PanaCIM_2015.12.23_12.40.00_LOG.bak
14/01/2016 18:06:57 - Deleting Backup File: C:\BACKUPDB\PanaCIM_2015.12.23_12.50.00_LOG.bak
14/01/2016 18:06:57 - Deleted Backup File: C:\BACKUPDB\PanaCIM_2015.12.23_12.50.00_LOG.bak
14/01/2016 18:06:57 - Deleting Backup File: C:\BACKUPDB\PanaCIM_2015.12.23_13.00.00_LOG.bak
14/01/2016 18:06:57 - Deleted Backup File: C:\BACKUPDB\PanaCIM_2015.12.23_13.00.00_LOG.bak
14/01/2016 18:06:57 - Deleting Backup File: C:\BACKUPDB\PanaCIM_2015.12.23_13.10.00_LOG.bak
14/01/2016 18:06:57 - Deleted Backup File: C:\BACKUPDB\PanaCIM_2015.12.23_13.10.00_LOG.bak
14/01/2016 18:06:57 - Deleting Backup File: C:\BACKUPDB\PanaCIM_2015.12.23_13.20.00_LOG.bak
14/01/2016 18:06:57 - Deleted Backup File: C:\BACKUPDB\PanaCIM_2015.12.23_13.20.00_LOG.bak
14/01/2016 18:06:57 - Deleting Backup File: C:\BACKUPDB\PanaCIM_2015.12.23_13.30.00_LOG.bak
14/01/2016 18:06:57 - Deleted Backup File: C:\BACKUPDB\PanaCIM_2015.12.23_13.30.00_LOG.bak
14/01/2016 18:06:57 - Deleting Backup File: C:\BACKUPDB\PanaCIM_2015.12.23_13.40.00_LOG.bak
14/01/2016 18:06:57 - Deleted Backup File: C:\BACKUPDB\PanaCIM_2015.12.23_13.40.00_LOG.bak
14/01/2016 18:06:57 - Deleting Backup File: C:\BACKUPDB\PanaCIM_2015.12.23_13.50.00_LOG.bak
14/01/2016 18:06:57 - Deleted Backup File: C:\BACKUPDB\PanaCIM_2015.12.23_13.50.00_LOG.bak
14/01/2016 18:06:57 - Deleting Backup File: C:\BACKUPDB\PanaCIM_2015.12.23_14.00.00_LOG.bak
14/01/2016 18:06:57 - Deleted Backup File: C:\BACKUPDB\PanaCIM_2015.12.23_14.00.00_LOG.bak
14/01/2016 18:06:57 - Deleting Backup File: C:\BACKUPDB\PanaCIM_2015.12.23_14.10.00_LOG.bak
14/01/2016 18:06:57 - Deleted Backup File: C:\BACKUPDB\PanaCIM_2015.12.23_14.10.00_LOG.bak
14/01/2016 18:06:57 - Deleting Backup File: C:\BACKUPDB\PanaCIM_2015.12.23_14.20.00_LOG.bak
14/01/2016 18:06:57 - Deleted Backup File: C:\BACKUPDB\PanaCIM_2015.12.23_14.20.00_LOG.bak
14/01/2016 18:06:57 - Deleting Backup File: C:\BACKUPDB\PanaCIM_2015.12.23_14.30.00_LOG.bak
14/01/2016 18:06:57 - Deleted Backup File: C:\BACKUPDB\PanaCIM_2015.12.23_14.30.00_LOG.bak
14/01/2016 18:06:57 - Deleting Backup File: C:\BACKUPDB\PanaCIM_2015.12.23_14.40.00_LOG.bak
14/01/2016 18:06:57 - Deleted Backup File: C:\BACKUPDB\PanaCIM_2015.12.23_14.40.00_LOG.bak
14/01/2016 18:06:57 - Deleting Backup File: C:\BACKUPDB\PanaCIM_2015.12.23_14.50.00_LOG.bak
14/01/2016 18:06:57 - Deleted Backup File: C:\BACKUPDB\PanaCIM_2015.12.23_14.50.00_LOG.bak
14/01/2016 18:06:57 - Deleting Backup File: C:\BACKUPDB\PanaCIM_2015.12.23_15.00.00_LOG.bak
14/01/2016 18:06:57 - Deleted Backup File: C:\BACKUPDB\PanaCIM_2015.12.23_15.00.00_LOG.bak
14/01/2016 18:06:57 - Deleting Backup File: C:\BACKUPDB\PanaCIM_2015.12.23_15.10.00_LOG.bak
14/01/2016 18:06:57 - Deleted Backup File: C:\BACKUPDB\PanaCIM_2015.12.23_15.10.00_LOG.bak
14/01/2016 18:06:57 - Deleting Backup File: C:\BACKUPDB\PanaCIM_2015.12.23_15.20.00_LOG.bak
14/01/2016 18:06:57 - Deleted Backup File: C:\BACKUPDB\PanaCIM_2015.12.23_15.20.00_LOG.bak
14/01/2016 18:06:57 - Deleting Backup File: C:\BACKUPDB\PanaCIM_2015.12.23_15.30.00_LOG.bak
14/01/2016 18:06:57 - Deleted Backup File: C:\BACKUPDB\PanaCIM_2015.12.23_15.30.00_LOG.bak
14/01/2016 18:06:57 - Deleting Backup File: C:\BACKUPDB\PanaCIM_2015.12.23_15.40.00_LOG.bak
14/01/2016 18:06:57 - Deleted Backup File: C:\BACKUPDB\PanaCIM_2015.12.23_15.40.00_LOG.bak
14/01/2016 18:06:57 - Deleting Backup File: C:\BACKUPDB\PanaCIM_2015.12.23_15.50.00_LOG.bak
14/01/2016 18:06:57 - Deleted Backup File: C:\BACKUPDB\PanaCIM_2015.12.23_15.50.00_LOG.bak
14/01/2016 18:06:57 - Deleting Backup File: C:\BACKUPDB\PanaCIM_2015.12.23_16.00.00_LOG.bak
14/01/2016 18:06:57 - Deleted Backup File: C:\BACKUPDB\PanaCIM_2015.12.23_16.00.00_LOG.bak
14/01/2016 18:06:57 - Deleting Backup File: C:\BACKUPDB\PanaCIM_2015.12.23_16.10.00_LOG.bak
14/01/2016 18:06:57 - Deleted Backup File: C:\BACKUPDB\PanaCIM_2015.12.23_16.10.00_LOG.bak
14/01/2016 18:06:57 - Deleting Backup File: C:\BACKUPDB\PanaCIM_2015.12.23_16.20.00_LOG.bak
14/01/2016 18:06:57 - Deleted Backup File: C:\BACKUPDB\PanaCIM_2015.12.23_16.20.00_LOG.bak
14/01/2016 18:06:57 - Deleting Backup File: C:\BACKUPDB\PanaCIM_2015.12.23_17.30.13_LOG.bak
14/01/2016 18:06:57 - Deleted Backup File: C:\BACKUPDB\PanaCIM_2015.12.23_17.30.13_LOG.bak
14/01/2016 18:06:57 - Deleting Backup File: C:\BACKUPDB\PanaCIM_2015.12.23_17.40.00_LOG.bak
14/01/2016 18:06:57 - Deleted Backup File: C:\BACKUPDB\PanaCIM_2015.12.23_17.40.00_LOG.bak
14/01/2016 18:06:57 - Deleting Backup File: C:\BACKUPDB\PanaCIM_2015.12.23_17.50.00_LOG.bak
14/01/2016 18:06:57 - Deleted Backup File: C:\BACKUPDB\PanaCIM_2015.12.23_17.50.00_LOG.bak
14/01/2016 18:06:57 - Deleting Backup File: C:\BACKUPDB\PanaCIM_2015.12.23_18.00.00_LOG.bak
14/01/2016 18:06:57 - Deleted Backup File: C:\BACKUPDB\PanaCIM_2015.12.23_18.00.00_LOG.bak
14/01/2016 18:06:57 - Deleting Backup File: C:\BACKUPDB\PanaCIM_2015.12.23_18.10.00_LOG.bak
14/01/2016 18:06:57 - Deleted Backup File: C:\BACKUPDB\PanaCIM_2015.12.23_18.10.00_LOG.bak
14/01/2016 18:06:57 - Deleting Backup File: C:\BACKUPDB\PanaCIM_2015.12.23_18.20.00_LOG.bak
14/01/2016 18:06:57 - Deleted Backup File: C:\BACKUPDB\PanaCIM_2015.12.23_18.20.00_LOG.bak
14/01/2016 18:06:57 - Deleting Backup File: C:\BACKUPDB\PanaCIM_2015.12.23_18.30.00_LOG.bak
14/01/2016 18:06:57 - Deleted Backup File: C:\BACKUPDB\PanaCIM_2015.12.23_18.30.00_LOG.bak
14/01/2016 18:06:57 - Deleting Backup File: C:\BACKUPDB\PanaCIM_2015.12.23_18.40.00_LOG.bak
14/01/2016 18:06:57 - Deleted Backup File: C:\BACKUPDB\PanaCIM_2015.12.23_18.40.00_LOG.bak
14/01/2016 18:06:57 - Deleting Backup File: C:\BACKUPDB\PanaCIM_2015.12.23_18.50.00_LOG.bak
14/01/2016 18:06:57 - Deleted Backup File: C:\BACKUPDB\PanaCIM_2015.12.23_18.50.00_LOG.bak
14/01/2016 18:06:57 - Deleting Backup File: C:\BACKUPDB\PanaCIM_2015.12.23_19.00.00_LOG.bak
14/01/2016 18:06:57 - Deleted Backup File: C:\BACKUPDB\PanaCIM_2015.12.23_19.00.00_LOG.bak
14/01/2016 18:06:57 - Deleting Backup File: C:\BACKUPDB\PanaCIM_2015.12.23_19.10.00_LOG.bak
14/01/2016 18:06:57 - Deleted Backup File: C:\BACKUPDB\PanaCIM_2015.12.23_19.10.00_LOG.bak
14/01/2016 18:06:57 - Deleting Backup File: C:\BACKUPDB\PanaCIM_2015.12.23_19.20.00_LOG.bak
14/01/2016 18:06:57 - Deleted Backup File: C:\BACKUPDB\PanaCIM_2015.12.23_19.20.00_LOG.bak
14/01/2016 18:06:57 - Deleting Backup File: C:\BACKUPDB\PanaCIM_2015.12.23_19.30.00_LOG.bak
14/01/2016 18:06:57 - Deleted Backup File: C:\BACKUPDB\PanaCIM_2015.12.23_19.30.00_LOG.bak
14/01/2016 18:06:57 - Deleting Backup File: C:\BACKUPDB\PanaCIM_2015.12.23_19.40.00_LOG.bak
14/01/2016 18:06:57 - Deleted Backup File: C:\BACKUPDB\PanaCIM_2015.12.23_19.40.00_LOG.bak
14/01/2016 18:06:57 - Deleting Backup File: C:\BACKUPDB\PanaCIM_2015.12.23_19.50.00_LOG.bak
14/01/2016 18:06:57 - Deleted Backup File: C:\BACKUPDB\PanaCIM_2015.12.23_19.50.00_LOG.bak
14/01/2016 18:06:57 - Deleting Backup File: C:\BACKUPDB\PanaCIM_2015.12.23_20.00.00_LOG.bak
14/01/2016 18:06:57 - Deleted Backup File: C:\BACKUPDB\PanaCIM_2015.12.23_20.00.00_LOG.bak
14/01/2016 18:06:57 - Deleting Backup File: C:\BACKUPDB\PanaCIM_2015.12.23_20.10.00_LOG.bak
14/01/2016 18:06:57 - Deleted Backup File: C:\BACKUPDB\PanaCIM_2015.12.23_20.10.00_LOG.bak
14/01/2016 18:06:57 - Deleting Backup File: C:\BACKUPDB\PanaCIM_2015.12.24_09.16.37_FUL.bak
14/01/2016 18:06:57 - Deleted Backup File: C:\BACKUPDB\PanaCIM_2015.12.24_09.16.37_FUL.bak
14/01/2016 18:06:57 - Deleting Backup File: C:\BACKUPDB\PanaCIM_2015.12.24_09.20.00_LOG.bak
14/01/2016 18:06:57 - Deleted Backup File: C:\BACKUPDB\PanaCIM_2015.12.24_09.20.00_LOG.bak
14/01/2016 18:06:57 - Deleting Backup File: C:\BACKUPDB\PanaCIM_2015.12.24_10.13.24_LOG.bak
14/01/2016 18:06:57 - Deleted Backup File: C:\BACKUPDB\PanaCIM_2015.12.24_10.13.24_LOG.bak
14/01/2016 18:06:57 - Deleting Backup File: C:\BACKUPDB\PanaCIM_2015.12.24_10.20.01_LOG.bak
14/01/2016 18:06:57 - Deleted Backup File: C:\BACKUPDB\PanaCIM_2015.12.24_10.20.01_LOG.bak
14/01/2016 18:06:57 - Deleting Backup File: C:\BACKUPDB\PanaCIM_2015.12.24_10.30.17_LOG.bak
14/01/2016 18:06:57 - Deleted Backup File: C:\BACKUPDB\PanaCIM_2015.12.24_10.30.17_LOG.bak
14/01/2016 18:06:57 - Deleting Backup File: C:\BACKUPDB\PanaCIM_2015.12.24_10.40.03_LOG.bak
14/01/2016 18:06:57 - Deleted Backup File: C:\BACKUPDB\PanaCIM_2015.12.24_10.40.03_LOG.bak
14/01/2016 18:06:57 - Deleting Backup File: C:\BACKUPDB\PanaCIM_2015.12.24_10.50.02_LOG.bak
14/01/2016 18:06:57 - Deleted Backup File: C:\BACKUPDB\PanaCIM_2015.12.24_10.50.02_LOG.bak
14/01/2016 18:06:57 - Deleting Backup File: C:\BACKUPDB\PanaCIM_2015.12.24_11.00.08_LOG.bak
14/01/2016 18:06:57 - Deleted Backup File: C:\BACKUPDB\PanaCIM_2015.12.24_11.00.08_LOG.bak
14/01/2016 18:06:57 - Deleting Backup File: C:\BACKUPDB\PanaCIM_2015.12.24_11.10.02_LOG.bak
14/01/2016 18:06:57 - Deleted Backup File: C:\BACKUPDB\PanaCIM_2015.12.24_11.10.02_LOG.bak
14/01/2016 18:06:57 - Deleting Backup File: C:\BACKUPDB\PanaCIM_2015.12.24_11.20.02_LOG.bak
14/01/2016 18:06:57 - Deleted Backup File: C:\BACKUPDB\PanaCIM_2015.12.24_11.20.02_LOG.bak
14/01/2016 18:06:57 - Deleting Backup File: C:\BACKUPDB\PanaCIM_2015.12.24_11.34.47_LOG.bak
14/01/2016 18:06:57 - Deleted Backup File: C:\BACKUPDB\PanaCIM_2015.12.24_11.34.47_LOG.bak
14/01/2016 18:06:57 - Deleting Backup File: C:\BACKUPDB\PanaCIM_2015.12.24_11.40.02_LOG.bak
14/01/2016 18:06:57 - Deleted Backup File: C:\BACKUPDB\PanaCIM_2015.12.24_11.40.02_LOG.bak
14/01/2016 18:06:57 - Deleting Backup File: C:\BACKUPDB\PanaCIM_2015.12.24_11.50.02_LOG.bak
14/01/2016 18:06:57 - Deleted Backup File: C:\BACKUPDB\PanaCIM_2015.12.24_11.50.02_LOG.bak
14/01/2016 18:06:57 - Deleting Backup File: C:\BACKUPDB\PanaCIM_2015.12.24_12.00.01_LOG.bak
14/01/2016 18:06:57 - Deleted Backup File: C:\BACKUPDB\PanaCIM_2015.12.24_12.00.01_LOG.bak
14/01/2016 18:06:57 - Deleting Backup File: C:\BACKUPDB\PanaCIM_2015.12.24_12.10.00_LOG.bak
14/01/2016 18:06:57 - Deleted Backup File: C:\BACKUPDB\PanaCIM_2015.12.24_12.10.00_LOG.bak
14/01/2016 18:06:57 - Deleting Backup File: C:\BACKUPDB\PanaCIM_2015.12.24_12.20.02_LOG.bak
14/01/2016 18:06:57 - Deleted Backup File: C:\BACKUPDB\PanaCIM_2015.12.24_12.20.02_LOG.bak
14/01/2016 18:06:57 - Deleting Backup File: C:\BACKUPDB\PanaCIM_2015.12.24_12.30.02_LOG.bak
14/01/2016 18:06:57 - Deleted Backup File: C:\BACKUPDB\PanaCIM_2015.12.24_12.30.02_LOG.bak
14/01/2016 18:06:57 - Deleting Backup File: C:\BACKUPDB\PanaCIM_2015.12.24_12.40.00_LOG.bak
14/01/2016 18:06:57 - Deleted Backup File: C:\BACKUPDB\PanaCIM_2015.12.24_12.40.00_LOG.bak
14/01/2016 18:06:57 - Deleting Backup File: C:\BACKUPDB\PanaCIM_2015.12.24_12.50.00_LOG.bak
14/01/2016 18:06:57 - Deleted Backup File: C:\BACKUPDB\PanaCIM_2015.12.24_12.50.00_LOG.bak
14/01/2016 18:06:57 - Deleting Backup File: C:\BACKUPDB\PanaCIM_2015.12.24_13.00.00_LOG.bak
14/01/2016 18:06:57 - Deleted Backup File: C:\BACKUPDB\PanaCIM_2015.12.24_13.00.00_LOG.bak
14/01/2016 18:06:57 - Deleting Backup File: C:\BACKUPDB\PanaCIM_2015.12.24_13.10.00_LOG.bak
14/01/2016 18:06:57 - Deleted Backup File: C:\BACKUPDB\PanaCIM_2015.12.24_13.10.00_LOG.bak
14/01/2016 18:06:57 - Deleting Backup File: C:\BACKUPDB\PanaCIM_2015.12.24_13.20.00_LOG.bak
14/01/2016 18:06:57 - Deleted Backup File: C:\BACKUPDB\PanaCIM_2015.12.24_13.20.00_LOG.bak
14/01/2016 18:06:57 - Deleting Backup File: C:\BACKUPDB\PanaCIM_2015.12.24_13.30.00_LOG.bak
14/01/2016 18:06:57 - Deleted Backup File: C:\BACKUPDB\PanaCIM_2015.12.24_13.30.00_LOG.bak
14/01/2016 18:06:57 - Deleting Backup File: C:\BACKUPDB\PanaCIM_2015.12.24_13.40.00_LOG.bak
14/01/2016 18:06:57 - Deleted Backup File: C:\BACKUPDB\PanaCIM_2015.12.24_13.40.00_LOG.bak
14/01/2016 18:06:57 - Deleting Backup File: C:\BACKUPDB\PanaCIM_2015.12.24_13.50.00_LOG.bak
14/01/2016 18:06:57 - Deleted Backup File: C:\BACKUPDB\PanaCIM_2015.12.24_13.50.00_LOG.bak
14/01/2016 18:06:57 - Deleting Backup File: C:\BACKUPDB\PanaCIM_2015.12.24_14.00.00_LOG.bak
14/01/2016 18:06:57 - Deleted Backup File: C:\BACKUPDB\PanaCIM_2015.12.24_14.00.00_LOG.bak
14/01/2016 18:06:57 - Deleting Backup File: C:\BACKUPDB\PanaCIM_2015.12.24_14.10.00_LOG.bak
14/01/2016 18:06:57 - Deleted Backup File: C:\BACKUPDB\PanaCIM_2015.12.24_14.10.00_LOG.bak
14/01/2016 18:06:57 - Deleting Backup File: C:\BACKUPDB\PanaCIM_2015.12.24_14.20.00_LOG.bak
14/01/2016 18:06:57 - Deleted Backup File: C:\BACKUPDB\PanaCIM_2015.12.24_14.20.00_LOG.bak
14/01/2016 18:06:57 - Deleting Backup File: C:\BACKUPDB\PanaCIM_2015.12.24_14.30.01_LOG.bak
14/01/2016 18:06:57 - Deleted Backup File: C:\BACKUPDB\PanaCIM_2015.12.24_14.30.01_LOG.bak
14/01/2016 18:06:57 - Deleting Backup File: C:\BACKUPDB\PanaCIM_2015.12.24_14.40.00_LOG.bak
14/01/2016 18:06:57 - Deleted Backup File: C:\BACKUPDB\PanaCIM_2015.12.24_14.40.00_LOG.bak
14/01/2016 18:06:57 - Deleting Backup File: C:\BACKUPDB\PanaCIM_2015.12.24_14.50.00_LOG.bak
14/01/2016 18:06:57 - Deleted Backup File: C:\BACKUPDB\PanaCIM_2015.12.24_14.50.00_LOG.bak
14/01/2016 18:06:57 - Deleting Backup File: C:\BACKUPDB\PanaCIM_2015.12.24_15.00.00_LOG.bak
14/01/2016 18:06:57 - Deleted Backup File: C:\BACKUPDB\PanaCIM_2015.12.24_15.00.00_LOG.bak
14/01/2016 18:06:57 - Deleting Backup File: C:\BACKUPDB\PanaCIM_2015.12.24_15.10.00_LOG.bak
14/01/2016 18:06:57 - Deleted Backup File: C:\BACKUPDB\PanaCIM_2015.12.24_15.10.00_LOG.bak
14/01/2016 18:06:57 - Deleting Backup File: C:\BACKUPDB\PanaCIM_2015.12.24_15.20.01_LOG.bak
14/01/2016 18:06:57 - Deleted Backup File: C:\BACKUPDB\PanaCIM_2015.12.24_15.20.01_LOG.bak
14/01/2016 18:06:57 - Deleting Backup File: C:\BACKUPDB\PanaCIM_2015.12.24_15.30.00_LOG.bak
14/01/2016 18:06:57 - Deleted Backup File: C:\BACKUPDB\PanaCIM_2015.12.24_15.30.00_LOG.bak
14/01/2016 18:06:57 - Deleting Backup File: C:\BACKUPDB\PanaCIM_2015.12.24_15.40.00_LOG.bak
14/01/2016 18:06:57 - Deleted Backup File: C:\BACKUPDB\PanaCIM_2015.12.24_15.40.00_LOG.bak
14/01/2016 18:06:57 - Deleting Backup File: C:\BACKUPDB\PanaCIM_2015.12.24_15.50.00_LOG.bak
14/01/2016 18:06:57 - Deleted Backup File: C:\BACKUPDB\PanaCIM_2015.12.24_15.50.00_LOG.bak
14/01/2016 18:06:57 - Deleting Backup File: C:\BACKUPDB\PanaCIM_2015.12.24_16.00.00_LOG.bak
14/01/2016 18:06:57 - Deleted Backup File: C:\BACKUPDB\PanaCIM_2015.12.24_16.00.00_LOG.bak
14/01/2016 18:06:57 - Deleting Backup File: C:\BACKUPDB\PanaCIM_2015.12.24_16.10.00_LOG.bak
14/01/2016 18:06:57 - Deleted Backup File: C:\BACKUPDB\PanaCIM_2015.12.24_16.10.00_LOG.bak
14/01/2016 18:06:57 - Deleting Backup File: C:\BACKUPDB\PanaCIM_2015.12.24_16.20.00_LOG.bak
14/01/2016 18:06:57 - Deleted Backup File: C:\BACKUPDB\PanaCIM_2015.12.24_16.20.00_LOG.bak
14/01/2016 18:06:57 - Deleting Backup File: C:\BACKUPDB\PanaCIM_2015.12.24_16.30.00_LOG.bak
14/01/2016 18:06:57 - Deleted Backup File: C:\BACKUPDB\PanaCIM_2015.12.24_16.30.00_LOG.bak
14/01/2016 18:06:57 - Deleting Backup File: C:\BACKUPDB\PanaCIM_2015.12.24_16.40.00_LOG.bak
14/01/2016 18:06:57 - Deleted Backup File: C:\BACKUPDB\PanaCIM_2015.12.24_16.40.00_LOG.bak
14/01/2016 18:06:57 - Deleting Backup File: C:\BACKUPDB\PanaCIM_2015.12.24_16.50.00_LOG.bak
14/01/2016 18:06:57 - Deleted Backup File: C:\BACKUPDB\PanaCIM_2015.12.24_16.50.00_LOG.bak
14/01/2016 18:06:57 - Deleting Backup File: C:\BACKUPDB\PanaCIM_2015.12.24_17.00.00_LOG.bak
14/01/2016 18:06:57 - Deleted Backup File: C:\BACKUPDB\PanaCIM_2015.12.24_17.00.00_LOG.bak
14/01/2016 18:06:57 - Deleting Backup File: C:\BACKUPDB\PanaCIM_2015.12.24_17.10.00_LOG.bak
14/01/2016 18:06:57 - Deleted Backup File: C:\BACKUPDB\PanaCIM_2015.12.24_17.10.00_LOG.bak
14/01/2016 18:06:57 - Deleting Backup File: C:\BACKUPDB\PanaCIM_2015.12.24_17.20.00_LOG.bak
14/01/2016 18:06:57 - Deleted Backup File: C:\BACKUPDB\PanaCIM_2015.12.24_17.20.00_LOG.bak
14/01/2016 18:06:57 - Deleting Backup File: C:\BACKUPDB\PanaCIM_2015.12.24_17.30.00_LOG.bak
14/01/2016 18:06:57 - Deleted Backup File: C:\BACKUPDB\PanaCIM_2015.12.24_17.30.00_LOG.bak
14/01/2016 18:06:57 - Deleting Backup File: C:\BACKUPDB\PanaCIM_2015.12.24_17.40.00_LOG.bak
14/01/2016 18:06:57 - Deleted Backup File: C:\BACKUPDB\PanaCIM_2015.12.24_17.40.00_LOG.bak
14/01/2016 18:06:57 - Deleting Backup File: C:\BACKUPDB\PanaCIM_2015.12.24_17.50.01_LOG.bak
14/01/2016 18:06:57 - Deleted Backup File: C:\BACKUPDB\PanaCIM_2015.12.24_17.50.01_LOG.bak
14/01/2016 18:06:57 - Deleting Backup File: C:\BACKUPDB\PanaCIM_2015.12.24_18.00.02_LOG.bak
14/01/2016 18:06:57 - Deleted Backup File: C:\BACKUPDB\PanaCIM_2015.12.24_18.00.02_LOG.bak
14/01/2016 18:06:57 - Deleting Backup File: C:\BACKUPDB\PanaCIM_2015.12.24_18.10.00_LOG.bak
14/01/2016 18:06:57 - Deleted Backup File: C:\BACKUPDB\PanaCIM_2015.12.24_18.10.00_LOG.bak
14/01/2016 18:06:57 - Deleting Backup File: C:\BACKUPDB\PanaCIM_2015.12.24_18.20.01_LOG.bak
14/01/2016 18:06:57 - Deleted Backup File: C:\BACKUPDB\PanaCIM_2015.12.24_18.20.01_LOG.bak
14/01/2016 18:06:57 - Deleting Backup File: C:\BACKUPDB\PanaCIM_2015.12.24_18.30.00_LOG.bak
14/01/2016 18:06:57 - Deleted Backup File: C:\BACKUPDB\PanaCIM_2015.12.24_18.30.00_LOG.bak
14/01/2016 18:06:57 - Deleting Backup File: C:\BACKUPDB\PanaCIM_2015.12.24_18.40.00_LOG.bak
14/01/2016 18:06:57 - Deleted Backup File: C:\BACKUPDB\PanaCIM_2015.12.24_18.40.00_LOG.bak
14/01/2016 18:06:57 - Deleting Backup File: C:\BACKUPDB\PanaCIM_2015.12.24_18.50.00_LOG.bak
14/01/2016 18:06:57 - Deleted Backup File: C:\BACKUPDB\PanaCIM_2015.12.24_18.50.00_LOG.bak
14/01/2016 18:06:57 - Deleting Backup File: C:\BACKUPDB\PanaCIM_2015.12.24_19.00.00_LOG.bak
14/01/2016 18:06:57 - Deleted Backup File: C:\BACKUPDB\PanaCIM_2015.12.24_19.00.00_LOG.bak
14/01/2016 18:06:57 - Deleting Backup File: C:\BACKUPDB\PanaCIM_2015.12.24_19.10.00_LOG.bak
14/01/2016 18:06:57 - Deleted Backup File: C:\BACKUPDB\PanaCIM_2015.12.24_19.10.00_LOG.bak
14/01/2016 18:06:57 - Deleting Backup File: C:\BACKUPDB\PanaCIM_2015.12.24_19.20.00_LOG.bak
14/01/2016 18:06:57 - Deleted Backup File: C:\BACKUPDB\PanaCIM_2015.12.24_19.20.00_LOG.bak
14/01/2016 18:06:57 - Deleting Backup File: C:\BACKUPDB\PanaCIM_2015.12.24_19.30.00_LOG.bak
14/01/2016 18:06:57 - Deleted Backup File: C:\BACKUPDB\PanaCIM_2015.12.24_19.30.00_LOG.bak
14/01/2016 18:06:57 - Deleting Backup File: C:\BACKUPDB\PanaCIM_2015.12.24_19.40.00_LOG.bak
14/01/2016 18:06:57 - Deleted Backup File: C:\BACKUPDB\PanaCIM_2015.12.24_19.40.00_LOG.bak
14/01/2016 18:06:57 - Deleting Backup File: C:\BACKUPDB\PanaCIM_2015.12.24_19.50.02_LOG.bak
14/01/2016 18:06:57 - Deleted Backup File: C:\BACKUPDB\PanaCIM_2015.12.24_19.50.02_LOG.bak
14/01/2016 18:06:57 - Deleting Backup File: C:\BACKUPDB\PanaCIM_2015.12.24_20.00.00_LOG.bak
14/01/2016 18:06:57 - Deleted Backup File: C:\BACKUPDB\PanaCIM_2015.12.24_20.00.00_LOG.bak
14/01/2016 18:06:57 - Deleting Backup File: C:\BACKUPDB\PanaCIM_2015.12.24_20.10.00_LOG.bak
14/01/2016 18:06:57 - Deleted Backup File: C:\BACKUPDB\PanaCIM_2015.12.24_20.10.00_LOG.bak
14/01/2016 18:06:57 - Deleting Backup File: C:\BACKUPDB\PanaCIM_2015.12.24_20.20.00_LOG.bak
14/01/2016 18:06:57 - Deleted Backup File: C:\BACKUPDB\PanaCIM_2015.12.24_20.20.00_LOG.bak
14/01/2016 18:06:57 - Deleting Backup File: C:\BACKUPDB\PanaCIM_2015.12.24_20.30.02_LOG.bak
14/01/2016 18:06:57 - Deleted Backup File: C:\BACKUPDB\PanaCIM_2015.12.24_20.30.02_LOG.bak
14/01/2016 18:06:57 - Deleting Backup File: C:\BACKUPDB\PanaCIM_2015.12.24_20.40.00_LOG.bak
14/01/2016 18:06:57 - Deleted Backup File: C:\BACKUPDB\PanaCIM_2015.12.24_20.40.00_LOG.bak
14/01/2016 18:06:57 - Deleting Backup File: C:\BACKUPDB\PanaCIM_2015.12.24_20.50.00_LOG.bak
14/01/2016 18:06:57 - Deleted Backup File: C:\BACKUPDB\PanaCIM_2015.12.24_20.50.00_LOG.bak
14/01/2016 18:06:57 - Deleting Backup File: C:\BACKUPDB\PanaCIM_2015.12.25_14.51.21_FUL.bak
14/01/2016 18:06:57 - Deleted Backup File: C:\BACKUPDB\PanaCIM_2015.12.25_14.51.21_FUL.bak
14/01/2016 18:06:57 - Deleting Backup File: C:\BACKUPDB\PanaCIM_2015.12.25_15.00.00_LOG.bak
14/01/2016 18:06:57 - Deleted Backup File: C:\BACKUPDB\PanaCIM_2015.12.25_15.00.00_LOG.bak
14/01/2016 18:06:57 - Deleting Backup File: C:\BACKUPDB\PanaCIM_2015.12.25_15.10.00_LOG.bak
14/01/2016 18:06:57 - Deleted Backup File: C:\BACKUPDB\PanaCIM_2015.12.25_15.10.00_LOG.bak
14/01/2016 18:06:57 - Deleting Backup File: C:\BACKUPDB\PanaCIM_2015.12.25_15.20.00_LOG.bak
14/01/2016 18:06:57 - Deleted Backup File: C:\BACKUPDB\PanaCIM_2015.12.25_15.20.00_LOG.bak
14/01/2016 18:06:57 - Deleting Backup File: C:\BACKUPDB\PanaCIM_2015.12.25_15.30.00_LOG.bak
14/01/2016 18:06:57 - Deleted Backup File: C:\BACKUPDB\PanaCIM_2015.12.25_15.30.00_LOG.bak
14/01/2016 18:06:57 - Deleting Backup File: C:\BACKUPDB\PanaCIM_2015.12.25_15.40.00_LOG.bak
14/01/2016 18:06:57 - Deleted Backup File: C:\BACKUPDB\PanaCIM_2015.12.25_15.40.00_LOG.bak
14/01/2016 18:06:57 - Deleting Backup File: C:\BACKUPDB\PanaCIM_2015.12.25_15.50.00_LOG.bak
14/01/2016 18:06:57 - Deleted Backup File: C:\BACKUPDB\PanaCIM_2015.12.25_15.50.00_LOG.bak
14/01/2016 18:06:57 - Deleting Backup File: C:\BACKUPDB\PanaCIM_2015.12.25_16.00.00_LOG.bak
14/01/2016 18:06:57 - Deleted Backup File: C:\BACKUPDB\PanaCIM_2015.12.25_16.00.00_LOG.bak
14/01/2016 18:06:57 - Deleting Backup File: C:\BACKUPDB\PanaCIM_2015.12.25_16.10.00_LOG.bak
14/01/2016 18:06:57 - Deleted Backup File: C:\BACKUPDB\PanaCIM_2015.12.25_16.10.00_LOG.bak
14/01/2016 18:06:57 - Deleting Backup File: C:\BACKUPDB\PanaCIM_2015.12.25_16.20.00_LOG.bak
14/01/2016 18:06:57 - Deleted Backup File: C:\BACKUPDB\PanaCIM_2015.12.25_16.20.00_LOG.bak
14/01/2016 18:06:57 - Deleting Backup File: C:\BACKUPDB\PanaCIM_2015.12.25_16.30.00_LOG.bak
14/01/2016 18:06:57 - Deleted Backup File: C:\BACKUPDB\PanaCIM_2015.12.25_16.30.00_LOG.bak
14/01/2016 18:06:57 - Deleting Backup File: C:\BACKUPDB\PanaCIM_2016.01.06_13.50.00_LOG.bak
14/01/2016 18:06:57 - Deleted Backup File: C:\BACKUPDB\PanaCIM_2016.01.06_13.50.00_LOG.bak
14/01/2016 18:06:57 - Deleting Backup File: C:\BACKUPDB\PanaCIM_2016.01.06_14.00.03_LOG.bak
14/01/2016 18:06:57 - Deleted Backup File: C:\BACKUPDB\PanaCIM_2016.01.06_14.00.03_LOG.bak
14/01/2016 18:06:57 - Deleting Backup File: C:\BACKUPDB\PanaCIM_2016.01.06_14.10.00_LOG.bak
14/01/2016 18:06:57 - Deleted Backup File: C:\BACKUPDB\PanaCIM_2016.01.06_14.10.00_LOG.bak
14/01/2016 18:06:57 - Deleting Backup File: C:\BACKUPDB\PanaCIM_2016.01.06_14.20.02_LOG.bak
14/01/2016 18:06:57 - Deleted Backup File: C:\BACKUPDB\PanaCIM_2016.01.06_14.20.02_LOG.bak
14/01/2016 18:06:57 - Deleting Backup File: C:\BACKUPDB\PanaCIM_2016.01.06_14.30.01_LOG.bak
14/01/2016 18:06:57 - Deleted Backup File: C:\BACKUPDB\PanaCIM_2016.01.06_14.30.01_LOG.bak
14/01/2016 18:06:57 - Deleting Backup File: C:\BACKUPDB\PanaCIM_2016.01.06_14.40.00_LOG.bak
14/01/2016 18:06:57 - Deleted Backup File: C:\BACKUPDB\PanaCIM_2016.01.06_14.40.00_LOG.bak
14/01/2016 18:06:57 - Deleting Backup File: C:\BACKUPDB\PanaCIM_2016.01.06_14.50.00_LOG.bak
14/01/2016 18:06:57 - Deleted Backup File: C:\BACKUPDB\PanaCIM_2016.01.06_14.50.00_LOG.bak
14/01/2016 18:06:57 - Deleting Backup File: C:\BACKUPDB\PanaCIM_2016.01.06_15.00.00_LOG.bak
14/01/2016 18:06:57 - Deleted Backup File: C:\BACKUPDB\PanaCIM_2016.01.06_15.00.00_LOG.bak
14/01/2016 18:06:57 - Deleting Backup File: C:\BACKUPDB\PanaCIM_2016.01.06_15.10.02_LOG.bak
14/01/2016 18:06:57 - Deleted Backup File: C:\BACKUPDB\PanaCIM_2016.01.06_15.10.02_LOG.bak
14/01/2016 18:06:57 - Deleting Backup File: C:\BACKUPDB\PanaCIM_2016.01.06_15.20.00_LOG.bak
14/01/2016 18:06:57 - Deleted Backup File: C:\BACKUPDB\PanaCIM_2016.01.06_15.20.00_LOG.bak
14/01/2016 18:06:57 - Deleting Backup File: C:\BACKUPDB\PanaCIM_2016.01.06_15.30.00_LOG.bak
14/01/2016 18:06:57 - Deleted Backup File: C:\BACKUPDB\PanaCIM_2016.01.06_15.30.00_LOG.bak
14/01/2016 18:06:57 - Deleting Backup File: C:\BACKUPDB\PanaCIM_2016.01.06_15.40.02_LOG.bak
14/01/2016 18:06:57 - Deleted Backup File: C:\BACKUPDB\PanaCIM_2016.01.06_15.40.02_LOG.bak
14/01/2016 18:06:57 - Deleting Backup File: C:\BACKUPDB\PanaCIM_2016.01.06_15.50.00_LOG.bak
14/01/2016 18:06:57 - Deleted Backup File: C:\BACKUPDB\PanaCIM_2016.01.06_15.50.00_LOG.bak
14/01/2016 18:06:57 - Deleting Backup File: C:\BACKUPDB\PanaCIM_2016.01.06_16.00.00_LOG.bak
14/01/2016 18:06:57 - Deleted Backup File: C:\BACKUPDB\PanaCIM_2016.01.06_16.00.00_LOG.bak
14/01/2016 18:06:57 - Deleting Backup File: C:\BACKUPDB\PanaCIM_2016.01.06_16.10.00_LOG.bak
14/01/2016 18:06:57 - Deleted Backup File: C:\BACKUPDB\PanaCIM_2016.01.06_16.10.00_LOG.bak
14/01/2016 18:06:57 - Deleting Backup File: C:\BACKUPDB\PanaCIM_2016.01.06_16.20.01_LOG.bak
14/01/2016 18:06:57 - Deleted Backup File: C:\BACKUPDB\PanaCIM_2016.01.06_16.20.01_LOG.bak
14/01/2016 18:06:57 - Deleting Backup File: C:\BACKUPDB\PanaCIM_2016.01.06_16.30.00_LOG.bak
14/01/2016 18:06:57 - Deleted Backup File: C:\BACKUPDB\PanaCIM_2016.01.06_16.30.00_LOG.bak
14/01/2016 18:06:57 - Deleting Backup File: C:\BACKUPDB\PanaCIM_2016.01.06_16.40.00_LOG.bak
14/01/2016 18:06:57 - Deleted Backup File: C:\BACKUPDB\PanaCIM_2016.01.06_16.40.00_LOG.bak
14/01/2016 18:06:57 - Deleting Backup File: C:\BACKUPDB\PanaCIM_2016.01.06_16.50.00_LOG.bak
14/01/2016 18:06:57 - Deleted Backup File: C:\BACKUPDB\PanaCIM_2016.01.06_16.50.00_LOG.bak
14/01/2016 18:06:57 - Deleting Backup File: C:\BACKUPDB\PanaCIM_2016.01.06_17.00.00_LOG.bak
14/01/2016 18:06:57 - Deleted Backup File: C:\BACKUPDB\PanaCIM_2016.01.06_17.00.00_LOG.bak
14/01/2016 18:06:57 - Deleting Backup File: C:\BACKUPDB\PanaCIM_2016.01.06_17.10.00_LOG.bak
14/01/2016 18:06:57 - Deleted Backup File: C:\BACKUPDB\PanaCIM_2016.01.06_17.10.00_LOG.bak
14/01/2016 18:06:57 - Deleting Backup File: C:\BACKUPDB\PanaCIM_2016.01.06_17.20.01_LOG.bak
14/01/2016 18:06:57 - Deleted Backup File: C:\BACKUPDB\PanaCIM_2016.01.06_17.20.01_LOG.bak
14/01/2016 18:06:57 - Deleting Backup File: C:\BACKUPDB\PanaCIM_2016.01.06_17.30.00_LOG.bak
14/01/2016 18:06:57 - Deleted Backup File: C:\BACKUPDB\PanaCIM_2016.01.06_17.30.00_LOG.bak
14/01/2016 18:06:57 - Deleting Backup File: C:\BACKUPDB\PanaCIM_2016.01.06_17.40.00_LOG.bak
14/01/2016 18:06:57 - Deleted Backup File: C:\BACKUPDB\PanaCIM_2016.01.06_17.40.00_LOG.bak
14/01/2016 18:06:57 - Deleting Backup File: C:\BACKUPDB\PanaCIM_2016.01.06_17.50.00_LOG.bak
14/01/2016 18:06:57 - Deleted Backup File: C:\BACKUPDB\PanaCIM_2016.01.06_17.50.00_LOG.bak
14/01/2016 18:06:57 - Deleting Backup File: C:\BACKUPDB\PanaCIM_2016.01.07_11.15.50_FUL.bak
14/01/2016 18:06:57 - Deleted Backup File: C:\BACKUPDB\PanaCIM_2016.01.07_11.15.50_FUL.bak
14/01/2016 18:06:57 - Deleting Backup File: C:\BACKUPDB\PanaCIM_2016.01.07_11.20.03_LOG.bak
14/01/2016 18:06:57 - Deleted Backup File: C:\BACKUPDB\PanaCIM_2016.01.07_11.20.03_LOG.bak
14/01/2016 18:06:57 - Deleting Backup File: C:\BACKUPDB\PanaCIM_2016.01.07_11.30.00_LOG.bak
14/01/2016 18:06:57 - Deleted Backup File: C:\BACKUPDB\PanaCIM_2016.01.07_11.30.00_LOG.bak
14/01/2016 18:06:57 - Deleting Backup File: C:\BACKUPDB\PanaCIM_2016.01.07_11.40.00_LOG.bak
14/01/2016 18:06:57 - Deleted Backup File: C:\BACKUPDB\PanaCIM_2016.01.07_11.40.00_LOG.bak
14/01/2016 18:06:57 - Deleting Backup File: C:\BACKUPDB\PanaCIM_2016.01.07_11.50.00_LOG.bak
14/01/2016 18:06:57 - Deleted Backup File: C:\BACKUPDB\PanaCIM_2016.01.07_11.50.00_LOG.bak
14/01/2016 18:06:57 - Deleting Backup File: C:\BACKUPDB\PanaCIM_2016.01.07_12.00.00_LOG.bak
14/01/2016 18:06:57 - Deleted Backup File: C:\BACKUPDB\PanaCIM_2016.01.07_12.00.00_LOG.bak
14/01/2016 18:06:57 - Deleting Backup File: C:\BACKUPDB\PanaCIM_2016.01.07_12.10.02_LOG.bak
14/01/2016 18:06:57 - Deleted Backup File: C:\BACKUPDB\PanaCIM_2016.01.07_12.10.02_LOG.bak
14/01/2016 18:06:57 - Deleting Backup File: C:\BACKUPDB\PanaCIM_2016.01.07_12.20.05_LOG.bak
14/01/2016 18:06:57 - Deleted Backup File: C:\BACKUPDB\PanaCIM_2016.01.07_12.20.05_LOG.bak
14/01/2016 18:06:57 - Deleting Backup File: C:\BACKUPDB\PanaCIM_2016.01.07_12.30.09_LOG.bak
14/01/2016 18:06:57 - Deleted Backup File: C:\BACKUPDB\PanaCIM_2016.01.07_12.30.09_LOG.bak
14/01/2016 18:06:57 - Deleting Backup File: C:\BACKUPDB\PanaCIM_2016.01.07_12.40.03_LOG.bak
14/01/2016 18:06:57 - Deleted Backup File: C:\BACKUPDB\PanaCIM_2016.01.07_12.40.03_LOG.bak
14/01/2016 18:06:57 - Deleting Backup File: C:\BACKUPDB\PanaCIM_2016.01.07_12.50.03_LOG.bak
14/01/2016 18:06:57 - Deleted Backup File: C:\BACKUPDB\PanaCIM_2016.01.07_12.50.03_LOG.bak
14/01/2016 18:06:57 - Deleting Backup File: C:\BACKUPDB\PanaCIM_2016.01.07_13.00.06_LOG.bak
14/01/2016 18:06:57 - Deleted Backup File: C:\BACKUPDB\PanaCIM_2016.01.07_13.00.06_LOG.bak
14/01/2016 18:06:57 - Deleting Backup File: C:\BACKUPDB\PanaCIM_2016.01.07_13.10.03_LOG.bak
14/01/2016 18:06:57 - Deleted Backup File: C:\BACKUPDB\PanaCIM_2016.01.07_13.10.03_LOG.bak
14/01/2016 18:06:57 - Deleting Backup File: C:\BACKUPDB\PanaCIM_2016.01.07_13.20.02_LOG.bak
14/01/2016 18:06:57 - Deleted Backup File: C:\BACKUPDB\PanaCIM_2016.01.07_13.20.02_LOG.bak
14/01/2016 18:06:57 - Deleting Backup File: C:\BACKUPDB\PanaCIM_2016.01.07_13.30.04_LOG.bak
14/01/2016 18:06:57 - Deleted Backup File: C:\BACKUPDB\PanaCIM_2016.01.07_13.30.04_LOG.bak
14/01/2016 18:06:57 - Deleting Backup File: C:\BACKUPDB\PanaCIM_2016.01.07_13.40.06_LOG.bak
14/01/2016 18:06:57 - Deleted Backup File: C:\BACKUPDB\PanaCIM_2016.01.07_13.40.06_LOG.bak
14/01/2016 18:06:57 - Deleting Backup File: C:\BACKUPDB\PanaCIM_2016.01.07_13.50.05_LOG.bak
14/01/2016 18:06:57 - Deleted Backup File: C:\BACKUPDB\PanaCIM_2016.01.07_13.50.05_LOG.bak
14/01/2016 18:06:57 - Deleting Backup File: C:\BACKUPDB\PanaCIM_2016.01.07_14.00.13_LOG.bak
14/01/2016 18:06:57 - Deleted Backup File: C:\BACKUPDB\PanaCIM_2016.01.07_14.00.13_LOG.bak
14/01/2016 18:06:57 - Deleting Backup File: C:\BACKUPDB\PanaCIM_2016.01.07_14.10.03_LOG.bak
14/01/2016 18:06:57 - Deleted Backup File: C:\BACKUPDB\PanaCIM_2016.01.07_14.10.03_LOG.bak
14/01/2016 18:06:57 - Deleting Backup File: C:\BACKUPDB\PanaCIM_2016.01.07_14.20.04_LOG.bak
14/01/2016 18:06:57 - Deleted Backup File: C:\BACKUPDB\PanaCIM_2016.01.07_14.20.04_LOG.bak
14/01/2016 18:06:57 - Deleting Backup File: C:\BACKUPDB\PanaCIM_2016.01.07_14.30.08_LOG.bak
14/01/2016 18:06:57 - Deleted Backup File: C:\BACKUPDB\PanaCIM_2016.01.07_14.30.08_LOG.bak
14/01/2016 18:06:57 - Deleting Backup File: C:\BACKUPDB\PanaCIM_2016.01.07_14.40.03_LOG.bak
14/01/2016 18:06:57 - Deleted Backup File: C:\BACKUPDB\PanaCIM_2016.01.07_14.40.03_LOG.bak
14/01/2016 18:06:57 - Deleting Backup File: C:\BACKUPDB\PanaCIM_2016.01.07_14.50.03_LOG.bak
14/01/2016 18:06:57 - Deleted Backup File: C:\BACKUPDB\PanaCIM_2016.01.07_14.50.03_LOG.bak
14/01/2016 18:06:57 - Deleting Backup File: C:\BACKUPDB\PanaCIM_2016.01.07_15.00.10_LOG.bak
14/01/2016 18:06:57 - Deleted Backup File: C:\BACKUPDB\PanaCIM_2016.01.07_15.00.10_LOG.bak
14/01/2016 18:06:57 - Deleting Backup File: C:\BACKUPDB\PanaCIM_2016.01.07_15.10.14_LOG.bak
14/01/2016 18:06:57 - Deleted Backup File: C:\BACKUPDB\PanaCIM_2016.01.07_15.10.14_LOG.bak
14/01/2016 18:06:57 - Deleting Backup File: C:\BACKUPDB\PanaCIM_2016.01.07_15.20.03_LOG.bak
14/01/2016 18:06:57 - Deleted Backup File: C:\BACKUPDB\PanaCIM_2016.01.07_15.20.03_LOG.bak
14/01/2016 18:06:57 - Deleting Backup File: C:\BACKUPDB\PanaCIM_2016.01.07_15.30.05_LOG.bak
14/01/2016 18:06:57 - Deleted Backup File: C:\BACKUPDB\PanaCIM_2016.01.07_15.30.05_LOG.bak
14/01/2016 18:06:57 - Deleting Backup File: C:\BACKUPDB\PanaCIM_2016.01.07_15.40.06_LOG.bak
14/01/2016 18:06:57 - Deleted Backup File: C:\BACKUPDB\PanaCIM_2016.01.07_15.40.06_LOG.bak
14/01/2016 18:06:57 - Deleting Backup File: C:\BACKUPDB\PanaCIM_2016.01.07_15.50.03_LOG.bak
14/01/2016 18:06:57 - Deleted Backup File: C:\BACKUPDB\PanaCIM_2016.01.07_15.50.03_LOG.bak
14/01/2016 18:06:57 - Deleting Backup File: C:\BACKUPDB\PanaCIM_2016.01.07_16.00.09_LOG.bak
14/01/2016 18:06:57 - Deleted Backup File: C:\BACKUPDB\PanaCIM_2016.01.07_16.00.09_LOG.bak
14/01/2016 18:06:57 - Deleting Backup File: C:\BACKUPDB\PanaCIM_2016.01.07_16.10.03_LOG.bak
14/01/2016 18:06:57 - Deleted Backup File: C:\BACKUPDB\PanaCIM_2016.01.07_16.10.03_LOG.bak
14/01/2016 18:06:57 - Deleting Backup File: C:\BACKUPDB\PanaCIM_2016.01.07_16.20.03_LOG.bak
14/01/2016 18:06:57 - Deleted Backup File: C:\BACKUPDB\PanaCIM_2016.01.07_16.20.03_LOG.bak
14/01/2016 18:06:57 - Deleting Backup File: C:\BACKUPDB\PanaCIM_2016.01.07_16.30.04_LOG.bak
14/01/2016 18:06:57 - Deleted Backup File: C:\BACKUPDB\PanaCIM_2016.01.07_16.30.04_LOG.bak
14/01/2016 18:06:57 - Deleting Backup File: C:\BACKUPDB\PanaCIM_2016.01.07_16.40.02_LOG.bak
14/01/2016 18:06:57 - Deleted Backup File: C:\BACKUPDB\PanaCIM_2016.01.07_16.40.02_LOG.bak
14/01/2016 18:06:57 - Deleting Backup File: C:\BACKUPDB\PanaCIM_2016.01.07_16.50.00_LOG.bak
14/01/2016 18:06:57 - Deleted Backup File: C:\BACKUPDB\PanaCIM_2016.01.07_16.50.00_LOG.bak
14/01/2016 18:06:57 - Deleting Backup File: C:\BACKUPDB\PanaCIM_2016.01.07_17.00.00_LOG.bak
14/01/2016 18:06:57 - Deleted Backup File: C:\BACKUPDB\PanaCIM_2016.01.07_17.00.00_LOG.bak
14/01/2016 18:06:57 - Deleting Backup File: C:\BACKUPDB\PanaCIM_2016.01.07_17.10.00_LOG.bak
14/01/2016 18:06:57 - Deleted Backup File: C:\BACKUPDB\PanaCIM_2016.01.07_17.10.00_LOG.bak
14/01/2016 18:06:57 - Deleting Backup File: C:\BACKUPDB\PanaCIM_2016.01.07_17.20.00_LOG.bak
14/01/2016 18:06:57 - Deleted Backup File: C:\BACKUPDB\PanaCIM_2016.01.07_17.20.00_LOG.bak
14/01/2016 18:06:57 - Deleting Backup File: C:\BACKUPDB\PanaCIM_2016.01.07_17.30.01_LOG.bak
14/01/2016 18:06:57 - Deleted Backup File: C:\BACKUPDB\PanaCIM_2016.01.07_17.30.01_LOG.bak
14/01/2016 18:06:57 - Deleting Backup File: C:\BACKUPDB\PanaCIM_2016.01.07_17.40.00_LOG.bak
14/01/2016 18:06:57 - Deleted Backup File: C:\BACKUPDB\PanaCIM_2016.01.07_17.40.00_LOG.bak
14/01/2016 18:06:57 - Deleting Backup File: C:\BACKUPDB\PanaCIM_2016.01.07_17.50.00_LOG.bak
14/01/2016 18:06:57 - Deleted Backup File: C:\BACKUPDB\PanaCIM_2016.01.07_17.50.00_LOG.bak
14/01/2016 18:06:57 - Deleting Backup File: C:\BACKUPDB\PanaCIM_2016.01.07_18.00.00_LOG.bak
14/01/2016 18:06:57 - Deleted Backup File: C:\BACKUPDB\PanaCIM_2016.01.07_18.00.00_LOG.bak
14/01/2016 18:06:57 - Deleting Backup File: C:\BACKUPDB\PanaCIM_2016.01.07_18.10.00_LOG.bak
14/01/2016 18:06:57 - Deleted Backup File: C:\BACKUPDB\PanaCIM_2016.01.07_18.10.00_LOG.bak
14/01/2016 18:06:57 - Deleting Backup File: C:\BACKUPDB\PanaCIM_2016.01.07_18.20.00_LOG.bak
14/01/2016 18:06:57 - Deleted Backup File: C:\BACKUPDB\PanaCIM_2016.01.07_18.20.00_LOG.bak
14/01/2016 18:06:57 - Deleting Backup File: C:\BACKUPDB\PanaCIM_2016.01.07_18.30.00_LOG.bak
14/01/2016 18:06:57 - Deleted Backup File: C:\BACKUPDB\PanaCIM_2016.01.07_18.30.00_LOG.bak
14/01/2016 18:06:57 - Deleting Backup File: C:\BACKUPDB\PanaCIM_2016.01.07_18.40.00_LOG.bak
14/01/2016 18:06:57 - Deleted Backup File: C:\BACKUPDB\PanaCIM_2016.01.07_18.40.00_LOG.bak
14/01/2016 18:06:57 - Deleting Backup File: C:\BACKUPDB\PanaCIM_2016.01.07_18.50.00_LOG.bak
14/01/2016 18:06:57 - Deleted Backup File: C:\BACKUPDB\PanaCIM_2016.01.07_18.50.00_LOG.bak
14/01/2016 18:06:57 - Deleting Backup File: C:\BACKUPDB\PanaCIM_2016.01.07_19.00.00_LOG.bak
14/01/2016 18:06:57 - Deleted Backup File: C:\BACKUPDB\PanaCIM_2016.01.07_19.00.00_LOG.bak
14/01/2016 18:06:57 - Deleting Backup File: C:\BACKUPDB\PanaCIM_2016.01.07_19.10.00_LOG.bak
14/01/2016 18:06:57 - Deleted Backup File: C:\BACKUPDB\PanaCIM_2016.01.07_19.10.00_LOG.bak
14/01/2016 18:06:57 - Deleting Backup File: C:\BACKUPDB\PanaCIM_2016.01.07_19.20.00_LOG.bak
14/01/2016 18:06:57 - Deleted Backup File: C:\BACKUPDB\PanaCIM_2016.01.07_19.20.00_LOG.bak
14/01/2016 18:06:57 - Deleting Backup File: C:\BACKUPDB\PanaCIM_2016.01.07_19.30.00_LOG.bak
14/01/2016 18:06:57 - Deleted Backup File: C:\BACKUPDB\PanaCIM_2016.01.07_19.30.00_LOG.bak
14/01/2016 18:06:57 - Deleting Backup File: C:\BACKUPDB\PanaCIM_2016.01.07_19.40.00_LOG.bak
14/01/2016 18:06:57 - Deleted Backup File: C:\BACKUPDB\PanaCIM_2016.01.07_19.40.00_LOG.bak
14/01/2016 18:06:57 - Deleting Backup File: C:\BACKUPDB\PanaCIM_2016.01.07_19.50.01_LOG.bak
14/01/2016 18:06:57 - Deleted Backup File: C:\BACKUPDB\PanaCIM_2016.01.07_19.50.01_LOG.bak
14/01/2016 18:06:57 - Deleting Backup File: C:\BACKUPDB\PanaCIM_2016.01.08_09.22.21_FUL.bak
14/01/2016 18:06:57 - Deleted Backup File: C:\BACKUPDB\PanaCIM_2016.01.08_09.22.21_FUL.bak
14/01/2016 18:06:57 - Deleting Backup File: C:\BACKUPDB\PanaCIM_2016.01.08_09.30.02_LOG.bak
14/01/2016 18:06:57 - Deleted Backup File: C:\BACKUPDB\PanaCIM_2016.01.08_09.30.02_LOG.bak
14/01/2016 18:06:57 - Deleting Backup File: C:\BACKUPDB\PanaCIM_2016.01.08_09.40.02_LOG.bak
14/01/2016 18:06:57 - Deleted Backup File: C:\BACKUPDB\PanaCIM_2016.01.08_09.40.02_LOG.bak
14/01/2016 18:06:57 - Deleting Backup File: C:\BACKUPDB\PanaCIM_2016.01.08_09.50.00_LOG.bak
14/01/2016 18:06:57 - Deleted Backup File: C:\BACKUPDB\PanaCIM_2016.01.08_09.50.00_LOG.bak
14/01/2016 18:06:57 - Deleting Backup File: C:\BACKUPDB\PanaCIM_2016.01.08_10.00.01_LOG.bak
14/01/2016 18:06:57 - Deleted Backup File: C:\BACKUPDB\PanaCIM_2016.01.08_10.00.01_LOG.bak
14/01/2016 18:06:57 - Deleting Backup File: C:\BACKUPDB\PanaCIM_2016.01.08_10.10.00_LOG.bak
14/01/2016 18:06:57 - Deleted Backup File: C:\BACKUPDB\PanaCIM_2016.01.08_10.10.00_LOG.bak
14/01/2016 18:06:57 - Deleting Backup File: C:\BACKUPDB\PanaCIM_2016.01.08_10.20.02_LOG.bak
14/01/2016 18:06:57 - Deleted Backup File: C:\BACKUPDB\PanaCIM_2016.01.08_10.20.02_LOG.bak
14/01/2016 18:06:57 - Deleting Backup File: C:\BACKUPDB\PanaCIM_2016.01.08_10.30.00_LOG.bak
14/01/2016 18:06:57 - Deleted Backup File: C:\BACKUPDB\PanaCIM_2016.01.08_10.30.00_LOG.bak
14/01/2016 18:06:57 - Deleting Backup File: C:\BACKUPDB\PanaCIM_2016.01.08_10.40.00_LOG.bak
14/01/2016 18:06:57 - Deleted Backup File: C:\BACKUPDB\PanaCIM_2016.01.08_10.40.00_LOG.bak
14/01/2016 18:06:57 - Deleting Backup File: C:\BACKUPDB\PanaCIM_2016.01.08_10.50.00_LOG.bak
14/01/2016 18:06:57 - Deleted Backup File: C:\BACKUPDB\PanaCIM_2016.01.08_10.50.00_LOG.bak
14/01/2016 18:06:57 - Deleting Backup File: C:\BACKUPDB\PanaCIM_2016.01.08_11.00.02_LOG.bak
14/01/2016 18:06:57 - Deleted Backup File: C:\BACKUPDB\PanaCIM_2016.01.08_11.00.02_LOG.bak
14/01/2016 18:06:57 - Deleting Backup File: C:\BACKUPDB\PanaCIM_2016.01.08_11.10.02_LOG.bak
14/01/2016 18:06:57 - Deleted Backup File: C:\BACKUPDB\PanaCIM_2016.01.08_11.10.02_LOG.bak
14/01/2016 18:06:57 - Deleting Backup File: C:\BACKUPDB\PanaCIM_2016.01.08_11.20.02_LOG.bak
14/01/2016 18:06:57 - Deleted Backup File: C:\BACKUPDB\PanaCIM_2016.01.08_11.20.02_LOG.bak
14/01/2016 18:06:57 - Deleting Backup File: C:\BACKUPDB\PanaCIM_2016.01.08_11.30.02_LOG.bak
14/01/2016 18:06:57 - Deleted Backup File: C:\BACKUPDB\PanaCIM_2016.01.08_11.30.02_LOG.bak
14/01/2016 18:06:57 - Deleting Backup File: C:\BACKUPDB\PanaCIM_2016.01.08_11.40.02_LOG.bak
14/01/2016 18:06:57 - Deleted Backup File: C:\BACKUPDB\PanaCIM_2016.01.08_11.40.02_LOG.bak
14/01/2016 18:06:57 - Deleting Backup File: C:\BACKUPDB\PanaCIM_2016.01.08_11.50.01_LOG.bak
14/01/2016 18:06:57 - Deleted Backup File: C:\BACKUPDB\PanaCIM_2016.01.08_11.50.01_LOG.bak
14/01/2016 18:06:57 - Deleting Backup File: C:\BACKUPDB\PanaCIM_2016.01.08_12.00.03_LOG.bak
14/01/2016 18:06:57 - Deleted Backup File: C:\BACKUPDB\PanaCIM_2016.01.08_12.00.03_LOG.bak
14/01/2016 18:06:57 - Deleting Backup File: C:\BACKUPDB\PanaCIM_2016.01.08_12.10.02_LOG.bak
14/01/2016 18:06:57 - Deleted Backup File: C:\BACKUPDB\PanaCIM_2016.01.08_12.10.02_LOG.bak
14/01/2016 18:06:57 - Deleting Backup File: C:\BACKUPDB\PanaCIM_2016.01.08_12.20.03_LOG.bak
14/01/2016 18:06:57 - Deleted Backup File: C:\BACKUPDB\PanaCIM_2016.01.08_12.20.03_LOG.bak
14/01/2016 18:06:57 - Deleting Backup File: C:\BACKUPDB\PanaCIM_2016.01.08_12.30.05_LOG.bak
14/01/2016 18:06:57 - Deleted Backup File: C:\BACKUPDB\PanaCIM_2016.01.08_12.30.05_LOG.bak
14/01/2016 18:06:57 - Deleting Backup File: C:\BACKUPDB\PanaCIM_2016.01.08_13.30.04_LOG.bak
14/01/2016 18:06:57 - Deleted Backup File: C:\BACKUPDB\PanaCIM_2016.01.08_13.30.04_LOG.bak
14/01/2016 18:06:57 - Deleting Backup File: C:\BACKUPDB\PanaCIM_2016.01.08_13.40.00_LOG.bak
14/01/2016 18:06:57 - Deleted Backup File: C:\BACKUPDB\PanaCIM_2016.01.08_13.40.00_LOG.bak
14/01/2016 18:06:57 - Deleting Backup File: C:\BACKUPDB\PanaCIM_2016.01.08_13.50.00_LOG.bak
14/01/2016 18:06:57 - Deleted Backup File: C:\BACKUPDB\PanaCIM_2016.01.08_13.50.00_LOG.bak
14/01/2016 18:06:57 - Deleting Backup File: C:\BACKUPDB\PanaCIM_2016.01.08_14.00.00_LOG.bak
14/01/2016 18:06:57 - Deleted Backup File: C:\BACKUPDB\PanaCIM_2016.01.08_14.00.00_LOG.bak
14/01/2016 18:06:57 - Deleting Backup File: C:\BACKUPDB\PanaCIM_2016.01.08_14.10.14_LOG.bak
14/01/2016 18:06:57 - Deleted Backup File: C:\BACKUPDB\PanaCIM_2016.01.08_14.10.14_LOG.bak
14/01/2016 18:06:57 - Deleting Backup File: C:\BACKUPDB\PanaCIM_2016.01.08_14.20.02_LOG.bak
14/01/2016 18:06:57 - Deleted Backup File: C:\BACKUPDB\PanaCIM_2016.01.08_14.20.02_LOG.bak
14/01/2016 18:06:57 - Deleting Backup File: C:\BACKUPDB\PanaCIM_2016.01.08_14.30.02_LOG.bak
14/01/2016 18:06:57 - Deleted Backup File: C:\BACKUPDB\PanaCIM_2016.01.08_14.30.02_LOG.bak
14/01/2016 18:06:57 - Deleting Backup File: C:\BACKUPDB\PanaCIM_2016.01.08_14.40.03_LOG.bak
14/01/2016 18:06:57 - Deleted Backup File: C:\BACKUPDB\PanaCIM_2016.01.08_14.40.03_LOG.bak
14/01/2016 18:06:57 - Deleting Backup File: C:\BACKUPDB\PanaCIM_2016.01.08_14.50.13_LOG.bak
14/01/2016 18:06:57 - Deleted Backup File: C:\BACKUPDB\PanaCIM_2016.01.08_14.50.13_LOG.bak
14/01/2016 18:06:57 - Deleting Backup File: C:\BACKUPDB\PanaCIM_2016.01.08_15.00.01_LOG.bak
14/01/2016 18:06:57 - Deleted Backup File: C:\BACKUPDB\PanaCIM_2016.01.08_15.00.01_LOG.bak
14/01/2016 18:06:57 - Deleting Backup File: C:\BACKUPDB\PanaCIM_2016.01.08_15.10.01_LOG.bak
14/01/2016 18:06:57 - Deleted Backup File: C:\BACKUPDB\PanaCIM_2016.01.08_15.10.01_LOG.bak
14/01/2016 18:06:57 - Deleting Backup File: C:\BACKUPDB\PanaCIM_2016.01.08_15.20.02_LOG.bak
14/01/2016 18:06:57 - Deleted Backup File: C:\BACKUPDB\PanaCIM_2016.01.08_15.20.02_LOG.bak
14/01/2016 18:06:57 - Deleting Backup File: C:\BACKUPDB\PanaCIM_2016.01.08_15.30.01_LOG.bak
14/01/2016 18:06:57 - Deleted Backup File: C:\BACKUPDB\PanaCIM_2016.01.08_15.30.01_LOG.bak
14/01/2016 18:06:57 - Deleting Backup File: C:\BACKUPDB\PanaCIM_2016.01.08_15.40.00_LOG.bak
14/01/2016 18:06:57 - Deleted Backup File: C:\BACKUPDB\PanaCIM_2016.01.08_15.40.00_LOG.bak
14/01/2016 18:06:57 - Deleting Backup File: C:\BACKUPDB\PanaCIM_2016.01.08_15.50.00_LOG.bak
14/01/2016 18:06:57 - Deleted Backup File: C:\BACKUPDB\PanaCIM_2016.01.08_15.50.00_LOG.bak
14/01/2016 18:06:57 - Deleting Backup File: C:\BACKUPDB\PanaCIM_2016.01.08_16.00.00_LOG.bak
14/01/2016 18:06:57 - Deleted Backup File: C:\BACKUPDB\PanaCIM_2016.01.08_16.00.00_LOG.bak
14/01/2016 18:06:57 - Deleting Backup File: C:\BACKUPDB\PanaCIM_2016.01.08_16.10.02_LOG.bak
14/01/2016 18:06:57 - Deleted Backup File: C:\BACKUPDB\PanaCIM_2016.01.08_16.10.02_LOG.bak
14/01/2016 18:06:57 - Deleting Backup File: C:\BACKUPDB\PanaCIM_2016.01.08_16.20.03_LOG.bak
14/01/2016 18:06:57 - Deleted Backup File: C:\BACKUPDB\PanaCIM_2016.01.08_16.20.03_LOG.bak
14/01/2016 18:06:57 - Deleting Backup File: C:\BACKUPDB\PanaCIM_2016.01.08_16.30.08_LOG.bak
14/01/2016 18:06:57 - Deleted Backup File: C:\BACKUPDB\PanaCIM_2016.01.08_16.30.08_LOG.bak
14/01/2016 18:06:57 - Deleting Backup File: C:\BACKUPDB\PanaCIM_2016.01.08_16.40.02_LOG.bak
14/01/2016 18:06:57 - Deleted Backup File: C:\BACKUPDB\PanaCIM_2016.01.08_16.40.02_LOG.bak
14/01/2016 18:06:57 - Deleting Backup File: C:\BACKUPDB\PanaCIM_2016.01.08_16.50.00_LOG.bak
14/01/2016 18:06:57 - Deleted Backup File: C:\BACKUPDB\PanaCIM_2016.01.08_16.50.00_LOG.bak
14/01/2016 18:06:57 - Deleting Backup File: C:\BACKUPDB\PanaCIM_2016.01.08_17.00.00_LOG.bak
14/01/2016 18:06:57 - Deleted Backup File: C:\BACKUPDB\PanaCIM_2016.01.08_17.00.00_LOG.bak
14/01/2016 18:06:57 - Deleting Backup File: C:\BACKUPDB\PanaCIM_2016.01.08_17.10.00_LOG.bak
14/01/2016 18:06:57 - Deleted Backup File: C:\BACKUPDB\PanaCIM_2016.01.08_17.10.00_LOG.bak
14/01/2016 18:06:57 - Deleting Backup File: C:\BACKUPDB\PanaCIM_2016.01.08_17.20.02_LOG.bak
14/01/2016 18:06:57 - Deleted Backup File: C:\BACKUPDB\PanaCIM_2016.01.08_17.20.02_LOG.bak
14/01/2016 18:06:57 - Deleting Backup File: C:\BACKUPDB\PanaCIM_2016.01.08_17.30.01_LOG.bak
14/01/2016 18:06:57 - Deleted Backup File: C:\BACKUPDB\PanaCIM_2016.01.08_17.30.01_LOG.bak
14/01/2016 18:06:57 - Deleting Backup File: C:\BACKUPDB\PanaCIM_2016.01.08_17.40.02_LOG.bak
14/01/2016 18:06:57 - Deleted Backup File: C:\BACKUPDB\PanaCIM_2016.01.08_17.40.02_LOG.bak
14/01/2016 18:06:57 - Deleting Backup File: C:\BACKUPDB\PanaCIM_2016.01.08_17.50.01_LOG.bak
14/01/2016 18:06:57 - Deleted Backup File: C:\BACKUPDB\PanaCIM_2016.01.08_17.50.01_LOG.bak
14/01/2016 18:06:57 - Deleting Backup File: C:\BACKUPDB\PanaCIM_2016.01.08_18.00.01_LOG.bak
14/01/2016 18:06:57 - Deleted Backup File: C:\BACKUPDB\PanaCIM_2016.01.08_18.00.01_LOG.bak
14/01/2016 18:06:57 - Deleting Backup File: C:\BACKUPDB\PanaCIM_2016.01.08_18.10.07_LOG.bak
14/01/2016 18:06:57 - Deleted Backup File: C:\BACKUPDB\PanaCIM_2016.01.08_18.10.07_LOG.bak
14/01/2016 18:06:57 - Deleting Backup File: C:\BACKUPDB\PanaCIM_2016.01.08_18.20.04_LOG.bak
14/01/2016 18:06:57 - Deleted Backup File: C:\BACKUPDB\PanaCIM_2016.01.08_18.20.04_LOG.bak
14/01/2016 18:06:57 - Deleting Backup File: C:\BACKUPDB\PanaCIM_2016.01.08_18.30.00_LOG.bak
14/01/2016 18:06:57 - Deleted Backup File: C:\BACKUPDB\PanaCIM_2016.01.08_18.30.00_LOG.bak
14/01/2016 18:06:57 - Deleting Backup File: C:\BACKUPDB\PanaCIM_2016.01.08_18.40.00_LOG.bak
14/01/2016 18:06:57 - Deleted Backup File: C:\BACKUPDB\PanaCIM_2016.01.08_18.40.00_LOG.bak
14/01/2016 18:06:57 - Deleting Backup File: C:\BACKUPDB\PanaCIM_2016.01.08_18.50.00_LOG.bak
14/01/2016 18:06:57 - Deleted Backup File: C:\BACKUPDB\PanaCIM_2016.01.08_18.50.00_LOG.bak
14/01/2016 18:06:57 - Deleting Backup File: C:\BACKUPDB\PanaCIM_2016.01.08_19.00.00_LOG.bak
14/01/2016 18:06:57 - Deleted Backup File: C:\BACKUPDB\PanaCIM_2016.01.08_19.00.00_LOG.bak
14/01/2016 18:06:57 - Deleting Backup File: C:\BACKUPDB\PanaCIM_2016.01.08_19.10.00_LOG.bak
14/01/2016 18:06:57 - Deleted Backup File: C:\BACKUPDB\PanaCIM_2016.01.08_19.10.00_LOG.bak
14/01/2016 18:06:57 - Failed to read registry entry <SOFTWARE\WOW6432Node\Panasonic Factory Automation\PanaCIM\InstallRDB>
14/01/2016 18:06:57 - Failed to read registry entry <SOFTWARE\WOW6432Node\Panasonic Factory Automation\PanaCIM\InstallRDB>
14/01/2016 18:06:57 - RDB Server:   RDB Name 
15/01/2016 12:14:35 - DB Cleanup Start
15/01/2016 12:14:35 - Database Server: APP-SRV\PanaCIM
15/01/2016 12:14:35 - Database Name: PanaCIM
15/01/2016 12:14:35 - DB Cleanup Start For Production
15/01/2016 12:14:35 - deleting files in C:\BACKUPDB
15/01/2016 12:14:35 - Failed to read registry entry <SOFTWARE\WOW6432Node\Panasonic Factory Automation\PanaCIM\InstallRDB>
15/01/2016 12:14:35 - Failed to read registry entry <SOFTWARE\WOW6432Node\Panasonic Factory Automation\PanaCIM\InstallRDB>
15/01/2016 12:14:35 - RDB Server:   RDB Name 
19/01/2016 10:30:18 - DB Cleanup Start
19/01/2016 10:30:18 - Database Server: APP-SRV\PanaCIM
19/01/2016 10:30:18 - Database Name: PanaCIM
19/01/2016 10:30:18 - DB Cleanup Start For Production
19/01/2016 10:30:18 - deleting files in C:\BACKUPDB
19/01/2016 10:30:19 - Deleting Backup File: C:\BACKUPDB\PanaCIM_2016.01.13_09.50.00_LOG.bak
19/01/2016 10:30:19 - Deleted Backup File: C:\BACKUPDB\PanaCIM_2016.01.13_09.50.00_LOG.bak
19/01/2016 10:30:19 - Deleting Backup File: C:\BACKUPDB\PanaCIM_2016.01.13_10.00.00_LOG.bak
19/01/2016 10:30:19 - Deleted Backup File: C:\BACKUPDB\PanaCIM_2016.01.13_10.00.00_LOG.bak
19/01/2016 10:30:19 - Deleting Backup File: C:\BACKUPDB\PanaCIM_2016.01.13_10.10.02_LOG.bak
19/01/2016 10:30:19 - Deleted Backup File: C:\BACKUPDB\PanaCIM_2016.01.13_10.10.02_LOG.bak
19/01/2016 10:30:19 - Deleting Backup File: C:\BACKUPDB\PanaCIM_2016.01.13_10.20.00_LOG.bak
19/01/2016 10:30:19 - Deleted Backup File: C:\BACKUPDB\PanaCIM_2016.01.13_10.20.00_LOG.bak
19/01/2016 10:30:19 - Deleting Backup File: C:\BACKUPDB\PanaCIM_2016.01.13_10.30.00_LOG.bak
19/01/2016 10:30:19 - Deleted Backup File: C:\BACKUPDB\PanaCIM_2016.01.13_10.30.00_LOG.bak
19/01/2016 10:30:19 - Deleting Backup File: C:\BACKUPDB\PanaCIM_2016.01.13_10.40.00_LOG.bak
19/01/2016 10:30:19 - Deleted Backup File: C:\BACKUPDB\PanaCIM_2016.01.13_10.40.00_LOG.bak
19/01/2016 10:30:19 - Deleting Backup File: C:\BACKUPDB\PanaCIM_2016.01.13_10.50.00_LOG.bak
19/01/2016 10:30:19 - Deleted Backup File: C:\BACKUPDB\PanaCIM_2016.01.13_10.50.00_LOG.bak
19/01/2016 10:30:19 - Deleting Backup File: C:\BACKUPDB\PanaCIM_2016.01.13_11.00.00_LOG.bak
19/01/2016 10:30:19 - Deleted Backup File: C:\BACKUPDB\PanaCIM_2016.01.13_11.00.00_LOG.bak
19/01/2016 10:30:19 - Deleting Backup File: C:\BACKUPDB\PanaCIM_2016.01.13_11.10.00_LOG.bak
19/01/2016 10:30:19 - Deleted Backup File: C:\BACKUPDB\PanaCIM_2016.01.13_11.10.00_LOG.bak
19/01/2016 10:30:19 - Deleting Backup File: C:\BACKUPDB\PanaCIM_2016.01.13_11.20.00_LOG.bak
19/01/2016 10:30:19 - Deleted Backup File: C:\BACKUPDB\PanaCIM_2016.01.13_11.20.00_LOG.bak
19/01/2016 10:30:19 - Deleting Backup File: C:\BACKUPDB\PanaCIM_2016.01.13_11.30.00_LOG.bak
19/01/2016 10:30:19 - Deleted Backup File: C:\BACKUPDB\PanaCIM_2016.01.13_11.30.00_LOG.bak
19/01/2016 10:30:19 - Deleting Backup File: C:\BACKUPDB\PanaCIM_2016.01.13_11.40.00_LOG.bak
19/01/2016 10:30:19 - Deleted Backup File: C:\BACKUPDB\PanaCIM_2016.01.13_11.40.00_LOG.bak
19/01/2016 10:30:19 - Deleting Backup File: C:\BACKUPDB\PanaCIM_2016.01.13_11.50.00_LOG.bak
19/01/2016 10:30:19 - Deleted Backup File: C:\BACKUPDB\PanaCIM_2016.01.13_11.50.00_LOG.bak
19/01/2016 10:30:19 - Deleting Backup File: C:\BACKUPDB\PanaCIM_2016.01.13_12.00.00_LOG.bak
19/01/2016 10:30:19 - Deleted Backup File: C:\BACKUPDB\PanaCIM_2016.01.13_12.00.00_LOG.bak
19/01/2016 10:30:19 - Deleting Backup File: C:\BACKUPDB\PanaCIM_2016.01.13_12.10.00_LOG.bak
19/01/2016 10:30:19 - Deleted Backup File: C:\BACKUPDB\PanaCIM_2016.01.13_12.10.00_LOG.bak
19/01/2016 10:30:19 - Deleting Backup File: C:\BACKUPDB\PanaCIM_2016.01.13_12.20.00_LOG.bak
19/01/2016 10:30:19 - Deleted Backup File: C:\BACKUPDB\PanaCIM_2016.01.13_12.20.00_LOG.bak
19/01/2016 10:30:19 - Deleting Backup File: C:\BACKUPDB\PanaCIM_2016.01.13_12.30.00_LOG.bak
19/01/2016 10:30:19 - Deleted Backup File: C:\BACKUPDB\PanaCIM_2016.01.13_12.30.00_LOG.bak
19/01/2016 10:30:19 - Deleting Backup File: C:\BACKUPDB\PanaCIM_2016.01.13_12.40.00_LOG.bak
19/01/2016 10:30:19 - Deleted Backup File: C:\BACKUPDB\PanaCIM_2016.01.13_12.40.00_LOG.bak
19/01/2016 10:30:19 - Deleting Backup File: C:\BACKUPDB\PanaCIM_2016.01.13_12.50.00_LOG.bak
19/01/2016 10:30:19 - Deleted Backup File: C:\BACKUPDB\PanaCIM_2016.01.13_12.50.00_LOG.bak
19/01/2016 10:30:19 - Deleting Backup File: C:\BACKUPDB\PanaCIM_2016.01.13_13.00.00_LOG.bak
19/01/2016 10:30:19 - Deleted Backup File: C:\BACKUPDB\PanaCIM_2016.01.13_13.00.00_LOG.bak
19/01/2016 10:30:19 - Deleting Backup File: C:\BACKUPDB\PanaCIM_2016.01.13_13.10.00_LOG.bak
19/01/2016 10:30:19 - Deleted Backup File: C:\BACKUPDB\PanaCIM_2016.01.13_13.10.00_LOG.bak
19/01/2016 10:30:19 - Deleting Backup File: C:\BACKUPDB\PanaCIM_2016.01.13_17.59.31_LOG.bak
19/01/2016 10:30:19 - Deleted Backup File: C:\BACKUPDB\PanaCIM_2016.01.13_17.59.31_LOG.bak
19/01/2016 10:30:19 - Deleting Backup File: C:\BACKUPDB\PanaCIM_2016.01.13_18.00.02_LOG.bak
19/01/2016 10:30:19 - Deleted Backup File: C:\BACKUPDB\PanaCIM_2016.01.13_18.00.02_LOG.bak
19/01/2016 10:30:19 - Deleting Backup File: C:\BACKUPDB\PanaCIM_2016.01.13_18.10.00_LOG.bak
19/01/2016 10:30:19 - Deleted Backup File: C:\BACKUPDB\PanaCIM_2016.01.13_18.10.00_LOG.bak
19/01/2016 10:30:19 - Deleting Backup File: C:\BACKUPDB\PanaCIM_2016.01.13_18.20.00_LOG.bak
19/01/2016 10:30:19 - Deleted Backup File: C:\BACKUPDB\PanaCIM_2016.01.13_18.20.00_LOG.bak
19/01/2016 10:30:19 - Deleting Backup File: C:\BACKUPDB\PanaCIM_2016.01.13_18.30.00_LOG.bak
19/01/2016 10:30:19 - Deleted Backup File: C:\BACKUPDB\PanaCIM_2016.01.13_18.30.00_LOG.bak
19/01/2016 10:30:19 - Deleting Backup File: C:\BACKUPDB\PanaCIM_2016.01.13_18.40.00_LOG.bak
19/01/2016 10:30:19 - Deleted Backup File: C:\BACKUPDB\PanaCIM_2016.01.13_18.40.00_LOG.bak
19/01/2016 10:30:19 - Deleting Backup File: C:\BACKUPDB\PanaCIM_2016.01.13_18.50.00_LOG.bak
19/01/2016 10:30:19 - Deleted Backup File: C:\BACKUPDB\PanaCIM_2016.01.13_18.50.00_LOG.bak
19/01/2016 10:30:19 - Deleting Backup File: C:\BACKUPDB\PanaCIM_2016.01.13_19.00.00_LOG.bak
19/01/2016 10:30:19 - Deleted Backup File: C:\BACKUPDB\PanaCIM_2016.01.13_19.00.00_LOG.bak
19/01/2016 10:30:19 - Deleting Backup File: C:\BACKUPDB\PanaCIM_2016.01.13_19.10.02_LOG.bak
19/01/2016 10:30:19 - Deleted Backup File: C:\BACKUPDB\PanaCIM_2016.01.13_19.10.02_LOG.bak
19/01/2016 10:30:19 - Deleting Backup File: C:\BACKUPDB\PanaCIM_2016.01.13_19.20.00_LOG.bak
19/01/2016 10:30:19 - Deleted Backup File: C:\BACKUPDB\PanaCIM_2016.01.13_19.20.00_LOG.bak
19/01/2016 10:30:19 - Deleting Backup File: C:\BACKUPDB\PanaCIM_2016.01.13_19.30.00_LOG.bak
19/01/2016 10:30:19 - Deleted Backup File: C:\BACKUPDB\PanaCIM_2016.01.13_19.30.00_LOG.bak
19/01/2016 10:30:19 - Deleting Backup File: C:\BACKUPDB\PanaCIM_2016.01.13_19.40.00_LOG.bak
19/01/2016 10:30:19 - Deleted Backup File: C:\BACKUPDB\PanaCIM_2016.01.13_19.40.00_LOG.bak
19/01/2016 10:30:19 - Deleting Backup File: C:\BACKUPDB\PanaCIM_2016.01.13_19.50.00_LOG.bak
19/01/2016 10:30:19 - Deleted Backup File: C:\BACKUPDB\PanaCIM_2016.01.13_19.50.00_LOG.bak
19/01/2016 10:30:19 - Deleting Backup File: C:\BACKUPDB\PanaCIM_2016.01.13_20.00.00_LOG.bak
19/01/2016 10:30:19 - Deleted Backup File: C:\BACKUPDB\PanaCIM_2016.01.13_20.00.00_LOG.bak
19/01/2016 10:30:19 - Deleting Backup File: C:\BACKUPDB\PanaCIM_2016.01.13_20.10.00_LOG.bak
19/01/2016 10:30:19 - Deleted Backup File: C:\BACKUPDB\PanaCIM_2016.01.13_20.10.00_LOG.bak
19/01/2016 10:30:19 - Deleting Backup File: C:\BACKUPDB\PanaCIM_2016.01.13_20.20.00_LOG.bak
19/01/2016 10:30:19 - Deleted Backup File: C:\BACKUPDB\PanaCIM_2016.01.13_20.20.00_LOG.bak
19/01/2016 10:30:19 - Deleting Backup File: C:\BACKUPDB\PanaCIM_2016.01.13_20.30.00_LOG.bak
19/01/2016 10:30:19 - Deleted Backup File: C:\BACKUPDB\PanaCIM_2016.01.13_20.30.00_LOG.bak
19/01/2016 10:30:19 - Deleting Backup File: C:\BACKUPDB\PanaCIM_2016.01.13_20.40.00_LOG.bak
19/01/2016 10:30:19 - Deleted Backup File: C:\BACKUPDB\PanaCIM_2016.01.13_20.40.00_LOG.bak
19/01/2016 10:30:19 - Deleting Backup File: C:\BACKUPDB\PanaCIM_2016.01.13_20.50.00_LOG.bak
19/01/2016 10:30:19 - Deleted Backup File: C:\BACKUPDB\PanaCIM_2016.01.13_20.50.00_LOG.bak
19/01/2016 10:30:19 - Deleting Backup File: C:\BACKUPDB\PanaCIM_2016.01.14_09.20.00_LOG.bak
19/01/2016 10:30:19 - Deleted Backup File: C:\BACKUPDB\PanaCIM_2016.01.14_09.20.00_LOG.bak
19/01/2016 10:30:19 - Deleting Backup File: C:\BACKUPDB\PanaCIM_2016.01.14_09.30.00_LOG.bak
19/01/2016 10:30:19 - Deleted Backup File: C:\BACKUPDB\PanaCIM_2016.01.14_09.30.00_LOG.bak
19/01/2016 10:30:19 - Deleting Backup File: C:\BACKUPDB\PanaCIM_2016.01.14_09.40.00_LOG.bak
19/01/2016 10:30:19 - Deleted Backup File: C:\BACKUPDB\PanaCIM_2016.01.14_09.40.00_LOG.bak
19/01/2016 10:30:19 - Deleting Backup File: C:\BACKUPDB\PanaCIM_2016.01.14_09.50.00_LOG.bak
19/01/2016 10:30:19 - Deleted Backup File: C:\BACKUPDB\PanaCIM_2016.01.14_09.50.00_LOG.bak
19/01/2016 10:30:19 - Deleting Backup File: C:\BACKUPDB\PanaCIM_2016.01.14_10.00.00_LOG.bak
19/01/2016 10:30:19 - Deleted Backup File: C:\BACKUPDB\PanaCIM_2016.01.14_10.00.00_LOG.bak
19/01/2016 10:30:19 - Deleting Backup File: C:\BACKUPDB\PanaCIM_2016.01.14_10.10.00_LOG.bak
19/01/2016 10:30:19 - Deleted Backup File: C:\BACKUPDB\PanaCIM_2016.01.14_10.10.00_LOG.bak
19/01/2016 10:30:19 - Deleting Backup File: C:\BACKUPDB\PanaCIM_2016.01.14_10.20.00_LOG.bak
19/01/2016 10:30:19 - Deleted Backup File: C:\BACKUPDB\PanaCIM_2016.01.14_10.20.00_LOG.bak
19/01/2016 10:30:19 - Deleting Backup File: C:\BACKUPDB\PanaCIM_2016.01.14_10.30.00_LOG.bak
19/01/2016 10:30:19 - Deleted Backup File: C:\BACKUPDB\PanaCIM_2016.01.14_10.30.00_LOG.bak
19/01/2016 10:30:19 - Deleting Backup File: C:\BACKUPDB\PanaCIM_2016.01.14_10.40.00_LOG.bak
19/01/2016 10:30:19 - Deleted Backup File: C:\BACKUPDB\PanaCIM_2016.01.14_10.40.00_LOG.bak
19/01/2016 10:30:19 - Deleting Backup File: C:\BACKUPDB\PanaCIM_2016.01.14_10.50.00_LOG.bak
19/01/2016 10:30:19 - Deleted Backup File: C:\BACKUPDB\PanaCIM_2016.01.14_10.50.00_LOG.bak
19/01/2016 10:30:19 - Deleting Backup File: C:\BACKUPDB\PanaCIM_2016.01.14_11.00.00_LOG.bak
19/01/2016 10:30:19 - Deleted Backup File: C:\BACKUPDB\PanaCIM_2016.01.14_11.00.00_LOG.bak
19/01/2016 10:30:19 - Deleting Backup File: C:\BACKUPDB\PanaCIM_2016.01.14_11.10.00_LOG.bak
19/01/2016 10:30:19 - Deleted Backup File: C:\BACKUPDB\PanaCIM_2016.01.14_11.10.00_LOG.bak
19/01/2016 10:30:19 - Deleting Backup File: C:\BACKUPDB\PanaCIM_2016.01.14_11.20.00_LOG.bak
19/01/2016 10:30:19 - Deleted Backup File: C:\BACKUPDB\PanaCIM_2016.01.14_11.20.00_LOG.bak
19/01/2016 10:30:19 - Deleting Backup File: C:\BACKUPDB\PanaCIM_2016.01.14_11.30.00_LOG.bak
19/01/2016 10:30:19 - Deleted Backup File: C:\BACKUPDB\PanaCIM_2016.01.14_11.30.00_LOG.bak
19/01/2016 10:30:19 - Deleting Backup File: C:\BACKUPDB\PanaCIM_2016.01.14_11.40.00_LOG.bak
19/01/2016 10:30:19 - Deleted Backup File: C:\BACKUPDB\PanaCIM_2016.01.14_11.40.00_LOG.bak
19/01/2016 10:30:19 - Deleting Backup File: C:\BACKUPDB\PanaCIM_2016.01.14_11.50.00_LOG.bak
19/01/2016 10:30:19 - Deleted Backup File: C:\BACKUPDB\PanaCIM_2016.01.14_11.50.00_LOG.bak
19/01/2016 10:30:19 - Deleting Backup File: C:\BACKUPDB\PanaCIM_2016.01.14_12.00.00_LOG.bak
19/01/2016 10:30:19 - Deleted Backup File: C:\BACKUPDB\PanaCIM_2016.01.14_12.00.00_LOG.bak
19/01/2016 10:30:19 - Deleting Backup File: C:\BACKUPDB\PanaCIM_2016.01.14_12.10.00_LOG.bak
19/01/2016 10:30:19 - Deleted Backup File: C:\BACKUPDB\PanaCIM_2016.01.14_12.10.00_LOG.bak
19/01/2016 10:30:19 - Deleting Backup File: C:\BACKUPDB\PanaCIM_2016.01.14_12.20.00_LOG.bak
19/01/2016 10:30:19 - Deleted Backup File: C:\BACKUPDB\PanaCIM_2016.01.14_12.20.00_LOG.bak
19/01/2016 10:30:19 - Deleting Backup File: C:\BACKUPDB\PanaCIM_2016.01.14_12.30.00_LOG.bak
19/01/2016 10:30:19 - Deleted Backup File: C:\BACKUPDB\PanaCIM_2016.01.14_12.30.00_LOG.bak
19/01/2016 10:30:19 - Deleting Backup File: C:\BACKUPDB\PanaCIM_2016.01.14_12.40.00_LOG.bak
19/01/2016 10:30:19 - Deleted Backup File: C:\BACKUPDB\PanaCIM_2016.01.14_12.40.00_LOG.bak
19/01/2016 10:30:19 - Deleting Backup File: C:\BACKUPDB\PanaCIM_2016.01.14_12.50.00_LOG.bak
19/01/2016 10:30:19 - Deleted Backup File: C:\BACKUPDB\PanaCIM_2016.01.14_12.50.00_LOG.bak
19/01/2016 10:30:19 - Deleting Backup File: C:\BACKUPDB\PanaCIM_2016.01.14_13.00.00_LOG.bak
19/01/2016 10:30:19 - Deleted Backup File: C:\BACKUPDB\PanaCIM_2016.01.14_13.00.00_LOG.bak
19/01/2016 10:30:19 - Deleting Backup File: C:\BACKUPDB\PanaCIM_2016.01.14_13.10.00_LOG.bak
19/01/2016 10:30:19 - Deleted Backup File: C:\BACKUPDB\PanaCIM_2016.01.14_13.10.00_LOG.bak
19/01/2016 10:30:19 - Deleting Backup File: C:\BACKUPDB\PanaCIM_2016.01.14_13.20.00_LOG.bak
19/01/2016 10:30:19 - Deleted Backup File: C:\BACKUPDB\PanaCIM_2016.01.14_13.20.00_LOG.bak
19/01/2016 10:30:19 - Deleting Backup File: C:\BACKUPDB\PanaCIM_2016.01.14_13.30.00_LOG.bak
19/01/2016 10:30:19 - Deleted Backup File: C:\BACKUPDB\PanaCIM_2016.01.14_13.30.00_LOG.bak
19/01/2016 10:30:19 - Deleting Backup File: C:\BACKUPDB\PanaCIM_2016.01.14_13.40.00_LOG.bak
19/01/2016 10:30:19 - Deleted Backup File: C:\BACKUPDB\PanaCIM_2016.01.14_13.40.00_LOG.bak
19/01/2016 10:30:19 - Deleting Backup File: C:\BACKUPDB\PanaCIM_2016.01.14_13.50.00_LOG.bak
19/01/2016 10:30:19 - Deleted Backup File: C:\BACKUPDB\PanaCIM_2016.01.14_13.50.00_LOG.bak
19/01/2016 10:30:19 - Deleting Backup File: C:\BACKUPDB\PanaCIM_2016.01.14_14.00.00_LOG.bak
19/01/2016 10:30:19 - Deleted Backup File: C:\BACKUPDB\PanaCIM_2016.01.14_14.00.00_LOG.bak
19/01/2016 10:30:19 - Deleting Backup File: C:\BACKUPDB\PanaCIM_2016.01.14_14.10.00_LOG.bak
19/01/2016 10:30:19 - Deleted Backup File: C:\BACKUPDB\PanaCIM_2016.01.14_14.10.00_LOG.bak
19/01/2016 10:30:19 - Deleting Backup File: C:\BACKUPDB\PanaCIM_2016.01.14_14.20.00_LOG.bak
19/01/2016 10:30:19 - Deleted Backup File: C:\BACKUPDB\PanaCIM_2016.01.14_14.20.00_LOG.bak
19/01/2016 10:30:19 - Deleting Backup File: C:\BACKUPDB\PanaCIM_2016.01.14_14.30.00_LOG.bak
19/01/2016 10:30:19 - Deleted Backup File: C:\BACKUPDB\PanaCIM_2016.01.14_14.30.00_LOG.bak
19/01/2016 10:30:19 - Deleting Backup File: C:\BACKUPDB\PanaCIM_2016.01.14_14.40.00_LOG.bak
19/01/2016 10:30:19 - Deleted Backup File: C:\BACKUPDB\PanaCIM_2016.01.14_14.40.00_LOG.bak
19/01/2016 10:30:19 - Deleting Backup File: C:\BACKUPDB\PanaCIM_2016.01.14_14.50.00_LOG.bak
19/01/2016 10:30:19 - Deleted Backup File: C:\BACKUPDB\PanaCIM_2016.01.14_14.50.00_LOG.bak
19/01/2016 10:30:19 - Deleting Backup File: C:\BACKUPDB\PanaCIM_2016.01.14_15.00.00_LOG.bak
19/01/2016 10:30:19 - Deleted Backup File: C:\BACKUPDB\PanaCIM_2016.01.14_15.00.00_LOG.bak
19/01/2016 10:30:19 - Deleting Backup File: C:\BACKUPDB\PanaCIM_2016.01.14_15.10.00_LOG.bak
19/01/2016 10:30:19 - Deleted Backup File: C:\BACKUPDB\PanaCIM_2016.01.14_15.10.00_LOG.bak
19/01/2016 10:30:19 - Deleting Backup File: C:\BACKUPDB\PanaCIM_2016.01.14_15.20.00_LOG.bak
19/01/2016 10:30:19 - Deleted Backup File: C:\BACKUPDB\PanaCIM_2016.01.14_15.20.00_LOG.bak
19/01/2016 10:30:19 - Deleting Backup File: C:\BACKUPDB\PanaCIM_2016.01.14_15.30.00_LOG.bak
19/01/2016 10:30:19 - Deleted Backup File: C:\BACKUPDB\PanaCIM_2016.01.14_15.30.00_LOG.bak
19/01/2016 10:30:19 - Deleting Backup File: C:\BACKUPDB\PanaCIM_2016.01.14_15.40.00_LOG.bak
19/01/2016 10:30:19 - Deleted Backup File: C:\BACKUPDB\PanaCIM_2016.01.14_15.40.00_LOG.bak
19/01/2016 10:30:19 - Deleting Backup File: C:\BACKUPDB\PanaCIM_2016.01.14_15.50.00_LOG.bak
19/01/2016 10:30:19 - Deleted Backup File: C:\BACKUPDB\PanaCIM_2016.01.14_15.50.00_LOG.bak
19/01/2016 10:30:19 - Deleting Backup File: C:\BACKUPDB\PanaCIM_2016.01.14_16.00.00_LOG.bak
19/01/2016 10:30:19 - Deleted Backup File: C:\BACKUPDB\PanaCIM_2016.01.14_16.00.00_LOG.bak
19/01/2016 10:30:19 - Deleting Backup File: C:\BACKUPDB\PanaCIM_2016.01.14_16.10.00_LOG.bak
19/01/2016 10:30:19 - Deleted Backup File: C:\BACKUPDB\PanaCIM_2016.01.14_16.10.00_LOG.bak
19/01/2016 10:30:19 - Deleting Backup File: C:\BACKUPDB\PanaCIM_2016.01.14_16.20.00_LOG.bak
19/01/2016 10:30:19 - Deleted Backup File: C:\BACKUPDB\PanaCIM_2016.01.14_16.20.00_LOG.bak
19/01/2016 10:30:19 - Deleting Backup File: C:\BACKUPDB\PanaCIM_2016.01.14_16.30.00_LOG.bak
19/01/2016 10:30:19 - Deleted Backup File: C:\BACKUPDB\PanaCIM_2016.01.14_16.30.00_LOG.bak
19/01/2016 10:30:19 - Deleting Backup File: C:\BACKUPDB\PanaCIM_2016.01.14_16.40.00_LOG.bak
19/01/2016 10:30:19 - Deleted Backup File: C:\BACKUPDB\PanaCIM_2016.01.14_16.40.00_LOG.bak
19/01/2016 10:30:19 - Deleting Backup File: C:\BACKUPDB\PanaCIM_2016.01.14_16.50.01_LOG.bak
19/01/2016 10:30:19 - Deleted Backup File: C:\BACKUPDB\PanaCIM_2016.01.14_16.50.01_LOG.bak
19/01/2016 10:30:19 - Deleting Backup File: C:\BACKUPDB\PanaCIM_2016.01.14_17.00.15_LOG.bak
19/01/2016 10:30:19 - Deleted Backup File: C:\BACKUPDB\PanaCIM_2016.01.14_17.00.15_LOG.bak
19/01/2016 10:30:19 - Deleting Backup File: C:\BACKUPDB\PanaCIM_2016.01.14_17.10.01_LOG.bak
19/01/2016 10:30:19 - Deleted Backup File: C:\BACKUPDB\PanaCIM_2016.01.14_17.10.01_LOG.bak
19/01/2016 10:30:19 - Deleting Backup File: C:\BACKUPDB\PanaCIM_2016.01.14_17.20.06_LOG.bak
19/01/2016 10:30:19 - Deleted Backup File: C:\BACKUPDB\PanaCIM_2016.01.14_17.20.06_LOG.bak
19/01/2016 10:30:19 - Deleting Backup File: C:\BACKUPDB\PanaCIM_2016.01.14_17.30.23_LOG.bak
19/01/2016 10:30:19 - Deleted Backup File: C:\BACKUPDB\PanaCIM_2016.01.14_17.30.23_LOG.bak
19/01/2016 10:30:19 - Deleting Backup File: C:\BACKUPDB\PanaCIM_2016.01.14_17.40.03_LOG.bak
19/01/2016 10:30:19 - Deleted Backup File: C:\BACKUPDB\PanaCIM_2016.01.14_17.40.03_LOG.bak
19/01/2016 10:30:19 - Deleting Backup File: C:\BACKUPDB\PanaCIM_2016.01.14_17.50.00_LOG.bak
19/01/2016 10:30:19 - Deleted Backup File: C:\BACKUPDB\PanaCIM_2016.01.14_17.50.00_LOG.bak
19/01/2016 10:30:19 - Deleting Backup File: C:\BACKUPDB\PanaCIM_2016.01.14_18.00.03_LOG.bak
19/01/2016 10:30:19 - Deleted Backup File: C:\BACKUPDB\PanaCIM_2016.01.14_18.00.03_LOG.bak
19/01/2016 10:30:19 - Deleting Backup File: C:\BACKUPDB\PanaCIM_2016.01.14_18.10.00_LOG.bak
19/01/2016 10:30:19 - Deleted Backup File: C:\BACKUPDB\PanaCIM_2016.01.14_18.10.00_LOG.bak
19/01/2016 10:30:19 - Deleting Backup File: C:\BACKUPDB\PanaCIM_2016.01.14_18.20.00_LOG.bak
19/01/2016 10:30:19 - Deleted Backup File: C:\BACKUPDB\PanaCIM_2016.01.14_18.20.00_LOG.bak
19/01/2016 10:30:19 - Deleting Backup File: C:\BACKUPDB\PanaCIM_2016.01.15_12.10.00_LOG.bak
19/01/2016 10:30:19 - Deleted Backup File: C:\BACKUPDB\PanaCIM_2016.01.15_12.10.00_LOG.bak
19/01/2016 10:30:19 - Deleting Backup File: C:\BACKUPDB\PanaCIM_2016.01.15_13.17.46_LOG.bak
19/01/2016 10:30:19 - Deleted Backup File: C:\BACKUPDB\PanaCIM_2016.01.15_13.17.46_LOG.bak
19/01/2016 10:30:19 - Deleting Backup File: C:\BACKUPDB\PanaCIM_2016.01.15_13.20.00_LOG.bak
19/01/2016 10:30:19 - Deleted Backup File: C:\BACKUPDB\PanaCIM_2016.01.15_13.20.00_LOG.bak
19/01/2016 10:30:19 - Failed to read registry entry <SOFTWARE\WOW6432Node\Panasonic Factory Automation\PanaCIM\InstallRDB>
19/01/2016 10:30:19 - Failed to read registry entry <SOFTWARE\WOW6432Node\Panasonic Factory Automation\PanaCIM\InstallRDB>
19/01/2016 10:30:19 - RDB Server:   RDB Name 
20/01/2016 05:31:54 - DB Cleanup Start
20/01/2016 05:31:54 - Database Server: APP-SRV\PanaCIM
20/01/2016 05:31:54 - Database Name: PanaCIM
20/01/2016 05:31:54 - DB Cleanup Start For Production
20/01/2016 05:31:54 - deleting files in C:\BACKUPDB
20/01/2016 05:31:54 - Failed to read registry entry <SOFTWARE\WOW6432Node\Panasonic Factory Automation\PanaCIM\InstallRDB>
20/01/2016 05:31:54 - Failed to read registry entry <SOFTWARE\WOW6432Node\Panasonic Factory Automation\PanaCIM\InstallRDB>
20/01/2016 05:31:54 - RDB Server:   RDB Name 
25/01/2016 14:41:30 - DB Cleanup Start
25/01/2016 14:41:30 - Database Server: APP-SRV\PanaCIM
25/01/2016 14:41:30 - Database Name: PanaCIM
25/01/2016 14:41:30 - DB Cleanup Start For Production
25/01/2016 14:41:31 - deleting files in C:\BACKUPDB
25/01/2016 14:41:31 - Deleting Backup File: C:\BACKUPDB\PanaCIM_2016.01.19_10.20.24_LOG.bak
25/01/2016 14:41:31 - Deleted Backup File: C:\BACKUPDB\PanaCIM_2016.01.19_10.20.24_LOG.bak
25/01/2016 14:41:31 - Deleting Backup File: C:\BACKUPDB\PanaCIM_2016.01.19_10.30.01_LOG.bak
25/01/2016 14:41:31 - Deleted Backup File: C:\BACKUPDB\PanaCIM_2016.01.19_10.30.01_LOG.bak
25/01/2016 14:41:31 - Deleting Backup File: C:\BACKUPDB\PanaCIM_2016.01.19_10.40.01_LOG.bak
25/01/2016 14:41:31 - Deleted Backup File: C:\BACKUPDB\PanaCIM_2016.01.19_10.40.01_LOG.bak
25/01/2016 14:41:31 - Deleting Backup File: C:\BACKUPDB\PanaCIM_2016.01.19_10.50.01_LOG.bak
25/01/2016 14:41:31 - Deleted Backup File: C:\BACKUPDB\PanaCIM_2016.01.19_10.50.01_LOG.bak
25/01/2016 14:41:31 - Deleting Backup File: C:\BACKUPDB\PanaCIM_2016.01.19_11.00.00_LOG.bak
25/01/2016 14:41:31 - Deleted Backup File: C:\BACKUPDB\PanaCIM_2016.01.19_11.00.00_LOG.bak
25/01/2016 14:41:31 - Deleting Backup File: C:\BACKUPDB\PanaCIM_2016.01.19_11.10.01_LOG.bak
25/01/2016 14:41:31 - Deleted Backup File: C:\BACKUPDB\PanaCIM_2016.01.19_11.10.01_LOG.bak
25/01/2016 14:41:31 - Deleting Backup File: C:\BACKUPDB\PanaCIM_2016.01.19_11.20.00_LOG.bak
25/01/2016 14:41:31 - Deleted Backup File: C:\BACKUPDB\PanaCIM_2016.01.19_11.20.00_LOG.bak
25/01/2016 14:41:31 - Deleting Backup File: C:\BACKUPDB\PanaCIM_2016.01.19_11.30.00_LOG.bak
25/01/2016 14:41:31 - Deleted Backup File: C:\BACKUPDB\PanaCIM_2016.01.19_11.30.00_LOG.bak
25/01/2016 14:41:31 - Deleting Backup File: C:\BACKUPDB\PanaCIM_2016.01.20_05.30.00_LOG.bak
25/01/2016 14:41:31 - Deleted Backup File: C:\BACKUPDB\PanaCIM_2016.01.20_05.30.00_LOG.bak
25/01/2016 14:41:31 - Deleting Backup File: C:\BACKUPDB\PanaCIM_2016.01.20_05.40.00_LOG.bak
25/01/2016 14:41:31 - Deleted Backup File: C:\BACKUPDB\PanaCIM_2016.01.20_05.40.00_LOG.bak
25/01/2016 14:41:31 - Deleting Backup File: C:\BACKUPDB\PanaCIM_2016.01.20_07.02.35_LOG.bak
25/01/2016 14:41:31 - Deleted Backup File: C:\BACKUPDB\PanaCIM_2016.01.20_07.02.35_LOG.bak
25/01/2016 14:41:31 - Deleting Backup File: C:\BACKUPDB\PanaCIM_2016.01.20_07.10.00_LOG.bak
25/01/2016 14:41:31 - Deleted Backup File: C:\BACKUPDB\PanaCIM_2016.01.20_07.10.00_LOG.bak
25/01/2016 14:41:31 - Deleting Backup File: C:\BACKUPDB\PanaCIM_2016.01.20_07.20.00_LOG.bak
25/01/2016 14:41:31 - Deleted Backup File: C:\BACKUPDB\PanaCIM_2016.01.20_07.20.00_LOG.bak
25/01/2016 14:41:31 - Deleting Backup File: C:\BACKUPDB\PanaCIM_2016.01.20_07.30.00_LOG.bak
25/01/2016 14:41:31 - Deleted Backup File: C:\BACKUPDB\PanaCIM_2016.01.20_07.30.00_LOG.bak
25/01/2016 14:41:31 - Deleting Backup File: C:\BACKUPDB\PanaCIM_2016.01.20_07.40.00_LOG.bak
25/01/2016 14:41:31 - Deleted Backup File: C:\BACKUPDB\PanaCIM_2016.01.20_07.40.00_LOG.bak
25/01/2016 14:41:31 - Deleting Backup File: C:\BACKUPDB\PanaCIM_2016.01.20_07.50.01_LOG.bak
25/01/2016 14:41:31 - Deleted Backup File: C:\BACKUPDB\PanaCIM_2016.01.20_07.50.01_LOG.bak
25/01/2016 14:41:31 - Deleting Backup File: C:\BACKUPDB\PanaCIM_2016.01.20_08.00.00_LOG.bak
25/01/2016 14:41:31 - Deleted Backup File: C:\BACKUPDB\PanaCIM_2016.01.20_08.00.00_LOG.bak
25/01/2016 14:41:31 - Deleting Backup File: C:\BACKUPDB\PanaCIM_2016.01.20_08.10.00_LOG.bak
25/01/2016 14:41:31 - Deleted Backup File: C:\BACKUPDB\PanaCIM_2016.01.20_08.10.00_LOG.bak
25/01/2016 14:41:31 - Deleting Backup File: C:\BACKUPDB\PanaCIM_2016.01.20_08.20.00_LOG.bak
25/01/2016 14:41:31 - Deleted Backup File: C:\BACKUPDB\PanaCIM_2016.01.20_08.20.00_LOG.bak
25/01/2016 14:41:31 - Deleting Backup File: C:\BACKUPDB\PanaCIM_2016.01.20_08.30.00_LOG.bak
25/01/2016 14:41:31 - Deleted Backup File: C:\BACKUPDB\PanaCIM_2016.01.20_08.30.00_LOG.bak
25/01/2016 14:41:31 - Deleting Backup File: C:\BACKUPDB\PanaCIM_2016.01.20_08.40.02_LOG.bak
25/01/2016 14:41:31 - Deleted Backup File: C:\BACKUPDB\PanaCIM_2016.01.20_08.40.02_LOG.bak
25/01/2016 14:41:31 - Deleting Backup File: C:\BACKUPDB\PanaCIM_2016.01.20_08.50.01_LOG.bak
25/01/2016 14:41:31 - Deleted Backup File: C:\BACKUPDB\PanaCIM_2016.01.20_08.50.01_LOG.bak
25/01/2016 14:41:31 - Deleting Backup File: C:\BACKUPDB\PanaCIM_2016.01.20_09.00.01_LOG.bak
25/01/2016 14:41:31 - Deleted Backup File: C:\BACKUPDB\PanaCIM_2016.01.20_09.00.01_LOG.bak
25/01/2016 14:41:31 - Failed to read registry entry <SOFTWARE\WOW6432Node\Panasonic Factory Automation\PanaCIM\InstallRDB>
25/01/2016 14:41:31 - Failed to read registry entry <SOFTWARE\WOW6432Node\Panasonic Factory Automation\PanaCIM\InstallRDB>
25/01/2016 14:41:31 - RDB Server:   RDB Name 
26/01/2016 09:13:11 - DB Cleanup Start
26/01/2016 09:13:11 - Database Server: APP-SRV\PanaCIM
26/01/2016 09:13:11 - Database Name: PanaCIM
26/01/2016 09:13:11 - DB Cleanup Start For Production
26/01/2016 09:13:11 - deleting files in C:\BACKUPDB
26/01/2016 09:13:11 - Failed to read registry entry <SOFTWARE\WOW6432Node\Panasonic Factory Automation\PanaCIM\InstallRDB>
26/01/2016 09:13:11 - Failed to read registry entry <SOFTWARE\WOW6432Node\Panasonic Factory Automation\PanaCIM\InstallRDB>
26/01/2016 09:13:11 - RDB Server:   RDB Name 
08/02/2016 09:57:52 - DB Cleanup Start
08/02/2016 09:57:53 - Database Server: APP-SRV\PanaCIM
08/02/2016 09:57:53 - Database Name: PanaCIM
08/02/2016 09:57:53 - DB Cleanup Start For Production
08/02/2016 09:57:53 - deleting files in C:\BACKUPDB
08/02/2016 09:57:53 - Deleting Backup File: C:\BACKUPDB\PanaCIM_2016.01.25_14.40.00_LOG.bak
08/02/2016 09:57:53 - Deleted Backup File: C:\BACKUPDB\PanaCIM_2016.01.25_14.40.00_LOG.bak
08/02/2016 09:57:53 - Deleting Backup File: C:\BACKUPDB\PanaCIM_2016.01.25_14.50.00_LOG.bak
08/02/2016 09:57:53 - Deleted Backup File: C:\BACKUPDB\PanaCIM_2016.01.25_14.50.00_LOG.bak
08/02/2016 09:57:53 - Deleting Backup File: C:\BACKUPDB\PanaCIM_2016.01.26_09.10.00_LOG.bak
08/02/2016 09:57:53 - Deleted Backup File: C:\BACKUPDB\PanaCIM_2016.01.26_09.10.00_LOG.bak
08/02/2016 09:57:53 - Deleting Backup File: C:\BACKUPDB\PanaCIM_2016.01.26_09.20.00_LOG.bak
08/02/2016 09:57:53 - Deleted Backup File: C:\BACKUPDB\PanaCIM_2016.01.26_09.20.00_LOG.bak
08/02/2016 09:57:53 - Deleting Backup File: C:\BACKUPDB\PanaCIM_2016.01.26_09.30.00_LOG.bak
08/02/2016 09:57:53 - Deleted Backup File: C:\BACKUPDB\PanaCIM_2016.01.26_09.30.00_LOG.bak
08/02/2016 09:57:53 - Deleting Backup File: C:\BACKUPDB\PanaCIM_2016.01.26_09.40.00_LOG.bak
08/02/2016 09:57:53 - Deleted Backup File: C:\BACKUPDB\PanaCIM_2016.01.26_09.40.00_LOG.bak
08/02/2016 09:57:53 - Deleting Backup File: C:\BACKUPDB\PanaCIM_2016.01.26_09.50.00_LOG.bak
08/02/2016 09:57:53 - Deleted Backup File: C:\BACKUPDB\PanaCIM_2016.01.26_09.50.00_LOG.bak
08/02/2016 09:57:53 - Deleting Backup File: C:\BACKUPDB\PanaCIM_2016.01.26_10.00.00_LOG.bak
08/02/2016 09:57:53 - Deleted Backup File: C:\BACKUPDB\PanaCIM_2016.01.26_10.00.00_LOG.bak
08/02/2016 09:57:53 - Deleting Backup File: C:\BACKUPDB\PanaCIM_2016.01.26_10.10.00_LOG.bak
08/02/2016 09:57:53 - Deleted Backup File: C:\BACKUPDB\PanaCIM_2016.01.26_10.10.00_LOG.bak
08/02/2016 09:57:53 - Deleting Backup File: C:\BACKUPDB\PanaCIM_2016.01.26_10.20.00_LOG.bak
08/02/2016 09:57:53 - Deleted Backup File: C:\BACKUPDB\PanaCIM_2016.01.26_10.20.00_LOG.bak
08/02/2016 09:57:53 - Deleting Backup File: C:\BACKUPDB\PanaCIM_2016.01.26_10.30.00_LOG.bak
08/02/2016 09:57:53 - Deleted Backup File: C:\BACKUPDB\PanaCIM_2016.01.26_10.30.00_LOG.bak
08/02/2016 09:57:53 - Deleting Backup File: C:\BACKUPDB\PanaCIM_2016.01.26_10.40.00_LOG.bak
08/02/2016 09:57:53 - Deleted Backup File: C:\BACKUPDB\PanaCIM_2016.01.26_10.40.00_LOG.bak
08/02/2016 09:57:53 - Deleting Backup File: C:\BACKUPDB\PanaCIM_2016.01.26_10.50.01_LOG.bak
08/02/2016 09:57:53 - Deleted Backup File: C:\BACKUPDB\PanaCIM_2016.01.26_10.50.01_LOG.bak
08/02/2016 09:57:53 - Deleting Backup File: C:\BACKUPDB\PanaCIM_2016.01.26_11.00.00_LOG.bak
08/02/2016 09:57:53 - Deleted Backup File: C:\BACKUPDB\PanaCIM_2016.01.26_11.00.00_LOG.bak
08/02/2016 09:57:53 - Deleting Backup File: C:\BACKUPDB\PanaCIM_2016.01.26_11.10.00_LOG.bak
08/02/2016 09:57:53 - Deleted Backup File: C:\BACKUPDB\PanaCIM_2016.01.26_11.10.00_LOG.bak
08/02/2016 09:57:53 - Deleting Backup File: C:\BACKUPDB\PanaCIM_2016.01.26_11.20.00_LOG.bak
08/02/2016 09:57:53 - Deleted Backup File: C:\BACKUPDB\PanaCIM_2016.01.26_11.20.00_LOG.bak
08/02/2016 09:57:53 - Deleting Backup File: C:\BACKUPDB\PanaCIM_2016.01.26_11.30.00_LOG.bak
08/02/2016 09:57:53 - Deleted Backup File: C:\BACKUPDB\PanaCIM_2016.01.26_11.30.00_LOG.bak
08/02/2016 09:57:53 - Failed to read registry entry <SOFTWARE\WOW6432Node\Panasonic Factory Automation\PanaCIM\InstallRDB>
08/02/2016 09:57:53 - Failed to read registry entry <SOFTWARE\WOW6432Node\Panasonic Factory Automation\PanaCIM\InstallRDB>
08/02/2016 09:57:53 - RDB Server:   RDB Name 
09/02/2016 11:43:30 - DB Cleanup Start
09/02/2016 11:43:30 - Database Server: APP-SRV\PanaCIM
09/02/2016 11:43:30 - Database Name: PanaCIM
09/02/2016 11:43:30 - DB Cleanup Start For Production
09/02/2016 11:43:30 - deleting files in C:\BACKUPDB
09/02/2016 11:43:30 - Failed to read registry entry <SOFTWARE\WOW6432Node\Panasonic Factory Automation\PanaCIM\InstallRDB>
09/02/2016 11:43:30 - Failed to read registry entry <SOFTWARE\WOW6432Node\Panasonic Factory Automation\PanaCIM\InstallRDB>
09/02/2016 11:43:30 - RDB Server:   RDB Name 
