10/04/2014 21:39:01 - Time Sync Start
10/04/2014 21:39:01 - Data Source=APP-SRV\PanaCIM;Initial Catalog=PANACIM;User=cim;Password=cim;MultipleActiveResultSets=True
10/04/2014 21:39:04 - Peer Server is not defined
10/04/2014 21:39:04 - production server and current pc is same so time sync not required
11/04/2014 09:39:01 - Time Sync Start
11/04/2014 09:39:01 - Data Source=APP-SRV\PanaCIM;Initial Catalog=PANACIM;User=cim;Password=cim;MultipleActiveResultSets=True
11/04/2014 09:39:05 - Peer Server is not defined
11/04/2014 09:39:05 - production server and current pc is same so time sync not required
11/04/2014 12:39:06 - Time Sync Start
11/04/2014 12:39:06 - Data Source=APP-SRV\PanaCIM;Initial Catalog=PANACIM;User=cim;Password=cim;MultipleActiveResultSets=True
11/04/2014 12:39:12 - Peer Server is not defined
11/04/2014 12:39:12 - production server and current pc is same so time sync not required
11/04/2014 15:39:10 - Time Sync Start
11/04/2014 15:39:10 - Data Source=APP-SRV\PanaCIM;Initial Catalog=PANACIM;User=cim;Password=cim;MultipleActiveResultSets=True
11/04/2014 15:39:20 - Peer Server is not defined
11/04/2014 15:39:20 - production server and current pc is same so time sync not required
11/04/2014 18:39:08 - Time Sync Start
11/04/2014 18:39:09 - Data Source=APP-SRV\PanaCIM;Initial Catalog=PANACIM;User=cim;Password=cim;MultipleActiveResultSets=True
11/04/2014 18:39:14 - Peer Server is not defined
11/04/2014 18:39:14 - production server and current pc is same so time sync not required
12/04/2014 12:39:15 - Time Sync Start
12/04/2014 12:39:16 - Data Source=APP-SRV\PanaCIM;Initial Catalog=PANACIM;User=cim;Password=cim;MultipleActiveResultSets=True
12/04/2014 12:39:23 - Peer Server is not defined
12/04/2014 12:39:24 - production server and current pc is same so time sync not required
12/04/2014 18:16:07 - Time Sync Start
12/04/2014 18:16:07 - Data Source=APP-SRV\PANACIM;Initial Catalog=PANACIM;Persist Security Info=True;User ID=cim;Password=cim;MultipleActiveResultSets=True
12/04/2014 18:16:11 - Peer Server is not defined
12/04/2014 18:16:11 - production server and current pc is same so time sync not required
16/04/2014 15:16:02 - Time Sync Start
16/04/2014 15:16:03 - Data Source=APP-SRV\PANACIM;Initial Catalog=PANACIM;Persist Security Info=True;User ID=cim;Password=cim;MultipleActiveResultSets=True
16/04/2014 15:16:07 - Peer Server is not defined
16/04/2014 15:16:07 - production server and current pc is same so time sync not required
17/04/2014 10:05:16 - Time Sync Start
17/04/2014 10:05:17 - Data Source=APP-SRV\PanaCIM;Initial Catalog=PANACIM;User=cim;Password=cim;MultipleActiveResultSets=True
17/04/2014 10:05:39 - Peer Server is not defined
17/04/2014 10:05:39 - production server and current pc is same so time sync not required
17/04/2014 13:05:02 - Time Sync Start
17/04/2014 13:05:02 - Data Source=APP-SRV\PanaCIM;Initial Catalog=PANACIM;User=cim;Password=cim;MultipleActiveResultSets=True
17/04/2014 13:05:05 - Peer Server is not defined
17/04/2014 13:05:05 - production server and current pc is same so time sync not required
17/04/2014 16:05:05 - Time Sync Start
17/04/2014 16:05:05 - Data Source=APP-SRV\PanaCIM;Initial Catalog=PANACIM;User=cim;Password=cim;MultipleActiveResultSets=True
17/04/2014 16:05:08 - Peer Server is not defined
17/04/2014 16:05:08 - production server and current pc is same so time sync not required
17/04/2014 19:05:00 - Time Sync Start
17/04/2014 19:05:00 - Data Source=APP-SRV\PanaCIM;Initial Catalog=PANACIM;User=cim;Password=cim;MultipleActiveResultSets=True
17/04/2014 19:05:03 - Peer Server is not defined
17/04/2014 19:05:03 - production server and current pc is same so time sync not required
18/04/2014 10:05:01 - Time Sync Start
18/04/2014 10:05:01 - Data Source=APP-SRV\PanaCIM;Initial Catalog=PANACIM;User=cim;Password=cim;MultipleActiveResultSets=True
18/04/2014 10:05:04 - Peer Server is not defined
18/04/2014 10:05:04 - production server and current pc is same so time sync not required
18/04/2014 13:05:07 - Time Sync Start
18/04/2014 13:05:07 - Data Source=APP-SRV\PanaCIM;Initial Catalog=PANACIM;User=cim;Password=cim;MultipleActiveResultSets=True
18/04/2014 13:05:11 - Peer Server is not defined
18/04/2014 13:05:11 - production server and current pc is same so time sync not required
18/04/2014 16:05:01 - Time Sync Start
18/04/2014 16:05:01 - Data Source=APP-SRV\PanaCIM;Initial Catalog=PANACIM;User=cim;Password=cim;MultipleActiveResultSets=True
18/04/2014 16:05:03 - Peer Server is not defined
18/04/2014 16:05:03 - production server and current pc is same so time sync not required
22/04/2014 10:05:04 - Time Sync Start
22/04/2014 10:05:04 - Data Source=APP-SRV\PanaCIM;Initial Catalog=PANACIM;User=cim;Password=cim;MultipleActiveResultSets=True
22/04/2014 10:05:08 - Peer Server is not defined
22/04/2014 10:05:08 - production server and current pc is same so time sync not required
22/04/2014 13:05:04 - Time Sync Start
22/04/2014 13:05:04 - Data Source=APP-SRV\PanaCIM;Initial Catalog=PANACIM;User=cim;Password=cim;MultipleActiveResultSets=True
22/04/2014 13:05:07 - Peer Server is not defined
22/04/2014 13:05:07 - production server and current pc is same so time sync not required
22/04/2014 16:05:01 - Time Sync Start
22/04/2014 16:05:01 - Data Source=APP-SRV\PanaCIM;Initial Catalog=PANACIM;User=cim;Password=cim;MultipleActiveResultSets=True
22/04/2014 16:05:04 - Peer Server is not defined
22/04/2014 16:05:04 - production server and current pc is same so time sync not required
23/04/2014 10:05:01 - Time Sync Start
23/04/2014 10:05:02 - Data Source=APP-SRV\PanaCIM;Initial Catalog=PANACIM;User=cim;Password=cim;MultipleActiveResultSets=True
23/04/2014 10:05:05 - Peer Server is not defined
23/04/2014 10:05:05 - production server and current pc is same so time sync not required
23/04/2014 13:05:03 - Time Sync Start
23/04/2014 13:05:03 - Data Source=APP-SRV\PanaCIM;Initial Catalog=PANACIM;User=cim;Password=cim;MultipleActiveResultSets=True
23/04/2014 13:05:08 - Peer Server is not defined
23/04/2014 13:05:08 - production server and current pc is same so time sync not required
23/04/2014 16:05:07 - Time Sync Start
23/04/2014 16:05:07 - Data Source=APP-SRV\PanaCIM;Initial Catalog=PANACIM;User=cim;Password=cim;MultipleActiveResultSets=True
23/04/2014 16:05:12 - Peer Server is not defined
23/04/2014 16:05:12 - production server and current pc is same so time sync not required
23/04/2014 19:05:08 - Time Sync Start
23/04/2014 19:05:08 - Data Source=APP-SRV\PanaCIM;Initial Catalog=PANACIM;User=cim;Password=cim;MultipleActiveResultSets=True
23/04/2014 19:05:16 - Peer Server is not defined
23/04/2014 19:05:16 - production server and current pc is same so time sync not required
28/04/2014 13:05:08 - Time Sync Start
28/04/2014 13:05:08 - Data Source=APP-SRV\PanaCIM;Initial Catalog=PANACIM;User=cim;Password=cim;MultipleActiveResultSets=True
28/04/2014 13:05:15 - Peer Server is not defined
28/04/2014 13:05:15 - production server and current pc is same so time sync not required
13/05/2014 13:05:01 - Time Sync Start
13/05/2014 13:05:01 - Data Source=APP-SRV\PanaCIM;Initial Catalog=PANACIM;User=cim;Password=cim;MultipleActiveResultSets=True
13/05/2014 13:05:04 - Peer Server is not defined
13/05/2014 13:05:04 - production server and current pc is same so time sync not required
07/07/2014 14:41:06 - Time Sync Start
07/07/2014 14:41:07 - Data Source=APP-SRV\PanaCIM;Initial Catalog=PANACIM;User=cim;Password=cim;MultipleActiveResultSets=True
07/07/2014 14:41:11 - Peer Server is not defined
07/07/2014 14:41:11 - production server and current pc is same so time sync not required
07/07/2014 17:41:09 - Time Sync Start
07/07/2014 17:41:09 - Data Source=APP-SRV\PanaCIM;Initial Catalog=PANACIM;User=cim;Password=cim;MultipleActiveResultSets=True
07/07/2014 17:41:14 - Peer Server is not defined
07/07/2014 17:41:14 - production server and current pc is same so time sync not required
08/07/2014 11:41:01 - Time Sync Start
08/07/2014 11:41:01 - Data Source=APP-SRV\PanaCIM;Initial Catalog=PANACIM;User=cim;Password=cim;MultipleActiveResultSets=True
08/07/2014 11:41:01 - Peer Server is not defined
08/07/2014 11:41:01 - production server and current pc is same so time sync not required
08/07/2014 14:41:11 - Time Sync Start
08/07/2014 14:41:11 - Data Source=APP-SRV\PanaCIM;Initial Catalog=PANACIM;User=cim;Password=cim;MultipleActiveResultSets=True
08/07/2014 14:41:15 - Peer Server is not defined
08/07/2014 14:41:15 - production server and current pc is same so time sync not required
14/07/2014 11:35:06 - Time Sync Start
14/07/2014 11:35:06 - Data Source=APP-SRV\PanaCIM;Initial Catalog=PANACIM;User=cim;Password=cim;MultipleActiveResultSets=True
14/07/2014 11:35:12 - Peer Server is not defined
14/07/2014 11:35:12 - production server and current pc is same so time sync not required
14/07/2014 14:35:06 - Time Sync Start
14/07/2014 14:35:06 - Data Source=APP-SRV\PanaCIM;Initial Catalog=PANACIM;User=cim;Password=cim;MultipleActiveResultSets=True
14/07/2014 14:35:11 - Peer Server is not defined
14/07/2014 14:35:12 - production server and current pc is same so time sync not required
14/07/2014 17:35:08 - Time Sync Start
14/07/2014 17:35:09 - Data Source=APP-SRV\PanaCIM;Initial Catalog=PANACIM;User=cim;Password=cim;MultipleActiveResultSets=True
14/07/2014 17:35:13 - Peer Server is not defined
14/07/2014 17:35:13 - production server and current pc is same so time sync not required
15/07/2014 11:35:01 - Time Sync Start
15/07/2014 11:35:01 - Data Source=APP-SRV\PanaCIM;Initial Catalog=PANACIM;User=cim;Password=cim;MultipleActiveResultSets=True
15/07/2014 11:35:01 - Peer Server is not defined
15/07/2014 11:35:01 - production server and current pc is same so time sync not required
15/07/2014 14:35:04 - Time Sync Start
15/07/2014 14:35:04 - Data Source=APP-SRV\PanaCIM;Initial Catalog=PANACIM;User=cim;Password=cim;MultipleActiveResultSets=True
15/07/2014 14:35:08 - Peer Server is not defined
15/07/2014 14:35:08 - production server and current pc is same so time sync not required
15/07/2014 17:35:03 - Time Sync Start
15/07/2014 17:35:03 - Data Source=APP-SRV\PanaCIM;Initial Catalog=PANACIM;User=cim;Password=cim;MultipleActiveResultSets=True
15/07/2014 17:35:07 - Peer Server is not defined
15/07/2014 17:35:07 - production server and current pc is same so time sync not required
16/07/2014 11:35:01 - Time Sync Start
16/07/2014 11:35:01 - Data Source=APP-SRV\PanaCIM;Initial Catalog=PANACIM;User=cim;Password=cim;MultipleActiveResultSets=True
16/07/2014 11:35:01 - Peer Server is not defined
16/07/2014 11:35:01 - production server and current pc is same so time sync not required
23/07/2014 11:35:09 - Time Sync Start
23/07/2014 11:35:10 - Data Source=APP-SRV\PanaCIM;Initial Catalog=PANACIM;User=cim;Password=cim;MultipleActiveResultSets=True
23/07/2014 11:35:15 - Peer Server is not defined
23/07/2014 11:35:15 - production server and current pc is same so time sync not required
23/07/2014 15:02:05 - Time Sync Start
23/07/2014 15:02:05 - Data Source=APP-SRV\PanaCIM;Initial Catalog=PANACIM;User=cim;Password=cim;MultipleActiveResultSets=True
23/07/2014 15:02:10 - Peer Server is not defined
23/07/2014 15:02:10 - production server and current pc is same so time sync not required
24/07/2014 12:02:01 - Time Sync Start
24/07/2014 12:02:01 - Data Source=APP-SRV\PanaCIM;Initial Catalog=PANACIM;User=cim;Password=cim;MultipleActiveResultSets=True
24/07/2014 12:02:01 - Peer Server is not defined
24/07/2014 12:02:01 - production server and current pc is same so time sync not required
24/07/2014 15:02:03 - Time Sync Start
24/07/2014 15:02:03 - Data Source=APP-SRV\PanaCIM;Initial Catalog=PANACIM;User=cim;Password=cim;MultipleActiveResultSets=True
24/07/2014 15:02:05 - Peer Server is not defined
24/07/2014 15:02:06 - production server and current pc is same so time sync not required
24/07/2014 18:02:07 - Time Sync Start
24/07/2014 18:02:07 - Data Source=APP-SRV\PanaCIM;Initial Catalog=PANACIM;User=cim;Password=cim;MultipleActiveResultSets=True
24/07/2014 18:02:17 - Peer Server is not defined
24/07/2014 18:02:17 - production server and current pc is same so time sync not required
25/07/2014 12:02:01 - Time Sync Start
25/07/2014 12:02:01 - Data Source=APP-SRV\PanaCIM;Initial Catalog=PANACIM;User=cim;Password=cim;MultipleActiveResultSets=True
25/07/2014 12:02:02 - Peer Server is not defined
25/07/2014 12:02:02 - production server and current pc is same so time sync not required
25/07/2014 15:02:05 - Time Sync Start
25/07/2014 15:02:05 - Data Source=APP-SRV\PanaCIM;Initial Catalog=PANACIM;User=cim;Password=cim;MultipleActiveResultSets=True
25/07/2014 15:02:08 - Peer Server is not defined
25/07/2014 15:02:08 - production server and current pc is same so time sync not required
05/08/2014 18:02:12 - Time Sync Start
05/08/2014 18:02:12 - Data Source=APP-SRV\PanaCIM;Initial Catalog=PANACIM;User=cim;Password=cim;MultipleActiveResultSets=True
05/08/2014 18:02:20 - Peer Server is not defined
05/08/2014 18:02:20 - production server and current pc is same so time sync not required
05/08/2014 21:02:09 - Time Sync Start
05/08/2014 21:02:10 - Data Source=APP-SRV\PanaCIM;Initial Catalog=PANACIM;User=cim;Password=cim;MultipleActiveResultSets=True
05/08/2014 21:02:15 - Peer Server is not defined
05/08/2014 21:02:15 - production server and current pc is same so time sync not required
06/08/2014 12:02:05 - Time Sync Start
06/08/2014 12:02:05 - Data Source=APP-SRV\PanaCIM;Initial Catalog=PANACIM;User=cim;Password=cim;MultipleActiveResultSets=True
06/08/2014 12:02:10 - Peer Server is not defined
06/08/2014 12:02:10 - production server and current pc is same so time sync not required
06/08/2014 15:02:06 - Time Sync Start
06/08/2014 15:02:06 - Data Source=APP-SRV\PanaCIM;Initial Catalog=PANACIM;User=cim;Password=cim;MultipleActiveResultSets=True
06/08/2014 15:02:10 - Peer Server is not defined
06/08/2014 15:02:10 - production server and current pc is same so time sync not required
06/08/2014 18:02:10 - Time Sync Start
06/08/2014 18:02:11 - Data Source=APP-SRV\PanaCIM;Initial Catalog=PANACIM;User=cim;Password=cim;MultipleActiveResultSets=True
06/08/2014 18:02:19 - Peer Server is not defined
06/08/2014 18:02:19 - production server and current pc is same so time sync not required
07/08/2014 15:02:00 - Time Sync Start
07/08/2014 15:02:00 - Data Source=APP-SRV\PanaCIM;Initial Catalog=PANACIM;User=cim;Password=cim;MultipleActiveResultSets=True
07/08/2014 15:02:01 - Peer Server is not defined
07/08/2014 15:02:01 - production server and current pc is same so time sync not required
18/08/2014 12:43:04 - Time Sync Start
18/08/2014 12:43:04 - Data Source=APP-SRV\PanaCIM;Initial Catalog=PANACIM;User=cim;Password=cim;MultipleActiveResultSets=True
18/08/2014 12:43:08 - Peer Server is not defined
18/08/2014 12:43:08 - production server and current pc is same so time sync not required
18/08/2014 15:43:03 - Time Sync Start
18/08/2014 15:43:03 - Data Source=APP-SRV\PanaCIM;Initial Catalog=PANACIM;User=cim;Password=cim;MultipleActiveResultSets=True
18/08/2014 15:43:10 - Peer Server is not defined
18/08/2014 15:43:10 - production server and current pc is same so time sync not required
19/08/2014 12:43:08 - Time Sync Start
19/08/2014 12:43:08 - Data Source=APP-SRV\PanaCIM;Initial Catalog=PANACIM;User=cim;Password=cim;MultipleActiveResultSets=True
19/08/2014 12:43:15 - Peer Server is not defined
19/08/2014 12:43:15 - production server and current pc is same so time sync not required
19/08/2014 15:43:13 - Time Sync Start
19/08/2014 15:43:14 - Data Source=APP-SRV\PanaCIM;Initial Catalog=PANACIM;User=cim;Password=cim;MultipleActiveResultSets=True
19/08/2014 15:43:18 - Peer Server is not defined
19/08/2014 15:43:18 - production server and current pc is same so time sync not required
20/08/2014 09:43:00 - Time Sync Start
20/08/2014 09:43:00 - Data Source=APP-SRV\PanaCIM;Initial Catalog=PANACIM;User=cim;Password=cim;MultipleActiveResultSets=True
20/08/2014 09:43:01 - Peer Server is not defined
20/08/2014 09:43:01 - production server and current pc is same so time sync not required
20/08/2014 12:43:08 - Time Sync Start
20/08/2014 12:43:09 - Data Source=APP-SRV\PanaCIM;Initial Catalog=PANACIM;User=cim;Password=cim;MultipleActiveResultSets=True
20/08/2014 12:43:16 - Peer Server is not defined
20/08/2014 12:43:17 - production server and current pc is same so time sync not required
20/08/2014 15:43:07 - Time Sync Start
20/08/2014 15:43:07 - Data Source=APP-SRV\PanaCIM;Initial Catalog=PANACIM;User=cim;Password=cim;MultipleActiveResultSets=True
20/08/2014 15:43:12 - Peer Server is not defined
20/08/2014 15:43:13 - production server and current pc is same so time sync not required
20/08/2014 18:43:01 - Time Sync Start
20/08/2014 18:43:01 - Data Source=APP-SRV\PanaCIM;Initial Catalog=PANACIM;User=cim;Password=cim;MultipleActiveResultSets=True
20/08/2014 18:43:04 - Peer Server is not defined
20/08/2014 18:43:04 - production server and current pc is same so time sync not required
21/08/2014 09:43:02 - Time Sync Start
21/08/2014 09:43:02 - Data Source=APP-SRV\PanaCIM;Initial Catalog=PANACIM;User=cim;Password=cim;MultipleActiveResultSets=True
21/08/2014 09:43:03 - Peer Server is not defined
21/08/2014 09:43:03 - production server and current pc is same so time sync not required
21/08/2014 12:43:01 - Time Sync Start
21/08/2014 12:43:01 - Data Source=APP-SRV\PanaCIM;Initial Catalog=PANACIM;User=cim;Password=cim;MultipleActiveResultSets=True
21/08/2014 12:43:02 - Peer Server is not defined
21/08/2014 12:43:02 - production server and current pc is same so time sync not required
21/08/2014 15:43:01 - Time Sync Start
21/08/2014 15:43:01 - Data Source=APP-SRV\PanaCIM;Initial Catalog=PANACIM;User=cim;Password=cim;MultipleActiveResultSets=True
21/08/2014 15:43:02 - Peer Server is not defined
21/08/2014 15:43:02 - production server and current pc is same so time sync not required
21/08/2014 16:50:28 - Time Sync Start
21/08/2014 16:50:28 - Data Source=APP-SRV\PanaCIM;Initial Catalog=PANACIM;User=cim;Password=cim;MultipleActiveResultSets=True
21/08/2014 16:50:30 - Peer Server is not defined
21/08/2014 16:50:30 - production server and current pc is same so time sync not required
21/08/2014 18:04:37 - Time Sync Start
21/08/2014 18:04:37 - Data Source=APP-SRV\PanaCIM;Initial Catalog=PANACIM;User=cim;Password=cim;MultipleActiveResultSets=True
21/08/2014 18:04:37 - Peer Server is not defined
21/08/2014 18:04:37 - production server and current pc is same so time sync not required
21/08/2014 18:04:41 - Time Sync Start
21/08/2014 18:04:41 - Data Source=APP-SRV\PanaCIM;Initial Catalog=PANACIM;User=cim;Password=cim;MultipleActiveResultSets=True
21/08/2014 18:04:41 - Peer Server is not defined
21/08/2014 18:04:41 - production server and current pc is same so time sync not required
21/08/2014 18:04:52 - Time Sync Start
21/08/2014 18:04:52 - Data Source=APP-SRV\PanaCIM;Initial Catalog=PANACIM;User=cim;Password=cim;MultipleActiveResultSets=True
21/08/2014 18:04:52 - Peer Server is not defined
21/08/2014 18:04:52 - production server and current pc is same so time sync not required
21/08/2014 18:04:53 - Time Sync Start
21/08/2014 18:04:53 - Data Source=APP-SRV\PanaCIM;Initial Catalog=PANACIM;User=cim;Password=cim;MultipleActiveResultSets=True
21/08/2014 18:04:53 - Peer Server is not defined
21/08/2014 18:04:53 - production server and current pc is same so time sync not required
21/08/2014 18:04:54 - Time Sync Start
21/08/2014 18:04:54 - Data Source=APP-SRV\PanaCIM;Initial Catalog=PANACIM;User=cim;Password=cim;MultipleActiveResultSets=True
21/08/2014 18:04:54 - Peer Server is not defined
21/08/2014 18:04:54 - production server and current pc is same so time sync not required
21/08/2014 18:04:54 - Time Sync Start
21/08/2014 18:04:54 - Data Source=APP-SRV\PanaCIM;Initial Catalog=PANACIM;User=cim;Password=cim;MultipleActiveResultSets=True
21/08/2014 18:04:54 - Peer Server is not defined
21/08/2014 18:04:54 - production server and current pc is same so time sync not required
21/08/2014 18:04:54 - Time Sync Start
21/08/2014 18:04:54 - Data Source=APP-SRV\PanaCIM;Initial Catalog=PANACIM;User=cim;Password=cim;MultipleActiveResultSets=True
21/08/2014 18:04:54 - Peer Server is not defined
21/08/2014 18:04:54 - production server and current pc is same so time sync not required
21/08/2014 18:04:55 - Time Sync Start
21/08/2014 18:04:55 - Data Source=APP-SRV\PanaCIM;Initial Catalog=PANACIM;User=cim;Password=cim;MultipleActiveResultSets=True
21/08/2014 18:04:55 - Peer Server is not defined
21/08/2014 18:04:55 - production server and current pc is same so time sync not required
21/08/2014 18:04:55 - Time Sync Start
21/08/2014 18:04:55 - Data Source=APP-SRV\PanaCIM;Initial Catalog=PANACIM;User=cim;Password=cim;MultipleActiveResultSets=True
21/08/2014 18:04:55 - Peer Server is not defined
21/08/2014 18:04:55 - production server and current pc is same so time sync not required
21/08/2014 18:04:55 - Time Sync Start
21/08/2014 18:04:55 - Data Source=APP-SRV\PanaCIM;Initial Catalog=PANACIM;User=cim;Password=cim;MultipleActiveResultSets=True
21/08/2014 18:04:55 - Peer Server is not defined
21/08/2014 18:04:55 - production server and current pc is same so time sync not required
21/08/2014 18:43:00 - Time Sync Start
21/08/2014 18:43:00 - Data Source=APP-SRV\PanaCIM;Initial Catalog=PANACIM;User=cim;Password=cim;MultipleActiveResultSets=True
21/08/2014 18:43:01 - Peer Server is not defined
21/08/2014 18:43:01 - production server and current pc is same so time sync not required
22/08/2014 09:43:01 - Time Sync Start
22/08/2014 09:43:01 - Data Source=APP-SRV\PanaCIM;Initial Catalog=PANACIM;User=cim;Password=cim;MultipleActiveResultSets=True
22/08/2014 09:43:02 - Peer Server is not defined
22/08/2014 09:43:02 - production server and current pc is same so time sync not required
27/08/2014 09:43:00 - Time Sync Start
27/08/2014 09:43:00 - Data Source=APP-SRV\PanaCIM;Initial Catalog=PANACIM;User=cim;Password=cim;MultipleActiveResultSets=True
27/08/2014 09:43:01 - Peer Server is not defined
27/08/2014 09:43:01 - production server and current pc is same so time sync not required
27/08/2014 12:43:05 - Time Sync Start
27/08/2014 12:43:05 - Data Source=APP-SRV\PanaCIM;Initial Catalog=PANACIM;User=cim;Password=cim;MultipleActiveResultSets=True
27/08/2014 12:43:08 - Peer Server is not defined
27/08/2014 12:43:08 - production server and current pc is same so time sync not required
27/08/2014 15:43:05 - Time Sync Start
27/08/2014 15:43:05 - Data Source=APP-SRV\PanaCIM;Initial Catalog=PANACIM;User=cim;Password=cim;MultipleActiveResultSets=True
27/08/2014 15:43:11 - Peer Server is not defined
27/08/2014 15:43:11 - production server and current pc is same so time sync not required
28/08/2014 09:43:09 - Time Sync Start
28/08/2014 09:43:09 - Data Source=APP-SRV\PanaCIM;Initial Catalog=PANACIM;User=cim;Password=cim;MultipleActiveResultSets=True
28/08/2014 09:43:10 - Peer Server is not defined
28/08/2014 09:43:10 - production server and current pc is same so time sync not required
28/08/2014 12:43:01 - Time Sync Start
28/08/2014 12:43:01 - Data Source=APP-SRV\PanaCIM;Initial Catalog=PANACIM;User=cim;Password=cim;MultipleActiveResultSets=True
28/08/2014 12:43:02 - Peer Server is not defined
28/08/2014 12:43:02 - production server and current pc is same so time sync not required
28/08/2014 15:43:01 - Time Sync Start
28/08/2014 15:43:02 - Data Source=APP-SRV\PanaCIM;Initial Catalog=PANACIM;User=cim;Password=cim;MultipleActiveResultSets=True
28/08/2014 15:43:05 - Peer Server is not defined
28/08/2014 15:43:05 - production server and current pc is same so time sync not required
28/08/2014 18:43:05 - Time Sync Start
28/08/2014 18:43:06 - Data Source=APP-SRV\PanaCIM;Initial Catalog=PANACIM;User=cim;Password=cim;MultipleActiveResultSets=True
28/08/2014 18:43:10 - Peer Server is not defined
28/08/2014 18:43:10 - production server and current pc is same so time sync not required
02/09/2014 15:43:00 - Time Sync Start
02/09/2014 15:43:00 - Data Source=APP-SRV\PanaCIM;Initial Catalog=PANACIM;User=cim;Password=cim;MultipleActiveResultSets=True
02/09/2014 15:43:00 - Peer Server is not defined
02/09/2014 15:43:00 - production server and current pc is same so time sync not required
02/09/2014 18:43:01 - Time Sync Start
02/09/2014 18:43:02 - Data Source=APP-SRV\PanaCIM;Initial Catalog=PANACIM;User=cim;Password=cim;MultipleActiveResultSets=True
02/09/2014 18:43:07 - Peer Server is not defined
02/09/2014 18:43:08 - production server and current pc is same so time sync not required
03/09/2014 09:43:02 - Time Sync Start
03/09/2014 09:43:02 - Data Source=APP-SRV\PanaCIM;Initial Catalog=PANACIM;User=cim;Password=cim;MultipleActiveResultSets=True
03/09/2014 09:43:07 - Peer Server is not defined
03/09/2014 09:43:07 - production server and current pc is same so time sync not required
03/09/2014 12:43:02 - Time Sync Start
03/09/2014 12:43:02 - Data Source=APP-SRV\PanaCIM;Initial Catalog=PANACIM;User=cim;Password=cim;MultipleActiveResultSets=True
03/09/2014 12:43:06 - Peer Server is not defined
03/09/2014 12:43:06 - production server and current pc is same so time sync not required
03/09/2014 15:43:03 - Time Sync Start
03/09/2014 15:43:03 - Data Source=APP-SRV\PanaCIM;Initial Catalog=PANACIM;User=cim;Password=cim;MultipleActiveResultSets=True
03/09/2014 15:43:07 - Peer Server is not defined
03/09/2014 15:43:07 - production server and current pc is same so time sync not required
03/09/2014 18:43:03 - Time Sync Start
03/09/2014 18:43:03 - Data Source=APP-SRV\PanaCIM;Initial Catalog=PANACIM;User=cim;Password=cim;MultipleActiveResultSets=True
03/09/2014 18:43:07 - Peer Server is not defined
03/09/2014 18:43:07 - production server and current pc is same so time sync not required
03/09/2014 21:43:02 - Time Sync Start
03/09/2014 21:43:02 - Data Source=APP-SRV\PanaCIM;Initial Catalog=PANACIM;User=cim;Password=cim;MultipleActiveResultSets=True
03/09/2014 21:43:07 - Peer Server is not defined
03/09/2014 21:43:07 - production server and current pc is same so time sync not required
04/09/2014 00:43:01 - Time Sync Start
04/09/2014 00:43:02 - Data Source=APP-SRV\PanaCIM;Initial Catalog=PANACIM;User=cim;Password=cim;MultipleActiveResultSets=True
04/09/2014 00:43:05 - Peer Server is not defined
04/09/2014 00:43:05 - production server and current pc is same so time sync not required
16/12/2015 15:44:02 - Time Sync Start
16/12/2015 15:44:02 - Data Source=APP-SRV\PanaCIM;Initial Catalog=PANACIM;User=cim;Password=cim;MultipleActiveResultSets=True
16/12/2015 15:44:06 - Peer Server is not defined
16/12/2015 15:44:06 - production server and current pc is same so time sync not required
18/12/2015 15:53:03 - Time Sync Start
18/12/2015 15:53:03 - Data Source=APP-SRV\PanaCIM;Initial Catalog=PANACIM;User=cim;Password=cim;MultipleActiveResultSets=True
18/12/2015 15:53:10 - Peer Server is not defined
18/12/2015 15:53:10 - production server and current pc is same so time sync not required
21/12/2015 09:53:01 - Time Sync Start
21/12/2015 09:53:01 - Data Source=APP-SRV\PanaCIM;Initial Catalog=PANACIM;User=cim;Password=cim;MultipleActiveResultSets=True
21/12/2015 09:53:04 - Peer Server is not defined
21/12/2015 09:53:04 - production server and current pc is same so time sync not required
22/12/2015 15:53:02 - Time Sync Start
22/12/2015 15:53:02 - Data Source=APP-SRV\PanaCIM;Initial Catalog=PANACIM;User=cim;Password=cim;MultipleActiveResultSets=True
22/12/2015 15:53:04 - Peer Server is not defined
22/12/2015 15:53:04 - production server and current pc is same so time sync not required
22/12/2015 18:53:01 - Time Sync Start
22/12/2015 18:53:02 - Data Source=APP-SRV\PanaCIM;Initial Catalog=PANACIM;User=cim;Password=cim;MultipleActiveResultSets=True
22/12/2015 18:53:04 - Peer Server is not defined
22/12/2015 18:53:04 - production server and current pc is same so time sync not required
23/12/2015 11:40:02 - Time Sync Start
23/12/2015 11:40:02 - Data Source=APP-SRV\PanaCIM;Initial Catalog=PANACIM;User=cim;Password=cim;MultipleActiveResultSets=True
23/12/2015 11:40:06 - Peer Server is not defined
23/12/2015 11:40:06 - production server and current pc is same so time sync not required
23/12/2015 14:40:01 - Time Sync Start
23/12/2015 14:40:01 - Data Source=APP-SRV\PanaCIM;Initial Catalog=PANACIM;User=cim;Password=cim;MultipleActiveResultSets=True
23/12/2015 14:40:04 - Peer Server is not defined
23/12/2015 14:40:04 - production server and current pc is same so time sync not required
23/12/2015 17:40:02 - Time Sync Start
23/12/2015 17:40:02 - Data Source=APP-SRV\PanaCIM;Initial Catalog=PANACIM;User=cim;Password=cim;MultipleActiveResultSets=True
23/12/2015 17:40:06 - Peer Server is not defined
23/12/2015 17:40:06 - production server and current pc is same so time sync not required
24/12/2015 11:40:09 - Time Sync Start
24/12/2015 11:40:10 - Data Source=APP-SRV\PanaCIM;Initial Catalog=PANACIM;User=cim;Password=cim;MultipleActiveResultSets=True
24/12/2015 11:40:13 - Peer Server is not defined
24/12/2015 11:40:13 - production server and current pc is same so time sync not required
24/12/2015 14:40:05 - Time Sync Start
24/12/2015 14:40:06 - Data Source=APP-SRV\PanaCIM;Initial Catalog=PANACIM;User=cim;Password=cim;MultipleActiveResultSets=True
24/12/2015 14:40:08 - Peer Server is not defined
24/12/2015 14:40:08 - production server and current pc is same so time sync not required
24/12/2015 17:40:05 - Time Sync Start
24/12/2015 17:40:06 - Data Source=APP-SRV\PanaCIM;Initial Catalog=PANACIM;User=cim;Password=cim;MultipleActiveResultSets=True
24/12/2015 17:40:08 - Peer Server is not defined
24/12/2015 17:40:08 - production server and current pc is same so time sync not required
24/12/2015 20:40:06 - Time Sync Start
24/12/2015 20:40:06 - Data Source=APP-SRV\PanaCIM;Initial Catalog=PANACIM;User=cim;Password=cim;MultipleActiveResultSets=True
24/12/2015 20:40:09 - Peer Server is not defined
24/12/2015 20:40:09 - production server and current pc is same so time sync not required
06/01/2016 14:40:11 - Time Sync Start
06/01/2016 14:40:11 - Data Source=APP-SRV\PanaCIM;Initial Catalog=PANACIM;User=cim;Password=cim;MultipleActiveResultSets=True
06/01/2016 14:40:16 - Peer Server is not defined
06/01/2016 14:40:16 - production server and current pc is same so time sync not required
06/01/2016 17:40:11 - Time Sync Start
06/01/2016 17:40:11 - Data Source=APP-SRV\PanaCIM;Initial Catalog=PANACIM;User=cim;Password=cim;MultipleActiveResultSets=True
06/01/2016 17:40:16 - Peer Server is not defined
06/01/2016 17:40:16 - production server and current pc is same so time sync not required
07/01/2016 11:40:00 - Time Sync Start
07/01/2016 11:40:00 - Data Source=APP-SRV\PanaCIM;Initial Catalog=PANACIM;User=cim;Password=cim;MultipleActiveResultSets=True
07/01/2016 11:40:01 - Peer Server is not defined
07/01/2016 11:40:01 - production server and current pc is same so time sync not required
07/01/2016 14:40:11 - Time Sync Start
07/01/2016 14:40:11 - Data Source=APP-SRV\PanaCIM;Initial Catalog=PANACIM;User=cim;Password=cim;MultipleActiveResultSets=True
07/01/2016 14:40:15 - Peer Server is not defined
07/01/2016 14:40:15 - production server and current pc is same so time sync not required
07/01/2016 17:40:07 - Time Sync Start
07/01/2016 17:40:07 - Data Source=APP-SRV\PanaCIM;Initial Catalog=PANACIM;User=cim;Password=cim;MultipleActiveResultSets=True
07/01/2016 17:40:10 - Peer Server is not defined
07/01/2016 17:40:10 - production server and current pc is same so time sync not required
08/01/2016 11:40:17 - Time Sync Start
08/01/2016 11:40:17 - Data Source=APP-SRV\PanaCIM;Initial Catalog=PANACIM;User=cim;Password=cim;MultipleActiveResultSets=True
08/01/2016 11:40:21 - Peer Server is not defined
08/01/2016 11:40:21 - production server and current pc is same so time sync not required
08/01/2016 14:40:08 - Time Sync Start
08/01/2016 14:40:09 - Data Source=APP-SRV\PanaCIM;Initial Catalog=PANACIM;User=cim;Password=cim;MultipleActiveResultSets=True
08/01/2016 14:40:13 - Peer Server is not defined
08/01/2016 14:40:13 - production server and current pc is same so time sync not required
08/01/2016 17:40:17 - Time Sync Start
08/01/2016 17:40:18 - Data Source=APP-SRV\PanaCIM;Initial Catalog=PANACIM;User=cim;Password=cim;MultipleActiveResultSets=True
08/01/2016 17:40:23 - Peer Server is not defined
08/01/2016 17:40:23 - production server and current pc is same so time sync not required
13/01/2016 11:40:15 - Time Sync Start
13/01/2016 11:40:15 - Data Source=APP-SRV\PanaCIM;Initial Catalog=PANACIM;User=cim;Password=cim;MultipleActiveResultSets=True
13/01/2016 11:40:20 - Peer Server is not defined
13/01/2016 11:40:20 - production server and current pc is same so time sync not required
13/01/2016 20:40:11 - Time Sync Start
13/01/2016 20:40:12 - Data Source=APP-SRV\PanaCIM;Initial Catalog=PANACIM;User=cim;Password=cim;MultipleActiveResultSets=True
13/01/2016 20:40:17 - Peer Server is not defined
13/01/2016 20:40:17 - production server and current pc is same so time sync not required
14/01/2016 11:40:07 - Time Sync Start
14/01/2016 11:40:07 - Data Source=APP-SRV\PanaCIM;Initial Catalog=PANACIM;User=cim;Password=cim;MultipleActiveResultSets=True
14/01/2016 11:40:10 - Peer Server is not defined
14/01/2016 11:40:10 - production server and current pc is same so time sync not required
14/01/2016 14:40:06 - Time Sync Start
14/01/2016 14:40:07 - Data Source=APP-SRV\PanaCIM;Initial Catalog=PANACIM;User=cim;Password=cim;MultipleActiveResultSets=True
14/01/2016 14:40:09 - Peer Server is not defined
14/01/2016 14:40:09 - production server and current pc is same so time sync not required
19/01/2016 11:18:10 - Time Sync Start
19/01/2016 11:18:10 - Data Source=APP-SRV\PanaCIM;Initial Catalog=PANACIM;User=cim;Password=cim;MultipleActiveResultSets=True
19/01/2016 11:18:16 - Peer Server is not defined
19/01/2016 11:18:16 - production server and current pc is same so time sync not required
20/01/2016 08:18:32 - Time Sync Start
20/01/2016 08:18:33 - Data Source=APP-SRV\PanaCIM;Initial Catalog=PANACIM;User=cim;Password=cim;MultipleActiveResultSets=True
20/01/2016 08:18:40 - Peer Server is not defined
20/01/2016 08:18:40 - production server and current pc is same so time sync not required
26/01/2016 11:18:05 - Time Sync Start
26/01/2016 11:18:06 - Data Source=APP-SRV\PanaCIM;Initial Catalog=PANACIM;User=cim;Password=cim;MultipleActiveResultSets=True
26/01/2016 11:18:10 - Peer Server is not defined
26/01/2016 11:18:10 - production server and current pc is same so time sync not required
08/02/2016 11:18:01 - Time Sync Start
08/02/2016 11:18:01 - Data Source=APP-SRV\PanaCIM;Initial Catalog=PANACIM;User=cim;Password=cim;MultipleActiveResultSets=True
08/02/2016 11:18:04 - Peer Server is not defined
08/02/2016 11:18:04 - production server and current pc is same so time sync not required
08/02/2016 14:18:01 - Time Sync Start
08/02/2016 14:18:01 - Data Source=APP-SRV\PanaCIM;Initial Catalog=PANACIM;User=cim;Password=cim;MultipleActiveResultSets=True
08/02/2016 14:18:04 - Peer Server is not defined
08/02/2016 14:18:04 - production server and current pc is same so time sync not required
08/02/2016 18:02:01 - Time Sync Start
08/02/2016 18:02:01 - Data Source=APP-SRV\PanaCIM;Initial Catalog=PANACIM;User=cim;Password=cim;MultipleActiveResultSets=True
08/02/2016 18:02:04 - Peer Server is not defined
08/02/2016 18:02:04 - production server and current pc is same so time sync not required
09/02/2016 12:02:00 - Time Sync Start
09/02/2016 12:02:00 - Data Source=APP-SRV\PanaCIM;Initial Catalog=PANACIM;User=cim;Password=cim;MultipleActiveResultSets=True
09/02/2016 12:02:01 - Peer Server is not defined
09/02/2016 12:02:01 - production server and current pc is same so time sync not required
09/02/2016 15:02:09 - Time Sync Start
09/02/2016 15:02:09 - Data Source=APP-SRV\PanaCIM;Initial Catalog=PANACIM;User=cim;Password=cim;MultipleActiveResultSets=True
09/02/2016 15:02:14 - Peer Server is not defined
09/02/2016 15:02:14 - production server and current pc is same so time sync not required
09/02/2016 18:02:02 - Time Sync Start
09/02/2016 18:02:02 - Data Source=APP-SRV\PanaCIM;Initial Catalog=PANACIM;User=cim;Password=cim;MultipleActiveResultSets=True
09/02/2016 18:02:06 - Peer Server is not defined
09/02/2016 18:02:06 - production server and current pc is same so time sync not required
